2001.06.01 11:51 B C:\Mukta\current\clients\EMeD\editor\bak\altListRenderer.java <-- nitro.isi.edu /nfs/isd2/mchitnis/current/clients/EMeD/editor/bak altListRenderer.java
2001.06.01 11:51 B C:\Mukta\current\clients\EMeD\editor\bak\altPanel.java <-- nitro.isi.edu /nfs/isd2/mchitnis/current/clients/EMeD/editor/bak altPanel.java
2001.06.01 11:51 B C:\Mukta\current\clients\EMeD\editor\bak\eButton.java <-- nitro.isi.edu /nfs/isd2/mchitnis/current/clients/EMeD/editor/bak eButton.java
2001.06.01 11:51 B C:\Mukta\current\clients\EMeD\editor\bak\editor.java <-- nitro.isi.edu /nfs/isd2/mchitnis/current/clients/EMeD/editor/bak editor.java
2001.06.01 11:51 B C:\Mukta\current\clients\EMeD\editor\bak\MEditor.java <-- nitro.isi.edu /nfs/isd2/mchitnis/current/clients/EMeD/editor/bak MEditor.java
2001.06.01 11:51 B C:\Mukta\current\clients\EMeD\editor\bak\MEditor.java-8-4 <-- nitro.isi.edu /nfs/isd2/mchitnis/current/clients/EMeD/editor/bak MEditor.java-8-4
2001.06.01 11:51 B C:\Mukta\current\clients\EMeD\editor\bak\MEditor.java-8-5 <-- nitro.isi.edu /nfs/isd2/mchitnis/current/clients/EMeD/editor/bak MEditor.java-8-5
2001.06.01 11:51 B C:\Mukta\current\clients\EMeD\editor\bak\MEditor.java-8-5-2 <-- nitro.isi.edu /nfs/isd2/mchitnis/current/clients/EMeD/editor/bak MEditor.java-8-5-2
2001.06.01 11:51 B C:\Mukta\current\clients\EMeD\editor\bak\MEditor.java-8-6-2 <-- nitro.isi.edu /nfs/isd2/mchitnis/current/clients/EMeD/editor/bak MEditor.java-8-6-2
2001.06.01 11:51 B C:\Mukta\current\clients\EMeD\editor\bak\MEditor.java-working1 <-- nitro.isi.edu /nfs/isd2/mchitnis/current/clients/EMeD/editor/bak MEditor.java-working1
2001.06.01 11:51 B C:\Mukta\current\clients\EMeD\editor\bak\MEditor.java-working2 <-- nitro.isi.edu /nfs/isd2/mchitnis/current/clients/EMeD/editor/bak MEditor.java-working2
2001.06.01 11:51 B C:\Mukta\current\clients\EMeD\editor\bak\MEditor.java~ <-- nitro.isi.edu /nfs/isd2/mchitnis/current/clients/EMeD/editor/bak MEditor.java~
2001.11.03 15:50 B C:\Mukta\current\clients\EMeD\editor\bak\altListRenderer.java --> aludra.usc.edu /auto/home-scf-06/mchitnis/EMeD/editor/bak altListRenderer.java
2001.11.03 15:50 B C:\Mukta\current\clients\EMeD\editor\bak\altPanel.java --> aludra.usc.edu /auto/home-scf-06/mchitnis/EMeD/editor/bak altPanel.java
2001.11.03 15:50 B C:\Mukta\current\clients\EMeD\editor\bak\eButton.java --> aludra.usc.edu /auto/home-scf-06/mchitnis/EMeD/editor/bak eButton.java
2001.11.03 15:50 B C:\Mukta\current\clients\EMeD\editor\bak\editor.java --> aludra.usc.edu /auto/home-scf-06/mchitnis/EMeD/editor/bak editor.java
2001.11.03 15:50 B C:\Mukta\current\clients\EMeD\editor\bak\MEditor.java --> aludra.usc.edu /auto/home-scf-06/mchitnis/EMeD/editor/bak MEditor.java
2001.11.03 15:50 B C:\Mukta\current\clients\EMeD\editor\bak\MEditor.java-8-4 --> aludra.usc.edu /auto/home-scf-06/mchitnis/EMeD/editor/bak MEditor.java-8-4
2001.11.03 15:50 B C:\Mukta\current\clients\EMeD\editor\bak\MEditor.java-8-5 --> aludra.usc.edu /auto/home-scf-06/mchitnis/EMeD/editor/bak MEditor.java-8-5
2001.11.03 15:50 B C:\Mukta\current\clients\EMeD\editor\bak\MEditor.java-8-5-2 --> aludra.usc.edu /auto/home-scf-06/mchitnis/EMeD/editor/bak MEditor.java-8-5-2
2001.11.03 15:50 B C:\Mukta\current\clients\EMeD\editor\bak\MEditor.java-8-6-2 --> aludra.usc.edu /auto/home-scf-06/mchitnis/EMeD/editor/bak MEditor.java-8-6-2
2001.11.03 15:50 B C:\Mukta\current\clients\EMeD\editor\bak\MEditor.java-working1 --> aludra.usc.edu /auto/home-scf-06/mchitnis/EMeD/editor/bak MEditor.java-working1
2001.11.03 15:50 B C:\Mukta\current\clients\EMeD\editor\bak\MEditor.java-working2 --> aludra.usc.edu /auto/home-scf-06/mchitnis/EMeD/editor/bak MEditor.java-working2
2001.11.03 15:50 B C:\Mukta\current\clients\EMeD\editor\bak\MEditor.java~ --> aludra.usc.edu /auto/home-scf-06/mchitnis/EMeD/editor/bak MEditor.java~
2001.11.03 15:50 B C:\Mukta\current\clients\EMeD\editor\bak\WS_FTP.LOG --> aludra.usc.edu /auto/home-scf-06/mchitnis/EMeD/editor/bak WS_FTP.LOG
