2001.06.01 11:53 B C:\Mukta\current\clients\EMeD\DOMAIN-CONCEPT.concept <-- nitro.isi.edu /nfs/isd2/mchitnis/current/clients/EMeD DOMAIN-CONCEPT.concept
2001.06.01 11:53 B C:\Mukta\current\clients\EMeD\emed.jar <-- nitro.isi.edu /nfs/isd2/mchitnis/current/clients/EMeD emed.jar
2001.06.01 11:53 B C:\Mukta\current\clients\EMeD\emed1-2-1.jar <-- nitro.isi.edu /nfs/isd2/mchitnis/current/clients/EMeD emed1-2-1.jar
2001.06.01 11:53 B C:\Mukta\current\clients\EMeD\emed1-2-2.jar <-- nitro.isi.edu /nfs/isd2/mchitnis/current/clients/EMeD emed1-2-2.jar
2001.06.01 11:53 B C:\Mukta\current\clients\EMeD\ExpectTabbedPanel.java <-- nitro.isi.edu /nfs/isd2/mchitnis/current/clients/EMeD ExpectTabbedPanel.java
2001.06.01 11:53 B C:\Mukta\current\clients\EMeD\ExpectTabbedPanel.java~ <-- nitro.isi.edu /nfs/isd2/mchitnis/current/clients/EMeD ExpectTabbedPanel.java~
2001.06.01 11:53 B C:\Mukta\current\clients\EMeD\ExpectWindowPanel.java <-- nitro.isi.edu /nfs/isd2/mchitnis/current/clients/EMeD ExpectWindowPanel.java
2001.06.01 11:53 B C:\Mukta\current\clients\EMeD\GNUmakefile <-- nitro.isi.edu /nfs/isd2/mchitnis/current/clients/EMeD GNUmakefile
2001.06.01 11:53 B C:\Mukta\current\clients\EMeD\GNUmakefile~ <-- nitro.isi.edu /nfs/isd2/mchitnis/current/clients/EMeD GNUmakefile~
2001.06.01 11:53 B C:\Mukta\current\clients\EMeD\run-test <-- nitro.isi.edu /nfs/isd2/mchitnis/current/clients/EMeD run-test
2001.06.01 11:53 B C:\Mukta\current\clients\EMeD\run-test~ <-- nitro.isi.edu /nfs/isd2/mchitnis/current/clients/EMeD run-test~
2001.06.01 11:53 B C:\Mukta\current\clients\EMeD\runEMeD <-- nitro.isi.edu /nfs/isd2/mchitnis/current/clients/EMeD runEMeD
2001.06.01 11:53 B C:\Mukta\current\clients\EMeD\runnit <-- nitro.isi.edu /nfs/isd2/mchitnis/current/clients/EMeD runnit
2001.06.01 11:53 B C:\Mukta\current\clients\EMeD\runnit~ <-- nitro.isi.edu /nfs/isd2/mchitnis/current/clients/EMeD runnit~
2001.06.01 11:53 B C:\Mukta\current\clients\EMeD\saved-emed.jar <-- nitro.isi.edu /nfs/isd2/mchitnis/current/clients/EMeD saved-emed.jar
2001.06.01 11:53 B C:\Mukta\current\clients\EMeD\SmallTabbedPanel.java <-- nitro.isi.edu /nfs/isd2/mchitnis/current/clients/EMeD SmallTabbedPanel.java
2001.06.01 11:53 B C:\Mukta\current\clients\EMeD\SmallTabbedPanel.java~ <-- nitro.isi.edu /nfs/isd2/mchitnis/current/clients/EMeD SmallTabbedPanel.java~
2001.06.01 11:53 B C:\Mukta\current\clients\EMeD\TOP-DOMAIN-CONCEPT.concept <-- nitro.isi.edu /nfs/isd2/mchitnis/current/clients/EMeD TOP-DOMAIN-CONCEPT.concept
2001.06.01 11:53 B C:\Mukta\current\clients\EMeD\TTD <-- nitro.isi.edu /nfs/isd2/mchitnis/current/clients/EMeD TTD
2001.11.03 15:57 B C:\Mukta\current\clients\EMeD\airfare.html --> aludra.usc.edu /auto/home-scf-06/mchitnis/EMeD airfare.html
2001.11.03 15:57 B C:\Mukta\current\clients\EMeD\airfarelog --> aludra.usc.edu /auto/home-scf-06/mchitnis/EMeD airfarelog
2001.11.03 15:57 B C:\Mukta\current\clients\EMeD\AirfareWeb$1.class --> aludra.usc.edu /auto/home-scf-06/mchitnis/EMeD AirfareWeb$1.class
2001.11.03 15:57 B C:\Mukta\current\clients\EMeD\AirfareWeb$2.class --> aludra.usc.edu /auto/home-scf-06/mchitnis/EMeD AirfareWeb$2.class
2001.11.03 15:57 B C:\Mukta\current\clients\EMeD\AirfareWeb.class --> aludra.usc.edu /auto/home-scf-06/mchitnis/EMeD AirfareWeb.class
2001.11.03 15:57 B C:\Mukta\current\clients\EMeD\AirfareWeb.java --> aludra.usc.edu /auto/home-scf-06/mchitnis/EMeD AirfareWeb.java
2001.11.03 15:57 B C:\Mukta\current\clients\EMeD\appletviewer.exe --> aludra.usc.edu /auto/home-scf-06/mchitnis/EMeD appletviewer.exe
2001.11.03 15:57 B C:\Mukta\current\clients\EMeD\books.xml --> aludra.usc.edu /auto/home-scf-06/mchitnis/EMeD books.xml
2001.11.03 15:57 B C:\Mukta\current\clients\EMeD\COA.concept --> aludra.usc.edu /auto/home-scf-06/mchitnis/EMeD COA.concept
2001.11.03 15:57 B C:\Mukta\current\clients\EMeD\CONTRACT.concept --> aludra.usc.edu /auto/home-scf-06/mchitnis/EMeD CONTRACT.concept
2001.11.03 15:57 B C:\Mukta\current\clients\EMeD\CONVERSION-FACTOR.concept --> aludra.usc.edu /auto/home-scf-06/mchitnis/EMeD CONVERSION-FACTOR.concept
2001.11.03 15:57 B C:\Mukta\current\clients\EMeD\CRANES.concept --> aludra.usc.edu /auto/home-scf-06/mchitnis/EMeD CRANES.concept
2001.11.03 15:57 B C:\Mukta\current\clients\EMeD\CRITIQUED-FIELD.concept --> aludra.usc.edu /auto/home-scf-06/mchitnis/EMeD CRITIQUED-FIELD.concept
2001.11.03 15:57 B C:\Mukta\current\clients\EMeD\CROSS-SECTION.concept --> aludra.usc.edu /auto/home-scf-06/mchitnis/EMeD CROSS-SECTION.concept
2001.11.03 15:57 B C:\Mukta\current\clients\EMeD\CROSS-SECTION.relation --> aludra.usc.edu /auto/home-scf-06/mchitnis/EMeD CROSS-SECTION.relation
2001.11.03 15:57 B C:\Mukta\current\clients\EMeD\DOMAIN-CONCEPT.concept --> aludra.usc.edu /auto/home-scf-06/mchitnis/EMeD DOMAIN-CONCEPT.concept
2001.11.03 15:57 B C:\Mukta\current\clients\EMeD\DOMAIN-CONCEPT.CONCEPT.concept --> aludra.usc.edu /auto/home-scf-06/mchitnis/EMeD DOMAIN-CONCEPT.CONCEPT.concept
2001.11.03 15:57 B C:\Mukta\current\clients\EMeD\emed.jar --> aludra.usc.edu /auto/home-scf-06/mchitnis/EMeD emed.jar
2001.11.03 15:57 B C:\Mukta\current\clients\EMeD\emed1-2-1.jar --> aludra.usc.edu /auto/home-scf-06/mchitnis/EMeD emed1-2-1.jar
2001.11.03 15:57 B C:\Mukta\current\clients\EMeD\emed1-2-2.jar --> aludra.usc.edu /auto/home-scf-06/mchitnis/EMeD emed1-2-2.jar
2001.11.03 15:57 B C:\Mukta\current\clients\EMeD\EMPTY-SET.concept --> aludra.usc.edu /auto/home-scf-06/mchitnis/EMeD EMPTY-SET.concept
2001.11.03 15:57 B C:\Mukta\current\clients\EMeD\EXPECTAgent --> aludra.usc.edu /auto/home-scf-06/mchitnis/EMeD EXPECTAgent
2001.11.03 15:57 B C:\Mukta\current\clients\EMeD\EXPECTAgent$1.class --> aludra.usc.edu /auto/home-scf-06/mchitnis/EMeD EXPECTAgent$1.class
2001.11.03 15:57 B C:\Mukta\current\clients\EMeD\EXPECTAgent$2.class --> aludra.usc.edu /auto/home-scf-06/mchitnis/EMeD EXPECTAgent$2.class
2001.11.03 15:57 B C:\Mukta\current\clients\EMeD\EXPECTAgent$3.class --> aludra.usc.edu /auto/home-scf-06/mchitnis/EMeD EXPECTAgent$3.class
2001.11.03 15:57 B C:\Mukta\current\clients\EMeD\EXPECTAgent$4.class --> aludra.usc.edu /auto/home-scf-06/mchitnis/EMeD EXPECTAgent$4.class
2001.11.03 15:57 B C:\Mukta\current\clients\EMeD\EXPECTAgent$5.class --> aludra.usc.edu /auto/home-scf-06/mchitnis/EMeD EXPECTAgent$5.class
2001.11.03 15:57 B C:\Mukta\current\clients\EMeD\EXPECTAgent$addListener.class --> aludra.usc.edu /auto/home-scf-06/mchitnis/EMeD EXPECTAgent$addListener.class
2001.11.03 15:57 B C:\Mukta\current\clients\EMeD\EXPECTAgent$instanceListener.class --> aludra.usc.edu /auto/home-scf-06/mchitnis/EMeD EXPECTAgent$instanceListener.class
2001.11.03 15:57 B C:\Mukta\current\clients\EMeD\EXPECTAgent-FINAL.java --> aludra.usc.edu /auto/home-scf-06/mchitnis/EMeD EXPECTAgent-FINAL.java
2001.11.03 15:57 B C:\Mukta\current\clients\EMeD\EXPECTAgent.class --> aludra.usc.edu /auto/home-scf-06/mchitnis/EMeD EXPECTAgent.class
2001.11.03 15:57 B C:\Mukta\current\clients\EMeD\EXPECTAgent.java --> aludra.usc.edu /auto/home-scf-06/mchitnis/EMeD EXPECTAgent.java
2001.11.03 15:57 B C:\Mukta\current\clients\EMeD\EXPECTAgentFINAL.java --> aludra.usc.edu /auto/home-scf-06/mchitnis/EMeD EXPECTAgentFINAL.java
2001.11.03 15:57 B C:\Mukta\current\clients\EMeD\EXPECTFlight-Agent.java --> aludra.usc.edu /auto/home-scf-06/mchitnis/EMeD EXPECTFlight-Agent.java
2001.11.03 15:57 B C:\Mukta\current\clients\EMeD\EXPECTFlightAgent --> aludra.usc.edu /auto/home-scf-06/mchitnis/EMeD EXPECTFlightAgent
2001.11.03 15:57 B C:\Mukta\current\clients\EMeD\EXPECTFlightAgent$1.class --> aludra.usc.edu /auto/home-scf-06/mchitnis/EMeD EXPECTFlightAgent$1.class
2001.11.03 15:57 B C:\Mukta\current\clients\EMeD\EXPECTFlightAgent$10.class --> aludra.usc.edu /auto/home-scf-06/mchitnis/EMeD EXPECTFlightAgent$10.class
2001.11.03 15:57 B C:\Mukta\current\clients\EMeD\EXPECTFlightAgent$11.class --> aludra.usc.edu /auto/home-scf-06/mchitnis/EMeD EXPECTFlightAgent$11.class
2001.11.03 15:57 B C:\Mukta\current\clients\EMeD\EXPECTFlightAgent$2.class --> aludra.usc.edu /auto/home-scf-06/mchitnis/EMeD EXPECTFlightAgent$2.class
2001.11.03 15:57 B C:\Mukta\current\clients\EMeD\EXPECTFlightAgent$3.class --> aludra.usc.edu /auto/home-scf-06/mchitnis/EMeD EXPECTFlightAgent$3.class
2001.11.03 15:57 B C:\Mukta\current\clients\EMeD\EXPECTFlightAgent$4.class --> aludra.usc.edu /auto/home-scf-06/mchitnis/EMeD EXPECTFlightAgent$4.class
2001.11.03 15:57 B C:\Mukta\current\clients\EMeD\EXPECTFlightAgent$5.class --> aludra.usc.edu /auto/home-scf-06/mchitnis/EMeD EXPECTFlightAgent$5.class
2001.11.03 15:57 B C:\Mukta\current\clients\EMeD\EXPECTFlightAgent$6.class --> aludra.usc.edu /auto/home-scf-06/mchitnis/EMeD EXPECTFlightAgent$6.class
2001.11.03 15:57 B C:\Mukta\current\clients\EMeD\EXPECTFlightAgent$7.class --> aludra.usc.edu /auto/home-scf-06/mchitnis/EMeD EXPECTFlightAgent$7.class
2001.11.03 15:57 B C:\Mukta\current\clients\EMeD\EXPECTFlightAgent$8.class --> aludra.usc.edu /auto/home-scf-06/mchitnis/EMeD EXPECTFlightAgent$8.class
2001.11.03 15:57 B C:\Mukta\current\clients\EMeD\EXPECTFlightAgent$9.class --> aludra.usc.edu /auto/home-scf-06/mchitnis/EMeD EXPECTFlightAgent$9.class
2001.11.03 15:57 B C:\Mukta\current\clients\EMeD\EXPECTFlightAgent$airfareListener.class --> aludra.usc.edu /auto/home-scf-06/mchitnis/EMeD EXPECTFlightAgent$airfareListener.class
2001.11.03 15:57 B C:\Mukta\current\clients\EMeD\EXPECTFlightAgent$schedListener.class --> aludra.usc.edu /auto/home-scf-06/mchitnis/EMeD EXPECTFlightAgent$schedListener.class
2001.11.03 15:57 B C:\Mukta\current\clients\EMeD\EXPECTFlightAgent$statusListener.class --> aludra.usc.edu /auto/home-scf-06/mchitnis/EMeD EXPECTFlightAgent$statusListener.class
2001.11.03 15:57 B C:\Mukta\current\clients\EMeD\EXPECTFlightAgent.class --> aludra.usc.edu /auto/home-scf-06/mchitnis/EMeD EXPECTFlightAgent.class
2001.11.03 15:57 B C:\Mukta\current\clients\EMeD\EXPECTFlightAgent.java --> aludra.usc.edu /auto/home-scf-06/mchitnis/EMeD EXPECTFlightAgent.java
2001.11.03 15:57 B C:\Mukta\current\clients\EMeD\EXPECTFlightAgenttry$1.class --> aludra.usc.edu /auto/home-scf-06/mchitnis/EMeD EXPECTFlightAgenttry$1.class
2001.11.03 15:57 B C:\Mukta\current\clients\EMeD\EXPECTFlightAgenttry$10.class --> aludra.usc.edu /auto/home-scf-06/mchitnis/EMeD EXPECTFlightAgenttry$10.class
2001.11.03 15:57 B C:\Mukta\current\clients\EMeD\EXPECTFlightAgenttry$11.class --> aludra.usc.edu /auto/home-scf-06/mchitnis/EMeD EXPECTFlightAgenttry$11.class
2001.11.03 15:57 B C:\Mukta\current\clients\EMeD\EXPECTFlightAgenttry$2.class --> aludra.usc.edu /auto/home-scf-06/mchitnis/EMeD EXPECTFlightAgenttry$2.class
2001.11.03 15:57 B C:\Mukta\current\clients\EMeD\EXPECTFlightAgenttry$3.class --> aludra.usc.edu /auto/home-scf-06/mchitnis/EMeD EXPECTFlightAgenttry$3.class
2001.11.03 15:57 B C:\Mukta\current\clients\EMeD\EXPECTFlightAgenttry$4.class --> aludra.usc.edu /auto/home-scf-06/mchitnis/EMeD EXPECTFlightAgenttry$4.class
2001.11.03 15:57 B C:\Mukta\current\clients\EMeD\EXPECTFlightAgenttry$5.class --> aludra.usc.edu /auto/home-scf-06/mchitnis/EMeD EXPECTFlightAgenttry$5.class
2001.11.03 15:57 B C:\Mukta\current\clients\EMeD\EXPECTFlightAgenttry$6.class --> aludra.usc.edu /auto/home-scf-06/mchitnis/EMeD EXPECTFlightAgenttry$6.class
2001.11.03 15:57 B C:\Mukta\current\clients\EMeD\EXPECTFlightAgenttry$7.class --> aludra.usc.edu /auto/home-scf-06/mchitnis/EMeD EXPECTFlightAgenttry$7.class
2001.11.03 15:57 B C:\Mukta\current\clients\EMeD\EXPECTFlightAgenttry$8.class --> aludra.usc.edu /auto/home-scf-06/mchitnis/EMeD EXPECTFlightAgenttry$8.class
2001.11.03 15:57 B C:\Mukta\current\clients\EMeD\EXPECTFlightAgenttry$9.class --> aludra.usc.edu /auto/home-scf-06/mchitnis/EMeD EXPECTFlightAgenttry$9.class
2001.11.03 15:57 B C:\Mukta\current\clients\EMeD\EXPECTFlightAgenttry$airfareListener.class --> aludra.usc.edu /auto/home-scf-06/mchitnis/EMeD EXPECTFlightAgenttry$airfareListener.class
2001.11.03 15:58 B C:\Mukta\current\clients\EMeD\EXPECTFlightAgenttry$schedListener.class --> aludra.usc.edu /auto/home-scf-06/mchitnis/EMeD EXPECTFlightAgenttry$schedListener.class
2001.11.03 15:58 B C:\Mukta\current\clients\EMeD\EXPECTFlightAgenttry$statusListener.class --> aludra.usc.edu /auto/home-scf-06/mchitnis/EMeD EXPECTFlightAgenttry$statusListener.class
2001.11.03 15:58 B C:\Mukta\current\clients\EMeD\EXPECTFlightAgenttry.class --> aludra.usc.edu /auto/home-scf-06/mchitnis/EMeD EXPECTFlightAgenttry.class
2001.11.03 15:58 B C:\Mukta\current\clients\EMeD\EXPECTFlightAgenttry.java --> aludra.usc.edu /auto/home-scf-06/mchitnis/EMeD EXPECTFlightAgenttry.java
2001.11.03 15:58 B C:\Mukta\current\clients\EMeD\EXPECTFlightAgentWeb$1.class --> aludra.usc.edu /auto/home-scf-06/mchitnis/EMeD EXPECTFlightAgentWeb$1.class
2001.11.03 15:58 B C:\Mukta\current\clients\EMeD\EXPECTFlightAgentWeb$2.class --> aludra.usc.edu /auto/home-scf-06/mchitnis/EMeD EXPECTFlightAgentWeb$2.class
2001.11.03 15:58 B C:\Mukta\current\clients\EMeD\EXPECTFlightAgentWeb$3.class --> aludra.usc.edu /auto/home-scf-06/mchitnis/EMeD EXPECTFlightAgentWeb$3.class
2001.11.03 15:58 B C:\Mukta\current\clients\EMeD\EXPECTFlightAgentWeb$4.class --> aludra.usc.edu /auto/home-scf-06/mchitnis/EMeD EXPECTFlightAgentWeb$4.class
2001.11.03 15:58 B C:\Mukta\current\clients\EMeD\EXPECTFlightAgentWeb$5.class --> aludra.usc.edu /auto/home-scf-06/mchitnis/EMeD EXPECTFlightAgentWeb$5.class
2001.11.03 15:58 B C:\Mukta\current\clients\EMeD\EXPECTFlightAgentWeb$6.class --> aludra.usc.edu /auto/home-scf-06/mchitnis/EMeD EXPECTFlightAgentWeb$6.class
2001.11.03 15:58 B C:\Mukta\current\clients\EMeD\EXPECTFlightAgentWeb$7.class --> aludra.usc.edu /auto/home-scf-06/mchitnis/EMeD EXPECTFlightAgentWeb$7.class
2001.11.03 15:58 B C:\Mukta\current\clients\EMeD\EXPECTFlightAgentWeb$8.class --> aludra.usc.edu /auto/home-scf-06/mchitnis/EMeD EXPECTFlightAgentWeb$8.class
2001.11.03 15:58 B C:\Mukta\current\clients\EMeD\EXPECTFlightAgentWeb$9.class --> aludra.usc.edu /auto/home-scf-06/mchitnis/EMeD EXPECTFlightAgentWeb$9.class
2001.11.03 15:58 B C:\Mukta\current\clients\EMeD\EXPECTFlightAgentWeb$airfareListener.class --> aludra.usc.edu /auto/home-scf-06/mchitnis/EMeD EXPECTFlightAgentWeb$airfareListener.class
2001.11.03 15:58 B C:\Mukta\current\clients\EMeD\EXPECTFlightAgentWeb$schedListener.class --> aludra.usc.edu /auto/home-scf-06/mchitnis/EMeD EXPECTFlightAgentWeb$schedListener.class
2001.11.03 15:58 B C:\Mukta\current\clients\EMeD\EXPECTFlightAgentWeb$statusListener.class --> aludra.usc.edu /auto/home-scf-06/mchitnis/EMeD EXPECTFlightAgentWeb$statusListener.class
2001.11.03 15:58 B C:\Mukta\current\clients\EMeD\EXPECTFlightAgentWeb.class --> aludra.usc.edu /auto/home-scf-06/mchitnis/EMeD EXPECTFlightAgentWeb.class
2001.11.03 15:58 B C:\Mukta\current\clients\EMeD\EXPECTFlightAgentWeb.java --> aludra.usc.edu /auto/home-scf-06/mchitnis/EMeD EXPECTFlightAgentWeb.java
2001.11.03 15:58 B C:\Mukta\current\clients\EMeD\EXPECTMAINAgent --> aludra.usc.edu /auto/home-scf-06/mchitnis/EMeD EXPECTMAINAgent
2001.11.03 15:58 B C:\Mukta\current\clients\EMeD\EXPECTMAINAgent$1.class --> aludra.usc.edu /auto/home-scf-06/mchitnis/EMeD EXPECTMAINAgent$1.class
2001.11.03 15:58 B C:\Mukta\current\clients\EMeD\EXPECTMAINAgent$2.class --> aludra.usc.edu /auto/home-scf-06/mchitnis/EMeD EXPECTMAINAgent$2.class
2001.11.03 15:58 B C:\Mukta\current\clients\EMeD\EXPECTMAINAgent$3.class --> aludra.usc.edu /auto/home-scf-06/mchitnis/EMeD EXPECTMAINAgent$3.class
2001.11.03 15:58 B C:\Mukta\current\clients\EMeD\EXPECTMAINAgent$4.class --> aludra.usc.edu /auto/home-scf-06/mchitnis/EMeD EXPECTMAINAgent$4.class
2001.11.03 15:58 B C:\Mukta\current\clients\EMeD\EXPECTMAINAgent$addListener.class --> aludra.usc.edu /auto/home-scf-06/mchitnis/EMeD EXPECTMAINAgent$addListener.class
2001.11.03 15:58 B C:\Mukta\current\clients\EMeD\EXPECTMAINAgent$instanceListener.class --> aludra.usc.edu /auto/home-scf-06/mchitnis/EMeD EXPECTMAINAgent$instanceListener.class
2001.11.03 15:58 B C:\Mukta\current\clients\EMeD\EXPECTMAINAgent.class --> aludra.usc.edu /auto/home-scf-06/mchitnis/EMeD EXPECTMAINAgent.class
2001.11.03 15:58 B C:\Mukta\current\clients\EMeD\EXPECTMAINAgent.java --> aludra.usc.edu /auto/home-scf-06/mchitnis/EMeD EXPECTMAINAgent.java
2001.11.03 15:58 B C:\Mukta\current\clients\EMeD\EXPECTMAINAgentWeb$1.class --> aludra.usc.edu /auto/home-scf-06/mchitnis/EMeD EXPECTMAINAgentWeb$1.class
2001.11.03 15:58 B C:\Mukta\current\clients\EMeD\EXPECTMAINAgentWeb$2.class --> aludra.usc.edu /auto/home-scf-06/mchitnis/EMeD EXPECTMAINAgentWeb$2.class
2001.11.03 15:58 B C:\Mukta\current\clients\EMeD\EXPECTMAINAgentWeb$addListener.class --> aludra.usc.edu /auto/home-scf-06/mchitnis/EMeD EXPECTMAINAgentWeb$addListener.class
2001.11.03 15:58 B C:\Mukta\current\clients\EMeD\EXPECTMAINAgentWeb$instanceListener.class --> aludra.usc.edu /auto/home-scf-06/mchitnis/EMeD EXPECTMAINAgentWeb$instanceListener.class
2001.11.03 15:58 B C:\Mukta\current\clients\EMeD\EXPECTMAINAgentWeb.class --> aludra.usc.edu /auto/home-scf-06/mchitnis/EMeD EXPECTMAINAgentWeb.class
2001.11.03 15:58 B C:\Mukta\current\clients\EMeD\EXPECTMAINAgentWeb.java --> aludra.usc.edu /auto/home-scf-06/mchitnis/EMeD EXPECTMAINAgentWeb.java
2001.11.03 15:58 B C:\Mukta\current\clients\EMeD\EXPECTParser$GoalHandler.class --> aludra.usc.edu /auto/home-scf-06/mchitnis/EMeD EXPECTParser$GoalHandler.class
2001.11.03 15:58 B C:\Mukta\current\clients\EMeD\EXPECTParser.class --> aludra.usc.edu /auto/home-scf-06/mchitnis/EMeD EXPECTParser.class
2001.11.03 15:58 B C:\Mukta\current\clients\EMeD\EXPECTParser.java --> aludra.usc.edu /auto/home-scf-06/mchitnis/EMeD EXPECTParser.java
2001.11.03 15:58 B C:\Mukta\current\clients\EMeD\ExpectTabbedPanel$1.class --> aludra.usc.edu /auto/home-scf-06/mchitnis/EMeD ExpectTabbedPanel$1.class
2001.11.03 15:58 B C:\Mukta\current\clients\EMeD\ExpectTabbedPanel$recordListener.class --> aludra.usc.edu /auto/home-scf-06/mchitnis/EMeD ExpectTabbedPanel$recordListener.class
2001.11.03 15:58 B C:\Mukta\current\clients\EMeD\ExpectTabbedPanel$reloadListener.class --> aludra.usc.edu /auto/home-scf-06/mchitnis/EMeD ExpectTabbedPanel$reloadListener.class
2001.11.03 15:58 B C:\Mukta\current\clients\EMeD\ExpectTabbedPanel- Working.java --> aludra.usc.edu /auto/home-scf-06/mchitnis/EMeD ExpectTabbedPanel- Working.java
2001.11.03 15:58 B C:\Mukta\current\clients\EMeD\ExpectTabbedPanel.class --> aludra.usc.edu /auto/home-scf-06/mchitnis/EMeD ExpectTabbedPanel.class
2001.11.03 15:58 B C:\Mukta\current\clients\EMeD\ExpectTabbedPanel.java --> aludra.usc.edu /auto/home-scf-06/mchitnis/EMeD ExpectTabbedPanel.java
2001.11.03 15:58 B C:\Mukta\current\clients\EMeD\ExpectTabbedPanel.java~ --> aludra.usc.edu /auto/home-scf-06/mchitnis/EMeD ExpectTabbedPanel.java~
2001.11.03 15:58 B C:\Mukta\current\clients\EMeD\ExpectTabbedPanelbkup --> aludra.usc.edu /auto/home-scf-06/mchitnis/EMeD ExpectTabbedPanelbkup
2001.11.03 15:58 B C:\Mukta\current\clients\EMeD\ExpectTabbedPanelMukta.java --> aludra.usc.edu /auto/home-scf-06/mchitnis/EMeD ExpectTabbedPanelMukta.java
2001.11.03 15:58 B C:\Mukta\current\clients\EMeD\ExpectWindowPanel$1.class --> aludra.usc.edu /auto/home-scf-06/mchitnis/EMeD ExpectWindowPanel$1.class
2001.11.03 15:58 B C:\Mukta\current\clients\EMeD\ExpectWindowPanel$newtoggleListener.class --> aludra.usc.edu /auto/home-scf-06/mchitnis/EMeD ExpectWindowPanel$newtoggleListener.class
2001.11.03 15:58 B C:\Mukta\current\clients\EMeD\ExpectWindowPanel$quitListener.class --> aludra.usc.edu /auto/home-scf-06/mchitnis/EMeD ExpectWindowPanel$quitListener.class
2001.11.03 15:58 B C:\Mukta\current\clients\EMeD\ExpectWindowPanel$reloadEditorListener.class --> aludra.usc.edu /auto/home-scf-06/mchitnis/EMeD ExpectWindowPanel$reloadEditorListener.class
2001.11.03 15:58 B C:\Mukta\current\clients\EMeD\ExpectWindowPanel$reloadListener.class --> aludra.usc.edu /auto/home-scf-06/mchitnis/EMeD ExpectWindowPanel$reloadListener.class
2001.11.03 15:58 B C:\Mukta\current\clients\EMeD\ExpectWindowPanel$toggleListener.class --> aludra.usc.edu /auto/home-scf-06/mchitnis/EMeD ExpectWindowPanel$toggleListener.class
2001.11.03 15:58 B C:\Mukta\current\clients\EMeD\ExpectWindowPanel.class --> aludra.usc.edu /auto/home-scf-06/mchitnis/EMeD ExpectWindowPanel.class
2001.11.03 15:58 B C:\Mukta\current\clients\EMeD\ExpectWindowPanel.java --> aludra.usc.edu /auto/home-scf-06/mchitnis/EMeD ExpectWindowPanel.java
2001.11.03 15:58 B C:\Mukta\current\clients\EMeD\ExpectWindowPanelMukta.java --> aludra.usc.edu /auto/home-scf-06/mchitnis/EMeD ExpectWindowPanelMukta.java
2001.11.03 15:58 B C:\Mukta\current\clients\EMeD\ExpectWindowPanelnewtogg.java --> aludra.usc.edu /auto/home-scf-06/mchitnis/EMeD ExpectWindowPanelnewtogg.java
2001.11.03 15:58 B C:\Mukta\current\clients\EMeD\ExpectWindowPanelorig --> aludra.usc.edu /auto/home-scf-06/mchitnis/EMeD ExpectWindowPanelorig
2001.11.03 15:58 B C:\Mukta\current\clients\EMeD\ExpectWindowPaneltoggle.java --> aludra.usc.edu /auto/home-scf-06/mchitnis/EMeD ExpectWindowPaneltoggle.java
2001.11.03 15:58 B C:\Mukta\current\clients\EMeD\EXPLOSIVES.concept --> aludra.usc.edu /auto/home-scf-06/mchitnis/EMeD EXPLOSIVES.concept
2001.11.03 15:58 B C:\Mukta\current\clients\EMeD\FIELD.concept --> aludra.usc.edu /auto/home-scf-06/mchitnis/EMeD FIELD.concept
2001.11.03 15:58 B C:\Mukta\current\clients\EMeD\FINALMainWindow.java --> aludra.usc.edu /auto/home-scf-06/mchitnis/EMeD FINALMainWindow.java
2001.11.03 15:58 B C:\Mukta\current\clients\EMeD\FlightFareParser$GoalHandler.class --> aludra.usc.edu /auto/home-scf-06/mchitnis/EMeD FlightFareParser$GoalHandler.class
2001.11.03 15:58 B C:\Mukta\current\clients\EMeD\FlightFareParser.class --> aludra.usc.edu /auto/home-scf-06/mchitnis/EMeD FlightFareParser.class
2001.11.03 15:58 B C:\Mukta\current\clients\EMeD\FlightFareParser.java --> aludra.usc.edu /auto/home-scf-06/mchitnis/EMeD FlightFareParser.java
2001.11.03 15:58 B C:\Mukta\current\clients\EMeD\flightlog.xml --> aludra.usc.edu /auto/home-scf-06/mchitnis/EMeD flightlog.xml
2001.11.03 15:58 B C:\Mukta\current\clients\EMeD\flightsched.xml --> aludra.usc.edu /auto/home-scf-06/mchitnis/EMeD flightsched.xml
2001.11.03 15:58 B C:\Mukta\current\clients\EMeD\flightstatus.xml --> aludra.usc.edu /auto/home-scf-06/mchitnis/EMeD flightstatus.xml
2001.11.03 15:58 B C:\Mukta\current\clients\EMeD\FSA-PER-DIEM-HOTEL-RATE.concept --> aludra.usc.edu /auto/home-scf-06/mchitnis/EMeD FSA-PER-DIEM-HOTEL-RATE.concept
2001.11.03 15:58 B C:\Mukta\current\clients\EMeD\functionlog --> aludra.usc.edu /auto/home-scf-06/mchitnis/EMeD functionlog
2001.11.03 15:58 B C:\Mukta\current\clients\EMeD\GARUDA.instance --> aludra.usc.edu /auto/home-scf-06/mchitnis/EMeD GARUDA.instance
2001.11.03 15:58 B C:\Mukta\current\clients\EMeD\GNUmakefile --> aludra.usc.edu /auto/home-scf-06/mchitnis/EMeD GNUmakefile
2001.11.03 15:58 B C:\Mukta\current\clients\EMeD\GNUmakefile~ --> aludra.usc.edu /auto/home-scf-06/mchitnis/EMeD GNUmakefile~
2001.11.03 15:58 B C:\Mukta\current\clients\EMeD\Hello.html --> aludra.usc.edu /auto/home-scf-06/mchitnis/EMeD Hello.html
2001.11.03 15:58 B C:\Mukta\current\clients\EMeD\HelloSwingApplet.class --> aludra.usc.edu /auto/home-scf-06/mchitnis/EMeD HelloSwingApplet.class
2001.11.03 15:58 B C:\Mukta\current\clients\EMeD\HelloSwingApplet.java --> aludra.usc.edu /auto/home-scf-06/mchitnis/EMeD HelloSwingApplet.java
2001.11.03 15:58 B C:\Mukta\current\clients\EMeD\HOTEL-CHAIN.concept --> aludra.usc.edu /auto/home-scf-06/mchitnis/EMeD HOTEL-CHAIN.concept
2001.11.03 15:58 B C:\Mukta\current\clients\EMeD\HTMLTOP-DOMAIN-CONCEPT.concept --> aludra.usc.edu /auto/home-scf-06/mchitnis/EMeD HTMLTOP-DOMAIN-CONCEPT.concept
2001.11.03 15:58 B C:\Mukta\current\clients\EMeD\InstanceEditor$1.class --> aludra.usc.edu /auto/home-scf-06/mchitnis/EMeD InstanceEditor$1.class
2001.11.03 15:58 B C:\Mukta\current\clients\EMeD\InstanceEditor$2.class --> aludra.usc.edu /auto/home-scf-06/mchitnis/EMeD InstanceEditor$2.class
2001.11.03 15:58 B C:\Mukta\current\clients\EMeD\InstanceEditor$3.class --> aludra.usc.edu /auto/home-scf-06/mchitnis/EMeD InstanceEditor$3.class
2001.11.03 15:58 B C:\Mukta\current\clients\EMeD\InstanceEditor$4.class --> aludra.usc.edu /auto/home-scf-06/mchitnis/EMeD InstanceEditor$4.class
2001.11.03 15:58 B C:\Mukta\current\clients\EMeD\InstanceEditor$5.class --> aludra.usc.edu /auto/home-scf-06/mchitnis/EMeD InstanceEditor$5.class
2001.11.03 15:58 B C:\Mukta\current\clients\EMeD\InstanceEditor$ActiveAltText.class --> aludra.usc.edu /auto/home-scf-06/mchitnis/EMeD InstanceEditor$ActiveAltText.class
2001.11.03 15:58 B C:\Mukta\current\clients\EMeD\InstanceEditor$RoleTablePanel$RoleTableModel.class --> aludra.usc.edu /auto/home-scf-06/mchitnis/EMeD InstanceEditor$RoleTablePanel$RoleTableModel.class
2001.11.03 15:58 B C:\Mukta\current\clients\EMeD\InstanceEditor$RoleTablePanel.class --> aludra.usc.edu /auto/home-scf-06/mchitnis/EMeD InstanceEditor$RoleTablePanel.class
2001.11.03 15:58 B C:\Mukta\current\clients\EMeD\InstanceEditor.class --> aludra.usc.edu /auto/home-scf-06/mchitnis/EMeD InstanceEditor.class
2001.11.03 15:58 B C:\Mukta\current\clients\EMeD\InstanceEditor.java --> aludra.usc.edu /auto/home-scf-06/mchitnis/EMeD InstanceEditor.java
2001.11.03 15:58 B C:\Mukta\current\clients\EMeD\jaxp.jar --> aludra.usc.edu /auto/home-scf-06/mchitnis/EMeD jaxp.jar
2001.11.03 15:58 B C:\Mukta\current\clients\EMeD\JUMER-HOTELS.instance --> aludra.usc.edu /auto/home-scf-06/mchitnis/EMeD JUMER-HOTELS.instance
2001.11.03 15:58 B C:\Mukta\current\clients\EMeD\JURYS-DOYLE-HOTEL-GROUP.instance --> aludra.usc.edu /auto/home-scf-06/mchitnis/EMeD JURYS-DOYLE-HOTEL-GROUP.instance
2001.11.03 15:58 B C:\Mukta\current\clients\EMeD\KOREAN-AIR.instance --> aludra.usc.edu /auto/home-scf-06/mchitnis/EMeD KOREAN-AIR.instance
2001.11.03 15:58 B C:\Mukta\current\clients\EMeD\LAUDA-AIR.instance --> aludra.usc.edu /auto/home-scf-06/mchitnis/EMeD LAUDA-AIR.instance
2001.11.03 15:58 B C:\Mukta\current\clients\EMeD\LOCATION.concept --> aludra.usc.edu /auto/home-scf-06/mchitnis/EMeD LOCATION.concept
2001.11.03 15:58 B C:\Mukta\current\clients\EMeD\logfile --> aludra.usc.edu /auto/home-scf-06/mchitnis/EMeD logfile
2001.11.03 15:58 B C:\Mukta\current\clients\EMeD\LONG-BEACH.instance --> aludra.usc.edu /auto/home-scf-06/mchitnis/EMeD LONG-BEACH.instance
2001.11.03 15:58 B C:\Mukta\current\clients\EMeD\LOS-ANGELES.instance --> aludra.usc.edu /auto/home-scf-06/mchitnis/EMeD LOS-ANGELES.instance
2001.11.03 15:58 B C:\Mukta\current\clients\EMeD\MainAgent.html --> aludra.usc.edu /auto/home-scf-06/mchitnis/EMeD MainAgent.html
2001.11.03 15:58 B C:\Mukta\current\clients\EMeD\MainAgent.java --> aludra.usc.edu /auto/home-scf-06/mchitnis/EMeD MainAgent.java
2001.11.03 15:58 B C:\Mukta\current\clients\EMeD\MAINAgentApplet$1.class --> aludra.usc.edu /auto/home-scf-06/mchitnis/EMeD MAINAgentApplet$1.class
2001.11.03 15:58 B C:\Mukta\current\clients\EMeD\MAINAgentApplet$2.class --> aludra.usc.edu /auto/home-scf-06/mchitnis/EMeD MAINAgentApplet$2.class
2001.11.03 15:58 B C:\Mukta\current\clients\EMeD\MAINAgentApplet$3.class --> aludra.usc.edu /auto/home-scf-06/mchitnis/EMeD MAINAgentApplet$3.class
2001.11.03 15:58 B C:\Mukta\current\clients\EMeD\MAINAgentApplet$addListener.class --> aludra.usc.edu /auto/home-scf-06/mchitnis/EMeD MAINAgentApplet$addListener.class
2001.11.03 15:58 B C:\Mukta\current\clients\EMeD\MAINAgentApplet$instanceListener.class --> aludra.usc.edu /auto/home-scf-06/mchitnis/EMeD MAINAgentApplet$instanceListener.class
2001.11.03 15:58 B C:\Mukta\current\clients\EMeD\MAINAgentApplet.class --> aludra.usc.edu /auto/home-scf-06/mchitnis/EMeD MAINAgentApplet.class
2001.11.03 15:58 B C:\Mukta\current\clients\EMeD\MAINAgentApplet.java --> aludra.usc.edu /auto/home-scf-06/mchitnis/EMeD MAINAgentApplet.java
2001.11.03 15:58 B C:\Mukta\current\clients\EMeD\MainWindow$1.class --> aludra.usc.edu /auto/home-scf-06/mchitnis/EMeD MainWindow$1.class
2001.11.03 15:58 B C:\Mukta\current\clients\EMeD\MainWindow$10.class --> aludra.usc.edu /auto/home-scf-06/mchitnis/EMeD MainWindow$10.class
2001.11.03 15:58 B C:\Mukta\current\clients\EMeD\MainWindow$11.class --> aludra.usc.edu /auto/home-scf-06/mchitnis/EMeD MainWindow$11.class
2001.11.03 15:58 B C:\Mukta\current\clients\EMeD\MainWindow$12.class --> aludra.usc.edu /auto/home-scf-06/mchitnis/EMeD MainWindow$12.class
2001.11.03 15:58 B C:\Mukta\current\clients\EMeD\MainWindow$13.class --> aludra.usc.edu /auto/home-scf-06/mchitnis/EMeD MainWindow$13.class
2001.11.03 15:58 B C:\Mukta\current\clients\EMeD\MainWindow$14.class --> aludra.usc.edu /auto/home-scf-06/mchitnis/EMeD MainWindow$14.class
2001.11.03 15:58 B C:\Mukta\current\clients\EMeD\MainWindow$15.class --> aludra.usc.edu /auto/home-scf-06/mchitnis/EMeD MainWindow$15.class
2001.11.03 15:58 B C:\Mukta\current\clients\EMeD\MainWindow$16.class --> aludra.usc.edu /auto/home-scf-06/mchitnis/EMeD MainWindow$16.class
2001.11.03 15:58 B C:\Mukta\current\clients\EMeD\MainWindow$17.class --> aludra.usc.edu /auto/home-scf-06/mchitnis/EMeD MainWindow$17.class
2001.11.03 15:58 B C:\Mukta\current\clients\EMeD\MainWindow$18.class --> aludra.usc.edu /auto/home-scf-06/mchitnis/EMeD MainWindow$18.class
2001.11.03 15:58 B C:\Mukta\current\clients\EMeD\MainWindow$19.class --> aludra.usc.edu /auto/home-scf-06/mchitnis/EMeD MainWindow$19.class
2001.11.03 15:58 B C:\Mukta\current\clients\EMeD\MainWindow$2.class --> aludra.usc.edu /auto/home-scf-06/mchitnis/EMeD MainWindow$2.class
2001.11.03 15:58 B C:\Mukta\current\clients\EMeD\MainWindow$20.class --> aludra.usc.edu /auto/home-scf-06/mchitnis/EMeD MainWindow$20.class
2001.11.03 15:58 B C:\Mukta\current\clients\EMeD\MainWindow$3.class --> aludra.usc.edu /auto/home-scf-06/mchitnis/EMeD MainWindow$3.class
2001.11.03 15:58 B C:\Mukta\current\clients\EMeD\MainWindow$4.class --> aludra.usc.edu /auto/home-scf-06/mchitnis/EMeD MainWindow$4.class
2001.11.03 15:58 B C:\Mukta\current\clients\EMeD\MainWindow$5.class --> aludra.usc.edu /auto/home-scf-06/mchitnis/EMeD MainWindow$5.class
2001.11.03 15:58 B C:\Mukta\current\clients\EMeD\MainWindow$6.class --> aludra.usc.edu /auto/home-scf-06/mchitnis/EMeD MainWindow$6.class
2001.11.03 15:58 B C:\Mukta\current\clients\EMeD\MainWindow$7.class --> aludra.usc.edu /auto/home-scf-06/mchitnis/EMeD MainWindow$7.class
2001.11.03 15:58 B C:\Mukta\current\clients\EMeD\MainWindow$8.class --> aludra.usc.edu /auto/home-scf-06/mchitnis/EMeD MainWindow$8.class
2001.11.03 15:58 B C:\Mukta\current\clients\EMeD\MainWindow$9.class --> aludra.usc.edu /auto/home-scf-06/mchitnis/EMeD MainWindow$9.class
2001.11.03 15:58 B C:\Mukta\current\clients\EMeD\MainWindow.class --> aludra.usc.edu /auto/home-scf-06/mchitnis/EMeD MainWindow.class
2001.11.03 15:58 B C:\Mukta\current\clients\EMeD\MainWindow.java --> aludra.usc.edu /auto/home-scf-06/mchitnis/EMeD MainWindow.java
2001.11.03 15:58 B C:\Mukta\current\clients\EMeD\MainWindowbkup.java --> aludra.usc.edu /auto/home-scf-06/mchitnis/EMeD MainWindowbkup.java
2001.11.03 15:58 B C:\Mukta\current\clients\EMeD\MainWindowmenubk.java --> aludra.usc.edu /auto/home-scf-06/mchitnis/EMeD MainWindowmenubk.java
2001.11.03 15:58 B C:\Mukta\current\clients\EMeD\MainWindoworig.java --> aludra.usc.edu /auto/home-scf-06/mchitnis/EMeD MainWindoworig.java
2001.11.03 15:58 B C:\Mukta\current\clients\EMeD\MARTINAIR.instance --> aludra.usc.edu /auto/home-scf-06/mchitnis/EMeD MARTINAIR.instance
2001.11.03 15:58 B C:\Mukta\current\clients\EMeD\MAX-MIN.concept --> aludra.usc.edu /auto/home-scf-06/mchitnis/EMeD MAX-MIN.concept
2001.11.03 15:58 B C:\Mukta\current\clients\EMeD\MethodApplier$1.class --> aludra.usc.edu /auto/home-scf-06/mchitnis/EMeD MethodApplier$1.class
2001.11.03 15:58 B C:\Mukta\current\clients\EMeD\MethodApplier$2.class --> aludra.usc.edu /auto/home-scf-06/mchitnis/EMeD MethodApplier$2.class
2001.11.03 15:58 B C:\Mukta\current\clients\EMeD\MethodApplier$3.class --> aludra.usc.edu /auto/home-scf-06/mchitnis/EMeD MethodApplier$3.class
2001.11.03 15:58 B C:\Mukta\current\clients\EMeD\MethodApplier$4.class --> aludra.usc.edu /auto/home-scf-06/mchitnis/EMeD MethodApplier$4.class
2001.11.03 15:58 B C:\Mukta\current\clients\EMeD\MethodApplier$5.class --> aludra.usc.edu /auto/home-scf-06/mchitnis/EMeD MethodApplier$5.class
2001.11.03 15:58 B C:\Mukta\current\clients\EMeD\MethodApplier$6.class --> aludra.usc.edu /auto/home-scf-06/mchitnis/EMeD MethodApplier$6.class
2001.11.03 15:58 B C:\Mukta\current\clients\EMeD\MethodApplier$7.class --> aludra.usc.edu /auto/home-scf-06/mchitnis/EMeD MethodApplier$7.class
2001.11.03 15:58 B C:\Mukta\current\clients\EMeD\MethodApplier$ActiveAltText.class --> aludra.usc.edu /auto/home-scf-06/mchitnis/EMeD MethodApplier$ActiveAltText.class
2001.11.03 15:58 B C:\Mukta\current\clients\EMeD\MethodApplier$AppCellRenderer.class --> aludra.usc.edu /auto/home-scf-06/mchitnis/EMeD MethodApplier$AppCellRenderer.class
2001.11.03 15:58 B C:\Mukta\current\clients\EMeD\MethodApplier$AppNode.class --> aludra.usc.edu /auto/home-scf-06/mchitnis/EMeD MethodApplier$AppNode.class
2001.11.03 15:58 B C:\Mukta\current\clients\EMeD\MethodApplier.class --> aludra.usc.edu /auto/home-scf-06/mchitnis/EMeD MethodApplier.class
2001.11.03 15:58 B C:\Mukta\current\clients\EMeD\MethodApplier.java --> aludra.usc.edu /auto/home-scf-06/mchitnis/EMeD MethodApplier.java
2001.11.03 15:58 B C:\Mukta\current\clients\EMeD\MIDWEST-EXPRESS.instance --> aludra.usc.edu /auto/home-scf-06/mchitnis/EMeD MIDWEST-EXPRESS.instance
2001.11.03 15:58 B C:\Mukta\current\clients\EMeD\mylogfile --> aludra.usc.edu /auto/home-scf-06/mchitnis/EMeD mylogfile
2001.11.03 15:58 B C:\Mukta\current\clients\EMeD\MySwing$1.class --> aludra.usc.edu /auto/home-scf-06/mchitnis/EMeD MySwing$1.class
2001.11.03 15:58 B C:\Mukta\current\clients\EMeD\MySwing$2.class --> aludra.usc.edu /auto/home-scf-06/mchitnis/EMeD MySwing$2.class
2001.11.03 15:58 B C:\Mukta\current\clients\EMeD\MySwing$instanceListener.class --> aludra.usc.edu /auto/home-scf-06/mchitnis/EMeD MySwing$instanceListener.class
2001.11.03 15:58 B C:\Mukta\current\clients\EMeD\MySwing$relationListener.class --> aludra.usc.edu /auto/home-scf-06/mchitnis/EMeD MySwing$relationListener.class
2001.11.03 15:58 B C:\Mukta\current\clients\EMeD\MySwing.class --> aludra.usc.edu /auto/home-scf-06/mchitnis/EMeD MySwing.class
2001.11.03 15:58 B C:\Mukta\current\clients\EMeD\MySwing.java --> aludra.usc.edu /auto/home-scf-06/mchitnis/EMeD MySwing.java
2001.11.03 15:58 B C:\Mukta\current\clients\EMeD\MySwingbkup.java --> aludra.usc.edu /auto/home-scf-06/mchitnis/EMeD MySwingbkup.java
2001.11.03 15:58 B C:\Mukta\current\clients\EMeD\numberPanel.java --> aludra.usc.edu /auto/home-scf-06/mchitnis/EMeD numberPanel.java
2001.11.03 15:58 B C:\Mukta\current\clients\EMeD\OLYMPIC.instance --> aludra.usc.edu /auto/home-scf-06/mchitnis/EMeD OLYMPIC.instance
2001.11.03 15:58 B C:\Mukta\current\clients\EMeD\origExpectTabbedPanel --> aludra.usc.edu /auto/home-scf-06/mchitnis/EMeD origExpectTabbedPanel
2001.11.03 15:58 B C:\Mukta\current\clients\EMeD\origExpectTabbedPanel.java --> aludra.usc.edu /auto/home-scf-06/mchitnis/EMeD origExpectTabbedPanel.java
2001.11.03 15:58 B C:\Mukta\current\clients\EMeD\PERSON.concept --> aludra.usc.edu /auto/home-scf-06/mchitnis/EMeD PERSON.concept
2001.11.03 15:58 B C:\Mukta\current\clients\EMeD\PERSONNEL.concept --> aludra.usc.edu /auto/home-scf-06/mchitnis/EMeD PERSONNEL.concept
2001.11.03 15:58 B C:\Mukta\current\clients\EMeD\PHYSICAL-LOCATION.concept --> aludra.usc.edu /auto/home-scf-06/mchitnis/EMeD PHYSICAL-LOCATION.concept
2001.11.03 15:58 B C:\Mukta\current\clients\EMeD\PIER.concept --> aludra.usc.edu /auto/home-scf-06/mchitnis/EMeD PIER.concept
2001.11.03 15:58 B C:\Mukta\current\clients\EMeD\PLANNING-PROBLEM.concept --> aludra.usc.edu /auto/home-scf-06/mchitnis/EMeD PLANNING-PROBLEM.concept
2001.11.03 15:58 B C:\Mukta\current\clients\EMeD\QUANTAS.instance --> aludra.usc.edu /auto/home-scf-06/mchitnis/EMeD QUANTAS.instance
2001.11.03 15:58 B C:\Mukta\current\clients\EMeD\R-COA-ELEMENTS.relation --> aludra.usc.edu /auto/home-scf-06/mchitnis/EMeD R-COA-ELEMENTS.relation
2001.11.03 15:58 B C:\Mukta\current\clients\EMeD\R-ORIGIN.relation --> aludra.usc.edu /auto/home-scf-06/mchitnis/EMeD R-ORIGIN.relation
2001.11.03 15:58 B C:\Mukta\current\clients\EMeD\RelationEditor$1.class --> aludra.usc.edu /auto/home-scf-06/mchitnis/EMeD RelationEditor$1.class
2001.11.03 15:58 B C:\Mukta\current\clients\EMeD\RelationEditor$2.class --> aludra.usc.edu /auto/home-scf-06/mchitnis/EMeD RelationEditor$2.class
2001.11.03 15:58 B C:\Mukta\current\clients\EMeD\RelationEditor$3.class --> aludra.usc.edu /auto/home-scf-06/mchitnis/EMeD RelationEditor$3.class
2001.11.03 15:58 B C:\Mukta\current\clients\EMeD\RelationEditor$NameFieldPanel.class --> aludra.usc.edu /auto/home-scf-06/mchitnis/EMeD RelationEditor$NameFieldPanel.class
2001.11.03 15:58 B C:\Mukta\current\clients\EMeD\RelationEditor.class --> aludra.usc.edu /auto/home-scf-06/mchitnis/EMeD RelationEditor.class
2001.11.03 15:58 B C:\Mukta\current\clients\EMeD\RelationEditor.java --> aludra.usc.edu /auto/home-scf-06/mchitnis/EMeD RelationEditor.java
2001.11.03 15:58 B C:\Mukta\current\clients\EMeD\ROUTE.concept --> aludra.usc.edu /auto/home-scf-06/mchitnis/EMeD ROUTE.concept
2001.11.03 15:58 B C:\Mukta\current\clients\EMeD\run-test --> aludra.usc.edu /auto/home-scf-06/mchitnis/EMeD run-test
2001.11.03 15:58 B C:\Mukta\current\clients\EMeD\run-test~ --> aludra.usc.edu /auto/home-scf-06/mchitnis/EMeD run-test~
2001.11.03 15:58 B C:\Mukta\current\clients\EMeD\runEMeD --> aludra.usc.edu /auto/home-scf-06/mchitnis/EMeD runEMeD
2001.11.03 15:58 B C:\Mukta\current\clients\EMeD\runnit --> aludra.usc.edu /auto/home-scf-06/mchitnis/EMeD runnit
2001.11.03 15:58 B C:\Mukta\current\clients\EMeD\runnit~ --> aludra.usc.edu /auto/home-scf-06/mchitnis/EMeD runnit~
2001.11.03 15:58 B C:\Mukta\current\clients\EMeD\saved-emed.jar --> aludra.usc.edu /auto/home-scf-06/mchitnis/EMeD saved-emed.jar
2001.11.03 15:58 B C:\Mukta\current\clients\EMeD\schedlog --> aludra.usc.edu /auto/home-scf-06/mchitnis/EMeD schedlog
2001.11.03 15:58 B C:\Mukta\current\clients\EMeD\SEAPORT.concept --> aludra.usc.edu /auto/home-scf-06/mchitnis/EMeD SEAPORT.concept
2001.11.03 15:58 B C:\Mukta\current\clients\EMeD\SET-MEMBER.concept --> aludra.usc.edu /auto/home-scf-06/mchitnis/EMeD SET-MEMBER.concept
2001.11.03 15:58 B C:\Mukta\current\clients\EMeD\SHIP.concept --> aludra.usc.edu /auto/home-scf-06/mchitnis/EMeD SHIP.concept
2001.11.03 15:58 B C:\Mukta\current\clients\EMeD\SmallTabbedPanel$1.class --> aludra.usc.edu /auto/home-scf-06/mchitnis/EMeD SmallTabbedPanel$1.class
2001.11.03 15:58 B C:\Mukta\current\clients\EMeD\SmallTabbedPanel$recordListener.class --> aludra.usc.edu /auto/home-scf-06/mchitnis/EMeD SmallTabbedPanel$recordListener.class
2001.11.03 15:58 B C:\Mukta\current\clients\EMeD\SmallTabbedPanel$reloadListener.class --> aludra.usc.edu /auto/home-scf-06/mchitnis/EMeD SmallTabbedPanel$reloadListener.class
2001.11.03 15:58 B C:\Mukta\current\clients\EMeD\SmallTabbedPanel.class --> aludra.usc.edu /auto/home-scf-06/mchitnis/EMeD SmallTabbedPanel.class
2001.11.03 15:58 B C:\Mukta\current\clients\EMeD\SmallTabbedPanel.java --> aludra.usc.edu /auto/home-scf-06/mchitnis/EMeD SmallTabbedPanel.java
2001.11.03 15:58 B C:\Mukta\current\clients\EMeD\SmallTabbedPanel.java~ --> aludra.usc.edu /auto/home-scf-06/mchitnis/EMeD SmallTabbedPanel.java~
2001.11.03 15:58 B C:\Mukta\current\clients\EMeD\SORTIE.concept --> aludra.usc.edu /auto/home-scf-06/mchitnis/EMeD SORTIE.concept
2001.11.03 15:58 B C:\Mukta\current\clients\EMeD\SOUTH-AFRICAN.instance --> aludra.usc.edu /auto/home-scf-06/mchitnis/EMeD SOUTH-AFRICAN.instance
2001.11.03 15:58 B C:\Mukta\current\clients\EMeD\SPECIAL-EDT.concept --> aludra.usc.edu /auto/home-scf-06/mchitnis/EMeD SPECIAL-EDT.concept
2001.11.03 15:58 B C:\Mukta\current\clients\EMeD\SPIRIT-AIRLINES.instance --> aludra.usc.edu /auto/home-scf-06/mchitnis/EMeD SPIRIT-AIRLINES.instance
2001.11.03 15:58 B C:\Mukta\current\clients\EMeD\statuslog --> aludra.usc.edu /auto/home-scf-06/mchitnis/EMeD statuslog
2001.11.03 15:58 B C:\Mukta\current\clients\EMeD\StatusWeb.java --> aludra.usc.edu /auto/home-scf-06/mchitnis/EMeD StatusWeb.java
2001.11.03 15:58 B C:\Mukta\current\clients\EMeD\TANKER1.instance --> aludra.usc.edu /auto/home-scf-06/mchitnis/EMeD TANKER1.instance
2001.11.03 15:58 B C:\Mukta\current\clients\EMeD\testapplet.html --> aludra.usc.edu /auto/home-scf-06/mchitnis/EMeD testapplet.html
2001.11.03 15:58 B C:\Mukta\current\clients\EMeD\THING.concept --> aludra.usc.edu /auto/home-scf-06/mchitnis/EMeD THING.concept
2001.11.03 15:58 B C:\Mukta\current\clients\EMeD\TO.concept --> aludra.usc.edu /auto/home-scf-06/mchitnis/EMeD TO.concept
2001.11.03 15:58 B C:\Mukta\current\clients\EMeD\TOP-DOMAIN-CONCEPT.concept --> aludra.usc.edu /auto/home-scf-06/mchitnis/EMeD TOP-DOMAIN-CONCEPT.concept
2001.11.03 15:58 B C:\Mukta\current\clients\EMeD\TOP-DOMAIN-CONCEPT.CONCEPT.concept --> aludra.usc.edu /auto/home-scf-06/mchitnis/EMeD TOP-DOMAIN-CONCEPT.CONCEPT.concept
2001.11.03 15:58 B C:\Mukta\current\clients\EMeD\TOTAL-CAPACITY.concept --> aludra.usc.edu /auto/home-scf-06/mchitnis/EMeD TOTAL-CAPACITY.concept
2001.11.03 15:58 B C:\Mukta\current\clients\EMeD\TOWNEPLACE-SUITES.instance --> aludra.usc.edu /auto/home-scf-06/mchitnis/EMeD TOWNEPLACE-SUITES.instance
2001.11.03 15:58 B C:\Mukta\current\clients\EMeD\TRANSPORT-SHIP.concept --> aludra.usc.edu /auto/home-scf-06/mchitnis/EMeD TRANSPORT-SHIP.concept
2001.11.03 15:58 B C:\Mukta\current\clients\EMeD\TRANSPORT-TIME.concept --> aludra.usc.edu /auto/home-scf-06/mchitnis/EMeD TRANSPORT-TIME.concept
2001.11.03 15:58 B C:\Mukta\current\clients\EMeD\Tree.methodListPanel.java --> aludra.usc.edu /auto/home-scf-06/mchitnis/EMeD Tree.methodListPanel.java
2001.11.03 15:58 B C:\Mukta\current\clients\EMeD\TROPICAL-RESORTS-AND-VACATIONS.instance --> aludra.usc.edu /auto/home-scf-06/mchitnis/EMeD TROPICAL-RESORTS-AND-VACATIONS.instance
2001.11.03 15:58 B C:\Mukta\current\clients\EMeD\TRY.BAT --> aludra.usc.edu /auto/home-scf-06/mchitnis/EMeD TRY.BAT
2001.11.03 15:58 B C:\Mukta\current\clients\EMeD\tryclass.bat --> aludra.usc.edu /auto/home-scf-06/mchitnis/EMeD tryclass.bat
2001.11.03 15:58 B C:\Mukta\current\clients\EMeD\tryMethod --> aludra.usc.edu /auto/home-scf-06/mchitnis/EMeD tryMethod
2001.11.03 15:58 B C:\Mukta\current\clients\EMeD\TTD --> aludra.usc.edu /auto/home-scf-06/mchitnis/EMeD TTD
2001.11.03 15:58 B C:\Mukta\current\clients\EMeD\UNITED290.instance --> aludra.usc.edu /auto/home-scf-06/mchitnis/EMeD UNITED290.instance
2001.11.03 15:58 B C:\Mukta\current\clients\EMeD\VALUE-DOMAIN-CONCEPT.concept --> aludra.usc.edu /auto/home-scf-06/mchitnis/EMeD VALUE-DOMAIN-CONCEPT.concept
2001.11.03 15:58 B C:\Mukta\current\clients\EMeD\web.dat --> aludra.usc.edu /auto/home-scf-06/mchitnis/EMeD web.dat
2001.11.03 15:58 B C:\Mukta\current\clients\EMeD\WS_FTP.LOG --> aludra.usc.edu /auto/home-scf-06/mchitnis/EMeD WS_FTP.LOG
