2001.06.01 11:56 B C:\Mukta\current\clients\Xml\saxon\doc\images\blue-ball-small.gif <-- nitro.isi.edu /nfs/isd2/mchitnis/current/clients/Xml/saxon/doc/images blue-ball-small.gif
2001.06.01 11:56 B C:\Mukta\current\clients\Xml\saxon\doc\images\blue-ball.gif <-- nitro.isi.edu /nfs/isd2/mchitnis/current/clients/Xml/saxon/doc/images blue-ball.gif
2001.06.01 11:56 B C:\Mukta\current\clients\Xml\saxon\doc\images\class-index.gif <-- nitro.isi.edu /nfs/isd2/mchitnis/current/clients/Xml/saxon/doc/images class-index.gif
2001.06.01 11:56 B C:\Mukta\current\clients\Xml\saxon\doc\images\constructor-index.gif <-- nitro.isi.edu /nfs/isd2/mchitnis/current/clients/Xml/saxon/doc/images constructor-index.gif
2001.06.01 11:56 B C:\Mukta\current\clients\Xml\saxon\doc\images\constructors.gif <-- nitro.isi.edu /nfs/isd2/mchitnis/current/clients/Xml/saxon/doc/images constructors.gif
2001.06.01 11:56 B C:\Mukta\current\clients\Xml\saxon\doc\images\cyan-ball-small.gif <-- nitro.isi.edu /nfs/isd2/mchitnis/current/clients/Xml/saxon/doc/images cyan-ball-small.gif
2001.06.01 11:56 B C:\Mukta\current\clients\Xml\saxon\doc\images\cyan-ball.gif <-- nitro.isi.edu /nfs/isd2/mchitnis/current/clients/Xml/saxon/doc/images cyan-ball.gif
2001.06.01 11:56 B C:\Mukta\current\clients\Xml\saxon\doc\images\error-index.gif <-- nitro.isi.edu /nfs/isd2/mchitnis/current/clients/Xml/saxon/doc/images error-index.gif
2001.06.01 11:56 B C:\Mukta\current\clients\Xml\saxon\doc\images\exception-index.gif <-- nitro.isi.edu /nfs/isd2/mchitnis/current/clients/Xml/saxon/doc/images exception-index.gif
2001.06.01 11:56 B C:\Mukta\current\clients\Xml\saxon\doc\images\green-ball-small.gif <-- nitro.isi.edu /nfs/isd2/mchitnis/current/clients/Xml/saxon/doc/images green-ball-small.gif
2001.06.01 11:56 B C:\Mukta\current\clients\Xml\saxon\doc\images\green-ball.gif <-- nitro.isi.edu /nfs/isd2/mchitnis/current/clients/Xml/saxon/doc/images green-ball.gif
2001.06.01 11:56 B C:\Mukta\current\clients\Xml\saxon\doc\images\interface-index.gif <-- nitro.isi.edu /nfs/isd2/mchitnis/current/clients/Xml/saxon/doc/images interface-index.gif
2001.06.01 11:56 B C:\Mukta\current\clients\Xml\saxon\doc\images\magenta-ball-small.gif <-- nitro.isi.edu /nfs/isd2/mchitnis/current/clients/Xml/saxon/doc/images magenta-ball-small.gif
2001.06.01 11:56 B C:\Mukta\current\clients\Xml\saxon\doc\images\magenta-ball.gif <-- nitro.isi.edu /nfs/isd2/mchitnis/current/clients/Xml/saxon/doc/images magenta-ball.gif
2001.06.01 11:56 B C:\Mukta\current\clients\Xml\saxon\doc\images\method-index.gif <-- nitro.isi.edu /nfs/isd2/mchitnis/current/clients/Xml/saxon/doc/images method-index.gif
2001.06.01 11:56 B C:\Mukta\current\clients\Xml\saxon\doc\images\methods.gif <-- nitro.isi.edu /nfs/isd2/mchitnis/current/clients/Xml/saxon/doc/images methods.gif
2001.06.01 11:56 B C:\Mukta\current\clients\Xml\saxon\doc\images\openbookicon.gif <-- nitro.isi.edu /nfs/isd2/mchitnis/current/clients/Xml/saxon/doc/images openbookicon.gif
2001.06.01 11:56 B C:\Mukta\current\clients\Xml\saxon\doc\images\package-index.gif <-- nitro.isi.edu /nfs/isd2/mchitnis/current/clients/Xml/saxon/doc/images package-index.gif
2001.06.01 11:56 B C:\Mukta\current\clients\Xml\saxon\doc\images\red-ball-small.gif <-- nitro.isi.edu /nfs/isd2/mchitnis/current/clients/Xml/saxon/doc/images red-ball-small.gif
2001.06.01 11:56 B C:\Mukta\current\clients\Xml\saxon\doc\images\red-ball.gif <-- nitro.isi.edu /nfs/isd2/mchitnis/current/clients/Xml/saxon/doc/images red-ball.gif
2001.06.01 11:56 B C:\Mukta\current\clients\Xml\saxon\doc\images\variable-index.gif <-- nitro.isi.edu /nfs/isd2/mchitnis/current/clients/Xml/saxon/doc/images variable-index.gif
2001.06.01 11:56 B C:\Mukta\current\clients\Xml\saxon\doc\images\variables.gif <-- nitro.isi.edu /nfs/isd2/mchitnis/current/clients/Xml/saxon/doc/images variables.gif
2001.06.01 11:56 B C:\Mukta\current\clients\Xml\saxon\doc\images\yellow-ball-small.gif <-- nitro.isi.edu /nfs/isd2/mchitnis/current/clients/Xml/saxon/doc/images yellow-ball-small.gif
2001.06.01 11:56 B C:\Mukta\current\clients\Xml\saxon\doc\images\yellow-ball.gif <-- nitro.isi.edu /nfs/isd2/mchitnis/current/clients/Xml/saxon/doc/images yellow-ball.gif
