2001.06.01 11:53 B C:\Mukta\current\clients\EMeD\Tree\capabilityOrganizer.java <-- nitro.isi.edu /nfs/isd2/mchitnis/current/clients/EMeD/Tree capabilityOrganizer.java
2001.06.01 11:53 B C:\Mukta\current\clients\EMeD\Tree\capabilityOrganizer.java~ <-- nitro.isi.edu /nfs/isd2/mchitnis/current/clients/EMeD/Tree capabilityOrganizer.java~
2001.06.01 11:53 B C:\Mukta\current\clients\EMeD\Tree\capOrgRenderer.java <-- nitro.isi.edu /nfs/isd2/mchitnis/current/clients/EMeD/Tree capOrgRenderer.java
2001.06.01 11:53 B C:\Mukta\current\clients\EMeD\Tree\capOrgRenderer.java~ <-- nitro.isi.edu /nfs/isd2/mchitnis/current/clients/EMeD/Tree capOrgRenderer.java~
2001.06.01 11:53 B C:\Mukta\current\clients\EMeD\Tree\EditOnlyFrame.java <-- nitro.isi.edu /nfs/isd2/mchitnis/current/clients/EMeD/Tree EditOnlyFrame.java
2001.06.01 11:53 B C:\Mukta\current\clients\EMeD\Tree\editor <-- nitro.isi.edu /nfs/isd2/mchitnis/current/clients/EMeD/Tree editor
2001.06.01 11:53 B C:\Mukta\current\clients\EMeD\Tree\editResponseRenderer.java <-- nitro.isi.edu /nfs/isd2/mchitnis/current/clients/EMeD/Tree editResponseRenderer.java
2001.06.01 11:53 B C:\Mukta\current\clients\EMeD\Tree\editResponseRenderer.java~ <-- nitro.isi.edu /nfs/isd2/mchitnis/current/clients/EMeD/Tree editResponseRenderer.java~
2001.06.01 11:53 B C:\Mukta\current\clients\EMeD\Tree\expandableTreeCellRenderer.java <-- nitro.isi.edu /nfs/isd2/mchitnis/current/clients/EMeD/Tree expandableTreeCellRenderer.java
2001.06.01 11:53 B C:\Mukta\current\clients\EMeD\Tree\expandableTreeCellRenderer.java~ <-- nitro.isi.edu /nfs/isd2/mchitnis/current/clients/EMeD/Tree expandableTreeCellRenderer.java~
2001.06.01 11:53 B C:\Mukta\current\clients\EMeD\Tree\expandableTreeModel.java <-- nitro.isi.edu /nfs/isd2/mchitnis/current/clients/EMeD/Tree expandableTreeModel.java
2001.06.01 11:53 B C:\Mukta\current\clients\EMeD\Tree\expandableTreePanel.java <-- nitro.isi.edu /nfs/isd2/mchitnis/current/clients/EMeD/Tree expandableTreePanel.java
2001.06.01 11:53 B C:\Mukta\current\clients\EMeD\Tree\goalListParser.java <-- nitro.isi.edu /nfs/isd2/mchitnis/current/clients/EMeD/Tree goalListParser.java
2001.06.01 11:53 B C:\Mukta\current\clients\EMeD\Tree\highlightedMethodListCellRenderer.java <-- nitro.isi.edu /nfs/isd2/mchitnis/current/clients/EMeD/Tree highlightedMethodListCellRenderer.java
2001.06.01 11:53 B C:\Mukta\current\clients\EMeD\Tree\messageFrame.java <-- nitro.isi.edu /nfs/isd2/mchitnis/current/clients/EMeD/Tree messageFrame.java
2001.06.01 11:53 B C:\Mukta\current\clients\EMeD\Tree\messageFrame.java~ <-- nitro.isi.edu /nfs/isd2/mchitnis/current/clients/EMeD/Tree messageFrame.java~
2001.06.01 11:53 B C:\Mukta\current\clients\EMeD\Tree\messageListCellRenderer.java <-- nitro.isi.edu /nfs/isd2/mchitnis/current/clients/EMeD/Tree messageListCellRenderer.java
2001.06.01 11:53 B C:\Mukta\current\clients\EMeD\Tree\messageListCellRenderer.java~ <-- nitro.isi.edu /nfs/isd2/mchitnis/current/clients/EMeD/Tree messageListCellRenderer.java~
2001.06.01 11:53 B C:\Mukta\current\clients\EMeD\Tree\messageListRenderer.java <-- nitro.isi.edu /nfs/isd2/mchitnis/current/clients/EMeD/Tree messageListRenderer.java
2001.06.01 11:53 B C:\Mukta\current\clients\EMeD\Tree\messageListRenderer.java~ <-- nitro.isi.edu /nfs/isd2/mchitnis/current/clients/EMeD/Tree messageListRenderer.java~
2001.06.01 11:53 B C:\Mukta\current\clients\EMeD\Tree\messagePanel.java <-- nitro.isi.edu /nfs/isd2/mchitnis/current/clients/EMeD/Tree messagePanel.java
2001.06.01 11:53 B C:\Mukta\current\clients\EMeD\Tree\messagePanel.java~ <-- nitro.isi.edu /nfs/isd2/mchitnis/current/clients/EMeD/Tree messagePanel.java~
2001.06.01 11:53 B C:\Mukta\current\clients\EMeD\Tree\methodListCellRenderer.java <-- nitro.isi.edu /nfs/isd2/mchitnis/current/clients/EMeD/Tree methodListCellRenderer.java
2001.06.01 11:53 B C:\Mukta\current\clients\EMeD\Tree\methodListPanel.java <-- nitro.isi.edu /nfs/isd2/mchitnis/current/clients/EMeD/Tree methodListPanel.java
2001.06.01 11:53 B C:\Mukta\current\clients\EMeD\Tree\methodListPanel.java~ <-- nitro.isi.edu /nfs/isd2/mchitnis/current/clients/EMeD/Tree methodListPanel.java~
2001.06.01 11:53 B C:\Mukta\current\clients\EMeD\Tree\methodListRenderer.java <-- nitro.isi.edu /nfs/isd2/mchitnis/current/clients/EMeD/Tree methodListRenderer.java
2001.06.01 11:53 B C:\Mukta\current\clients\EMeD\Tree\methodListRenderer.java~ <-- nitro.isi.edu /nfs/isd2/mchitnis/current/clients/EMeD/Tree methodListRenderer.java~
2001.06.01 11:53 B C:\Mukta\current\clients\EMeD\Tree\myTextArea.java <-- nitro.isi.edu /nfs/isd2/mchitnis/current/clients/EMeD/Tree myTextArea.java
2001.06.01 11:53 B C:\Mukta\current\clients\EMeD\Tree\NLEditMethodFrame.java <-- nitro.isi.edu /nfs/isd2/mchitnis/current/clients/EMeD/Tree NLEditMethodFrame.java
2001.06.01 11:53 B C:\Mukta\current\clients\EMeD\Tree\NLEditMethodFrame.java~ <-- nitro.isi.edu /nfs/isd2/mchitnis/current/clients/EMeD/Tree NLEditMethodFrame.java~
2001.06.01 11:53 B C:\Mukta\current\clients\EMeD\Tree\resultPanel.java <-- nitro.isi.edu /nfs/isd2/mchitnis/current/clients/EMeD/Tree resultPanel.java
2001.06.01 11:53 B C:\Mukta\current\clients\EMeD\Tree\runnit <-- nitro.isi.edu /nfs/isd2/mchitnis/current/clients/EMeD/Tree runnit
2001.06.01 11:53 B C:\Mukta\current\clients\EMeD\Tree\searchMethodList.java <-- nitro.isi.edu /nfs/isd2/mchitnis/current/clients/EMeD/Tree searchMethodList.java
2001.06.01 11:53 B C:\Mukta\current\clients\EMeD\Tree\searchMethodsRenderer.java <-- nitro.isi.edu /nfs/isd2/mchitnis/current/clients/EMeD/Tree searchMethodsRenderer.java
2001.06.01 11:53 B C:\Mukta\current\clients\EMeD\Tree\searchPanel.java <-- nitro.isi.edu /nfs/isd2/mchitnis/current/clients/EMeD/Tree searchPanel.java
2001.06.01 11:53 B C:\Mukta\current\clients\EMeD\Tree\setTopGoalPanel.java <-- nitro.isi.edu /nfs/isd2/mchitnis/current/clients/EMeD/Tree setTopGoalPanel.java
2001.06.01 11:53 B C:\Mukta\current\clients\EMeD\Tree\SplitPanel.java <-- nitro.isi.edu /nfs/isd2/mchitnis/current/clients/EMeD/Tree SplitPanel.java
2001.06.01 11:53 B C:\Mukta\current\clients\EMeD\Tree\subTreeFrame.java <-- nitro.isi.edu /nfs/isd2/mchitnis/current/clients/EMeD/Tree subTreeFrame.java
2001.06.01 11:53 B C:\Mukta\current\clients\EMeD\Tree\test.java <-- nitro.isi.edu /nfs/isd2/mchitnis/current/clients/EMeD/Tree test.java
2001.06.01 11:53 B C:\Mukta\current\clients\EMeD\Tree\testPanel$1.class <-- nitro.isi.edu /nfs/isd2/mchitnis/current/clients/EMeD/Tree testPanel$1.class
2001.06.01 11:53 B C:\Mukta\current\clients\EMeD\Tree\testPanel$HorizontalMenu.class <-- nitro.isi.edu /nfs/isd2/mchitnis/current/clients/EMeD/Tree testPanel$HorizontalMenu.class
2001.06.01 11:53 B C:\Mukta\current\clients\EMeD\Tree\testPanel.class <-- nitro.isi.edu /nfs/isd2/mchitnis/current/clients/EMeD/Tree testPanel.class
2001.06.01 11:53 B C:\Mukta\current\clients\EMeD\Tree\testPanel.java <-- nitro.isi.edu /nfs/isd2/mchitnis/current/clients/EMeD/Tree testPanel.java
2001.06.01 11:53 B C:\Mukta\current\clients\EMeD\Tree\testPanel.java-old <-- nitro.isi.edu /nfs/isd2/mchitnis/current/clients/EMeD/Tree testPanel.java-old
2001.06.01 11:53 B C:\Mukta\current\clients\EMeD\Tree\testTextArea.java <-- nitro.isi.edu /nfs/isd2/mchitnis/current/clients/EMeD/Tree testTextArea.java
2001.06.01 11:53 B C:\Mukta\current\clients\EMeD\Tree\tPanel$1.class <-- nitro.isi.edu /nfs/isd2/mchitnis/current/clients/EMeD/Tree tPanel$1.class
2001.06.01 11:53 B C:\Mukta\current\clients\EMeD\Tree\tPanel$2.class <-- nitro.isi.edu /nfs/isd2/mchitnis/current/clients/EMeD/Tree tPanel$2.class
2001.06.01 11:53 B C:\Mukta\current\clients\EMeD\Tree\tPanel$3.class <-- nitro.isi.edu /nfs/isd2/mchitnis/current/clients/EMeD/Tree tPanel$3.class
2001.06.01 11:53 B C:\Mukta\current\clients\EMeD\Tree\tPanel$HorizontalMenu.class <-- nitro.isi.edu /nfs/isd2/mchitnis/current/clients/EMeD/Tree tPanel$HorizontalMenu.class
2001.06.01 11:53 B C:\Mukta\current\clients\EMeD\Tree\tPanel.class <-- nitro.isi.edu /nfs/isd2/mchitnis/current/clients/EMeD/Tree tPanel.class
2001.06.01 11:53 B C:\Mukta\current\clients\EMeD\Tree\tPanel.java <-- nitro.isi.edu /nfs/isd2/mchitnis/current/clients/EMeD/Tree tPanel.java
2001.06.01 11:53 B C:\Mukta\current\clients\EMeD\Tree\treePanel.java <-- nitro.isi.edu /nfs/isd2/mchitnis/current/clients/EMeD/Tree treePanel.java
2001.06.01 11:53 B C:\Mukta\current\clients\EMeD\Tree\treePanel.java-org <-- nitro.isi.edu /nfs/isd2/mchitnis/current/clients/EMeD/Tree treePanel.java-org
2001.06.01 11:53 B C:\Mukta\current\clients\EMeD\Tree\undefinedGoalListCellRenderer.java <-- nitro.isi.edu /nfs/isd2/mchitnis/current/clients/EMeD/Tree undefinedGoalListCellRenderer.java
2001.06.01 11:53 B C:\Mukta\current\clients\EMeD\Tree\undefinedGoalListCellRenderer.java-org <-- nitro.isi.edu /nfs/isd2/mchitnis/current/clients/EMeD/Tree undefinedGoalListCellRenderer.java-org
2001.06.01 11:53 B C:\Mukta\current\clients\EMeD\Tree\undefinedGoalListPanel.java <-- nitro.isi.edu /nfs/isd2/mchitnis/current/clients/EMeD/Tree undefinedGoalListPanel.java
2001.06.01 11:53 B C:\Mukta\current\clients\EMeD\Tree\undefinedGoalListRenderer.java <-- nitro.isi.edu /nfs/isd2/mchitnis/current/clients/EMeD/Tree undefinedGoalListRenderer.java
2001.06.01 11:53 B C:\Mukta\current\clients\EMeD\Tree\undefinedGoalListRenderer.java~ <-- nitro.isi.edu /nfs/isd2/mchitnis/current/clients/EMeD/Tree undefinedGoalListRenderer.java~
2001.06.01 11:53 B C:\Mukta\current\clients\EMeD\Tree\ViewFrame.java <-- nitro.isi.edu /nfs/isd2/mchitnis/current/clients/EMeD/Tree ViewFrame.java
2001.11.03 15:55 B C:\Mukta\current\clients\EMeD\Tree\books.xml --> aludra.usc.edu /auto/home-scf-06/mchitnis/EMeD/Tree books.xml
2001.11.03 15:55 B C:\Mukta\current\clients\EMeD\Tree\browseMethodList$1.class --> aludra.usc.edu /auto/home-scf-06/mchitnis/EMeD/Tree browseMethodList$1.class
2001.11.03 15:55 B C:\Mukta\current\clients\EMeD\Tree\browseMethodList$2.class --> aludra.usc.edu /auto/home-scf-06/mchitnis/EMeD/Tree browseMethodList$2.class
2001.11.03 15:55 B C:\Mukta\current\clients\EMeD\Tree\browseMethodList$addNew1Listener.class --> aludra.usc.edu /auto/home-scf-06/mchitnis/EMeD/Tree browseMethodList$addNew1Listener.class
2001.11.03 15:55 B C:\Mukta\current\clients\EMeD\Tree\browseMethodList$addNewListener.class --> aludra.usc.edu /auto/home-scf-06/mchitnis/EMeD/Tree browseMethodList$addNewListener.class
2001.11.03 15:55 B C:\Mukta\current\clients\EMeD\Tree\browseMethodList$copyAndCreateListener.class --> aludra.usc.edu /auto/home-scf-06/mchitnis/EMeD/Tree browseMethodList$copyAndCreateListener.class
2001.11.03 15:55 B C:\Mukta\current\clients\EMeD\Tree\browseMethodList$createLabelListener.class --> aludra.usc.edu /auto/home-scf-06/mchitnis/EMeD/Tree browseMethodList$createLabelListener.class
2001.11.03 15:55 B C:\Mukta\current\clients\EMeD\Tree\browseMethodList$cutListener.class --> aludra.usc.edu /auto/home-scf-06/mchitnis/EMeD/Tree browseMethodList$cutListener.class
2001.11.03 15:55 B C:\Mukta\current\clients\EMeD\Tree\browseMethodList$deleteListener.class --> aludra.usc.edu /auto/home-scf-06/mchitnis/EMeD/Tree browseMethodList$deleteListener.class
2001.11.03 15:55 B C:\Mukta\current\clients\EMeD\Tree\browseMethodList$embraceIntoListener.class --> aludra.usc.edu /auto/home-scf-06/mchitnis/EMeD/Tree browseMethodList$embraceIntoListener.class
2001.11.03 15:55 B C:\Mukta\current\clients\EMeD\Tree\browseMethodList$modifyInNLListener.class --> aludra.usc.edu /auto/home-scf-06/mchitnis/EMeD/Tree browseMethodList$modifyInNLListener.class
2001.11.03 15:55 B C:\Mukta\current\clients\EMeD\Tree\browseMethodList$modifyListener.class --> aludra.usc.edu /auto/home-scf-06/mchitnis/EMeD/Tree browseMethodList$modifyListener.class
2001.11.03 15:55 B C:\Mukta\current\clients\EMeD\Tree\browseMethodList$NLEditorListener.class --> aludra.usc.edu /auto/home-scf-06/mchitnis/EMeD/Tree browseMethodList$NLEditorListener.class
2001.11.03 15:55 B C:\Mukta\current\clients\EMeD\Tree\browseMethodList$pasteBeforeListener.class --> aludra.usc.edu /auto/home-scf-06/mchitnis/EMeD/Tree browseMethodList$pasteBeforeListener.class
2001.11.03 15:55 B C:\Mukta\current\clients\EMeD\Tree\browseMethodList$pasteListener.class --> aludra.usc.edu /auto/home-scf-06/mchitnis/EMeD/Tree browseMethodList$pasteListener.class
2001.11.03 15:55 B C:\Mukta\current\clients\EMeD\Tree\browseMethodList$reloadListener.class --> aludra.usc.edu /auto/home-scf-06/mchitnis/EMeD/Tree browseMethodList$reloadListener.class
2001.11.03 15:55 B C:\Mukta\current\clients\EMeD\Tree\browseMethodList$showErrorListener.class --> aludra.usc.edu /auto/home-scf-06/mchitnis/EMeD/Tree browseMethodList$showErrorListener.class
2001.11.03 15:55 B C:\Mukta\current\clients\EMeD\Tree\browseMethodList$showNLListener.class --> aludra.usc.edu /auto/home-scf-06/mchitnis/EMeD/Tree browseMethodList$showNLListener.class
2001.11.03 15:55 B C:\Mukta\current\clients\EMeD\Tree\browseMethodList.class --> aludra.usc.edu /auto/home-scf-06/mchitnis/EMeD/Tree browseMethodList.class
2001.11.03 15:55 B C:\Mukta\current\clients\EMeD\Tree\browseMethodList.java --> aludra.usc.edu /auto/home-scf-06/mchitnis/EMeD/Tree browseMethodList.java
2001.11.03 15:55 B C:\Mukta\current\clients\EMeD\Tree\capabilityOrganizer.java --> aludra.usc.edu /auto/home-scf-06/mchitnis/EMeD/Tree capabilityOrganizer.java
2001.11.03 15:55 B C:\Mukta\current\clients\EMeD\Tree\capabilityOrganizer.java~ --> aludra.usc.edu /auto/home-scf-06/mchitnis/EMeD/Tree capabilityOrganizer.java~
2001.11.03 15:55 B C:\Mukta\current\clients\EMeD\Tree\capOrgRenderer.java --> aludra.usc.edu /auto/home-scf-06/mchitnis/EMeD/Tree capOrgRenderer.java
2001.11.03 15:55 B C:\Mukta\current\clients\EMeD\Tree\capOrgRenderer.java~ --> aludra.usc.edu /auto/home-scf-06/mchitnis/EMeD/Tree capOrgRenderer.java~
2001.11.03 15:55 B C:\Mukta\current\clients\EMeD\Tree\directoryListRenderer$directoryHandler.class --> aludra.usc.edu /auto/home-scf-06/mchitnis/EMeD/Tree directoryListRenderer$directoryHandler.class
2001.11.03 15:55 B C:\Mukta\current\clients\EMeD\Tree\directoryListRenderer$fileListHandler.class --> aludra.usc.edu /auto/home-scf-06/mchitnis/EMeD/Tree directoryListRenderer$fileListHandler.class
2001.11.03 15:55 B C:\Mukta\current\clients\EMeD\Tree\directoryListRenderer.class --> aludra.usc.edu /auto/home-scf-06/mchitnis/EMeD/Tree directoryListRenderer.class
2001.11.03 15:55 B C:\Mukta\current\clients\EMeD\Tree\directoryListRenderer.java --> aludra.usc.edu /auto/home-scf-06/mchitnis/EMeD/Tree directoryListRenderer.java
2001.11.03 15:55 B C:\Mukta\current\clients\EMeD\Tree\directoryPanel --> aludra.usc.edu /auto/home-scf-06/mchitnis/EMeD/Tree directoryPanel
2001.11.03 15:55 B C:\Mukta\current\clients\EMeD\Tree\directoryPanel$1.class --> aludra.usc.edu /auto/home-scf-06/mchitnis/EMeD/Tree directoryPanel$1.class
2001.11.03 15:55 B C:\Mukta\current\clients\EMeD\Tree\directoryPanel$2.class --> aludra.usc.edu /auto/home-scf-06/mchitnis/EMeD/Tree directoryPanel$2.class
2001.11.03 15:55 B C:\Mukta\current\clients\EMeD\Tree\directoryPanel$3.class --> aludra.usc.edu /auto/home-scf-06/mchitnis/EMeD/Tree directoryPanel$3.class
2001.11.03 15:55 B C:\Mukta\current\clients\EMeD\Tree\directoryPanel$4.class --> aludra.usc.edu /auto/home-scf-06/mchitnis/EMeD/Tree directoryPanel$4.class
2001.11.03 15:55 B C:\Mukta\current\clients\EMeD\Tree\directoryPanel$dirNodeSelectListener.class --> aludra.usc.edu /auto/home-scf-06/mchitnis/EMeD/Tree directoryPanel$dirNodeSelectListener.class
2001.11.03 15:56 B C:\Mukta\current\clients\EMeD\Tree\directoryPanel$dismissListener.class --> aludra.usc.edu /auto/home-scf-06/mchitnis/EMeD/Tree directoryPanel$dismissListener.class
2001.11.03 15:56 B C:\Mukta\current\clients\EMeD\Tree\directoryPanel$loadListener.class --> aludra.usc.edu /auto/home-scf-06/mchitnis/EMeD/Tree directoryPanel$loadListener.class
2001.11.03 15:56 B C:\Mukta\current\clients\EMeD\Tree\directoryPanel$messageNodeSelectListener.class --> aludra.usc.edu /auto/home-scf-06/mchitnis/EMeD/Tree directoryPanel$messageNodeSelectListener.class
2001.11.03 15:56 B C:\Mukta\current\clients\EMeD\Tree\directoryPanel$MethodRelationErrorsListener.class --> aludra.usc.edu /auto/home-scf-06/mchitnis/EMeD/Tree directoryPanel$MethodRelationErrorsListener.class
2001.11.03 15:56 B C:\Mukta\current\clients\EMeD\Tree\directoryPanel$refreshListener.class --> aludra.usc.edu /auto/home-scf-06/mchitnis/EMeD/Tree directoryPanel$refreshListener.class
2001.11.03 15:56 B C:\Mukta\current\clients\EMeD\Tree\directoryPanel.class --> aludra.usc.edu /auto/home-scf-06/mchitnis/EMeD/Tree directoryPanel.class
2001.11.03 15:56 B C:\Mukta\current\clients\EMeD\Tree\directoryPanel.java --> aludra.usc.edu /auto/home-scf-06/mchitnis/EMeD/Tree directoryPanel.java
2001.11.03 15:56 B C:\Mukta\current\clients\EMeD\Tree\domaindirectoryPanel$1.class --> aludra.usc.edu /auto/home-scf-06/mchitnis/EMeD/Tree domaindirectoryPanel$1.class
2001.11.03 15:56 B C:\Mukta\current\clients\EMeD\Tree\domaindirectoryPanel$dirNodeSelectListener.class --> aludra.usc.edu /auto/home-scf-06/mchitnis/EMeD/Tree domaindirectoryPanel$dirNodeSelectListener.class
2001.11.03 15:56 B C:\Mukta\current\clients\EMeD\Tree\domaindirectoryPanel$loadListener.class --> aludra.usc.edu /auto/home-scf-06/mchitnis/EMeD/Tree domaindirectoryPanel$loadListener.class
2001.11.03 15:56 B C:\Mukta\current\clients\EMeD\Tree\domaindirectoryPanel.class --> aludra.usc.edu /auto/home-scf-06/mchitnis/EMeD/Tree domaindirectoryPanel.class
2001.11.03 15:56 B C:\Mukta\current\clients\EMeD\Tree\domaindirectoryPanel.java --> aludra.usc.edu /auto/home-scf-06/mchitnis/EMeD/Tree domaindirectoryPanel.java
2001.11.03 15:56 B C:\Mukta\current\clients\EMeD\Tree\editMethodFrame$cancelListener.class --> aludra.usc.edu /auto/home-scf-06/mchitnis/EMeD/Tree editMethodFrame$cancelListener.class
2001.11.03 15:56 B C:\Mukta\current\clients\EMeD\Tree\editMethodFrame$doneEditListener.class --> aludra.usc.edu /auto/home-scf-06/mchitnis/EMeD/Tree editMethodFrame$doneEditListener.class
2001.11.03 15:56 B C:\Mukta\current\clients\EMeD\Tree\editMethodFrame.class --> aludra.usc.edu /auto/home-scf-06/mchitnis/EMeD/Tree editMethodFrame.class
2001.11.03 15:56 B C:\Mukta\current\clients\EMeD\Tree\editor --> aludra.usc.edu /auto/home-scf-06/mchitnis/EMeD/Tree editor
2001.11.03 15:56 B C:\Mukta\current\clients\EMeD\Tree\editResponseRenderer$definitionHandler.class --> aludra.usc.edu /auto/home-scf-06/mchitnis/EMeD/Tree editResponseRenderer$definitionHandler.class
2001.11.03 15:56 B C:\Mukta\current\clients\EMeD\Tree\editResponseRenderer$errorHandler.class --> aludra.usc.edu /auto/home-scf-06/mchitnis/EMeD/Tree editResponseRenderer$errorHandler.class
2001.11.03 15:56 B C:\Mukta\current\clients\EMeD\Tree\editResponseRenderer$responseHandler.class --> aludra.usc.edu /auto/home-scf-06/mchitnis/EMeD/Tree editResponseRenderer$responseHandler.class
2001.11.03 15:56 B C:\Mukta\current\clients\EMeD\Tree\editResponseRenderer.class --> aludra.usc.edu /auto/home-scf-06/mchitnis/EMeD/Tree editResponseRenderer.class
2001.11.03 15:56 B C:\Mukta\current\clients\EMeD\Tree\editResponseRenderer.java --> aludra.usc.edu /auto/home-scf-06/mchitnis/EMeD/Tree editResponseRenderer.java
2001.11.03 15:56 B C:\Mukta\current\clients\EMeD\Tree\editResponseRenderer.java~ --> aludra.usc.edu /auto/home-scf-06/mchitnis/EMeD/Tree editResponseRenderer.java~
2001.11.03 15:56 B C:\Mukta\current\clients\EMeD\Tree\englishListRenderer --> aludra.usc.edu /auto/home-scf-06/mchitnis/EMeD/Tree englishListRenderer
2001.11.03 15:56 B C:\Mukta\current\clients\EMeD\Tree\englishListRenderer$allmethodsHandler.class --> aludra.usc.edu /auto/home-scf-06/mchitnis/EMeD/Tree englishListRenderer$allmethodsHandler.class
2001.11.03 15:56 B C:\Mukta\current\clients\EMeD\Tree\englishListRenderer$capabilityHandler.class --> aludra.usc.edu /auto/home-scf-06/mchitnis/EMeD/Tree englishListRenderer$capabilityHandler.class
2001.11.03 15:56 B C:\Mukta\current\clients\EMeD\Tree\englishListRenderer$descHandler.class --> aludra.usc.edu /auto/home-scf-06/mchitnis/EMeD/Tree englishListRenderer$descHandler.class
2001.11.03 15:56 B C:\Mukta\current\clients\EMeD\Tree\englishListRenderer$nameHandler.class --> aludra.usc.edu /auto/home-scf-06/mchitnis/EMeD/Tree englishListRenderer$nameHandler.class
2001.11.03 15:56 B C:\Mukta\current\clients\EMeD\Tree\englishListRenderer$resultHandler.class --> aludra.usc.edu /auto/home-scf-06/mchitnis/EMeD/Tree englishListRenderer$resultHandler.class
2001.11.03 15:56 B C:\Mukta\current\clients\EMeD\Tree\englishListRenderer.class --> aludra.usc.edu /auto/home-scf-06/mchitnis/EMeD/Tree englishListRenderer.class
2001.11.03 15:56 B C:\Mukta\current\clients\EMeD\Tree\englishListRenderer.java --> aludra.usc.edu /auto/home-scf-06/mchitnis/EMeD/Tree englishListRenderer.java
2001.11.03 15:56 B C:\Mukta\current\clients\EMeD\Tree\englishListRendererorig.java --> aludra.usc.edu /auto/home-scf-06/mchitnis/EMeD/Tree englishListRendererorig.java
2001.11.03 15:56 B C:\Mukta\current\clients\EMeD\Tree\engListCellRenderer --> aludra.usc.edu /auto/home-scf-06/mchitnis/EMeD/Tree engListCellRenderer
2001.11.03 15:56 B C:\Mukta\current\clients\EMeD\Tree\engListCellRenderer.class --> aludra.usc.edu /auto/home-scf-06/mchitnis/EMeD/Tree engListCellRenderer.class
2001.11.03 15:56 B C:\Mukta\current\clients\EMeD\Tree\engListCellRenderer.java --> aludra.usc.edu /auto/home-scf-06/mchitnis/EMeD/Tree engListCellRenderer.java
2001.11.03 15:56 B C:\Mukta\current\clients\EMeD\Tree\engSysListRenderer --> aludra.usc.edu /auto/home-scf-06/mchitnis/EMeD/Tree engSysListRenderer
2001.11.03 15:56 B C:\Mukta\current\clients\EMeD\Tree\engSysListRenderer$allmethodsHandler.class --> aludra.usc.edu /auto/home-scf-06/mchitnis/EMeD/Tree engSysListRenderer$allmethodsHandler.class
2001.11.03 15:56 B C:\Mukta\current\clients\EMeD\Tree\engSysListRenderer$capabilityHandler.class --> aludra.usc.edu /auto/home-scf-06/mchitnis/EMeD/Tree engSysListRenderer$capabilityHandler.class
2001.11.03 15:56 B C:\Mukta\current\clients\EMeD\Tree\engSysListRenderer$descHandler.class --> aludra.usc.edu /auto/home-scf-06/mchitnis/EMeD/Tree engSysListRenderer$descHandler.class
2001.11.03 15:56 B C:\Mukta\current\clients\EMeD\Tree\engSysListRenderer$nameHandler.class --> aludra.usc.edu /auto/home-scf-06/mchitnis/EMeD/Tree engSysListRenderer$nameHandler.class
2001.11.03 15:56 B C:\Mukta\current\clients\EMeD\Tree\engSysListRenderer$resultHandler.class --> aludra.usc.edu /auto/home-scf-06/mchitnis/EMeD/Tree engSysListRenderer$resultHandler.class
2001.11.03 15:56 B C:\Mukta\current\clients\EMeD\Tree\engSysListRenderer.class --> aludra.usc.edu /auto/home-scf-06/mchitnis/EMeD/Tree engSysListRenderer.class
2001.11.03 15:56 B C:\Mukta\current\clients\EMeD\Tree\engSysListRenderer.java --> aludra.usc.edu /auto/home-scf-06/mchitnis/EMeD/Tree engSysListRenderer.java
2001.11.03 15:56 B C:\Mukta\current\clients\EMeD\Tree\errorPanel$1.class --> aludra.usc.edu /auto/home-scf-06/mchitnis/EMeD/Tree errorPanel$1.class
2001.11.03 15:56 B C:\Mukta\current\clients\EMeD\Tree\errorPanel$2.class --> aludra.usc.edu /auto/home-scf-06/mchitnis/EMeD/Tree errorPanel$2.class
2001.11.03 15:56 B C:\Mukta\current\clients\EMeD\Tree\errorPanel$3.class --> aludra.usc.edu /auto/home-scf-06/mchitnis/EMeD/Tree errorPanel$3.class
2001.11.03 15:56 B C:\Mukta\current\clients\EMeD\Tree\errorPanel$4.class --> aludra.usc.edu /auto/home-scf-06/mchitnis/EMeD/Tree errorPanel$4.class
2001.11.03 15:56 B C:\Mukta\current\clients\EMeD\Tree\errorPanel$dismissListener.class --> aludra.usc.edu /auto/home-scf-06/mchitnis/EMeD/Tree errorPanel$dismissListener.class
2001.11.03 15:56 B C:\Mukta\current\clients\EMeD\Tree\errorPanel$messageNodeSelectListener.class --> aludra.usc.edu /auto/home-scf-06/mchitnis/EMeD/Tree errorPanel$messageNodeSelectListener.class
2001.11.03 15:56 B C:\Mukta\current\clients\EMeD\Tree\errorPanel$MethodRelationErrorsListener.class --> aludra.usc.edu /auto/home-scf-06/mchitnis/EMeD/Tree errorPanel$MethodRelationErrorsListener.class
2001.11.03 15:56 B C:\Mukta\current\clients\EMeD\Tree\errorPanel$refreshListener.class --> aludra.usc.edu /auto/home-scf-06/mchitnis/EMeD/Tree errorPanel$refreshListener.class
2001.11.03 15:56 B C:\Mukta\current\clients\EMeD\Tree\errorPanel.class --> aludra.usc.edu /auto/home-scf-06/mchitnis/EMeD/Tree errorPanel.class
2001.11.03 15:56 B C:\Mukta\current\clients\EMeD\Tree\errorPanel.java --> aludra.usc.edu /auto/home-scf-06/mchitnis/EMeD/Tree errorPanel.java
2001.11.03 15:56 B C:\Mukta\current\clients\EMeD\Tree\errorPanelbkup.java --> aludra.usc.edu /auto/home-scf-06/mchitnis/EMeD/Tree errorPanelbkup.java
2001.11.03 15:56 B C:\Mukta\current\clients\EMeD\Tree\errorSourcePanel$1.class --> aludra.usc.edu /auto/home-scf-06/mchitnis/EMeD/Tree errorSourcePanel$1.class
2001.11.03 15:56 B C:\Mukta\current\clients\EMeD\Tree\errorSourcePanel$2.class --> aludra.usc.edu /auto/home-scf-06/mchitnis/EMeD/Tree errorSourcePanel$2.class
2001.11.03 15:56 B C:\Mukta\current\clients\EMeD\Tree\errorSourcePanel$3.class --> aludra.usc.edu /auto/home-scf-06/mchitnis/EMeD/Tree errorSourcePanel$3.class
2001.11.03 15:56 B C:\Mukta\current\clients\EMeD\Tree\errorSourcePanel$4.class --> aludra.usc.edu /auto/home-scf-06/mchitnis/EMeD/Tree errorSourcePanel$4.class
2001.11.03 15:56 B C:\Mukta\current\clients\EMeD\Tree\errorSourcePanel$dismissListener.class --> aludra.usc.edu /auto/home-scf-06/mchitnis/EMeD/Tree errorSourcePanel$dismissListener.class
2001.11.03 15:56 B C:\Mukta\current\clients\EMeD\Tree\errorSourcePanel$messageNodeSelectListener.class --> aludra.usc.edu /auto/home-scf-06/mchitnis/EMeD/Tree errorSourcePanel$messageNodeSelectListener.class
2001.11.03 15:56 B C:\Mukta\current\clients\EMeD\Tree\errorSourcePanel$MethodRelationErrorsListener.class --> aludra.usc.edu /auto/home-scf-06/mchitnis/EMeD/Tree errorSourcePanel$MethodRelationErrorsListener.class
2001.11.03 15:56 B C:\Mukta\current\clients\EMeD\Tree\errorSourcePanel$refreshListener.class --> aludra.usc.edu /auto/home-scf-06/mchitnis/EMeD/Tree errorSourcePanel$refreshListener.class
2001.11.03 15:56 B C:\Mukta\current\clients\EMeD\Tree\errorSourcePanel.class --> aludra.usc.edu /auto/home-scf-06/mchitnis/EMeD/Tree errorSourcePanel.class
2001.11.03 15:56 B C:\Mukta\current\clients\EMeD\Tree\errorSourcePanel.java --> aludra.usc.edu /auto/home-scf-06/mchitnis/EMeD/Tree errorSourcePanel.java
2001.11.03 15:56 B C:\Mukta\current\clients\EMeD\Tree\execPanel --> aludra.usc.edu /auto/home-scf-06/mchitnis/EMeD/Tree execPanel
2001.11.03 15:56 B C:\Mukta\current\clients\EMeD\Tree\execPanel$1.class --> aludra.usc.edu /auto/home-scf-06/mchitnis/EMeD/Tree execPanel$1.class
2001.11.03 15:56 B C:\Mukta\current\clients\EMeD\Tree\execPanel$2.class --> aludra.usc.edu /auto/home-scf-06/mchitnis/EMeD/Tree execPanel$2.class
2001.11.03 15:56 B C:\Mukta\current\clients\EMeD\Tree\execPanel$3.class --> aludra.usc.edu /auto/home-scf-06/mchitnis/EMeD/Tree execPanel$3.class
2001.11.03 15:56 B C:\Mukta\current\clients\EMeD\Tree\execPanel$4.class --> aludra.usc.edu /auto/home-scf-06/mchitnis/EMeD/Tree execPanel$4.class
2001.11.03 15:56 B C:\Mukta\current\clients\EMeD\Tree\execPanel$dismissListener.class --> aludra.usc.edu /auto/home-scf-06/mchitnis/EMeD/Tree execPanel$dismissListener.class
2001.11.03 15:56 B C:\Mukta\current\clients\EMeD\Tree\execPanel$messageNodeSelectListener.class --> aludra.usc.edu /auto/home-scf-06/mchitnis/EMeD/Tree execPanel$messageNodeSelectListener.class
2001.11.03 15:56 B C:\Mukta\current\clients\EMeD\Tree\execPanel$MethodRelationErrorsListener.class --> aludra.usc.edu /auto/home-scf-06/mchitnis/EMeD/Tree execPanel$MethodRelationErrorsListener.class
2001.11.03 15:56 B C:\Mukta\current\clients\EMeD\Tree\execPanel$refreshListener.class --> aludra.usc.edu /auto/home-scf-06/mchitnis/EMeD/Tree execPanel$refreshListener.class
2001.11.03 15:56 B C:\Mukta\current\clients\EMeD\Tree\execPanel.class --> aludra.usc.edu /auto/home-scf-06/mchitnis/EMeD/Tree execPanel.class
2001.11.03 15:56 B C:\Mukta\current\clients\EMeD\Tree\execPanel.java --> aludra.usc.edu /auto/home-scf-06/mchitnis/EMeD/Tree execPanel.java
2001.11.03 15:56 B C:\Mukta\current\clients\EMeD\Tree\execTreeRenderer --> aludra.usc.edu /auto/home-scf-06/mchitnis/EMeD/Tree execTreeRenderer
2001.11.03 15:56 B C:\Mukta\current\clients\EMeD\Tree\exegoalListEditPanel$1.class --> aludra.usc.edu /auto/home-scf-06/mchitnis/EMeD/Tree exegoalListEditPanel$1.class
2001.11.03 15:56 B C:\Mukta\current\clients\EMeD\Tree\exegoalListEditPanel$changeGoalListener.class --> aludra.usc.edu /auto/home-scf-06/mchitnis/EMeD/Tree exegoalListEditPanel$changeGoalListener.class
2001.11.03 15:56 B C:\Mukta\current\clients\EMeD\Tree\exegoalListEditPanel.class --> aludra.usc.edu /auto/home-scf-06/mchitnis/EMeD/Tree exegoalListEditPanel.class
2001.11.03 15:56 B C:\Mukta\current\clients\EMeD\Tree\exegoalListEditPanel.java --> aludra.usc.edu /auto/home-scf-06/mchitnis/EMeD/Tree exegoalListEditPanel.java
2001.11.03 15:56 B C:\Mukta\current\clients\EMeD\Tree\expandableTree$copyTreeListener.class --> aludra.usc.edu /auto/home-scf-06/mchitnis/EMeD/Tree expandableTree$copyTreeListener.class
2001.11.03 15:56 B C:\Mukta\current\clients\EMeD\Tree\expandableTree$getSubTreeListener.class --> aludra.usc.edu /auto/home-scf-06/mchitnis/EMeD/Tree expandableTree$getSubTreeListener.class
2001.11.03 15:56 B C:\Mukta\current\clients\EMeD\Tree\expandableTree.class --> aludra.usc.edu /auto/home-scf-06/mchitnis/EMeD/Tree expandableTree.class
2001.11.03 15:56 B C:\Mukta\current\clients\EMeD\Tree\expandableTreeCellRenderer.class --> aludra.usc.edu /auto/home-scf-06/mchitnis/EMeD/Tree expandableTreeCellRenderer.class
2001.11.03 15:56 B C:\Mukta\current\clients\EMeD\Tree\expandableTreeCellRenderer.java --> aludra.usc.edu /auto/home-scf-06/mchitnis/EMeD/Tree expandableTreeCellRenderer.java
2001.11.03 15:56 B C:\Mukta\current\clients\EMeD\Tree\expandableTreeCellRenderer.java~ --> aludra.usc.edu /auto/home-scf-06/mchitnis/EMeD/Tree expandableTreeCellRenderer.java~
2001.11.03 15:56 B C:\Mukta\current\clients\EMeD\Tree\expandableTreeModel.class --> aludra.usc.edu /auto/home-scf-06/mchitnis/EMeD/Tree expandableTreeModel.class
2001.11.03 15:56 B C:\Mukta\current\clients\EMeD\Tree\expandableTreeModel.java --> aludra.usc.edu /auto/home-scf-06/mchitnis/EMeD/Tree expandableTreeModel.java
2001.11.03 15:56 B C:\Mukta\current\clients\EMeD\Tree\expandableTreeNode.class --> aludra.usc.edu /auto/home-scf-06/mchitnis/EMeD/Tree expandableTreeNode.class
2001.11.03 15:56 B C:\Mukta\current\clients\EMeD\Tree\expandableTreeNode.java --> aludra.usc.edu /auto/home-scf-06/mchitnis/EMeD/Tree expandableTreeNode.java
2001.11.03 15:56 B C:\Mukta\current\clients\EMeD\Tree\expandableTreePanel$1.class --> aludra.usc.edu /auto/home-scf-06/mchitnis/EMeD/Tree expandableTreePanel$1.class
2001.11.03 15:56 B C:\Mukta\current\clients\EMeD\Tree\expandableTreePanel$getSubTreeListener$okListener.class --> aludra.usc.edu /auto/home-scf-06/mchitnis/EMeD/Tree expandableTreePanel$getSubTreeListener$okListener.class
2001.11.03 15:56 B C:\Mukta\current\clients\EMeD\Tree\expandableTreePanel$getSubTreeListener.class --> aludra.usc.edu /auto/home-scf-06/mchitnis/EMeD/Tree expandableTreePanel$getSubTreeListener.class
2001.11.03 15:56 B C:\Mukta\current\clients\EMeD\Tree\expandableTreePanel.class --> aludra.usc.edu /auto/home-scf-06/mchitnis/EMeD/Tree expandableTreePanel.class
2001.11.03 15:56 B C:\Mukta\current\clients\EMeD\Tree\expandableTreePanel.java --> aludra.usc.edu /auto/home-scf-06/mchitnis/EMeD/Tree expandableTreePanel.java
2001.11.03 15:56 B C:\Mukta\current\clients\EMeD\Tree\EXPECTParser$GoalHandler.class --> aludra.usc.edu /auto/home-scf-06/mchitnis/EMeD/Tree EXPECTParser$GoalHandler.class
2001.11.03 15:56 B C:\Mukta\current\clients\EMeD\Tree\EXPECTParser.class --> aludra.usc.edu /auto/home-scf-06/mchitnis/EMeD/Tree EXPECTParser.class
2001.11.03 15:56 B C:\Mukta\current\clients\EMeD\Tree\EXPECTParser.java --> aludra.usc.edu /auto/home-scf-06/mchitnis/EMeD/Tree EXPECTParser.java
2001.11.03 15:56 B C:\Mukta\current\clients\EMeD\Tree\EXPECTParserFINAL.java --> aludra.usc.edu /auto/home-scf-06/mchitnis/EMeD/Tree EXPECTParserFINAL.java
2001.11.03 15:56 B C:\Mukta\current\clients\EMeD\Tree\expectTreeCellRenderer.class --> aludra.usc.edu /auto/home-scf-06/mchitnis/EMeD/Tree expectTreeCellRenderer.class
2001.11.03 15:56 B C:\Mukta\current\clients\EMeD\Tree\FINALenglishListRenderer.java --> aludra.usc.edu /auto/home-scf-06/mchitnis/EMeD/Tree FINALenglishListRenderer.java
2001.11.03 15:56 B C:\Mukta\current\clients\EMeD\Tree\FINALEXPECTParser.java --> aludra.usc.edu /auto/home-scf-06/mchitnis/EMeD/Tree FINALEXPECTParser.java
2001.11.03 15:56 B C:\Mukta\current\clients\EMeD\Tree\FINALmessageListRenderer.java --> aludra.usc.edu /auto/home-scf-06/mchitnis/EMeD/Tree FINALmessageListRenderer.java
2001.11.03 15:56 B C:\Mukta\current\clients\EMeD\Tree\FINALmethodListPanelEnglish.java --> aludra.usc.edu /auto/home-scf-06/mchitnis/EMeD/Tree FINALmethodListPanelEnglish.java
2001.11.03 15:56 B C:\Mukta\current\clients\EMeD\Tree\FlightFareParser$GoalHandler.class --> aludra.usc.edu /auto/home-scf-06/mchitnis/EMeD/Tree FlightFareParser$GoalHandler.class
2001.11.03 15:56 B C:\Mukta\current\clients\EMeD\Tree\FlightFareParser.class --> aludra.usc.edu /auto/home-scf-06/mchitnis/EMeD/Tree FlightFareParser.class
2001.11.03 15:56 B C:\Mukta\current\clients\EMeD\Tree\FlightFareParser.java --> aludra.usc.edu /auto/home-scf-06/mchitnis/EMeD/Tree FlightFareParser.java
2001.11.03 15:56 B C:\Mukta\current\clients\EMeD\Tree\FlightSchedParser$GoalHandler.class --> aludra.usc.edu /auto/home-scf-06/mchitnis/EMeD/Tree FlightSchedParser$GoalHandler.class
2001.11.03 15:56 B C:\Mukta\current\clients\EMeD\Tree\FlightSchedParser.class --> aludra.usc.edu /auto/home-scf-06/mchitnis/EMeD/Tree FlightSchedParser.class
2001.11.03 15:56 B C:\Mukta\current\clients\EMeD\Tree\FlightSchedParser.java --> aludra.usc.edu /auto/home-scf-06/mchitnis/EMeD/Tree FlightSchedParser.java
2001.11.03 15:56 B C:\Mukta\current\clients\EMeD\Tree\FlightStatParser --> aludra.usc.edu /auto/home-scf-06/mchitnis/EMeD/Tree FlightStatParser
2001.11.03 15:56 B C:\Mukta\current\clients\EMeD\Tree\FlightStatParser$GoalHandler.class --> aludra.usc.edu /auto/home-scf-06/mchitnis/EMeD/Tree FlightStatParser$GoalHandler.class
2001.11.03 15:56 B C:\Mukta\current\clients\EMeD\Tree\FlightStatParser.class --> aludra.usc.edu /auto/home-scf-06/mchitnis/EMeD/Tree FlightStatParser.class
2001.11.03 15:56 B C:\Mukta\current\clients\EMeD\Tree\FlightStatParser.java --> aludra.usc.edu /auto/home-scf-06/mchitnis/EMeD/Tree FlightStatParser.java
2001.11.03 15:56 B C:\Mukta\current\clients\EMeD\Tree\globalerrorPanel.java --> aludra.usc.edu /auto/home-scf-06/mchitnis/EMeD/Tree globalerrorPanel.java
2001.11.03 15:56 B C:\Mukta\current\clients\EMeD\Tree\goalListParser.java --> aludra.usc.edu /auto/home-scf-06/mchitnis/EMeD/Tree goalListParser.java
2001.11.03 15:56 B C:\Mukta\current\clients\EMeD\Tree\goalListRenderer$goalHandler.class --> aludra.usc.edu /auto/home-scf-06/mchitnis/EMeD/Tree goalListRenderer$goalHandler.class
2001.11.03 15:56 B C:\Mukta\current\clients\EMeD\Tree\goalListRenderer$groupErrorHandler.class --> aludra.usc.edu /auto/home-scf-06/mchitnis/EMeD/Tree goalListRenderer$groupErrorHandler.class
2001.11.03 15:56 B C:\Mukta\current\clients\EMeD\Tree\goalListRenderer.class --> aludra.usc.edu /auto/home-scf-06/mchitnis/EMeD/Tree goalListRenderer.class
2001.11.03 15:56 B C:\Mukta\current\clients\EMeD\Tree\goalListRenderer.java --> aludra.usc.edu /auto/home-scf-06/mchitnis/EMeD/Tree goalListRenderer.java
2001.11.03 15:56 B C:\Mukta\current\clients\EMeD\Tree\goalRenderer --> aludra.usc.edu /auto/home-scf-06/mchitnis/EMeD/Tree goalRenderer
2001.11.03 15:56 B C:\Mukta\current\clients\EMeD\Tree\goalRenderer$goalHandler.class --> aludra.usc.edu /auto/home-scf-06/mchitnis/EMeD/Tree goalRenderer$goalHandler.class
2001.11.03 15:56 B C:\Mukta\current\clients\EMeD\Tree\goalRenderer.class --> aludra.usc.edu /auto/home-scf-06/mchitnis/EMeD/Tree goalRenderer.class
2001.11.03 15:56 B C:\Mukta\current\clients\EMeD\Tree\goalRenderer.java --> aludra.usc.edu /auto/home-scf-06/mchitnis/EMeD/Tree goalRenderer.java
2001.11.03 15:56 B C:\Mukta\current\clients\EMeD\Tree\highlightedMethodListCellRenderer.class --> aludra.usc.edu /auto/home-scf-06/mchitnis/EMeD/Tree highlightedMethodListCellRenderer.class
2001.11.03 15:56 B C:\Mukta\current\clients\EMeD\Tree\highlightedMethodListCellRenderer.java --> aludra.usc.edu /auto/home-scf-06/mchitnis/EMeD/Tree highlightedMethodListCellRenderer.java
2001.11.03 15:56 B C:\Mukta\current\clients\EMeD\Tree\messageFrame.java --> aludra.usc.edu /auto/home-scf-06/mchitnis/EMeD/Tree messageFrame.java
2001.11.03 15:56 B C:\Mukta\current\clients\EMeD\Tree\messageFrame.java~ --> aludra.usc.edu /auto/home-scf-06/mchitnis/EMeD/Tree messageFrame.java~
2001.11.03 15:56 B C:\Mukta\current\clients\EMeD\Tree\messageListCellRenderer.class --> aludra.usc.edu /auto/home-scf-06/mchitnis/EMeD/Tree messageListCellRenderer.class
2001.11.03 15:56 B C:\Mukta\current\clients\EMeD\Tree\messageListCellRenderer.java --> aludra.usc.edu /auto/home-scf-06/mchitnis/EMeD/Tree messageListCellRenderer.java
2001.11.03 15:56 B C:\Mukta\current\clients\EMeD\Tree\messageListCellRenderer.java~ --> aludra.usc.edu /auto/home-scf-06/mchitnis/EMeD/Tree messageListCellRenderer.java~
2001.11.03 15:56 B C:\Mukta\current\clients\EMeD\Tree\messageListRenderer$agendaHandler.class --> aludra.usc.edu /auto/home-scf-06/mchitnis/EMeD/Tree messageListRenderer$agendaHandler.class
2001.11.03 15:56 B C:\Mukta\current\clients\EMeD\Tree\messageListRenderer$agendaListHandler.class --> aludra.usc.edu /auto/home-scf-06/mchitnis/EMeD/Tree messageListRenderer$agendaListHandler.class
2001.11.03 15:56 B C:\Mukta\current\clients\EMeD\Tree\messageListRenderer$errorHandler.class --> aludra.usc.edu /auto/home-scf-06/mchitnis/EMeD/Tree messageListRenderer$errorHandler.class
2001.11.03 15:56 B C:\Mukta\current\clients\EMeD\Tree\messageListRenderer$groupErrorHandler.class --> aludra.usc.edu /auto/home-scf-06/mchitnis/EMeD/Tree messageListRenderer$groupErrorHandler.class
2001.11.03 15:56 B C:\Mukta\current\clients\EMeD\Tree\messageListRenderer$relatedErrorHandler.class --> aludra.usc.edu /auto/home-scf-06/mchitnis/EMeD/Tree messageListRenderer$relatedErrorHandler.class
2001.11.03 15:56 B C:\Mukta\current\clients\EMeD\Tree\messageListRenderer$solutionHandler.class --> aludra.usc.edu /auto/home-scf-06/mchitnis/EMeD/Tree messageListRenderer$solutionHandler.class
2001.11.03 15:56 B C:\Mukta\current\clients\EMeD\Tree\messageListRenderer$solutionListHandler.class --> aludra.usc.edu /auto/home-scf-06/mchitnis/EMeD/Tree messageListRenderer$solutionListHandler.class
2001.11.03 15:56 B C:\Mukta\current\clients\EMeD\Tree\messageListRenderer.class --> aludra.usc.edu /auto/home-scf-06/mchitnis/EMeD/Tree messageListRenderer.class
2001.11.03 15:56 B C:\Mukta\current\clients\EMeD\Tree\messageListRenderer.java --> aludra.usc.edu /auto/home-scf-06/mchitnis/EMeD/Tree messageListRenderer.java
2001.11.03 15:56 B C:\Mukta\current\clients\EMeD\Tree\messageListRenderer.java~ --> aludra.usc.edu /auto/home-scf-06/mchitnis/EMeD/Tree messageListRenderer.java~
2001.11.03 15:56 B C:\Mukta\current\clients\EMeD\Tree\messageListRendererorig.java --> aludra.usc.edu /auto/home-scf-06/mchitnis/EMeD/Tree messageListRendererorig.java
2001.11.03 15:56 B C:\Mukta\current\clients\EMeD\Tree\messagePanel$1.class --> aludra.usc.edu /auto/home-scf-06/mchitnis/EMeD/Tree messagePanel$1.class
2001.11.03 15:56 B C:\Mukta\current\clients\EMeD\Tree\messagePanel$2.class --> aludra.usc.edu /auto/home-scf-06/mchitnis/EMeD/Tree messagePanel$2.class
2001.11.03 15:56 B C:\Mukta\current\clients\EMeD\Tree\messagePanel$3.class --> aludra.usc.edu /auto/home-scf-06/mchitnis/EMeD/Tree messagePanel$3.class
2001.11.03 15:56 B C:\Mukta\current\clients\EMeD\Tree\messagePanel$4.class --> aludra.usc.edu /auto/home-scf-06/mchitnis/EMeD/Tree messagePanel$4.class
2001.11.03 15:56 B C:\Mukta\current\clients\EMeD\Tree\messagePanel$dismissListener.class --> aludra.usc.edu /auto/home-scf-06/mchitnis/EMeD/Tree messagePanel$dismissListener.class
2001.11.03 15:56 B C:\Mukta\current\clients\EMeD\Tree\messagePanel$messageNodeSelectListener.class --> aludra.usc.edu /auto/home-scf-06/mchitnis/EMeD/Tree messagePanel$messageNodeSelectListener.class
2001.11.03 15:56 B C:\Mukta\current\clients\EMeD\Tree\messagePanel$MethodRelationErrorsListener.class --> aludra.usc.edu /auto/home-scf-06/mchitnis/EMeD/Tree messagePanel$MethodRelationErrorsListener.class
2001.11.03 15:56 B C:\Mukta\current\clients\EMeD\Tree\messagePanel$refreshListener.class --> aludra.usc.edu /auto/home-scf-06/mchitnis/EMeD/Tree messagePanel$refreshListener.class
2001.11.03 15:56 B C:\Mukta\current\clients\EMeD\Tree\messagePanel.class --> aludra.usc.edu /auto/home-scf-06/mchitnis/EMeD/Tree messagePanel.class
2001.11.03 15:56 B C:\Mukta\current\clients\EMeD\Tree\messagePanel.java --> aludra.usc.edu /auto/home-scf-06/mchitnis/EMeD/Tree messagePanel.java
2001.11.03 15:56 B C:\Mukta\current\clients\EMeD\Tree\messagePanel.java~ --> aludra.usc.edu /auto/home-scf-06/mchitnis/EMeD/Tree messagePanel.java~
2001.11.03 15:56 B C:\Mukta\current\clients\EMeD\Tree\messagePanelbkup.java --> aludra.usc.edu /auto/home-scf-06/mchitnis/EMeD/Tree messagePanelbkup.java
2001.11.03 15:56 B C:\Mukta\current\clients\EMeD\Tree\methodListCellRenderer.class --> aludra.usc.edu /auto/home-scf-06/mchitnis/EMeD/Tree methodListCellRenderer.class
2001.11.03 15:56 B C:\Mukta\current\clients\EMeD\Tree\methodListCellRenderer.java --> aludra.usc.edu /auto/home-scf-06/mchitnis/EMeD/Tree methodListCellRenderer.java
2001.11.03 15:56 B C:\Mukta\current\clients\EMeD\Tree\methodListPanel$1.class --> aludra.usc.edu /auto/home-scf-06/mchitnis/EMeD/Tree methodListPanel$1.class
2001.11.03 15:56 B C:\Mukta\current\clients\EMeD\Tree\methodListPanel$2.class --> aludra.usc.edu /auto/home-scf-06/mchitnis/EMeD/Tree methodListPanel$2.class
2001.11.03 15:56 B C:\Mukta\current\clients\EMeD\Tree\methodListPanel$addNew1Listener.class --> aludra.usc.edu /auto/home-scf-06/mchitnis/EMeD/Tree methodListPanel$addNew1Listener.class
2001.11.03 15:56 B C:\Mukta\current\clients\EMeD\Tree\methodListPanel$addNewListener.class --> aludra.usc.edu /auto/home-scf-06/mchitnis/EMeD/Tree methodListPanel$addNewListener.class
2001.11.03 15:56 B C:\Mukta\current\clients\EMeD\Tree\methodListPanel$copyAndCreateListener.class --> aludra.usc.edu /auto/home-scf-06/mchitnis/EMeD/Tree methodListPanel$copyAndCreateListener.class
2001.11.03 15:56 B C:\Mukta\current\clients\EMeD\Tree\methodListPanel$createLabelListener.class --> aludra.usc.edu /auto/home-scf-06/mchitnis/EMeD/Tree methodListPanel$createLabelListener.class
2001.11.03 15:56 B C:\Mukta\current\clients\EMeD\Tree\methodListPanel$cutListener.class --> aludra.usc.edu /auto/home-scf-06/mchitnis/EMeD/Tree methodListPanel$cutListener.class
2001.11.03 15:56 B C:\Mukta\current\clients\EMeD\Tree\methodListPanel$deleteListener.class --> aludra.usc.edu /auto/home-scf-06/mchitnis/EMeD/Tree methodListPanel$deleteListener.class
2001.11.03 15:56 B C:\Mukta\current\clients\EMeD\Tree\methodListPanel$embraceIntoListener.class --> aludra.usc.edu /auto/home-scf-06/mchitnis/EMeD/Tree methodListPanel$embraceIntoListener.class
2001.11.03 15:56 B C:\Mukta\current\clients\EMeD\Tree\methodListPanel$modifyInNLListener.class --> aludra.usc.edu /auto/home-scf-06/mchitnis/EMeD/Tree methodListPanel$modifyInNLListener.class
2001.11.03 15:56 B C:\Mukta\current\clients\EMeD\Tree\methodListPanel$modifyListener.class --> aludra.usc.edu /auto/home-scf-06/mchitnis/EMeD/Tree methodListPanel$modifyListener.class
2001.11.03 15:56 B C:\Mukta\current\clients\EMeD\Tree\methodListPanel$NLEditorListener.class --> aludra.usc.edu /auto/home-scf-06/mchitnis/EMeD/Tree methodListPanel$NLEditorListener.class
2001.11.03 15:56 B C:\Mukta\current\clients\EMeD\Tree\methodListPanel$pasteBeforeListener.class --> aludra.usc.edu /auto/home-scf-06/mchitnis/EMeD/Tree methodListPanel$pasteBeforeListener.class
2001.11.03 15:56 B C:\Mukta\current\clients\EMeD\Tree\methodListPanel$pasteListener.class --> aludra.usc.edu /auto/home-scf-06/mchitnis/EMeD/Tree methodListPanel$pasteListener.class
2001.11.03 15:56 B C:\Mukta\current\clients\EMeD\Tree\methodListPanel$reloadListener.class --> aludra.usc.edu /auto/home-scf-06/mchitnis/EMeD/Tree methodListPanel$reloadListener.class
2001.11.03 15:56 B C:\Mukta\current\clients\EMeD\Tree\methodListPanel$showErrorListener.class --> aludra.usc.edu /auto/home-scf-06/mchitnis/EMeD/Tree methodListPanel$showErrorListener.class
2001.11.03 15:56 B C:\Mukta\current\clients\EMeD\Tree\methodListPanel$showNLListener.class --> aludra.usc.edu /auto/home-scf-06/mchitnis/EMeD/Tree methodListPanel$showNLListener.class
2001.11.03 15:56 B C:\Mukta\current\clients\EMeD\Tree\methodListPanel.class --> aludra.usc.edu /auto/home-scf-06/mchitnis/EMeD/Tree methodListPanel.class
2001.11.03 15:56 B C:\Mukta\current\clients\EMeD\Tree\methodListPanel.java --> aludra.usc.edu /auto/home-scf-06/mchitnis/EMeD/Tree methodListPanel.java
2001.11.03 15:56 B C:\Mukta\current\clients\EMeD\Tree\methodListPanel.java~ --> aludra.usc.edu /auto/home-scf-06/mchitnis/EMeD/Tree methodListPanel.java~
2001.11.03 15:56 B C:\Mukta\current\clients\EMeD\Tree\methodListPanelbkup.java --> aludra.usc.edu /auto/home-scf-06/mchitnis/EMeD/Tree methodListPanelbkup.java
2001.11.03 15:56 B C:\Mukta\current\clients\EMeD\Tree\methodListPanelEnglish --> aludra.usc.edu /auto/home-scf-06/mchitnis/EMeD/Tree methodListPanelEnglish
2001.11.03 15:56 B C:\Mukta\current\clients\EMeD\Tree\methodListPanelEnglish$1.class --> aludra.usc.edu /auto/home-scf-06/mchitnis/EMeD/Tree methodListPanelEnglish$1.class
2001.11.03 15:56 B C:\Mukta\current\clients\EMeD\Tree\methodListPanelEnglish$2.class --> aludra.usc.edu /auto/home-scf-06/mchitnis/EMeD/Tree methodListPanelEnglish$2.class
2001.11.03 15:56 B C:\Mukta\current\clients\EMeD\Tree\methodListPanelEnglish$addNew1Listener.class --> aludra.usc.edu /auto/home-scf-06/mchitnis/EMeD/Tree methodListPanelEnglish$addNew1Listener.class
2001.11.03 15:56 B C:\Mukta\current\clients\EMeD\Tree\methodListPanelEnglish$addNewListener.class --> aludra.usc.edu /auto/home-scf-06/mchitnis/EMeD/Tree methodListPanelEnglish$addNewListener.class
2001.11.03 15:56 B C:\Mukta\current\clients\EMeD\Tree\methodListPanelEnglish$copyAndCreateListener.class --> aludra.usc.edu /auto/home-scf-06/mchitnis/EMeD/Tree methodListPanelEnglish$copyAndCreateListener.class
2001.11.03 15:56 B C:\Mukta\current\clients\EMeD\Tree\methodListPanelEnglish$createLabelListener.class --> aludra.usc.edu /auto/home-scf-06/mchitnis/EMeD/Tree methodListPanelEnglish$createLabelListener.class
2001.11.03 15:56 B C:\Mukta\current\clients\EMeD\Tree\methodListPanelEnglish$cutListener.class --> aludra.usc.edu /auto/home-scf-06/mchitnis/EMeD/Tree methodListPanelEnglish$cutListener.class
2001.11.03 15:56 B C:\Mukta\current\clients\EMeD\Tree\methodListPanelEnglish$deleteListener.class --> aludra.usc.edu /auto/home-scf-06/mchitnis/EMeD/Tree methodListPanelEnglish$deleteListener.class
2001.11.03 15:56 B C:\Mukta\current\clients\EMeD\Tree\methodListPanelEnglish$embraceIntoListener.class --> aludra.usc.edu /auto/home-scf-06/mchitnis/EMeD/Tree methodListPanelEnglish$embraceIntoListener.class
2001.11.03 15:56 B C:\Mukta\current\clients\EMeD\Tree\methodListPanelEnglish$modifyInNLListener.class --> aludra.usc.edu /auto/home-scf-06/mchitnis/EMeD/Tree methodListPanelEnglish$modifyInNLListener.class
2001.11.03 15:56 B C:\Mukta\current\clients\EMeD\Tree\methodListPanelEnglish$modifyListener.class --> aludra.usc.edu /auto/home-scf-06/mchitnis/EMeD/Tree methodListPanelEnglish$modifyListener.class
2001.11.03 15:56 B C:\Mukta\current\clients\EMeD\Tree\methodListPanelEnglish$NLEditorListener.class --> aludra.usc.edu /auto/home-scf-06/mchitnis/EMeD/Tree methodListPanelEnglish$NLEditorListener.class
2001.11.03 15:56 B C:\Mukta\current\clients\EMeD\Tree\methodListPanelEnglish$pasteBeforeListener.class --> aludra.usc.edu /auto/home-scf-06/mchitnis/EMeD/Tree methodListPanelEnglish$pasteBeforeListener.class
2001.11.03 15:56 B C:\Mukta\current\clients\EMeD\Tree\methodListPanelEnglish$pasteListener.class --> aludra.usc.edu /auto/home-scf-06/mchitnis/EMeD/Tree methodListPanelEnglish$pasteListener.class
2001.11.03 15:56 B C:\Mukta\current\clients\EMeD\Tree\methodListPanelEnglish$reloadListener.class --> aludra.usc.edu /auto/home-scf-06/mchitnis/EMeD/Tree methodListPanelEnglish$reloadListener.class
2001.11.03 15:56 B C:\Mukta\current\clients\EMeD\Tree\methodListPanelEnglish$showErrorListener.class --> aludra.usc.edu /auto/home-scf-06/mchitnis/EMeD/Tree methodListPanelEnglish$showErrorListener.class
2001.11.03 15:56 B C:\Mukta\current\clients\EMeD\Tree\methodListPanelEnglish$showNLListener.class --> aludra.usc.edu /auto/home-scf-06/mchitnis/EMeD/Tree methodListPanelEnglish$showNLListener.class
2001.11.03 15:56 B C:\Mukta\current\clients\EMeD\Tree\methodListPanelEnglish.class --> aludra.usc.edu /auto/home-scf-06/mchitnis/EMeD/Tree methodListPanelEnglish.class
2001.11.03 15:56 B C:\Mukta\current\clients\EMeD\Tree\methodListPanelEnglish.java --> aludra.usc.edu /auto/home-scf-06/mchitnis/EMeD/Tree methodListPanelEnglish.java
2001.11.03 15:56 B C:\Mukta\current\clients\EMeD\Tree\methodListPanelEnglishbkup.java --> aludra.usc.edu /auto/home-scf-06/mchitnis/EMeD/Tree methodListPanelEnglishbkup.java
2001.11.03 15:56 B C:\Mukta\current\clients\EMeD\Tree\methodListPanelEnglishorig.java --> aludra.usc.edu /auto/home-scf-06/mchitnis/EMeD/Tree methodListPanelEnglishorig.java
2001.11.03 15:56 B C:\Mukta\current\clients\EMeD\Tree\methodListPanelNL$1.class --> aludra.usc.edu /auto/home-scf-06/mchitnis/EMeD/Tree methodListPanelNL$1.class
2001.11.03 15:56 B C:\Mukta\current\clients\EMeD\Tree\methodListPanelNL$2.class --> aludra.usc.edu /auto/home-scf-06/mchitnis/EMeD/Tree methodListPanelNL$2.class
2001.11.03 15:56 B C:\Mukta\current\clients\EMeD\Tree\methodListPanelNL$addNew1Listener.class --> aludra.usc.edu /auto/home-scf-06/mchitnis/EMeD/Tree methodListPanelNL$addNew1Listener.class
2001.11.03 15:56 B C:\Mukta\current\clients\EMeD\Tree\methodListPanelNL$addNewListener.class --> aludra.usc.edu /auto/home-scf-06/mchitnis/EMeD/Tree methodListPanelNL$addNewListener.class
2001.11.03 15:56 B C:\Mukta\current\clients\EMeD\Tree\methodListPanelNL$copyAndCreateListener.class --> aludra.usc.edu /auto/home-scf-06/mchitnis/EMeD/Tree methodListPanelNL$copyAndCreateListener.class
2001.11.03 15:56 B C:\Mukta\current\clients\EMeD\Tree\methodListPanelNL$createLabelListener.class --> aludra.usc.edu /auto/home-scf-06/mchitnis/EMeD/Tree methodListPanelNL$createLabelListener.class
2001.11.03 15:56 B C:\Mukta\current\clients\EMeD\Tree\methodListPanelNL$cutListener.class --> aludra.usc.edu /auto/home-scf-06/mchitnis/EMeD/Tree methodListPanelNL$cutListener.class
2001.11.03 15:56 B C:\Mukta\current\clients\EMeD\Tree\methodListPanelNL$deleteListener.class --> aludra.usc.edu /auto/home-scf-06/mchitnis/EMeD/Tree methodListPanelNL$deleteListener.class
2001.11.03 15:56 B C:\Mukta\current\clients\EMeD\Tree\methodListPanelNL$embraceIntoListener.class --> aludra.usc.edu /auto/home-scf-06/mchitnis/EMeD/Tree methodListPanelNL$embraceIntoListener.class
2001.11.03 15:56 B C:\Mukta\current\clients\EMeD\Tree\methodListPanelNL$modifyInNLListener.class --> aludra.usc.edu /auto/home-scf-06/mchitnis/EMeD/Tree methodListPanelNL$modifyInNLListener.class
2001.11.03 15:56 B C:\Mukta\current\clients\EMeD\Tree\methodListPanelNL$modifyListener.class --> aludra.usc.edu /auto/home-scf-06/mchitnis/EMeD/Tree methodListPanelNL$modifyListener.class
2001.11.03 15:56 B C:\Mukta\current\clients\EMeD\Tree\methodListPanelNL$NLEditorListener.class --> aludra.usc.edu /auto/home-scf-06/mchitnis/EMeD/Tree methodListPanelNL$NLEditorListener.class
2001.11.03 15:56 B C:\Mukta\current\clients\EMeD\Tree\methodListPanelNL$pasteBeforeListener.class --> aludra.usc.edu /auto/home-scf-06/mchitnis/EMeD/Tree methodListPanelNL$pasteBeforeListener.class
2001.11.03 15:56 B C:\Mukta\current\clients\EMeD\Tree\methodListPanelNL$pasteListener.class --> aludra.usc.edu /auto/home-scf-06/mchitnis/EMeD/Tree methodListPanelNL$pasteListener.class
2001.11.03 15:56 B C:\Mukta\current\clients\EMeD\Tree\methodListPanelNL$reloadListener.class --> aludra.usc.edu /auto/home-scf-06/mchitnis/EMeD/Tree methodListPanelNL$reloadListener.class
2001.11.03 15:56 B C:\Mukta\current\clients\EMeD\Tree\methodListPanelNL$showErrorListener.class --> aludra.usc.edu /auto/home-scf-06/mchitnis/EMeD/Tree methodListPanelNL$showErrorListener.class
2001.11.03 15:56 B C:\Mukta\current\clients\EMeD\Tree\methodListPanelNL$showNLListener.class --> aludra.usc.edu /auto/home-scf-06/mchitnis/EMeD/Tree methodListPanelNL$showNLListener.class
2001.11.03 15:56 B C:\Mukta\current\clients\EMeD\Tree\methodListPanelNL.class --> aludra.usc.edu /auto/home-scf-06/mchitnis/EMeD/Tree methodListPanelNL.class
2001.11.03 15:56 B C:\Mukta\current\clients\EMeD\Tree\methodListPanelNL.java --> aludra.usc.edu /auto/home-scf-06/mchitnis/EMeD/Tree methodListPanelNL.java
2001.11.03 15:56 B C:\Mukta\current\clients\EMeD\Tree\methodListRenderer$methodNameHandler.class --> aludra.usc.edu /auto/home-scf-06/mchitnis/EMeD/Tree methodListRenderer$methodNameHandler.class
2001.11.03 15:56 B C:\Mukta\current\clients\EMeD\Tree\methodListRenderer.class --> aludra.usc.edu /auto/home-scf-06/mchitnis/EMeD/Tree methodListRenderer.class
2001.11.03 15:56 B C:\Mukta\current\clients\EMeD\Tree\methodListRenderer.java --> aludra.usc.edu /auto/home-scf-06/mchitnis/EMeD/Tree methodListRenderer.java
2001.11.03 15:56 B C:\Mukta\current\clients\EMeD\Tree\methodListRenderer.java~ --> aludra.usc.edu /auto/home-scf-06/mchitnis/EMeD/Tree methodListRenderer.java~
2001.11.03 15:56 B C:\Mukta\current\clients\EMeD\Tree\methodPanel.class --> aludra.usc.edu /auto/home-scf-06/mchitnis/EMeD/Tree methodPanel.class
2001.11.03 15:56 B C:\Mukta\current\clients\EMeD\Tree\methodPanel.java --> aludra.usc.edu /auto/home-scf-06/mchitnis/EMeD/Tree methodPanel.java
2001.11.03 15:56 B C:\Mukta\current\clients\EMeD\Tree\myTextArea.java --> aludra.usc.edu /auto/home-scf-06/mchitnis/EMeD/Tree myTextArea.java
2001.11.03 15:56 B C:\Mukta\current\clients\EMeD\Tree\NLEditMethodFrame.java --> aludra.usc.edu /auto/home-scf-06/mchitnis/EMeD/Tree NLEditMethodFrame.java
2001.11.03 15:56 B C:\Mukta\current\clients\EMeD\Tree\NLEditMethodFrame.java~ --> aludra.usc.edu /auto/home-scf-06/mchitnis/EMeD/Tree NLEditMethodFrame.java~
2001.11.03 15:56 B C:\Mukta\current\clients\EMeD\Tree\psgoalListEditPanel --> aludra.usc.edu /auto/home-scf-06/mchitnis/EMeD/Tree psgoalListEditPanel
2001.11.03 15:56 B C:\Mukta\current\clients\EMeD\Tree\psgoalListEditPanel$1.class --> aludra.usc.edu /auto/home-scf-06/mchitnis/EMeD/Tree psgoalListEditPanel$1.class
2001.11.03 15:56 B C:\Mukta\current\clients\EMeD\Tree\psgoalListEditPanel$changeGoalListener.class --> aludra.usc.edu /auto/home-scf-06/mchitnis/EMeD/Tree psgoalListEditPanel$changeGoalListener.class
2001.11.03 15:56 B C:\Mukta\current\clients\EMeD\Tree\psgoalListEditPanel.class --> aludra.usc.edu /auto/home-scf-06/mchitnis/EMeD/Tree psgoalListEditPanel.class
2001.11.03 15:56 B C:\Mukta\current\clients\EMeD\Tree\psgoalListEditPanel.java --> aludra.usc.edu /auto/home-scf-06/mchitnis/EMeD/Tree psgoalListEditPanel.java
2001.11.03 15:56 B C:\Mukta\current\clients\EMeD\Tree\renderer$passiveHandler.class --> aludra.usc.edu /auto/home-scf-06/mchitnis/EMeD/Tree renderer$passiveHandler.class
2001.11.03 15:56 B C:\Mukta\current\clients\EMeD\Tree\renderer.class --> aludra.usc.edu /auto/home-scf-06/mchitnis/EMeD/Tree renderer.class
2001.11.03 15:56 B C:\Mukta\current\clients\EMeD\Tree\renderer.java --> aludra.usc.edu /auto/home-scf-06/mchitnis/EMeD/Tree renderer.java
2001.11.03 15:56 B C:\Mukta\current\clients\EMeD\Tree\resultPanel$1.class --> aludra.usc.edu /auto/home-scf-06/mchitnis/EMeD/Tree resultPanel$1.class
2001.11.03 15:56 B C:\Mukta\current\clients\EMeD\Tree\resultPanel.class --> aludra.usc.edu /auto/home-scf-06/mchitnis/EMeD/Tree resultPanel.class
2001.11.03 15:56 B C:\Mukta\current\clients\EMeD\Tree\resultPanel.java --> aludra.usc.edu /auto/home-scf-06/mchitnis/EMeD/Tree resultPanel.java
2001.11.03 15:56 B C:\Mukta\current\clients\EMeD\Tree\resultRenderer$resultHandler.class --> aludra.usc.edu /auto/home-scf-06/mchitnis/EMeD/Tree resultRenderer$resultHandler.class
2001.11.03 15:56 B C:\Mukta\current\clients\EMeD\Tree\resultRenderer.class --> aludra.usc.edu /auto/home-scf-06/mchitnis/EMeD/Tree resultRenderer.class
2001.11.03 15:56 B C:\Mukta\current\clients\EMeD\Tree\resultRenderer.java --> aludra.usc.edu /auto/home-scf-06/mchitnis/EMeD/Tree resultRenderer.java
2001.11.03 15:56 B C:\Mukta\current\clients\EMeD\Tree\runnit --> aludra.usc.edu /auto/home-scf-06/mchitnis/EMeD/Tree runnit
2001.11.03 15:56 B C:\Mukta\current\clients\EMeD\Tree\savedirectoryPanel$1.class --> aludra.usc.edu /auto/home-scf-06/mchitnis/EMeD/Tree savedirectoryPanel$1.class
2001.11.03 15:56 B C:\Mukta\current\clients\EMeD\Tree\savedirectoryPanel$2.class --> aludra.usc.edu /auto/home-scf-06/mchitnis/EMeD/Tree savedirectoryPanel$2.class
2001.11.03 15:56 B C:\Mukta\current\clients\EMeD\Tree\savedirectoryPanel$dirNodeSelectListener.class --> aludra.usc.edu /auto/home-scf-06/mchitnis/EMeD/Tree savedirectoryPanel$dirNodeSelectListener.class
2001.11.03 15:56 B C:\Mukta\current\clients\EMeD\Tree\savedirectoryPanel$loadListener.class --> aludra.usc.edu /auto/home-scf-06/mchitnis/EMeD/Tree savedirectoryPanel$loadListener.class
2001.11.03 15:56 B C:\Mukta\current\clients\EMeD\Tree\savedirectoryPanel$saveListener.class --> aludra.usc.edu /auto/home-scf-06/mchitnis/EMeD/Tree savedirectoryPanel$saveListener.class
2001.11.03 15:56 B C:\Mukta\current\clients\EMeD\Tree\savedirectoryPanel.class --> aludra.usc.edu /auto/home-scf-06/mchitnis/EMeD/Tree savedirectoryPanel.class
2001.11.03 15:56 B C:\Mukta\current\clients\EMeD\Tree\savedirectoryPanel.java --> aludra.usc.edu /auto/home-scf-06/mchitnis/EMeD/Tree savedirectoryPanel.java
2001.11.03 15:56 B C:\Mukta\current\clients\EMeD\Tree\searchMethodList.java --> aludra.usc.edu /auto/home-scf-06/mchitnis/EMeD/Tree searchMethodList.java
2001.11.03 15:56 B C:\Mukta\current\clients\EMeD\Tree\searchMethodsRenderer$initHandler.class --> aludra.usc.edu /auto/home-scf-06/mchitnis/EMeD/Tree searchMethodsRenderer$initHandler.class
2001.11.03 15:56 B C:\Mukta\current\clients\EMeD\Tree\searchMethodsRenderer$initPotentialHandler.class --> aludra.usc.edu /auto/home-scf-06/mchitnis/EMeD/Tree searchMethodsRenderer$initPotentialHandler.class
2001.11.03 15:56 B C:\Mukta\current\clients\EMeD\Tree\searchMethodsRenderer$keywordHandler.class --> aludra.usc.edu /auto/home-scf-06/mchitnis/EMeD/Tree searchMethodsRenderer$keywordHandler.class
2001.11.03 15:56 B C:\Mukta\current\clients\EMeD\Tree\searchMethodsRenderer$keywordsHandler.class --> aludra.usc.edu /auto/home-scf-06/mchitnis/EMeD/Tree searchMethodsRenderer$keywordsHandler.class
2001.11.03 15:56 B C:\Mukta\current\clients\EMeD\Tree\searchMethodsRenderer$methodNameHandler.class --> aludra.usc.edu /auto/home-scf-06/mchitnis/EMeD/Tree searchMethodsRenderer$methodNameHandler.class
2001.11.03 15:56 B C:\Mukta\current\clients\EMeD\Tree\searchMethodsRenderer$passiveHandler.class --> aludra.usc.edu /auto/home-scf-06/mchitnis/EMeD/Tree searchMethodsRenderer$passiveHandler.class
2001.11.03 15:56 B C:\Mukta\current\clients\EMeD\Tree\searchMethodsRenderer$rfmlHandler.class --> aludra.usc.edu /auto/home-scf-06/mchitnis/EMeD/Tree searchMethodsRenderer$rfmlHandler.class
2001.11.03 15:56 B C:\Mukta\current\clients\EMeD\Tree\searchMethodsRenderer$rfmlResultItemHandler.class --> aludra.usc.edu /auto/home-scf-06/mchitnis/EMeD/Tree searchMethodsRenderer$rfmlResultItemHandler.class
2001.11.03 15:56 B C:\Mukta\current\clients\EMeD\Tree\searchMethodsRenderer.class --> aludra.usc.edu /auto/home-scf-06/mchitnis/EMeD/Tree searchMethodsRenderer.class
2001.11.03 15:56 B C:\Mukta\current\clients\EMeD\Tree\searchMethodsRenderer.java --> aludra.usc.edu /auto/home-scf-06/mchitnis/EMeD/Tree searchMethodsRenderer.java
2001.11.03 15:56 B C:\Mukta\current\clients\EMeD\Tree\searchPanel$1.class --> aludra.usc.edu /auto/home-scf-06/mchitnis/EMeD/Tree searchPanel$1.class
2001.11.03 15:56 B C:\Mukta\current\clients\EMeD\Tree\searchPanel$copyCapListener.class --> aludra.usc.edu /auto/home-scf-06/mchitnis/EMeD/Tree searchPanel$copyCapListener.class
2001.11.03 15:56 B C:\Mukta\current\clients\EMeD\Tree\searchPanel$searchListener.class --> aludra.usc.edu /auto/home-scf-06/mchitnis/EMeD/Tree searchPanel$searchListener.class
2001.11.03 15:56 B C:\Mukta\current\clients\EMeD\Tree\searchPanel$searchOnRFMLListener.class --> aludra.usc.edu /auto/home-scf-06/mchitnis/EMeD/Tree searchPanel$searchOnRFMLListener.class
2001.11.03 15:56 B C:\Mukta\current\clients\EMeD\Tree\searchPanel$searchOnSubsumeesListener.class --> aludra.usc.edu /auto/home-scf-06/mchitnis/EMeD/Tree searchPanel$searchOnSubsumeesListener.class
2001.11.03 15:56 B C:\Mukta\current\clients\EMeD\Tree\searchPanel$searchOnSubsumersListener.class --> aludra.usc.edu /auto/home-scf-06/mchitnis/EMeD/Tree searchPanel$searchOnSubsumersListener.class
2001.11.03 15:56 B C:\Mukta\current\clients\EMeD\Tree\searchPanel$selectListener.class --> aludra.usc.edu /auto/home-scf-06/mchitnis/EMeD/Tree searchPanel$selectListener.class
2001.11.03 15:56 B C:\Mukta\current\clients\EMeD\Tree\searchPanel.class --> aludra.usc.edu /auto/home-scf-06/mchitnis/EMeD/Tree searchPanel.class
2001.11.03 15:56 B C:\Mukta\current\clients\EMeD\Tree\searchPanel.java --> aludra.usc.edu /auto/home-scf-06/mchitnis/EMeD/Tree searchPanel.java
2001.11.03 15:57 B C:\Mukta\current\clients\EMeD\Tree\setTopGoalPanel.java --> aludra.usc.edu /auto/home-scf-06/mchitnis/EMeD/Tree setTopGoalPanel.java
2001.11.03 15:57 B C:\Mukta\current\clients\EMeD\Tree\SplitPanel.java --> aludra.usc.edu /auto/home-scf-06/mchitnis/EMeD/Tree SplitPanel.java
2001.11.03 15:57 B C:\Mukta\current\clients\EMeD\Tree\subTreeFrame.java --> aludra.usc.edu /auto/home-scf-06/mchitnis/EMeD/Tree subTreeFrame.java
2001.11.03 15:57 B C:\Mukta\current\clients\EMeD\Tree\test.java --> aludra.usc.edu /auto/home-scf-06/mchitnis/EMeD/Tree test.java
2001.11.03 15:57 B C:\Mukta\current\clients\EMeD\Tree\testPanel$1.class --> aludra.usc.edu /auto/home-scf-06/mchitnis/EMeD/Tree testPanel$1.class
2001.11.03 15:57 B C:\Mukta\current\clients\EMeD\Tree\testPanel$HorizontalMenu.class --> aludra.usc.edu /auto/home-scf-06/mchitnis/EMeD/Tree testPanel$HorizontalMenu.class
2001.11.03 15:57 B C:\Mukta\current\clients\EMeD\Tree\testPanel.class --> aludra.usc.edu /auto/home-scf-06/mchitnis/EMeD/Tree testPanel.class
2001.11.03 15:57 B C:\Mukta\current\clients\EMeD\Tree\testPanel.java --> aludra.usc.edu /auto/home-scf-06/mchitnis/EMeD/Tree testPanel.java
2001.11.03 15:57 B C:\Mukta\current\clients\EMeD\Tree\testPanel.java-old --> aludra.usc.edu /auto/home-scf-06/mchitnis/EMeD/Tree testPanel.java-old
2001.11.03 15:57 B C:\Mukta\current\clients\EMeD\Tree\testTextArea.java --> aludra.usc.edu /auto/home-scf-06/mchitnis/EMeD/Tree testTextArea.java
2001.11.03 15:57 B C:\Mukta\current\clients\EMeD\Tree\textEditMethodFrame$cancel1Listener.class --> aludra.usc.edu /auto/home-scf-06/mchitnis/EMeD/Tree textEditMethodFrame$cancel1Listener.class
2001.11.03 15:57 B C:\Mukta\current\clients\EMeD\Tree\textEditMethodFrame$doneEdit1Listener.class --> aludra.usc.edu /auto/home-scf-06/mchitnis/EMeD/Tree textEditMethodFrame$doneEdit1Listener.class
2001.11.03 15:57 B C:\Mukta\current\clients\EMeD\Tree\textEditMethodFrame.class --> aludra.usc.edu /auto/home-scf-06/mchitnis/EMeD/Tree textEditMethodFrame.class
2001.11.03 15:57 B C:\Mukta\current\clients\EMeD\Tree\topexegoalListPanel --> aludra.usc.edu /auto/home-scf-06/mchitnis/EMeD/Tree topexegoalListPanel
2001.11.03 15:57 B C:\Mukta\current\clients\EMeD\Tree\topexegoalListPanel$1.class --> aludra.usc.edu /auto/home-scf-06/mchitnis/EMeD/Tree topexegoalListPanel$1.class
2001.11.03 15:57 B C:\Mukta\current\clients\EMeD\Tree\topexegoalListPanel.class --> aludra.usc.edu /auto/home-scf-06/mchitnis/EMeD/Tree topexegoalListPanel.class
2001.11.03 15:57 B C:\Mukta\current\clients\EMeD\Tree\topexegoalListPanel.java --> aludra.usc.edu /auto/home-scf-06/mchitnis/EMeD/Tree topexegoalListPanel.java
2001.11.03 15:57 B C:\Mukta\current\clients\EMeD\Tree\topexegoalListPanelbkup --> aludra.usc.edu /auto/home-scf-06/mchitnis/EMeD/Tree topexegoalListPanelbkup
2001.11.03 15:57 B C:\Mukta\current\clients\EMeD\Tree\topexegoalPanel$1.class --> aludra.usc.edu /auto/home-scf-06/mchitnis/EMeD/Tree topexegoalPanel$1.class
2001.11.03 15:57 B C:\Mukta\current\clients\EMeD\Tree\topexegoalPanel.class --> aludra.usc.edu /auto/home-scf-06/mchitnis/EMeD/Tree topexegoalPanel.class
2001.11.03 15:57 B C:\Mukta\current\clients\EMeD\Tree\topexegoalPanel.java --> aludra.usc.edu /auto/home-scf-06/mchitnis/EMeD/Tree topexegoalPanel.java
2001.11.03 15:57 B C:\Mukta\current\clients\EMeD\Tree\topexegoalPanelorig.java --> aludra.usc.edu /auto/home-scf-06/mchitnis/EMeD/Tree topexegoalPanelorig.java
2001.11.03 15:57 B C:\Mukta\current\clients\EMeD\Tree\toppsgoalListPanel$1.class --> aludra.usc.edu /auto/home-scf-06/mchitnis/EMeD/Tree toppsgoalListPanel$1.class
2001.11.03 15:57 B C:\Mukta\current\clients\EMeD\Tree\toppsgoalListPanel.class --> aludra.usc.edu /auto/home-scf-06/mchitnis/EMeD/Tree toppsgoalListPanel.class
2001.11.03 15:57 B C:\Mukta\current\clients\EMeD\Tree\toppsgoalListPanel.java --> aludra.usc.edu /auto/home-scf-06/mchitnis/EMeD/Tree toppsgoalListPanel.java
2001.11.03 15:57 B C:\Mukta\current\clients\EMeD\Tree\toppsgoalPanel.java --> aludra.usc.edu /auto/home-scf-06/mchitnis/EMeD/Tree toppsgoalPanel.java
2001.11.03 15:57 B C:\Mukta\current\clients\EMeD\Tree\tPanel$1.class --> aludra.usc.edu /auto/home-scf-06/mchitnis/EMeD/Tree tPanel$1.class
2001.11.03 15:57 B C:\Mukta\current\clients\EMeD\Tree\tPanel$2.class --> aludra.usc.edu /auto/home-scf-06/mchitnis/EMeD/Tree tPanel$2.class
2001.11.03 15:57 B C:\Mukta\current\clients\EMeD\Tree\tPanel$3.class --> aludra.usc.edu /auto/home-scf-06/mchitnis/EMeD/Tree tPanel$3.class
2001.11.03 15:57 B C:\Mukta\current\clients\EMeD\Tree\tPanel$HorizontalMenu.class --> aludra.usc.edu /auto/home-scf-06/mchitnis/EMeD/Tree tPanel$HorizontalMenu.class
2001.11.03 15:57 B C:\Mukta\current\clients\EMeD\Tree\tPanel.class --> aludra.usc.edu /auto/home-scf-06/mchitnis/EMeD/Tree tPanel.class
2001.11.03 15:57 B C:\Mukta\current\clients\EMeD\Tree\tPanel.java --> aludra.usc.edu /auto/home-scf-06/mchitnis/EMeD/Tree tPanel.java
2001.11.03 15:57 B C:\Mukta\current\clients\EMeD\Tree\treeCellRenderercolor.class --> aludra.usc.edu /auto/home-scf-06/mchitnis/EMeD/Tree treeCellRenderercolor.class
2001.11.03 15:57 B C:\Mukta\current\clients\EMeD\Tree\treeCellRenderercolor.java --> aludra.usc.edu /auto/home-scf-06/mchitnis/EMeD/Tree treeCellRenderercolor.java
2001.11.03 15:57 B C:\Mukta\current\clients\EMeD\Tree\treePanel$1.class --> aludra.usc.edu /auto/home-scf-06/mchitnis/EMeD/Tree treePanel$1.class
2001.11.03 15:57 B C:\Mukta\current\clients\EMeD\Tree\treePanel$copyCapListener.class --> aludra.usc.edu /auto/home-scf-06/mchitnis/EMeD/Tree treePanel$copyCapListener.class
2001.11.03 15:57 B C:\Mukta\current\clients\EMeD\Tree\treePanel$selectListener.class --> aludra.usc.edu /auto/home-scf-06/mchitnis/EMeD/Tree treePanel$selectListener.class
2001.11.03 15:57 B C:\Mukta\current\clients\EMeD\Tree\treePanel$showListener.class --> aludra.usc.edu /auto/home-scf-06/mchitnis/EMeD/Tree treePanel$showListener.class
2001.11.03 15:57 B C:\Mukta\current\clients\EMeD\Tree\treePanel.class --> aludra.usc.edu /auto/home-scf-06/mchitnis/EMeD/Tree treePanel.class
2001.11.03 15:57 B C:\Mukta\current\clients\EMeD\Tree\treePanel.java --> aludra.usc.edu /auto/home-scf-06/mchitnis/EMeD/Tree treePanel.java
2001.11.03 15:57 B C:\Mukta\current\clients\EMeD\Tree\treePanel.java-org --> aludra.usc.edu /auto/home-scf-06/mchitnis/EMeD/Tree treePanel.java-org
2001.11.03 15:57 B C:\Mukta\current\clients\EMeD\Tree\undefinedGoalListCellRenderer.class --> aludra.usc.edu /auto/home-scf-06/mchitnis/EMeD/Tree undefinedGoalListCellRenderer.class
2001.11.03 15:57 B C:\Mukta\current\clients\EMeD\Tree\undefinedGoalListCellRenderer.java --> aludra.usc.edu /auto/home-scf-06/mchitnis/EMeD/Tree undefinedGoalListCellRenderer.java
2001.11.03 15:57 B C:\Mukta\current\clients\EMeD\Tree\undefinedGoalListCellRenderer.java-org --> aludra.usc.edu /auto/home-scf-06/mchitnis/EMeD/Tree undefinedGoalListCellRenderer.java-org
2001.11.03 15:57 B C:\Mukta\current\clients\EMeD\Tree\undefinedGoalListPanel$1.class --> aludra.usc.edu /auto/home-scf-06/mchitnis/EMeD/Tree undefinedGoalListPanel$1.class
2001.11.03 15:57 B C:\Mukta\current\clients\EMeD\Tree\undefinedGoalListPanel$createMethodListener.class --> aludra.usc.edu /auto/home-scf-06/mchitnis/EMeD/Tree undefinedGoalListPanel$createMethodListener.class
2001.11.03 15:57 B C:\Mukta\current\clients\EMeD\Tree\undefinedGoalListPanel.class --> aludra.usc.edu /auto/home-scf-06/mchitnis/EMeD/Tree undefinedGoalListPanel.class
2001.11.03 15:57 B C:\Mukta\current\clients\EMeD\Tree\undefinedGoalListPanel.java --> aludra.usc.edu /auto/home-scf-06/mchitnis/EMeD/Tree undefinedGoalListPanel.java
2001.11.03 15:57 B C:\Mukta\current\clients\EMeD\Tree\undefinedGoalListRenderer$GoalHandler.class --> aludra.usc.edu /auto/home-scf-06/mchitnis/EMeD/Tree undefinedGoalListRenderer$GoalHandler.class
2001.11.03 15:57 B C:\Mukta\current\clients\EMeD\Tree\undefinedGoalListRenderer$rfmlsHandler.class --> aludra.usc.edu /auto/home-scf-06/mchitnis/EMeD/Tree undefinedGoalListRenderer$rfmlsHandler.class
2001.11.03 15:57 B C:\Mukta\current\clients\EMeD\Tree\undefinedGoalListRenderer.class --> aludra.usc.edu /auto/home-scf-06/mchitnis/EMeD/Tree undefinedGoalListRenderer.class
2001.11.03 15:57 B C:\Mukta\current\clients\EMeD\Tree\undefinedGoalListRenderer.java --> aludra.usc.edu /auto/home-scf-06/mchitnis/EMeD/Tree undefinedGoalListRenderer.java
2001.11.03 15:57 B C:\Mukta\current\clients\EMeD\Tree\undefinedGoalListRenderer.java~ --> aludra.usc.edu /auto/home-scf-06/mchitnis/EMeD/Tree undefinedGoalListRenderer.java~
2001.11.03 15:57 B C:\Mukta\current\clients\EMeD\Tree\ViewFrame$okListener.class --> aludra.usc.edu /auto/home-scf-06/mchitnis/EMeD/Tree ViewFrame$okListener.class
2001.11.03 15:57 B C:\Mukta\current\clients\EMeD\Tree\ViewFrame.class --> aludra.usc.edu /auto/home-scf-06/mchitnis/EMeD/Tree ViewFrame.class
2001.11.03 15:57 B C:\Mukta\current\clients\EMeD\Tree\ViewFrame.java --> aludra.usc.edu /auto/home-scf-06/mchitnis/EMeD/Tree ViewFrame.java
2001.11.03 15:57 B C:\Mukta\current\clients\EMeD\Tree\WS_FTP.LOG --> aludra.usc.edu /auto/home-scf-06/mchitnis/EMeD/Tree WS_FTP.LOG
