2001.06.01 11:52 B C:\Mukta\current\clients\EMeD\Tree\classes\HTML\conceptRenderer$conceptDescriptionHandler.class <-- nitro.isi.edu /nfs/isd2/mchitnis/current/clients/EMeD/Tree/classes/HTML conceptRenderer$conceptDescriptionHandler.class
2001.06.01 11:52 B C:\Mukta\current\clients\EMeD\Tree\classes\HTML\conceptRenderer$conceptHandler.class <-- nitro.isi.edu /nfs/isd2/mchitnis/current/clients/EMeD/Tree/classes/HTML conceptRenderer$conceptHandler.class
2001.06.01 11:52 B C:\Mukta\current\clients\EMeD\Tree\classes\HTML\conceptRenderer$definitionHandler.class <-- nitro.isi.edu /nfs/isd2/mchitnis/current/clients/EMeD/Tree/classes/HTML conceptRenderer$definitionHandler.class
2001.06.01 11:52 B C:\Mukta\current\clients\EMeD\Tree\classes\HTML\conceptRenderer$directInstancesHandler.class <-- nitro.isi.edu /nfs/isd2/mchitnis/current/clients/EMeD/Tree/classes/HTML conceptRenderer$directInstancesHandler.class
2001.06.01 11:52 B C:\Mukta\current\clients\EMeD\Tree\classes\HTML\conceptRenderer$documentationHandler.class <-- nitro.isi.edu /nfs/isd2/mchitnis/current/clients/EMeD/Tree/classes/HTML conceptRenderer$documentationHandler.class
2001.06.01 11:52 B C:\Mukta\current\clients\EMeD\Tree\classes\HTML\conceptRenderer$instanceHandler.class <-- nitro.isi.edu /nfs/isd2/mchitnis/current/clients/EMeD/Tree/classes/HTML conceptRenderer$instanceHandler.class
2001.06.01 11:52 B C:\Mukta\current\clients\EMeD\Tree\classes\HTML\conceptRenderer$instancesHandler.class <-- nitro.isi.edu /nfs/isd2/mchitnis/current/clients/EMeD/Tree/classes/HTML conceptRenderer$instancesHandler.class
2001.06.01 11:52 B C:\Mukta\current\clients\EMeD\Tree\classes\HTML\conceptRenderer$nonDirectInstancesHandler.class <-- nitro.isi.edu /nfs/isd2/mchitnis/current/clients/EMeD/Tree/classes/HTML conceptRenderer$nonDirectInstancesHandler.class
2001.06.01 11:52 B C:\Mukta\current\clients\EMeD\Tree\classes\HTML\conceptRenderer$NSElementCopier.class <-- nitro.isi.edu /nfs/isd2/mchitnis/current/clients/EMeD/Tree/classes/HTML conceptRenderer$NSElementCopier.class
2001.06.01 11:52 B C:\Mukta\current\clients\EMeD\Tree\classes\HTML\conceptRenderer$relationHandler.class <-- nitro.isi.edu /nfs/isd2/mchitnis/current/clients/EMeD/Tree/classes/HTML conceptRenderer$relationHandler.class
2001.06.01 11:52 B C:\Mukta\current\clients\EMeD\Tree\classes\HTML\conceptRenderer$roleHandler.class <-- nitro.isi.edu /nfs/isd2/mchitnis/current/clients/EMeD/Tree/classes/HTML conceptRenderer$roleHandler.class
2001.06.01 11:52 B C:\Mukta\current\clients\EMeD\Tree\classes\HTML\conceptRenderer$siblingsHandler.class <-- nitro.isi.edu /nfs/isd2/mchitnis/current/clients/EMeD/Tree/classes/HTML conceptRenderer$siblingsHandler.class
2001.06.01 11:52 B C:\Mukta\current\clients\EMeD\Tree\classes\HTML\conceptRenderer$subConceptsHandler.class <-- nitro.isi.edu /nfs/isd2/mchitnis/current/clients/EMeD/Tree/classes/HTML conceptRenderer$subConceptsHandler.class
2001.06.01 11:52 B C:\Mukta\current\clients\EMeD\Tree\classes\HTML\conceptRenderer$superConceptsHandler.class <-- nitro.isi.edu /nfs/isd2/mchitnis/current/clients/EMeD/Tree/classes/HTML conceptRenderer$superConceptsHandler.class
2001.06.01 11:52 B C:\Mukta\current\clients\EMeD\Tree\classes\HTML\conceptRenderer$typeHandler.class <-- nitro.isi.edu /nfs/isd2/mchitnis/current/clients/EMeD/Tree/classes/HTML conceptRenderer$typeHandler.class
2001.06.01 11:52 B C:\Mukta\current\clients\EMeD\Tree\classes\HTML\conceptRenderer$withCommonParentHandler.class <-- nitro.isi.edu /nfs/isd2/mchitnis/current/clients/EMeD/Tree/classes/HTML conceptRenderer$withCommonParentHandler.class
2001.06.01 11:52 B C:\Mukta\current\clients\EMeD\Tree\classes\HTML\conceptRenderer.class <-- nitro.isi.edu /nfs/isd2/mchitnis/current/clients/EMeD/Tree/classes/HTML conceptRenderer.class
2001.06.01 11:52 B C:\Mukta\current\clients\EMeD\Tree\classes\HTML\HtmlPanel$1.class <-- nitro.isi.edu /nfs/isd2/mchitnis/current/clients/EMeD/Tree/classes/HTML HtmlPanel$1.class
2001.06.01 11:52 B C:\Mukta\current\clients\EMeD\Tree\classes\HTML\HtmlPanel$findListener.class <-- nitro.isi.edu /nfs/isd2/mchitnis/current/clients/EMeD/Tree/classes/HTML HtmlPanel$findListener.class
2001.06.01 11:52 B C:\Mukta\current\clients\EMeD\Tree\classes\HTML\HtmlPanel$PageLoader.class <-- nitro.isi.edu /nfs/isd2/mchitnis/current/clients/EMeD/Tree/classes/HTML HtmlPanel$PageLoader.class
2001.06.01 11:52 B C:\Mukta\current\clients\EMeD\Tree\classes\HTML\HtmlPanel.class <-- nitro.isi.edu /nfs/isd2/mchitnis/current/clients/EMeD/Tree/classes/HTML HtmlPanel.class
2001.06.01 11:52 B C:\Mukta\current\clients\EMeD\Tree\classes\HTML\relationRenderer$conceptHandler.class <-- nitro.isi.edu /nfs/isd2/mchitnis/current/clients/EMeD/Tree/classes/HTML relationRenderer$conceptHandler.class
2001.06.01 11:52 B C:\Mukta\current\clients\EMeD\Tree\classes\HTML\relationRenderer$definitionHandler.class <-- nitro.isi.edu /nfs/isd2/mchitnis/current/clients/EMeD/Tree/classes/HTML relationRenderer$definitionHandler.class
2001.06.01 11:52 B C:\Mukta\current\clients\EMeD\Tree\classes\HTML\relationRenderer$documentationHandler.class <-- nitro.isi.edu /nfs/isd2/mchitnis/current/clients/EMeD/Tree/classes/HTML relationRenderer$documentationHandler.class
2001.06.01 11:52 B C:\Mukta\current\clients\EMeD\Tree\classes\HTML\relationRenderer$instanceHandler.class <-- nitro.isi.edu /nfs/isd2/mchitnis/current/clients/EMeD/Tree/classes/HTML relationRenderer$instanceHandler.class
2001.06.01 11:52 B C:\Mukta\current\clients\EMeD\Tree\classes\HTML\relationRenderer$NSElementCopier.class <-- nitro.isi.edu /nfs/isd2/mchitnis/current/clients/EMeD/Tree/classes/HTML relationRenderer$NSElementCopier.class
2001.06.01 11:52 B C:\Mukta\current\clients\EMeD\Tree\classes\HTML\relationRenderer$relationDescriptionHandler.class <-- nitro.isi.edu /nfs/isd2/mchitnis/current/clients/EMeD/Tree/classes/HTML relationRenderer$relationDescriptionHandler.class
2001.06.01 11:52 B C:\Mukta\current\clients\EMeD\Tree\classes\HTML\relationRenderer$relationHandler.class <-- nitro.isi.edu /nfs/isd2/mchitnis/current/clients/EMeD/Tree/classes/HTML relationRenderer$relationHandler.class
2001.06.01 11:52 B C:\Mukta\current\clients\EMeD\Tree\classes\HTML\relationRenderer$roleHandler.class <-- nitro.isi.edu /nfs/isd2/mchitnis/current/clients/EMeD/Tree/classes/HTML relationRenderer$roleHandler.class
2001.06.01 11:52 B C:\Mukta\current\clients\EMeD\Tree\classes\HTML\relationRenderer$siblingsHandler.class <-- nitro.isi.edu /nfs/isd2/mchitnis/current/clients/EMeD/Tree/classes/HTML relationRenderer$siblingsHandler.class
2001.06.01 11:52 B C:\Mukta\current\clients\EMeD\Tree\classes\HTML\relationRenderer$subRelationsHandler.class <-- nitro.isi.edu /nfs/isd2/mchitnis/current/clients/EMeD/Tree/classes/HTML relationRenderer$subRelationsHandler.class
2001.06.01 11:52 B C:\Mukta\current\clients\EMeD\Tree\classes\HTML\relationRenderer$superRelationsHandler.class <-- nitro.isi.edu /nfs/isd2/mchitnis/current/clients/EMeD/Tree/classes/HTML relationRenderer$superRelationsHandler.class
2001.06.01 11:52 B C:\Mukta\current\clients\EMeD\Tree\classes\HTML\relationRenderer.class <-- nitro.isi.edu /nfs/isd2/mchitnis/current/clients/EMeD/Tree/classes/HTML relationRenderer.class
2001.11.03 15:54 B C:\Mukta\current\clients\EMeD\Tree\classes\HTML\conceptRenderer$conceptDescriptionHandler.class --> aludra.usc.edu /auto/home-scf-06/mchitnis/EMeD/Tree/classes/HTML conceptRenderer$conceptDescriptionHandler.class
2001.11.03 15:54 B C:\Mukta\current\clients\EMeD\Tree\classes\HTML\conceptRenderer$conceptHandler.class --> aludra.usc.edu /auto/home-scf-06/mchitnis/EMeD/Tree/classes/HTML conceptRenderer$conceptHandler.class
2001.11.03 15:54 B C:\Mukta\current\clients\EMeD\Tree\classes\HTML\conceptRenderer$definitionHandler.class --> aludra.usc.edu /auto/home-scf-06/mchitnis/EMeD/Tree/classes/HTML conceptRenderer$definitionHandler.class
2001.11.03 15:54 B C:\Mukta\current\clients\EMeD\Tree\classes\HTML\conceptRenderer$directInstancesHandler.class --> aludra.usc.edu /auto/home-scf-06/mchitnis/EMeD/Tree/classes/HTML conceptRenderer$directInstancesHandler.class
2001.11.03 15:54 B C:\Mukta\current\clients\EMeD\Tree\classes\HTML\conceptRenderer$documentationHandler.class --> aludra.usc.edu /auto/home-scf-06/mchitnis/EMeD/Tree/classes/HTML conceptRenderer$documentationHandler.class
2001.11.03 15:54 B C:\Mukta\current\clients\EMeD\Tree\classes\HTML\conceptRenderer$instanceHandler.class --> aludra.usc.edu /auto/home-scf-06/mchitnis/EMeD/Tree/classes/HTML conceptRenderer$instanceHandler.class
2001.11.03 15:54 B C:\Mukta\current\clients\EMeD\Tree\classes\HTML\conceptRenderer$instancesHandler.class --> aludra.usc.edu /auto/home-scf-06/mchitnis/EMeD/Tree/classes/HTML conceptRenderer$instancesHandler.class
2001.11.03 15:54 B C:\Mukta\current\clients\EMeD\Tree\classes\HTML\conceptRenderer$nonDirectInstancesHandler.class --> aludra.usc.edu /auto/home-scf-06/mchitnis/EMeD/Tree/classes/HTML conceptRenderer$nonDirectInstancesHandler.class
2001.11.03 15:54 B C:\Mukta\current\clients\EMeD\Tree\classes\HTML\conceptRenderer$NSElementCopier.class --> aludra.usc.edu /auto/home-scf-06/mchitnis/EMeD/Tree/classes/HTML conceptRenderer$NSElementCopier.class
2001.11.03 15:54 B C:\Mukta\current\clients\EMeD\Tree\classes\HTML\conceptRenderer$relationHandler.class --> aludra.usc.edu /auto/home-scf-06/mchitnis/EMeD/Tree/classes/HTML conceptRenderer$relationHandler.class
2001.11.03 15:54 B C:\Mukta\current\clients\EMeD\Tree\classes\HTML\conceptRenderer$roleHandler.class --> aludra.usc.edu /auto/home-scf-06/mchitnis/EMeD/Tree/classes/HTML conceptRenderer$roleHandler.class
2001.11.03 15:54 B C:\Mukta\current\clients\EMeD\Tree\classes\HTML\conceptRenderer$siblingsHandler.class --> aludra.usc.edu /auto/home-scf-06/mchitnis/EMeD/Tree/classes/HTML conceptRenderer$siblingsHandler.class
2001.11.03 15:54 B C:\Mukta\current\clients\EMeD\Tree\classes\HTML\conceptRenderer$subConceptsHandler.class --> aludra.usc.edu /auto/home-scf-06/mchitnis/EMeD/Tree/classes/HTML conceptRenderer$subConceptsHandler.class
2001.11.03 15:54 B C:\Mukta\current\clients\EMeD\Tree\classes\HTML\conceptRenderer$superConceptsHandler.class --> aludra.usc.edu /auto/home-scf-06/mchitnis/EMeD/Tree/classes/HTML conceptRenderer$superConceptsHandler.class
2001.11.03 15:54 B C:\Mukta\current\clients\EMeD\Tree\classes\HTML\conceptRenderer$typeHandler.class --> aludra.usc.edu /auto/home-scf-06/mchitnis/EMeD/Tree/classes/HTML conceptRenderer$typeHandler.class
2001.11.03 15:54 B C:\Mukta\current\clients\EMeD\Tree\classes\HTML\conceptRenderer$withCommonParentHandler.class --> aludra.usc.edu /auto/home-scf-06/mchitnis/EMeD/Tree/classes/HTML conceptRenderer$withCommonParentHandler.class
2001.11.03 15:54 B C:\Mukta\current\clients\EMeD\Tree\classes\HTML\conceptRenderer.class --> aludra.usc.edu /auto/home-scf-06/mchitnis/EMeD/Tree/classes/HTML conceptRenderer.class
2001.11.03 15:54 B C:\Mukta\current\clients\EMeD\Tree\classes\HTML\HtmlPanel$1.class --> aludra.usc.edu /auto/home-scf-06/mchitnis/EMeD/Tree/classes/HTML HtmlPanel$1.class
2001.11.03 15:54 B C:\Mukta\current\clients\EMeD\Tree\classes\HTML\HtmlPanel$findListener.class --> aludra.usc.edu /auto/home-scf-06/mchitnis/EMeD/Tree/classes/HTML HtmlPanel$findListener.class
2001.11.03 15:54 B C:\Mukta\current\clients\EMeD\Tree\classes\HTML\HtmlPanel$PageLoader.class --> aludra.usc.edu /auto/home-scf-06/mchitnis/EMeD/Tree/classes/HTML HtmlPanel$PageLoader.class
2001.11.03 15:54 B C:\Mukta\current\clients\EMeD\Tree\classes\HTML\HtmlPanel.class --> aludra.usc.edu /auto/home-scf-06/mchitnis/EMeD/Tree/classes/HTML HtmlPanel.class
2001.11.03 15:54 B C:\Mukta\current\clients\EMeD\Tree\classes\HTML\relationRenderer$conceptHandler.class --> aludra.usc.edu /auto/home-scf-06/mchitnis/EMeD/Tree/classes/HTML relationRenderer$conceptHandler.class
2001.11.03 15:54 B C:\Mukta\current\clients\EMeD\Tree\classes\HTML\relationRenderer$definitionHandler.class --> aludra.usc.edu /auto/home-scf-06/mchitnis/EMeD/Tree/classes/HTML relationRenderer$definitionHandler.class
2001.11.03 15:54 B C:\Mukta\current\clients\EMeD\Tree\classes\HTML\relationRenderer$documentationHandler.class --> aludra.usc.edu /auto/home-scf-06/mchitnis/EMeD/Tree/classes/HTML relationRenderer$documentationHandler.class
2001.11.03 15:54 B C:\Mukta\current\clients\EMeD\Tree\classes\HTML\relationRenderer$instanceHandler.class --> aludra.usc.edu /auto/home-scf-06/mchitnis/EMeD/Tree/classes/HTML relationRenderer$instanceHandler.class
2001.11.03 15:54 B C:\Mukta\current\clients\EMeD\Tree\classes\HTML\relationRenderer$NSElementCopier.class --> aludra.usc.edu /auto/home-scf-06/mchitnis/EMeD/Tree/classes/HTML relationRenderer$NSElementCopier.class
2001.11.03 15:54 B C:\Mukta\current\clients\EMeD\Tree\classes\HTML\relationRenderer$relationDescriptionHandler.class --> aludra.usc.edu /auto/home-scf-06/mchitnis/EMeD/Tree/classes/HTML relationRenderer$relationDescriptionHandler.class
2001.11.03 15:54 B C:\Mukta\current\clients\EMeD\Tree\classes\HTML\relationRenderer$relationHandler.class --> aludra.usc.edu /auto/home-scf-06/mchitnis/EMeD/Tree/classes/HTML relationRenderer$relationHandler.class
2001.11.03 15:54 B C:\Mukta\current\clients\EMeD\Tree\classes\HTML\relationRenderer$roleHandler.class --> aludra.usc.edu /auto/home-scf-06/mchitnis/EMeD/Tree/classes/HTML relationRenderer$roleHandler.class
2001.11.03 15:55 B C:\Mukta\current\clients\EMeD\Tree\classes\HTML\relationRenderer$siblingsHandler.class --> aludra.usc.edu /auto/home-scf-06/mchitnis/EMeD/Tree/classes/HTML relationRenderer$siblingsHandler.class
2001.11.03 15:55 B C:\Mukta\current\clients\EMeD\Tree\classes\HTML\relationRenderer$subRelationsHandler.class --> aludra.usc.edu /auto/home-scf-06/mchitnis/EMeD/Tree/classes/HTML relationRenderer$subRelationsHandler.class
2001.11.03 15:55 B C:\Mukta\current\clients\EMeD\Tree\classes\HTML\relationRenderer$superRelationsHandler.class --> aludra.usc.edu /auto/home-scf-06/mchitnis/EMeD/Tree/classes/HTML relationRenderer$superRelationsHandler.class
2001.11.03 15:55 B C:\Mukta\current\clients\EMeD\Tree\classes\HTML\relationRenderer.class --> aludra.usc.edu /auto/home-scf-06/mchitnis/EMeD/Tree/classes/HTML relationRenderer.class
2001.11.03 15:55 B C:\Mukta\current\clients\EMeD\Tree\classes\HTML\WS_FTP.LOG --> aludra.usc.edu /auto/home-scf-06/mchitnis/EMeD/Tree/classes/HTML WS_FTP.LOG
