2001.06.01 11:52 B C:\Mukta\current\clients\EMeD\PSTree\bak\GRCellRenderer.java <-- nitro.isi.edu /nfs/isd2/mchitnis/current/clients/EMeD/PSTree/bak GRCellRenderer.java
2001.06.01 11:52 B C:\Mukta\current\clients\EMeD\PSTree\bak\GRObject.java <-- nitro.isi.edu /nfs/isd2/mchitnis/current/clients/EMeD/PSTree/bak GRObject.java
2001.06.01 11:52 B C:\Mukta\current\clients\EMeD\PSTree\bak\GRPanel.java <-- nitro.isi.edu /nfs/isd2/mchitnis/current/clients/EMeD/PSTree/bak GRPanel.java
2001.06.01 11:52 B C:\Mukta\current\clients\EMeD\PSTree\bak\GRRenderer.java <-- nitro.isi.edu /nfs/isd2/mchitnis/current/clients/EMeD/PSTree/bak GRRenderer.java
2001.06.01 11:52 B C:\Mukta\current\clients\EMeD\PSTree\bak\GRSmallCellRenderer.java <-- nitro.isi.edu /nfs/isd2/mchitnis/current/clients/EMeD/PSTree/bak GRSmallCellRenderer.java
2001.06.01 11:52 B C:\Mukta\current\clients\EMeD\PSTree\bak\partialMatchFrame.java <-- nitro.isi.edu /nfs/isd2/mchitnis/current/clients/EMeD/PSTree/bak partialMatchFrame.java
2001.06.01 11:52 B C:\Mukta\current\clients\EMeD\PSTree\bak\psTabbedPanel.java <-- nitro.isi.edu /nfs/isd2/mchitnis/current/clients/EMeD/PSTree/bak psTabbedPanel.java
2001.06.01 11:52 B C:\Mukta\current\clients\EMeD\PSTree\bak\PSTreePanel.java <-- nitro.isi.edu /nfs/isd2/mchitnis/current/clients/EMeD/PSTree/bak PSTreePanel.java
2001.06.01 11:52 B C:\Mukta\current\clients\EMeD\PSTree\bak\PSundefinedGoalsCellRenderer.java <-- nitro.isi.edu /nfs/isd2/mchitnis/current/clients/EMeD/PSTree/bak PSundefinedGoalsCellRenderer.java
2001.06.01 11:52 B C:\Mukta\current\clients\EMeD\PSTree\bak\PSundefinedGoalsPanel.java <-- nitro.isi.edu /nfs/isd2/mchitnis/current/clients/EMeD/PSTree/bak PSundefinedGoalsPanel.java
2001.06.01 11:52 B C:\Mukta\current\clients\EMeD\PSTree\bak\showNodeFrame.java <-- nitro.isi.edu /nfs/isd2/mchitnis/current/clients/EMeD/PSTree/bak showNodeFrame.java
2001.11.03 15:54 B C:\Mukta\current\clients\EMeD\PSTree\bak\GRCellRenderer.java --> aludra.usc.edu /auto/home-scf-06/mchitnis/EMeD/PSTree/bak GRCellRenderer.java
2001.11.03 15:54 B C:\Mukta\current\clients\EMeD\PSTree\bak\GRObject.java --> aludra.usc.edu /auto/home-scf-06/mchitnis/EMeD/PSTree/bak GRObject.java
2001.11.03 15:54 B C:\Mukta\current\clients\EMeD\PSTree\bak\GRPanel.java --> aludra.usc.edu /auto/home-scf-06/mchitnis/EMeD/PSTree/bak GRPanel.java
2001.11.03 15:54 B C:\Mukta\current\clients\EMeD\PSTree\bak\GRRenderer.java --> aludra.usc.edu /auto/home-scf-06/mchitnis/EMeD/PSTree/bak GRRenderer.java
2001.11.03 15:54 B C:\Mukta\current\clients\EMeD\PSTree\bak\GRSmallCellRenderer.java --> aludra.usc.edu /auto/home-scf-06/mchitnis/EMeD/PSTree/bak GRSmallCellRenderer.java
2001.11.03 15:54 B C:\Mukta\current\clients\EMeD\PSTree\bak\partialMatchFrame.java --> aludra.usc.edu /auto/home-scf-06/mchitnis/EMeD/PSTree/bak partialMatchFrame.java
2001.11.03 15:54 B C:\Mukta\current\clients\EMeD\PSTree\bak\psTabbedPanel.java --> aludra.usc.edu /auto/home-scf-06/mchitnis/EMeD/PSTree/bak psTabbedPanel.java
2001.11.03 15:54 B C:\Mukta\current\clients\EMeD\PSTree\bak\PSTreePanel.java --> aludra.usc.edu /auto/home-scf-06/mchitnis/EMeD/PSTree/bak PSTreePanel.java
2001.11.03 15:54 B C:\Mukta\current\clients\EMeD\PSTree\bak\PSundefinedGoalsCellRenderer.java --> aludra.usc.edu /auto/home-scf-06/mchitnis/EMeD/PSTree/bak PSundefinedGoalsCellRenderer.java
2001.11.03 15:54 B C:\Mukta\current\clients\EMeD\PSTree\bak\PSundefinedGoalsPanel.java --> aludra.usc.edu /auto/home-scf-06/mchitnis/EMeD/PSTree/bak PSundefinedGoalsPanel.java
2001.11.03 15:54 B C:\Mukta\current\clients\EMeD\PSTree\bak\showNodeFrame.java --> aludra.usc.edu /auto/home-scf-06/mchitnis/EMeD/PSTree/bak showNodeFrame.java
2001.11.03 15:54 B C:\Mukta\current\clients\EMeD\PSTree\bak\WS_FTP.LOG --> aludra.usc.edu /auto/home-scf-06/mchitnis/EMeD/PSTree/bak WS_FTP.LOG
