2001.06.01 11:54 B C:\Mukta\current\clients\psm tool-mpai\classes\activetext.class <-- nitro.isi.edu /nfs/isd2/mchitnis/current/clients/psm tool-mpai/classes activetext.class
2001.06.01 11:54 B C:\Mukta\current\clients\psm tool-mpai\classes\critiquewizard$1.class <-- nitro.isi.edu /nfs/isd2/mchitnis/current/clients/psm tool-mpai/classes critiquewizard$1.class
2001.06.01 11:54 B C:\Mukta\current\clients\psm tool-mpai\classes\critiquewizard.class <-- nitro.isi.edu /nfs/isd2/mchitnis/current/clients/psm tool-mpai/classes critiquewizard.class
2001.06.01 11:54 B C:\Mukta\current\clients\psm tool-mpai\classes\gclass.class <-- nitro.isi.edu /nfs/isd2/mchitnis/current/clients/psm tool-mpai/classes gclass.class
2001.06.01 11:54 B C:\Mukta\current\clients\psm tool-mpai\classes\instanceeditor$1.class <-- nitro.isi.edu /nfs/isd2/mchitnis/current/clients/psm tool-mpai/classes instanceeditor$1.class
2001.06.01 11:54 B C:\Mukta\current\clients\psm tool-mpai\classes\instanceeditor$2.class <-- nitro.isi.edu /nfs/isd2/mchitnis/current/clients/psm tool-mpai/classes instanceeditor$2.class
2001.06.01 11:54 B C:\Mukta\current\clients\psm tool-mpai\classes\instanceeditor$3.class <-- nitro.isi.edu /nfs/isd2/mchitnis/current/clients/psm tool-mpai/classes instanceeditor$3.class
2001.06.01 11:54 B C:\Mukta\current\clients\psm tool-mpai\classes\instanceeditor$4.class <-- nitro.isi.edu /nfs/isd2/mchitnis/current/clients/psm tool-mpai/classes instanceeditor$4.class
2001.06.01 11:54 B C:\Mukta\current\clients\psm tool-mpai\classes\instanceeditor$5.class <-- nitro.isi.edu /nfs/isd2/mchitnis/current/clients/psm tool-mpai/classes instanceeditor$5.class
2001.06.01 11:54 B C:\Mukta\current\clients\psm tool-mpai\classes\instanceeditor$activealttext.class <-- nitro.isi.edu /nfs/isd2/mchitnis/current/clients/psm tool-mpai/classes instanceeditor$activealttext.class
2001.06.01 11:54 B C:\Mukta\current\clients\psm tool-mpai\classes\instanceeditor$roletablepanel$roletablemodel.class <-- nitro.isi.edu /nfs/isd2/mchitnis/current/clients/psm tool-mpai/classes instanceeditor$roletablepanel$roletablemodel.class
2001.06.01 11:54 B C:\Mukta\current\clients\psm tool-mpai\classes\instanceeditor$roletablepanel.class <-- nitro.isi.edu /nfs/isd2/mchitnis/current/clients/psm tool-mpai/classes instanceeditor$roletablepanel.class
2001.06.01 11:54 B C:\Mukta\current\clients\psm tool-mpai\classes\instanceeditor.class <-- nitro.isi.edu /nfs/isd2/mchitnis/current/clients/psm tool-mpai/classes instanceeditor.class
2001.06.01 11:54 B C:\Mukta\current\clients\psm tool-mpai\classes\kagrammartool$1.class <-- nitro.isi.edu /nfs/isd2/mchitnis/current/clients/psm tool-mpai/classes kagrammartool$1.class
2001.06.01 11:54 B C:\Mukta\current\clients\psm tool-mpai\classes\kagrammartool.class <-- nitro.isi.edu /nfs/isd2/mchitnis/current/clients/psm tool-mpai/classes kagrammartool.class
2001.06.01 11:54 B C:\Mukta\current\clients\psm tool-mpai\classes\katool$1.class <-- nitro.isi.edu /nfs/isd2/mchitnis/current/clients/psm tool-mpai/classes katool$1.class
2001.06.01 11:54 B C:\Mukta\current\clients\psm tool-mpai\classes\katool$2.class <-- nitro.isi.edu /nfs/isd2/mchitnis/current/clients/psm tool-mpai/classes katool$2.class
2001.06.01 11:54 B C:\Mukta\current\clients\psm tool-mpai\classes\katool$3.class <-- nitro.isi.edu /nfs/isd2/mchitnis/current/clients/psm tool-mpai/classes katool$3.class
2001.06.01 11:54 B C:\Mukta\current\clients\psm tool-mpai\classes\katool$4.class <-- nitro.isi.edu /nfs/isd2/mchitnis/current/clients/psm tool-mpai/classes katool$4.class
2001.06.01 11:54 B C:\Mukta\current\clients\psm tool-mpai\classes\katool$5.class <-- nitro.isi.edu /nfs/isd2/mchitnis/current/clients/psm tool-mpai/classes katool$5.class
2001.06.01 11:54 B C:\Mukta\current\clients\psm tool-mpai\classes\katool.class <-- nitro.isi.edu /nfs/isd2/mchitnis/current/clients/psm tool-mpai/classes katool.class
2001.06.01 11:54 B C:\Mukta\current\clients\psm tool-mpai\classes\listcanvas.class <-- nitro.isi.edu /nfs/isd2/mchitnis/current/clients/psm tool-mpai/classes listcanvas.class
2001.06.01 11:54 B C:\Mukta\current\clients\psm tool-mpai\classes\listchoices.class <-- nitro.isi.edu /nfs/isd2/mchitnis/current/clients/psm tool-mpai/classes listchoices.class
2001.06.01 11:54 B C:\Mukta\current\clients\psm tool-mpai\classes\methodeditor$1.class <-- nitro.isi.edu /nfs/isd2/mchitnis/current/clients/psm tool-mpai/classes methodeditor$1.class
2001.06.01 11:54 B C:\Mukta\current\clients\psm tool-mpai\classes\methodeditor$10.class <-- nitro.isi.edu /nfs/isd2/mchitnis/current/clients/psm tool-mpai/classes methodeditor$10.class
2001.06.01 11:55 B C:\Mukta\current\clients\psm tool-mpai\classes\methodeditor$11.class <-- nitro.isi.edu /nfs/isd2/mchitnis/current/clients/psm tool-mpai/classes methodeditor$11.class
2001.06.01 11:55 B C:\Mukta\current\clients\psm tool-mpai\classes\methodeditor$12.class <-- nitro.isi.edu /nfs/isd2/mchitnis/current/clients/psm tool-mpai/classes methodeditor$12.class
2001.06.01 11:55 B C:\Mukta\current\clients\psm tool-mpai\classes\methodeditor$2.class <-- nitro.isi.edu /nfs/isd2/mchitnis/current/clients/psm tool-mpai/classes methodeditor$2.class
2001.06.01 11:55 B C:\Mukta\current\clients\psm tool-mpai\classes\methodeditor$3.class <-- nitro.isi.edu /nfs/isd2/mchitnis/current/clients/psm tool-mpai/classes methodeditor$3.class
2001.06.01 11:55 B C:\Mukta\current\clients\psm tool-mpai\classes\methodeditor$4.class <-- nitro.isi.edu /nfs/isd2/mchitnis/current/clients/psm tool-mpai/classes methodeditor$4.class
2001.06.01 11:55 B C:\Mukta\current\clients\psm tool-mpai\classes\methodeditor$5.class <-- nitro.isi.edu /nfs/isd2/mchitnis/current/clients/psm tool-mpai/classes methodeditor$5.class
2001.06.01 11:55 B C:\Mukta\current\clients\psm tool-mpai\classes\methodeditor$6.class <-- nitro.isi.edu /nfs/isd2/mchitnis/current/clients/psm tool-mpai/classes methodeditor$6.class
2001.06.01 11:55 B C:\Mukta\current\clients\psm tool-mpai\classes\methodeditor$7.class <-- nitro.isi.edu /nfs/isd2/mchitnis/current/clients/psm tool-mpai/classes methodeditor$7.class
2001.06.01 11:55 B C:\Mukta\current\clients\psm tool-mpai\classes\methodeditor$8.class <-- nitro.isi.edu /nfs/isd2/mchitnis/current/clients/psm tool-mpai/classes methodeditor$8.class
2001.06.01 11:55 B C:\Mukta\current\clients\psm tool-mpai\classes\methodeditor$9.class <-- nitro.isi.edu /nfs/isd2/mchitnis/current/clients/psm tool-mpai/classes methodeditor$9.class
2001.06.01 11:55 B C:\Mukta\current\clients\psm tool-mpai\classes\methodeditor$altcellrenderer.class <-- nitro.isi.edu /nfs/isd2/mchitnis/current/clients/psm tool-mpai/classes methodeditor$altcellrenderer.class
2001.06.01 11:55 B C:\Mukta\current\clients\psm tool-mpai\classes\methodeditor$altnode.class <-- nitro.isi.edu /nfs/isd2/mchitnis/current/clients/psm tool-mpai/classes methodeditor$altnode.class
2001.06.01 11:55 B C:\Mukta\current\clients\psm tool-mpai\classes\methodeditor$captext.class <-- nitro.isi.edu /nfs/isd2/mchitnis/current/clients/psm tool-mpai/classes methodeditor$captext.class
2001.06.01 11:55 B C:\Mukta\current\clients\psm tool-mpai\classes\methodeditor$cbrenderer.class <-- nitro.isi.edu /nfs/isd2/mchitnis/current/clients/psm tool-mpai/classes methodeditor$cbrenderer.class
2001.06.01 11:55 B C:\Mukta\current\clients\psm tool-mpai\classes\methodeditor$planreader.class <-- nitro.isi.edu /nfs/isd2/mchitnis/current/clients/psm tool-mpai/classes methodeditor$planreader.class
2001.06.01 11:55 B C:\Mukta\current\clients\psm tool-mpai\classes\methodeditor.class <-- nitro.isi.edu /nfs/isd2/mchitnis/current/clients/psm tool-mpai/classes methodeditor.class
2001.06.01 11:55 B C:\Mukta\current\clients\psm tool-mpai\classes\newentrydialog.class <-- nitro.isi.edu /nfs/isd2/mchitnis/current/clients/psm tool-mpai/classes newentrydialog.class
2001.06.01 11:55 B C:\Mukta\current\clients\psm tool-mpai\classes\newentryinfo.class <-- nitro.isi.edu /nfs/isd2/mchitnis/current/clients/psm tool-mpai/classes newentryinfo.class
2001.06.01 11:55 B C:\Mukta\current\clients\psm tool-mpai\classes\psmtool$1.class <-- nitro.isi.edu /nfs/isd2/mchitnis/current/clients/psm tool-mpai/classes psmtool$1.class
2001.06.01 11:55 B C:\Mukta\current\clients\psm tool-mpai\classes\psmtool$2.class <-- nitro.isi.edu /nfs/isd2/mchitnis/current/clients/psm tool-mpai/classes psmtool$2.class
2001.06.01 11:55 B C:\Mukta\current\clients\psm tool-mpai\classes\psmtool$3.class <-- nitro.isi.edu /nfs/isd2/mchitnis/current/clients/psm tool-mpai/classes psmtool$3.class
2001.06.01 11:55 B C:\Mukta\current\clients\psm tool-mpai\classes\psmtool$4.class <-- nitro.isi.edu /nfs/isd2/mchitnis/current/clients/psm tool-mpai/classes psmtool$4.class
2001.06.01 11:55 B C:\Mukta\current\clients\psm tool-mpai\classes\psmtool$5.class <-- nitro.isi.edu /nfs/isd2/mchitnis/current/clients/psm tool-mpai/classes psmtool$5.class
2001.06.01 11:55 B C:\Mukta\current\clients\psm tool-mpai\classes\psmtool$6.class <-- nitro.isi.edu /nfs/isd2/mchitnis/current/clients/psm tool-mpai/classes psmtool$6.class
2001.06.01 11:55 B C:\Mukta\current\clients\psm tool-mpai\classes\psmtool$7.class <-- nitro.isi.edu /nfs/isd2/mchitnis/current/clients/psm tool-mpai/classes psmtool$7.class
2001.06.01 11:55 B C:\Mukta\current\clients\psm tool-mpai\classes\psmtool.class <-- nitro.isi.edu /nfs/isd2/mchitnis/current/clients/psm tool-mpai/classes psmtool.class
2001.06.01 11:55 B C:\Mukta\current\clients\psm tool-mpai\classes\psmtool.jar <-- nitro.isi.edu /nfs/isd2/mchitnis/current/clients/psm tool-mpai/classes psmtool.jar
2001.06.01 11:55 B C:\Mukta\current\clients\psm tool-mpai\classes\relationeditor$1.class <-- nitro.isi.edu /nfs/isd2/mchitnis/current/clients/psm tool-mpai/classes relationeditor$1.class
2001.06.01 11:55 B C:\Mukta\current\clients\psm tool-mpai\classes\relationeditor$2.class <-- nitro.isi.edu /nfs/isd2/mchitnis/current/clients/psm tool-mpai/classes relationeditor$2.class
2001.06.01 11:55 B C:\Mukta\current\clients\psm tool-mpai\classes\relationeditor$3.class <-- nitro.isi.edu /nfs/isd2/mchitnis/current/clients/psm tool-mpai/classes relationeditor$3.class
2001.06.01 11:55 B C:\Mukta\current\clients\psm tool-mpai\classes\relationeditor$namefieldpanel.class <-- nitro.isi.edu /nfs/isd2/mchitnis/current/clients/psm tool-mpai/classes relationeditor$namefieldpanel.class
2001.06.01 11:55 B C:\Mukta\current\clients\psm tool-mpai\classes\relationeditor.class <-- nitro.isi.edu /nfs/isd2/mchitnis/current/clients/psm tool-mpai/classes relationeditor.class
2001.06.01 11:55 B C:\Mukta\current\clients\psm tool-mpai\classes\resultprocessor.class <-- nitro.isi.edu /nfs/isd2/mchitnis/current/clients/psm tool-mpai/classes resultprocessor.class
2001.06.01 11:55 B C:\Mukta\current\clients\psm tool-mpai\classes\wizardline.class <-- nitro.isi.edu /nfs/isd2/mchitnis/current/clients/psm tool-mpai/classes wizardline.class
2001.06.01 11:55 B C:\Mukta\current\clients\psm tool-mpai\classes\wizardmenu$1.class <-- nitro.isi.edu /nfs/isd2/mchitnis/current/clients/psm tool-mpai/classes wizardmenu$1.class
2001.06.01 11:55 B C:\Mukta\current\clients\psm tool-mpai\classes\wizardmenu.class <-- nitro.isi.edu /nfs/isd2/mchitnis/current/clients/psm tool-mpai/classes wizardmenu.class
2001.06.01 11:55 B C:\Mukta\current\clients\psm tool-mpai\classes\wizardmethodline$1.class <-- nitro.isi.edu /nfs/isd2/mchitnis/current/clients/psm tool-mpai/classes wizardmethodline$1.class
2001.06.01 11:55 B C:\Mukta\current\clients\psm tool-mpai\classes\wizardmethodline$2.class <-- nitro.isi.edu /nfs/isd2/mchitnis/current/clients/psm tool-mpai/classes wizardmethodline$2.class
2001.06.01 11:55 B C:\Mukta\current\clients\psm tool-mpai\classes\wizardmethodline.class <-- nitro.isi.edu /nfs/isd2/mchitnis/current/clients/psm tool-mpai/classes wizardmethodline.class
2001.06.01 11:55 B C:\Mukta\current\clients\psm tool-mpai\classes\wizardpanel.class <-- nitro.isi.edu /nfs/isd2/mchitnis/current/clients/psm tool-mpai/classes wizardpanel.class
2001.06.01 11:55 B C:\Mukta\current\clients\psm tool-mpai\classes\wizardreader$1.class <-- nitro.isi.edu /nfs/isd2/mchitnis/current/clients/psm tool-mpai/classes wizardreader$1.class
2001.06.01 11:55 B C:\Mukta\current\clients\psm tool-mpai\classes\wizardreader$2.class <-- nitro.isi.edu /nfs/isd2/mchitnis/current/clients/psm tool-mpai/classes wizardreader$2.class
2001.06.01 11:55 B C:\Mukta\current\clients\psm tool-mpai\classes\wizardreader.class <-- nitro.isi.edu /nfs/isd2/mchitnis/current/clients/psm tool-mpai/classes wizardreader.class
2001.06.01 11:55 B C:\Mukta\current\clients\psm tool-mpai\classes\wizardstep$1.class <-- nitro.isi.edu /nfs/isd2/mchitnis/current/clients/psm tool-mpai/classes wizardstep$1.class
2001.06.01 11:55 B C:\Mukta\current\clients\psm tool-mpai\classes\wizardstep.class <-- nitro.isi.edu /nfs/isd2/mchitnis/current/clients/psm tool-mpai/classes wizardstep.class
