2001.06.01 11:56 B C:\Mukta\current\clients\Xml\saxon\org\w3c\dom\attribute.class <-- nitro.isi.edu /nfs/isd2/mchitnis/current/clients/Xml/saxon/org/w3c/dom attribute.class
2001.06.01 11:56 B C:\Mukta\current\clients\Xml\saxon\org\w3c\dom\attribute.java <-- nitro.isi.edu /nfs/isd2/mchitnis/current/clients/Xml/saxon/org/w3c/dom attribute.java
2001.06.01 11:56 B C:\Mukta\current\clients\Xml\saxon\org\w3c\dom\attributedefinition.class <-- nitro.isi.edu /nfs/isd2/mchitnis/current/clients/Xml/saxon/org/w3c/dom attributedefinition.class
2001.06.01 11:56 B C:\Mukta\current\clients\Xml\saxon\org\w3c\dom\attributedefinition.java <-- nitro.isi.edu /nfs/isd2/mchitnis/current/clients/Xml/saxon/org/w3c/dom attributedefinition.java
2001.06.01 11:56 B C:\Mukta\current\clients\Xml\saxon\org\w3c\dom\attributelist.class <-- nitro.isi.edu /nfs/isd2/mchitnis/current/clients/Xml/saxon/org/w3c/dom attributelist.class
2001.06.01 11:56 B C:\Mukta\current\clients\Xml\saxon\org\w3c\dom\attributelist.java <-- nitro.isi.edu /nfs/isd2/mchitnis/current/clients/Xml/saxon/org/w3c/dom attributelist.java
2001.06.01 11:56 B C:\Mukta\current\clients\Xml\saxon\org\w3c\dom\cdatasection.class <-- nitro.isi.edu /nfs/isd2/mchitnis/current/clients/Xml/saxon/org/w3c/dom cdatasection.class
2001.06.01 11:56 B C:\Mukta\current\clients\Xml\saxon\org\w3c\dom\cdatasection.java <-- nitro.isi.edu /nfs/isd2/mchitnis/current/clients/Xml/saxon/org/w3c/dom cdatasection.java
2001.06.01 11:56 B C:\Mukta\current\clients\Xml\saxon\org\w3c\dom\comment.class <-- nitro.isi.edu /nfs/isd2/mchitnis/current/clients/Xml/saxon/org/w3c/dom comment.class
2001.06.01 11:56 B C:\Mukta\current\clients\Xml\saxon\org\w3c\dom\comment.java <-- nitro.isi.edu /nfs/isd2/mchitnis/current/clients/Xml/saxon/org/w3c/dom comment.java
2001.06.01 11:56 B C:\Mukta\current\clients\Xml\saxon\org\w3c\dom\document.class <-- nitro.isi.edu /nfs/isd2/mchitnis/current/clients/Xml/saxon/org/w3c/dom document.class
2001.06.01 11:56 B C:\Mukta\current\clients\Xml\saxon\org\w3c\dom\document.java <-- nitro.isi.edu /nfs/isd2/mchitnis/current/clients/Xml/saxon/org/w3c/dom document.java
2001.06.01 11:56 B C:\Mukta\current\clients\Xml\saxon\org\w3c\dom\documentcontext.class <-- nitro.isi.edu /nfs/isd2/mchitnis/current/clients/Xml/saxon/org/w3c/dom documentcontext.class
2001.06.01 11:56 B C:\Mukta\current\clients\Xml\saxon\org\w3c\dom\documentcontext.java <-- nitro.isi.edu /nfs/isd2/mchitnis/current/clients/Xml/saxon/org/w3c/dom documentcontext.java
2001.06.01 11:56 B C:\Mukta\current\clients\Xml\saxon\org\w3c\dom\documentfragment.class <-- nitro.isi.edu /nfs/isd2/mchitnis/current/clients/Xml/saxon/org/w3c/dom documentfragment.class
2001.06.01 11:56 B C:\Mukta\current\clients\Xml\saxon\org\w3c\dom\documentfragment.java <-- nitro.isi.edu /nfs/isd2/mchitnis/current/clients/Xml/saxon/org/w3c/dom documentfragment.java
2001.06.01 11:56 B C:\Mukta\current\clients\Xml\saxon\org\w3c\dom\documenttype.class <-- nitro.isi.edu /nfs/isd2/mchitnis/current/clients/Xml/saxon/org/w3c/dom documenttype.class
2001.06.01 11:56 B C:\Mukta\current\clients\Xml\saxon\org\w3c\dom\documenttype.java <-- nitro.isi.edu /nfs/isd2/mchitnis/current/clients/Xml/saxon/org/w3c/dom documenttype.java
2001.06.01 11:56 B C:\Mukta\current\clients\Xml\saxon\org\w3c\dom\dom.class <-- nitro.isi.edu /nfs/isd2/mchitnis/current/clients/Xml/saxon/org/w3c/dom dom.class
2001.06.01 11:56 B C:\Mukta\current\clients\Xml\saxon\org\w3c\dom\dom.java <-- nitro.isi.edu /nfs/isd2/mchitnis/current/clients/Xml/saxon/org/w3c/dom dom.java
2001.06.01 11:56 B C:\Mukta\current\clients\Xml\saxon\org\w3c\dom\element.class <-- nitro.isi.edu /nfs/isd2/mchitnis/current/clients/Xml/saxon/org/w3c/dom element.class
2001.06.01 11:56 B C:\Mukta\current\clients\Xml\saxon\org\w3c\dom\element.java <-- nitro.isi.edu /nfs/isd2/mchitnis/current/clients/Xml/saxon/org/w3c/dom element.java
2001.06.01 11:56 B C:\Mukta\current\clients\Xml\saxon\org\w3c\dom\elementdefinition.class <-- nitro.isi.edu /nfs/isd2/mchitnis/current/clients/Xml/saxon/org/w3c/dom elementdefinition.class
2001.06.01 11:56 B C:\Mukta\current\clients\Xml\saxon\org\w3c\dom\elementdefinition.java <-- nitro.isi.edu /nfs/isd2/mchitnis/current/clients/Xml/saxon/org/w3c/dom elementdefinition.java
2001.06.01 11:56 B C:\Mukta\current\clients\Xml\saxon\org\w3c\dom\elementtoken.class <-- nitro.isi.edu /nfs/isd2/mchitnis/current/clients/Xml/saxon/org/w3c/dom elementtoken.class
2001.06.01 11:56 B C:\Mukta\current\clients\Xml\saxon\org\w3c\dom\elementtoken.java <-- nitro.isi.edu /nfs/isd2/mchitnis/current/clients/Xml/saxon/org/w3c/dom elementtoken.java
2001.06.01 11:56 B C:\Mukta\current\clients\Xml\saxon\org\w3c\dom\entitydeclaration.class <-- nitro.isi.edu /nfs/isd2/mchitnis/current/clients/Xml/saxon/org/w3c/dom entitydeclaration.class
2001.06.01 11:56 B C:\Mukta\current\clients\Xml\saxon\org\w3c\dom\entitydeclaration.java <-- nitro.isi.edu /nfs/isd2/mchitnis/current/clients/Xml/saxon/org/w3c/dom entitydeclaration.java
2001.06.01 11:56 B C:\Mukta\current\clients\Xml\saxon\org\w3c\dom\entityreference.class <-- nitro.isi.edu /nfs/isd2/mchitnis/current/clients/Xml/saxon/org/w3c/dom entityreference.class
2001.06.01 11:56 B C:\Mukta\current\clients\Xml\saxon\org\w3c\dom\entityreference.java <-- nitro.isi.edu /nfs/isd2/mchitnis/current/clients/Xml/saxon/org/w3c/dom entityreference.java
2001.06.01 11:56 B C:\Mukta\current\clients\Xml\saxon\org\w3c\dom\modelgroup.class <-- nitro.isi.edu /nfs/isd2/mchitnis/current/clients/Xml/saxon/org/w3c/dom modelgroup.class
2001.06.01 11:56 B C:\Mukta\current\clients\Xml\saxon\org\w3c\dom\modelgroup.java <-- nitro.isi.edu /nfs/isd2/mchitnis/current/clients/Xml/saxon/org/w3c/dom modelgroup.java
2001.06.01 11:56 B C:\Mukta\current\clients\Xml\saxon\org\w3c\dom\node.class <-- nitro.isi.edu /nfs/isd2/mchitnis/current/clients/Xml/saxon/org/w3c/dom node.class
2001.06.01 11:56 B C:\Mukta\current\clients\Xml\saxon\org\w3c\dom\node.java <-- nitro.isi.edu /nfs/isd2/mchitnis/current/clients/Xml/saxon/org/w3c/dom node.java
2001.06.01 11:56 B C:\Mukta\current\clients\Xml\saxon\org\w3c\dom\nodeiterator.class <-- nitro.isi.edu /nfs/isd2/mchitnis/current/clients/Xml/saxon/org/w3c/dom nodeiterator.class
2001.06.01 11:56 B C:\Mukta\current\clients\Xml\saxon\org\w3c\dom\nodeiterator.java <-- nitro.isi.edu /nfs/isd2/mchitnis/current/clients/Xml/saxon/org/w3c/dom nodeiterator.java
2001.06.01 11:56 B C:\Mukta\current\clients\Xml\saxon\org\w3c\dom\nosuchattributeexception.class <-- nitro.isi.edu /nfs/isd2/mchitnis/current/clients/Xml/saxon/org/w3c/dom nosuchattributeexception.class
2001.06.01 11:56 B C:\Mukta\current\clients\Xml\saxon\org\w3c\dom\nosuchattributeexception.java <-- nitro.isi.edu /nfs/isd2/mchitnis/current/clients/Xml/saxon/org/w3c/dom nosuchattributeexception.java
2001.06.01 11:56 B C:\Mukta\current\clients\Xml\saxon\org\w3c\dom\nosuchnodeexception.class <-- nitro.isi.edu /nfs/isd2/mchitnis/current/clients/Xml/saxon/org/w3c/dom nosuchnodeexception.class
2001.06.01 11:56 B C:\Mukta\current\clients\Xml\saxon\org\w3c\dom\nosuchnodeexception.java <-- nitro.isi.edu /nfs/isd2/mchitnis/current/clients/Xml/saxon/org/w3c/dom nosuchnodeexception.java
2001.06.01 11:56 B C:\Mukta\current\clients\Xml\saxon\org\w3c\dom\notation.class <-- nitro.isi.edu /nfs/isd2/mchitnis/current/clients/Xml/saxon/org/w3c/dom notation.class
2001.06.01 11:56 B C:\Mukta\current\clients\Xml\saxon\org\w3c\dom\notation.java <-- nitro.isi.edu /nfs/isd2/mchitnis/current/clients/Xml/saxon/org/w3c/dom notation.java
2001.06.01 11:56 B C:\Mukta\current\clients\Xml\saxon\org\w3c\dom\notmychildexception.class <-- nitro.isi.edu /nfs/isd2/mchitnis/current/clients/Xml/saxon/org/w3c/dom notmychildexception.class
2001.06.01 11:56 B C:\Mukta\current\clients\Xml\saxon\org\w3c\dom\notmychildexception.java <-- nitro.isi.edu /nfs/isd2/mchitnis/current/clients/Xml/saxon/org/w3c/dom notmychildexception.java
2001.06.01 11:56 B C:\Mukta\current\clients\Xml\saxon\org\w3c\dom\pcdatatoken.class <-- nitro.isi.edu /nfs/isd2/mchitnis/current/clients/Xml/saxon/org/w3c/dom pcdatatoken.class
2001.06.01 11:56 B C:\Mukta\current\clients\Xml\saxon\org\w3c\dom\pcdatatoken.java <-- nitro.isi.edu /nfs/isd2/mchitnis/current/clients/Xml/saxon/org/w3c/dom pcdatatoken.java
2001.06.01 11:56 B C:\Mukta\current\clients\Xml\saxon\org\w3c\dom\pi.class <-- nitro.isi.edu /nfs/isd2/mchitnis/current/clients/Xml/saxon/org/w3c/dom pi.class
2001.06.01 11:56 B C:\Mukta\current\clients\Xml\saxon\org\w3c\dom\pi.java <-- nitro.isi.edu /nfs/isd2/mchitnis/current/clients/Xml/saxon/org/w3c/dom pi.java
2001.06.01 11:56 B C:\Mukta\current\clients\Xml\saxon\org\w3c\dom\text.class <-- nitro.isi.edu /nfs/isd2/mchitnis/current/clients/Xml/saxon/org/w3c/dom text.class
2001.06.01 11:56 B C:\Mukta\current\clients\Xml\saxon\org\w3c\dom\text.java <-- nitro.isi.edu /nfs/isd2/mchitnis/current/clients/Xml/saxon/org/w3c/dom text.java
2001.06.01 11:56 B C:\Mukta\current\clients\Xml\saxon\org\w3c\dom\treeiterator.class <-- nitro.isi.edu /nfs/isd2/mchitnis/current/clients/Xml/saxon/org/w3c/dom treeiterator.class
2001.06.01 11:56 B C:\Mukta\current\clients\Xml\saxon\org\w3c\dom\treeiterator.java <-- nitro.isi.edu /nfs/isd2/mchitnis/current/clients/Xml/saxon/org/w3c/dom treeiterator.java
2001.06.01 11:56 B C:\Mukta\current\clients\Xml\saxon\org\w3c\dom\xmlnode.class <-- nitro.isi.edu /nfs/isd2/mchitnis/current/clients/Xml/saxon/org/w3c/dom xmlnode.class
2001.06.01 11:56 B C:\Mukta\current\clients\Xml\saxon\org\w3c\dom\xmlnode.java <-- nitro.isi.edu /nfs/isd2/mchitnis/current/clients/Xml/saxon/org/w3c/dom xmlnode.java
