2001.11.03 15:49 B C:\Mukta\current\clients\EMeD\classes\Tree\capabilityOrganizer$1.class --> aludra.usc.edu /auto/home-scf-06/mchitnis/EMeD/classes/Tree capabilityOrganizer$1.class
2001.11.03 15:49 B C:\Mukta\current\clients\EMeD\classes\Tree\capabilityOrganizer$2.class --> aludra.usc.edu /auto/home-scf-06/mchitnis/EMeD/classes/Tree capabilityOrganizer$2.class
2001.11.03 15:49 B C:\Mukta\current\clients\EMeD\classes\Tree\capabilityOrganizer$copyCapListener.class --> aludra.usc.edu /auto/home-scf-06/mchitnis/EMeD/classes/Tree capabilityOrganizer$copyCapListener.class
2001.11.03 15:49 B C:\Mukta\current\clients\EMeD\classes\Tree\capabilityOrganizer$editListener.class --> aludra.usc.edu /auto/home-scf-06/mchitnis/EMeD/classes/Tree capabilityOrganizer$editListener.class
2001.11.03 15:49 B C:\Mukta\current\clients\EMeD\classes\Tree\capabilityOrganizer$selectListener.class --> aludra.usc.edu /auto/home-scf-06/mchitnis/EMeD/classes/Tree capabilityOrganizer$selectListener.class
2001.11.03 15:49 B C:\Mukta\current\clients\EMeD\classes\Tree\capabilityOrganizer$showListener.class --> aludra.usc.edu /auto/home-scf-06/mchitnis/EMeD/classes/Tree capabilityOrganizer$showListener.class
2001.11.03 15:49 B C:\Mukta\current\clients\EMeD\classes\Tree\capabilityOrganizer.class --> aludra.usc.edu /auto/home-scf-06/mchitnis/EMeD/classes/Tree capabilityOrganizer.class
2001.11.03 15:49 B C:\Mukta\current\clients\EMeD\classes\Tree\capOrgRenderer$1.class --> aludra.usc.edu /auto/home-scf-06/mchitnis/EMeD/classes/Tree capOrgRenderer$1.class
2001.11.03 15:49 B C:\Mukta\current\clients\EMeD\classes\Tree\capOrgRenderer$goalHandler.class --> aludra.usc.edu /auto/home-scf-06/mchitnis/EMeD/classes/Tree capOrgRenderer$goalHandler.class
2001.11.03 15:49 B C:\Mukta\current\clients\EMeD\classes\Tree\capOrgRenderer$nodeHandler.class --> aludra.usc.edu /auto/home-scf-06/mchitnis/EMeD/classes/Tree capOrgRenderer$nodeHandler.class
2001.11.03 15:49 B C:\Mukta\current\clients\EMeD\classes\Tree\capOrgRenderer.class --> aludra.usc.edu /auto/home-scf-06/mchitnis/EMeD/classes/Tree capOrgRenderer.class
2001.11.03 15:49 B C:\Mukta\current\clients\EMeD\classes\Tree\editMethodFrame$cancelListener.class --> aludra.usc.edu /auto/home-scf-06/mchitnis/EMeD/classes/Tree editMethodFrame$cancelListener.class
2001.11.03 15:49 B C:\Mukta\current\clients\EMeD\classes\Tree\editMethodFrame$doneEditListener.class --> aludra.usc.edu /auto/home-scf-06/mchitnis/EMeD/classes/Tree editMethodFrame$doneEditListener.class
2001.11.03 15:49 B C:\Mukta\current\clients\EMeD\classes\Tree\editMethodFrame.class --> aludra.usc.edu /auto/home-scf-06/mchitnis/EMeD/classes/Tree editMethodFrame.class
2001.11.03 15:49 B C:\Mukta\current\clients\EMeD\classes\Tree\editResponseRenderer$definitionHandler.class --> aludra.usc.edu /auto/home-scf-06/mchitnis/EMeD/classes/Tree editResponseRenderer$definitionHandler.class
2001.11.03 15:49 B C:\Mukta\current\clients\EMeD\classes\Tree\editResponseRenderer$errorHandler.class --> aludra.usc.edu /auto/home-scf-06/mchitnis/EMeD/classes/Tree editResponseRenderer$errorHandler.class
2001.11.03 15:49 B C:\Mukta\current\clients\EMeD\classes\Tree\editResponseRenderer$responseHandler.class --> aludra.usc.edu /auto/home-scf-06/mchitnis/EMeD/classes/Tree editResponseRenderer$responseHandler.class
2001.11.03 15:49 B C:\Mukta\current\clients\EMeD\classes\Tree\editResponseRenderer.class --> aludra.usc.edu /auto/home-scf-06/mchitnis/EMeD/classes/Tree editResponseRenderer.class
2001.11.03 15:49 B C:\Mukta\current\clients\EMeD\classes\Tree\expandableTree$copyTreeListener.class --> aludra.usc.edu /auto/home-scf-06/mchitnis/EMeD/classes/Tree expandableTree$copyTreeListener.class
2001.11.03 15:49 B C:\Mukta\current\clients\EMeD\classes\Tree\expandableTree$getSubTreeListener.class --> aludra.usc.edu /auto/home-scf-06/mchitnis/EMeD/classes/Tree expandableTree$getSubTreeListener.class
2001.11.03 15:49 B C:\Mukta\current\clients\EMeD\classes\Tree\expandableTree.class --> aludra.usc.edu /auto/home-scf-06/mchitnis/EMeD/classes/Tree expandableTree.class
2001.11.03 15:49 B C:\Mukta\current\clients\EMeD\classes\Tree\expandableTreeCellRenderer.class --> aludra.usc.edu /auto/home-scf-06/mchitnis/EMeD/classes/Tree expandableTreeCellRenderer.class
2001.11.03 15:49 B C:\Mukta\current\clients\EMeD\classes\Tree\expandableTreeModel.class --> aludra.usc.edu /auto/home-scf-06/mchitnis/EMeD/classes/Tree expandableTreeModel.class
2001.11.03 15:49 B C:\Mukta\current\clients\EMeD\classes\Tree\expandableTreeNode.class --> aludra.usc.edu /auto/home-scf-06/mchitnis/EMeD/classes/Tree expandableTreeNode.class
2001.11.03 15:49 B C:\Mukta\current\clients\EMeD\classes\Tree\expandableTreePanel$1.class --> aludra.usc.edu /auto/home-scf-06/mchitnis/EMeD/classes/Tree expandableTreePanel$1.class
2001.11.03 15:49 B C:\Mukta\current\clients\EMeD\classes\Tree\expandableTreePanel$getSubTreeListener$okListener.class --> aludra.usc.edu /auto/home-scf-06/mchitnis/EMeD/classes/Tree expandableTreePanel$getSubTreeListener$okListener.class
2001.11.03 15:49 B C:\Mukta\current\clients\EMeD\classes\Tree\expandableTreePanel$getSubTreeListener.class --> aludra.usc.edu /auto/home-scf-06/mchitnis/EMeD/classes/Tree expandableTreePanel$getSubTreeListener.class
2001.11.03 15:49 B C:\Mukta\current\clients\EMeD\classes\Tree\expandableTreePanel.class --> aludra.usc.edu /auto/home-scf-06/mchitnis/EMeD/classes/Tree expandableTreePanel.class
2001.11.03 15:49 B C:\Mukta\current\clients\EMeD\classes\Tree\expectTreeCellRenderer.class --> aludra.usc.edu /auto/home-scf-06/mchitnis/EMeD/classes/Tree expectTreeCellRenderer.class
2001.11.03 15:49 B C:\Mukta\current\clients\EMeD\classes\Tree\highlightedMethodListCellRenderer.class --> aludra.usc.edu /auto/home-scf-06/mchitnis/EMeD/classes/Tree highlightedMethodListCellRenderer.class
2001.11.03 15:49 B C:\Mukta\current\clients\EMeD\classes\Tree\messageFrame$1.class --> aludra.usc.edu /auto/home-scf-06/mchitnis/EMeD/classes/Tree messageFrame$1.class
2001.11.03 15:49 B C:\Mukta\current\clients\EMeD\classes\Tree\messageFrame.class --> aludra.usc.edu /auto/home-scf-06/mchitnis/EMeD/classes/Tree messageFrame.class
2001.11.03 15:49 B C:\Mukta\current\clients\EMeD\classes\Tree\messageListCellRenderer.class --> aludra.usc.edu /auto/home-scf-06/mchitnis/EMeD/classes/Tree messageListCellRenderer.class
2001.11.03 15:49 B C:\Mukta\current\clients\EMeD\classes\Tree\messageListRenderer$agendaHandler.class --> aludra.usc.edu /auto/home-scf-06/mchitnis/EMeD/classes/Tree messageListRenderer$agendaHandler.class
2001.11.03 15:49 B C:\Mukta\current\clients\EMeD\classes\Tree\messageListRenderer$agendaListHandler.class --> aludra.usc.edu /auto/home-scf-06/mchitnis/EMeD/classes/Tree messageListRenderer$agendaListHandler.class
2001.11.03 15:49 B C:\Mukta\current\clients\EMeD\classes\Tree\messageListRenderer$errorHandler.class --> aludra.usc.edu /auto/home-scf-06/mchitnis/EMeD/classes/Tree messageListRenderer$errorHandler.class
2001.11.03 15:49 B C:\Mukta\current\clients\EMeD\classes\Tree\messageListRenderer$relatedErrorHandler.class --> aludra.usc.edu /auto/home-scf-06/mchitnis/EMeD/classes/Tree messageListRenderer$relatedErrorHandler.class
2001.11.03 15:49 B C:\Mukta\current\clients\EMeD\classes\Tree\messageListRenderer$solutionHandler.class --> aludra.usc.edu /auto/home-scf-06/mchitnis/EMeD/classes/Tree messageListRenderer$solutionHandler.class
2001.11.03 15:49 B C:\Mukta\current\clients\EMeD\classes\Tree\messageListRenderer$solutionListHandler.class --> aludra.usc.edu /auto/home-scf-06/mchitnis/EMeD/classes/Tree messageListRenderer$solutionListHandler.class
2001.11.03 15:49 B C:\Mukta\current\clients\EMeD\classes\Tree\messageListRenderer.class --> aludra.usc.edu /auto/home-scf-06/mchitnis/EMeD/classes/Tree messageListRenderer.class
2001.11.03 15:49 B C:\Mukta\current\clients\EMeD\classes\Tree\messagePanel$1.class --> aludra.usc.edu /auto/home-scf-06/mchitnis/EMeD/classes/Tree messagePanel$1.class
2001.11.03 15:49 B C:\Mukta\current\clients\EMeD\classes\Tree\messagePanel$2.class --> aludra.usc.edu /auto/home-scf-06/mchitnis/EMeD/classes/Tree messagePanel$2.class
2001.11.03 15:49 B C:\Mukta\current\clients\EMeD\classes\Tree\messagePanel$3.class --> aludra.usc.edu /auto/home-scf-06/mchitnis/EMeD/classes/Tree messagePanel$3.class
2001.11.03 15:49 B C:\Mukta\current\clients\EMeD\classes\Tree\messagePanel$4.class --> aludra.usc.edu /auto/home-scf-06/mchitnis/EMeD/classes/Tree messagePanel$4.class
2001.11.03 15:49 B C:\Mukta\current\clients\EMeD\classes\Tree\messagePanel$dismissListener.class --> aludra.usc.edu /auto/home-scf-06/mchitnis/EMeD/classes/Tree messagePanel$dismissListener.class
2001.11.03 15:49 B C:\Mukta\current\clients\EMeD\classes\Tree\messagePanel$messageNodeSelectListener.class --> aludra.usc.edu /auto/home-scf-06/mchitnis/EMeD/classes/Tree messagePanel$messageNodeSelectListener.class
2001.11.03 15:49 B C:\Mukta\current\clients\EMeD\classes\Tree\messagePanel$MethodRelationErrorsListener.class --> aludra.usc.edu /auto/home-scf-06/mchitnis/EMeD/classes/Tree messagePanel$MethodRelationErrorsListener.class
2001.11.03 15:49 B C:\Mukta\current\clients\EMeD\classes\Tree\messagePanel$refreshListener.class --> aludra.usc.edu /auto/home-scf-06/mchitnis/EMeD/classes/Tree messagePanel$refreshListener.class
2001.11.03 15:49 B C:\Mukta\current\clients\EMeD\classes\Tree\messagePanel.class --> aludra.usc.edu /auto/home-scf-06/mchitnis/EMeD/classes/Tree messagePanel.class
2001.11.03 15:49 B C:\Mukta\current\clients\EMeD\classes\Tree\methodListCellRenderer.class --> aludra.usc.edu /auto/home-scf-06/mchitnis/EMeD/classes/Tree methodListCellRenderer.class
2001.11.03 15:49 B C:\Mukta\current\clients\EMeD\classes\Tree\methodListPanel$1.class --> aludra.usc.edu /auto/home-scf-06/mchitnis/EMeD/classes/Tree methodListPanel$1.class
2001.11.03 15:49 B C:\Mukta\current\clients\EMeD\classes\Tree\methodListPanel$2.class --> aludra.usc.edu /auto/home-scf-06/mchitnis/EMeD/classes/Tree methodListPanel$2.class
2001.11.03 15:49 B C:\Mukta\current\clients\EMeD\classes\Tree\methodListPanel$addNew1Listener.class --> aludra.usc.edu /auto/home-scf-06/mchitnis/EMeD/classes/Tree methodListPanel$addNew1Listener.class
2001.11.03 15:49 B C:\Mukta\current\clients\EMeD\classes\Tree\methodListPanel$addNewListener.class --> aludra.usc.edu /auto/home-scf-06/mchitnis/EMeD/classes/Tree methodListPanel$addNewListener.class
2001.11.03 15:49 B C:\Mukta\current\clients\EMeD\classes\Tree\methodListPanel$copyAndCreateListener.class --> aludra.usc.edu /auto/home-scf-06/mchitnis/EMeD/classes/Tree methodListPanel$copyAndCreateListener.class
2001.11.03 15:49 B C:\Mukta\current\clients\EMeD\classes\Tree\methodListPanel$createLabelListener.class --> aludra.usc.edu /auto/home-scf-06/mchitnis/EMeD/classes/Tree methodListPanel$createLabelListener.class
2001.11.03 15:49 B C:\Mukta\current\clients\EMeD\classes\Tree\methodListPanel$cutListener.class --> aludra.usc.edu /auto/home-scf-06/mchitnis/EMeD/classes/Tree methodListPanel$cutListener.class
2001.11.03 15:49 B C:\Mukta\current\clients\EMeD\classes\Tree\methodListPanel$deleteListener.class --> aludra.usc.edu /auto/home-scf-06/mchitnis/EMeD/classes/Tree methodListPanel$deleteListener.class
2001.11.03 15:49 B C:\Mukta\current\clients\EMeD\classes\Tree\methodListPanel$embraceIntoListener.class --> aludra.usc.edu /auto/home-scf-06/mchitnis/EMeD/classes/Tree methodListPanel$embraceIntoListener.class
2001.11.03 15:49 B C:\Mukta\current\clients\EMeD\classes\Tree\methodListPanel$modifyInNLListener.class --> aludra.usc.edu /auto/home-scf-06/mchitnis/EMeD/classes/Tree methodListPanel$modifyInNLListener.class
2001.11.03 15:49 B C:\Mukta\current\clients\EMeD\classes\Tree\methodListPanel$modifyListener.class --> aludra.usc.edu /auto/home-scf-06/mchitnis/EMeD/classes/Tree methodListPanel$modifyListener.class
2001.11.03 15:49 B C:\Mukta\current\clients\EMeD\classes\Tree\methodListPanel$NLEditorListener.class --> aludra.usc.edu /auto/home-scf-06/mchitnis/EMeD/classes/Tree methodListPanel$NLEditorListener.class
2001.11.03 15:49 B C:\Mukta\current\clients\EMeD\classes\Tree\methodListPanel$pasteBeforeListener.class --> aludra.usc.edu /auto/home-scf-06/mchitnis/EMeD/classes/Tree methodListPanel$pasteBeforeListener.class
2001.11.03 15:49 B C:\Mukta\current\clients\EMeD\classes\Tree\methodListPanel$pasteListener.class --> aludra.usc.edu /auto/home-scf-06/mchitnis/EMeD/classes/Tree methodListPanel$pasteListener.class
2001.11.03 15:49 B C:\Mukta\current\clients\EMeD\classes\Tree\methodListPanel$reloadListener.class --> aludra.usc.edu /auto/home-scf-06/mchitnis/EMeD/classes/Tree methodListPanel$reloadListener.class
2001.11.03 15:49 B C:\Mukta\current\clients\EMeD\classes\Tree\methodListPanel$showErrorListener.class --> aludra.usc.edu /auto/home-scf-06/mchitnis/EMeD/classes/Tree methodListPanel$showErrorListener.class
2001.11.03 15:49 B C:\Mukta\current\clients\EMeD\classes\Tree\methodListPanel$showNLListener.class --> aludra.usc.edu /auto/home-scf-06/mchitnis/EMeD/classes/Tree methodListPanel$showNLListener.class
2001.11.03 15:49 B C:\Mukta\current\clients\EMeD\classes\Tree\methodListPanel.class --> aludra.usc.edu /auto/home-scf-06/mchitnis/EMeD/classes/Tree methodListPanel.class
2001.11.03 15:49 B C:\Mukta\current\clients\EMeD\classes\Tree\methodListRenderer$methodNameHandler.class --> aludra.usc.edu /auto/home-scf-06/mchitnis/EMeD/classes/Tree methodListRenderer$methodNameHandler.class
2001.11.03 15:49 B C:\Mukta\current\clients\EMeD\classes\Tree\methodListRenderer.class --> aludra.usc.edu /auto/home-scf-06/mchitnis/EMeD/classes/Tree methodListRenderer.class
2001.11.03 15:49 B C:\Mukta\current\clients\EMeD\classes\Tree\renderer$passiveHandler.class --> aludra.usc.edu /auto/home-scf-06/mchitnis/EMeD/classes/Tree renderer$passiveHandler.class
2001.11.03 15:49 B C:\Mukta\current\clients\EMeD\classes\Tree\renderer.class --> aludra.usc.edu /auto/home-scf-06/mchitnis/EMeD/classes/Tree renderer.class
2001.11.03 15:49 B C:\Mukta\current\clients\EMeD\classes\Tree\resultPanel$1.class --> aludra.usc.edu /auto/home-scf-06/mchitnis/EMeD/classes/Tree resultPanel$1.class
2001.11.03 15:49 B C:\Mukta\current\clients\EMeD\classes\Tree\resultPanel.class --> aludra.usc.edu /auto/home-scf-06/mchitnis/EMeD/classes/Tree resultPanel.class
2001.11.03 15:49 B C:\Mukta\current\clients\EMeD\classes\Tree\searchMethodsRenderer$initHandler.class --> aludra.usc.edu /auto/home-scf-06/mchitnis/EMeD/classes/Tree searchMethodsRenderer$initHandler.class
2001.11.03 15:49 B C:\Mukta\current\clients\EMeD\classes\Tree\searchMethodsRenderer$initPotentialHandler.class --> aludra.usc.edu /auto/home-scf-06/mchitnis/EMeD/classes/Tree searchMethodsRenderer$initPotentialHandler.class
2001.11.03 15:49 B C:\Mukta\current\clients\EMeD\classes\Tree\searchMethodsRenderer$keywordHandler.class --> aludra.usc.edu /auto/home-scf-06/mchitnis/EMeD/classes/Tree searchMethodsRenderer$keywordHandler.class
2001.11.03 15:49 B C:\Mukta\current\clients\EMeD\classes\Tree\searchMethodsRenderer$keywordsHandler.class --> aludra.usc.edu /auto/home-scf-06/mchitnis/EMeD/classes/Tree searchMethodsRenderer$keywordsHandler.class
2001.11.03 15:49 B C:\Mukta\current\clients\EMeD\classes\Tree\searchMethodsRenderer$methodNameHandler.class --> aludra.usc.edu /auto/home-scf-06/mchitnis/EMeD/classes/Tree searchMethodsRenderer$methodNameHandler.class
2001.11.03 15:49 B C:\Mukta\current\clients\EMeD\classes\Tree\searchMethodsRenderer$passiveHandler.class --> aludra.usc.edu /auto/home-scf-06/mchitnis/EMeD/classes/Tree searchMethodsRenderer$passiveHandler.class
2001.11.03 15:49 B C:\Mukta\current\clients\EMeD\classes\Tree\searchMethodsRenderer$rfmlHandler.class --> aludra.usc.edu /auto/home-scf-06/mchitnis/EMeD/classes/Tree searchMethodsRenderer$rfmlHandler.class
2001.11.03 15:49 B C:\Mukta\current\clients\EMeD\classes\Tree\searchMethodsRenderer$rfmlResultItemHandler.class --> aludra.usc.edu /auto/home-scf-06/mchitnis/EMeD/classes/Tree searchMethodsRenderer$rfmlResultItemHandler.class
2001.11.03 15:49 B C:\Mukta\current\clients\EMeD\classes\Tree\searchMethodsRenderer.class --> aludra.usc.edu /auto/home-scf-06/mchitnis/EMeD/classes/Tree searchMethodsRenderer.class
2001.11.03 15:49 B C:\Mukta\current\clients\EMeD\classes\Tree\searchPanel$1.class --> aludra.usc.edu /auto/home-scf-06/mchitnis/EMeD/classes/Tree searchPanel$1.class
2001.11.03 15:49 B C:\Mukta\current\clients\EMeD\classes\Tree\searchPanel$copyCapListener.class --> aludra.usc.edu /auto/home-scf-06/mchitnis/EMeD/classes/Tree searchPanel$copyCapListener.class
2001.11.03 15:49 B C:\Mukta\current\clients\EMeD\classes\Tree\searchPanel$searchListener.class --> aludra.usc.edu /auto/home-scf-06/mchitnis/EMeD/classes/Tree searchPanel$searchListener.class
2001.11.03 15:49 B C:\Mukta\current\clients\EMeD\classes\Tree\searchPanel$searchOnRFMLListener.class --> aludra.usc.edu /auto/home-scf-06/mchitnis/EMeD/classes/Tree searchPanel$searchOnRFMLListener.class
2001.11.03 15:49 B C:\Mukta\current\clients\EMeD\classes\Tree\searchPanel$searchOnSubsumeesListener.class --> aludra.usc.edu /auto/home-scf-06/mchitnis/EMeD/classes/Tree searchPanel$searchOnSubsumeesListener.class
2001.11.03 15:49 B C:\Mukta\current\clients\EMeD\classes\Tree\searchPanel$searchOnSubsumersListener.class --> aludra.usc.edu /auto/home-scf-06/mchitnis/EMeD/classes/Tree searchPanel$searchOnSubsumersListener.class
2001.11.03 15:49 B C:\Mukta\current\clients\EMeD\classes\Tree\searchPanel$selectListener.class --> aludra.usc.edu /auto/home-scf-06/mchitnis/EMeD/classes/Tree searchPanel$selectListener.class
2001.11.03 15:49 B C:\Mukta\current\clients\EMeD\classes\Tree\searchPanel.class --> aludra.usc.edu /auto/home-scf-06/mchitnis/EMeD/classes/Tree searchPanel.class
2001.11.03 15:49 B C:\Mukta\current\clients\EMeD\classes\Tree\setTopGoalPanel$1.class --> aludra.usc.edu /auto/home-scf-06/mchitnis/EMeD/classes/Tree setTopGoalPanel$1.class
2001.11.03 15:49 B C:\Mukta\current\clients\EMeD\classes\Tree\setTopGoalPanel$okListener.class --> aludra.usc.edu /auto/home-scf-06/mchitnis/EMeD/classes/Tree setTopGoalPanel$okListener.class
2001.11.03 15:49 B C:\Mukta\current\clients\EMeD\classes\Tree\setTopGoalPanel.class --> aludra.usc.edu /auto/home-scf-06/mchitnis/EMeD/classes/Tree setTopGoalPanel.class
2001.11.03 15:49 B C:\Mukta\current\clients\EMeD\classes\Tree\subTreeFrame$1.class --> aludra.usc.edu /auto/home-scf-06/mchitnis/EMeD/classes/Tree subTreeFrame$1.class
2001.11.03 15:49 B C:\Mukta\current\clients\EMeD\classes\Tree\subTreeFrame$okListener.class --> aludra.usc.edu /auto/home-scf-06/mchitnis/EMeD/classes/Tree subTreeFrame$okListener.class
2001.11.03 15:49 B C:\Mukta\current\clients\EMeD\classes\Tree\subTreeFrame.class --> aludra.usc.edu /auto/home-scf-06/mchitnis/EMeD/classes/Tree subTreeFrame.class
2001.11.03 15:49 B C:\Mukta\current\clients\EMeD\classes\Tree\textEditMethodFrame$cancel1Listener.class --> aludra.usc.edu /auto/home-scf-06/mchitnis/EMeD/classes/Tree textEditMethodFrame$cancel1Listener.class
2001.11.03 15:49 B C:\Mukta\current\clients\EMeD\classes\Tree\textEditMethodFrame$doneEdit1Listener.class --> aludra.usc.edu /auto/home-scf-06/mchitnis/EMeD/classes/Tree textEditMethodFrame$doneEdit1Listener.class
2001.11.03 15:49 B C:\Mukta\current\clients\EMeD\classes\Tree\textEditMethodFrame.class --> aludra.usc.edu /auto/home-scf-06/mchitnis/EMeD/classes/Tree textEditMethodFrame.class
2001.11.03 15:49 B C:\Mukta\current\clients\EMeD\classes\Tree\treePanel$1.class --> aludra.usc.edu /auto/home-scf-06/mchitnis/EMeD/classes/Tree treePanel$1.class
2001.11.03 15:49 B C:\Mukta\current\clients\EMeD\classes\Tree\treePanel$copyCapListener.class --> aludra.usc.edu /auto/home-scf-06/mchitnis/EMeD/classes/Tree treePanel$copyCapListener.class
2001.11.03 15:49 B C:\Mukta\current\clients\EMeD\classes\Tree\treePanel$selectListener.class --> aludra.usc.edu /auto/home-scf-06/mchitnis/EMeD/classes/Tree treePanel$selectListener.class
2001.11.03 15:49 B C:\Mukta\current\clients\EMeD\classes\Tree\treePanel$showListener.class --> aludra.usc.edu /auto/home-scf-06/mchitnis/EMeD/classes/Tree treePanel$showListener.class
2001.11.03 15:49 B C:\Mukta\current\clients\EMeD\classes\Tree\treePanel.class --> aludra.usc.edu /auto/home-scf-06/mchitnis/EMeD/classes/Tree treePanel.class
2001.11.03 15:49 B C:\Mukta\current\clients\EMeD\classes\Tree\treeRenderer$1.class --> aludra.usc.edu /auto/home-scf-06/mchitnis/EMeD/classes/Tree treeRenderer$1.class
2001.11.03 15:49 B C:\Mukta\current\clients\EMeD\classes\Tree\treeRenderer$conceptHandler.class --> aludra.usc.edu /auto/home-scf-06/mchitnis/EMeD/classes/Tree treeRenderer$conceptHandler.class
2001.11.03 15:49 B C:\Mukta\current\clients\EMeD\classes\Tree\treeRenderer$nameHandler.class --> aludra.usc.edu /auto/home-scf-06/mchitnis/EMeD/classes/Tree treeRenderer$nameHandler.class
2001.11.03 15:49 B C:\Mukta\current\clients\EMeD\classes\Tree\treeRenderer$nodeHandler.class --> aludra.usc.edu /auto/home-scf-06/mchitnis/EMeD/classes/Tree treeRenderer$nodeHandler.class
2001.11.03 15:49 B C:\Mukta\current\clients\EMeD\classes\Tree\treeRenderer$NSElementHandlerBase.class --> aludra.usc.edu /auto/home-scf-06/mchitnis/EMeD/classes/Tree treeRenderer$NSElementHandlerBase.class
2001.11.03 15:49 B C:\Mukta\current\clients\EMeD\classes\Tree\treeRenderer.class --> aludra.usc.edu /auto/home-scf-06/mchitnis/EMeD/classes/Tree treeRenderer.class
2001.11.03 15:49 B C:\Mukta\current\clients\EMeD\classes\Tree\undefinedGoalListCellRenderer.class --> aludra.usc.edu /auto/home-scf-06/mchitnis/EMeD/classes/Tree undefinedGoalListCellRenderer.class
2001.11.03 15:49 B C:\Mukta\current\clients\EMeD\classes\Tree\undefinedGoalListPanel$1.class --> aludra.usc.edu /auto/home-scf-06/mchitnis/EMeD/classes/Tree undefinedGoalListPanel$1.class
2001.11.03 15:49 B C:\Mukta\current\clients\EMeD\classes\Tree\undefinedGoalListPanel$createMethodListener.class --> aludra.usc.edu /auto/home-scf-06/mchitnis/EMeD/classes/Tree undefinedGoalListPanel$createMethodListener.class
2001.11.03 15:49 B C:\Mukta\current\clients\EMeD\classes\Tree\undefinedGoalListPanel.class --> aludra.usc.edu /auto/home-scf-06/mchitnis/EMeD/classes/Tree undefinedGoalListPanel.class
2001.11.03 15:49 B C:\Mukta\current\clients\EMeD\classes\Tree\undefinedGoalListRenderer$GoalHandler.class --> aludra.usc.edu /auto/home-scf-06/mchitnis/EMeD/classes/Tree undefinedGoalListRenderer$GoalHandler.class
2001.11.03 15:49 B C:\Mukta\current\clients\EMeD\classes\Tree\undefinedGoalListRenderer$rfmlsHandler.class --> aludra.usc.edu /auto/home-scf-06/mchitnis/EMeD/classes/Tree undefinedGoalListRenderer$rfmlsHandler.class
2001.11.03 15:49 B C:\Mukta\current\clients\EMeD\classes\Tree\undefinedGoalListRenderer.class --> aludra.usc.edu /auto/home-scf-06/mchitnis/EMeD/classes/Tree undefinedGoalListRenderer.class
2001.11.03 15:49 B C:\Mukta\current\clients\EMeD\classes\Tree\ViewFrame$okListener.class --> aludra.usc.edu /auto/home-scf-06/mchitnis/EMeD/classes/Tree ViewFrame$okListener.class
2001.11.03 15:49 B C:\Mukta\current\clients\EMeD\classes\Tree\ViewFrame.class --> aludra.usc.edu /auto/home-scf-06/mchitnis/EMeD/classes/Tree ViewFrame.class
