2001.06.01 11:55 B C:\Mukta\current\clients\psm tool-mpai\activetext.java <-- nitro.isi.edu /nfs/isd2/mchitnis/current/clients/psm tool-mpai activetext.java
2001.06.01 11:55 B C:\Mukta\current\clients\psm tool-mpai\activetext.java~ <-- nitro.isi.edu /nfs/isd2/mchitnis/current/clients/psm tool-mpai activetext.java~
2001.06.01 11:55 B C:\Mukta\current\clients\psm tool-mpai\critiquewizard.java <-- nitro.isi.edu /nfs/isd2/mchitnis/current/clients/psm tool-mpai critiquewizard.java
2001.06.01 11:55 B C:\Mukta\current\clients\psm tool-mpai\gclass.java <-- nitro.isi.edu /nfs/isd2/mchitnis/current/clients/psm tool-mpai gclass.java
2001.06.01 11:55 B C:\Mukta\current\clients\psm tool-mpai\gnumakefile <-- nitro.isi.edu /nfs/isd2/mchitnis/current/clients/psm tool-mpai gnumakefile
2001.06.01 11:55 B C:\Mukta\current\clients\psm tool-mpai\gnumakefile~ <-- nitro.isi.edu /nfs/isd2/mchitnis/current/clients/psm tool-mpai gnumakefile~
2001.06.01 11:55 B C:\Mukta\current\clients\psm tool-mpai\instanceeditor.java <-- nitro.isi.edu /nfs/isd2/mchitnis/current/clients/psm tool-mpai instanceeditor.java
2001.06.01 11:55 B C:\Mukta\current\clients\psm tool-mpai\kagrammartool.java <-- nitro.isi.edu /nfs/isd2/mchitnis/current/clients/psm tool-mpai kagrammartool.java
2001.06.01 11:55 B C:\Mukta\current\clients\psm tool-mpai\katool.java <-- nitro.isi.edu /nfs/isd2/mchitnis/current/clients/psm tool-mpai katool.java
2001.06.01 11:55 B C:\Mukta\current\clients\psm tool-mpai\listchoices.java <-- nitro.isi.edu /nfs/isd2/mchitnis/current/clients/psm tool-mpai listchoices.java
2001.06.01 11:55 B C:\Mukta\current\clients\psm tool-mpai\listchoices.java-11-27 <-- nitro.isi.edu /nfs/isd2/mchitnis/current/clients/psm tool-mpai listchoices.java-11-27
2001.06.01 11:55 B C:\Mukta\current\clients\psm tool-mpai\listchoices.java~ <-- nitro.isi.edu /nfs/isd2/mchitnis/current/clients/psm tool-mpai listchoices.java~
2001.06.01 11:55 B C:\Mukta\current\clients\psm tool-mpai\methodeditor.java <-- nitro.isi.edu /nfs/isd2/mchitnis/current/clients/psm tool-mpai methodeditor.java
2001.06.01 11:55 B C:\Mukta\current\clients\psm tool-mpai\methodeditor.java-11-27 <-- nitro.isi.edu /nfs/isd2/mchitnis/current/clients/psm tool-mpai methodeditor.java-11-27
2001.06.01 11:55 B C:\Mukta\current\clients\psm tool-mpai\methodeditor.java-7-12 <-- nitro.isi.edu /nfs/isd2/mchitnis/current/clients/psm tool-mpai methodeditor.java-7-12
2001.06.01 11:55 B C:\Mukta\current\clients\psm tool-mpai\methodeditor.java~ <-- nitro.isi.edu /nfs/isd2/mchitnis/current/clients/psm tool-mpai methodeditor.java~
2001.06.01 11:55 B C:\Mukta\current\clients\psm tool-mpai\notes <-- nitro.isi.edu /nfs/isd2/mchitnis/current/clients/psm tool-mpai notes
2001.06.01 11:55 B C:\Mukta\current\clients\psm tool-mpai\notes~ <-- nitro.isi.edu /nfs/isd2/mchitnis/current/clients/psm tool-mpai notes~
2001.06.01 11:55 B C:\Mukta\current\clients\psm tool-mpai\psmtool.java <-- nitro.isi.edu /nfs/isd2/mchitnis/current/clients/psm tool-mpai psmtool.java
2001.06.01 11:55 B C:\Mukta\current\clients\psm tool-mpai\relationeditor.java <-- nitro.isi.edu /nfs/isd2/mchitnis/current/clients/psm tool-mpai relationeditor.java
2001.06.01 11:55 B C:\Mukta\current\clients\psm tool-mpai\run-editor <-- nitro.isi.edu /nfs/isd2/mchitnis/current/clients/psm tool-mpai run-editor
2001.06.01 11:55 B C:\Mukta\current\clients\psm tool-mpai\run-editor~ <-- nitro.isi.edu /nfs/isd2/mchitnis/current/clients/psm tool-mpai run-editor~
2001.06.01 11:55 B C:\Mukta\current\clients\psm tool-mpai\runnit <-- nitro.isi.edu /nfs/isd2/mchitnis/current/clients/psm tool-mpai runnit
2001.06.01 11:55 B C:\Mukta\current\clients\psm tool-mpai\runnit~ <-- nitro.isi.edu /nfs/isd2/mchitnis/current/clients/psm tool-mpai runnit~
2001.06.01 11:55 B C:\Mukta\current\clients\psm tool-mpai\testlist.java <-- nitro.isi.edu /nfs/isd2/mchitnis/current/clients/psm tool-mpai testlist.java
2001.06.01 11:55 B C:\Mukta\current\clients\psm tool-mpai\top-level.lisp <-- nitro.isi.edu /nfs/isd2/mchitnis/current/clients/psm tool-mpai top-level.lisp
2001.06.01 11:55 B C:\Mukta\current\clients\psm tool-mpai\wizardline.java <-- nitro.isi.edu /nfs/isd2/mchitnis/current/clients/psm tool-mpai wizardline.java
2001.06.01 11:55 B C:\Mukta\current\clients\psm tool-mpai\wizardmenu.java <-- nitro.isi.edu /nfs/isd2/mchitnis/current/clients/psm tool-mpai wizardmenu.java
2001.06.01 11:55 B C:\Mukta\current\clients\psm tool-mpai\wizardmethodline.java <-- nitro.isi.edu /nfs/isd2/mchitnis/current/clients/psm tool-mpai wizardmethodline.java
2001.06.01 11:55 B C:\Mukta\current\clients\psm tool-mpai\wizardpanel.java <-- nitro.isi.edu /nfs/isd2/mchitnis/current/clients/psm tool-mpai wizardpanel.java
2001.06.01 11:55 B C:\Mukta\current\clients\psm tool-mpai\wizardreader.java <-- nitro.isi.edu /nfs/isd2/mchitnis/current/clients/psm tool-mpai wizardreader.java
2001.06.01 11:55 B C:\Mukta\current\clients\psm tool-mpai\wizardstep.java <-- nitro.isi.edu /nfs/isd2/mchitnis/current/clients/psm tool-mpai wizardstep.java
