2001.06.01 11:56 B C:\Mukta\current\clients\Xml\saxon\doc\aboutsaxon.html <-- nitro.isi.edu /nfs/isd2/mchitnis/current/clients/Xml/saxon/doc aboutsaxon.html
2001.06.01 11:56 B C:\Mukta\current\clients\Xml\saxon\doc\allnames.html <-- nitro.isi.edu /nfs/isd2/mchitnis/current/clients/Xml/saxon/doc allnames.html
2001.06.01 11:56 B C:\Mukta\current\clients\Xml\saxon\doc\api_users_guide.html <-- nitro.isi.edu /nfs/isd2/mchitnis/current/clients/Xml/saxon/doc api_users_guide.html
2001.06.01 11:56 B C:\Mukta\current\clients\Xml\saxon\doc\changes.html <-- nitro.isi.edu /nfs/isd2/mchitnis/current/clients/Xml/saxon/doc changes.html
2001.06.01 11:56 B C:\Mukta\current\clients\Xml\saxon\doc\com.icl.saxon.distributor.html <-- nitro.isi.edu /nfs/isd2/mchitnis/current/clients/Xml/saxon/doc com.icl.saxon.distributor.html
2001.06.01 11:56 B C:\Mukta\current\clients\Xml\saxon\doc\com.icl.saxon.domdriver.html <-- nitro.isi.edu /nfs/isd2/mchitnis/current/clients/Xml/saxon/doc com.icl.saxon.domdriver.html
2001.06.01 11:56 B C:\Mukta\current\clients\Xml\saxon\doc\com.icl.saxon.elementcopier.html <-- nitro.isi.edu /nfs/isd2/mchitnis/current/clients/Xml/saxon/doc com.icl.saxon.elementcopier.html
2001.06.01 11:56 B C:\Mukta\current\clients\Xml\saxon\doc\com.icl.saxon.elementhandler.html <-- nitro.isi.edu /nfs/isd2/mchitnis/current/clients/Xml/saxon/doc com.icl.saxon.elementhandler.html
2001.06.01 11:56 B C:\Mukta\current\clients\Xml\saxon\doc\com.icl.saxon.elementhandlerbase.html <-- nitro.isi.edu /nfs/isd2/mchitnis/current/clients/Xml/saxon/doc com.icl.saxon.elementhandlerbase.html
2001.06.01 11:56 B C:\Mukta\current\clients\Xml\saxon\doc\com.icl.saxon.elementinfo.html <-- nitro.isi.edu /nfs/isd2/mchitnis/current/clients/Xml/saxon/doc com.icl.saxon.elementinfo.html
2001.06.01 11:56 B C:\Mukta\current\clients\Xml\saxon\doc\com.icl.saxon.elementsorter.html <-- nitro.isi.edu /nfs/isd2/mchitnis/current/clients/Xml/saxon/doc com.icl.saxon.elementsorter.html
2001.06.01 11:56 B C:\Mukta\current\clients\Xml\saxon\doc\com.icl.saxon.extendedinputsource.html <-- nitro.isi.edu /nfs/isd2/mchitnis/current/clients/Xml/saxon/doc com.icl.saxon.extendedinputsource.html
2001.06.01 11:56 B C:\Mukta\current\clients\Xml\saxon\doc\com.icl.saxon.grouprenderer.html <-- nitro.isi.edu /nfs/isd2/mchitnis/current/clients/Xml/saxon/doc com.icl.saxon.grouprenderer.html
2001.06.01 11:56 B C:\Mukta\current\clients\Xml\saxon\doc\com.icl.saxon.itemrenderer.html <-- nitro.isi.edu /nfs/isd2/mchitnis/current/clients/Xml/saxon/doc com.icl.saxon.itemrenderer.html
2001.06.01 11:56 B C:\Mukta\current\clients\Xml\saxon\doc\com.icl.saxon.numberhandler.html <-- nitro.isi.edu /nfs/isd2/mchitnis/current/clients/Xml/saxon/doc com.icl.saxon.numberhandler.html
2001.06.01 11:56 B C:\Mukta\current\clients\Xml\saxon\doc\com.icl.saxon.parsermanager.html <-- nitro.isi.edu /nfs/isd2/mchitnis/current/clients/Xml/saxon/doc com.icl.saxon.parsermanager.html
2001.06.01 11:56 B C:\Mukta\current\clients\Xml\saxon\doc\com.icl.saxon.renderer.html <-- nitro.isi.edu /nfs/isd2/mchitnis/current/clients/Xml/saxon/doc com.icl.saxon.renderer.html
2001.06.01 11:56 B C:\Mukta\current\clients\Xml\saxon\doc\com.icl.saxon.saxonfreedomdriver.html <-- nitro.isi.edu /nfs/isd2/mchitnis/current/clients/Xml/saxon/doc com.icl.saxon.saxonfreedomdriver.html
2001.06.01 11:56 B C:\Mukta\current\clients\Xml\saxon\doc\com.icl.saxon.xrenderer.html <-- nitro.isi.edu /nfs/isd2/mchitnis/current/clients/Xml/saxon/doc com.icl.saxon.xrenderer.html
2001.06.01 11:56 B C:\Mukta\current\clients\Xml\saxon\doc\dtdgen.html <-- nitro.isi.edu /nfs/isd2/mchitnis/current/clients/Xml/saxon/doc dtdgen.html
2001.06.01 11:56 B C:\Mukta\current\clients\Xml\saxon\doc\index.html <-- nitro.isi.edu /nfs/isd2/mchitnis/current/clients/Xml/saxon/doc index.html
2001.06.01 11:56 B C:\Mukta\current\clients\Xml\saxon\doc\package-com.icl.saxon.html <-- nitro.isi.edu /nfs/isd2/mchitnis/current/clients/Xml/saxon/doc package-com.icl.saxon.html
2001.06.01 11:56 B C:\Mukta\current\clients\Xml\saxon\doc\packages.html <-- nitro.isi.edu /nfs/isd2/mchitnis/current/clients/Xml/saxon/doc packages.html
2001.06.01 11:56 B C:\Mukta\current\clients\Xml\saxon\doc\samples.html <-- nitro.isi.edu /nfs/isd2/mchitnis/current/clients/Xml/saxon/doc samples.html
2001.06.01 11:56 B C:\Mukta\current\clients\Xml\saxon\doc\tree.html <-- nitro.isi.edu /nfs/isd2/mchitnis/current/clients/Xml/saxon/doc tree.html
