2001.06.01 11:52 B C:\Mukta\current\clients\EMeD\editor\altListRenderer.java <-- nitro.isi.edu /nfs/isd2/mchitnis/current/clients/EMeD/editor altListRenderer.java
2001.06.01 11:52 B C:\Mukta\current\clients\EMeD\editor\altListRenderer.java~ <-- nitro.isi.edu /nfs/isd2/mchitnis/current/clients/EMeD/editor altListRenderer.java~
2001.06.01 11:52 B C:\Mukta\current\clients\EMeD\editor\altPanel.java <-- nitro.isi.edu /nfs/isd2/mchitnis/current/clients/EMeD/editor altPanel.java
2001.06.01 11:52 B C:\Mukta\current\clients\EMeD\editor\altPanel.java~ <-- nitro.isi.edu /nfs/isd2/mchitnis/current/clients/EMeD/editor altPanel.java~
2001.06.01 11:52 B C:\Mukta\current\clients\EMeD\editor\eButton.java <-- nitro.isi.edu /nfs/isd2/mchitnis/current/clients/EMeD/editor eButton.java
2001.06.01 11:52 B C:\Mukta\current\clients\EMeD\editor\eButton.java~ <-- nitro.isi.edu /nfs/isd2/mchitnis/current/clients/EMeD/editor eButton.java~
2001.06.01 11:52 B C:\Mukta\current\clients\EMeD\editor\editListCellRenderer.java <-- nitro.isi.edu /nfs/isd2/mchitnis/current/clients/EMeD/editor editListCellRenderer.java
2001.06.01 11:52 B C:\Mukta\current\clients\EMeD\editor\editListCellRenderer.java~ <-- nitro.isi.edu /nfs/isd2/mchitnis/current/clients/EMeD/editor editListCellRenderer.java~
2001.06.01 11:52 B C:\Mukta\current\clients\EMeD\editor\example.txt <-- nitro.isi.edu /nfs/isd2/mchitnis/current/clients/EMeD/editor example.txt
2001.06.01 11:52 B C:\Mukta\current\clients\EMeD\editor\GNUmakefile <-- nitro.isi.edu /nfs/isd2/mchitnis/current/clients/EMeD/editor GNUmakefile
2001.06.01 11:52 B C:\Mukta\current\clients\EMeD\editor\GNUmakefile~ <-- nitro.isi.edu /nfs/isd2/mchitnis/current/clients/EMeD/editor GNUmakefile~
2001.06.01 11:52 B C:\Mukta\current\clients\EMeD\editor\MEditor.java <-- nitro.isi.edu /nfs/isd2/mchitnis/current/clients/EMeD/editor MEditor.java
2001.06.01 11:52 B C:\Mukta\current\clients\EMeD\editor\MEditor.java~ <-- nitro.isi.edu /nfs/isd2/mchitnis/current/clients/EMeD/editor MEditor.java~
2001.06.01 11:52 B C:\Mukta\current\clients\EMeD\editor\methodDescRenderer.java <-- nitro.isi.edu /nfs/isd2/mchitnis/current/clients/EMeD/editor methodDescRenderer.java
2001.06.01 11:52 B C:\Mukta\current\clients\EMeD\editor\methodDescRenderer.java-new <-- nitro.isi.edu /nfs/isd2/mchitnis/current/clients/EMeD/editor methodDescRenderer.java-new
2001.06.01 11:52 B C:\Mukta\current\clients\EMeD\editor\methodDescRenderer.java~ <-- nitro.isi.edu /nfs/isd2/mchitnis/current/clients/EMeD/editor methodDescRenderer.java~
2001.06.01 11:52 B C:\Mukta\current\clients\EMeD\editor\run <-- nitro.isi.edu /nfs/isd2/mchitnis/current/clients/EMeD/editor run
2001.06.01 11:52 B C:\Mukta\current\clients\EMeD\editor\runnit <-- nitro.isi.edu /nfs/isd2/mchitnis/current/clients/EMeD/editor runnit
2001.06.01 11:52 B C:\Mukta\current\clients\EMeD\editor\runnit~ <-- nitro.isi.edu /nfs/isd2/mchitnis/current/clients/EMeD/editor runnit~
2001.06.01 11:52 B C:\Mukta\current\clients\EMeD\editor\run~ <-- nitro.isi.edu /nfs/isd2/mchitnis/current/clients/EMeD/editor run~
2001.06.01 11:52 B C:\Mukta\current\clients\EMeD\editor\sample.plan <-- nitro.isi.edu /nfs/isd2/mchitnis/current/clients/EMeD/editor sample.plan
2001.06.01 11:52 B C:\Mukta\current\clients\EMeD\editor\test.java <-- nitro.isi.edu /nfs/isd2/mchitnis/current/clients/EMeD/editor test.java
2001.06.01 11:52 B C:\Mukta\current\clients\EMeD\editor\test.java~ <-- nitro.isi.edu /nfs/isd2/mchitnis/current/clients/EMeD/editor test.java~
2001.06.01 11:52 B C:\Mukta\current\clients\EMeD\editor\TTD <-- nitro.isi.edu /nfs/isd2/mchitnis/current/clients/EMeD/editor TTD
2001.06.01 11:52 B C:\Mukta\current\clients\EMeD\editor\TTD~ <-- nitro.isi.edu /nfs/isd2/mchitnis/current/clients/EMeD/editor TTD~
2001.11.03 15:50 B C:\Mukta\current\clients\EMeD\editor\altListRenderer$1.class --> aludra.usc.edu /auto/home-scf-06/mchitnis/EMeD/editor altListRenderer$1.class
2001.11.03 15:50 B C:\Mukta\current\clients\EMeD\editor\altListRenderer$altHandler.class --> aludra.usc.edu /auto/home-scf-06/mchitnis/EMeD/editor altListRenderer$altHandler.class
2001.11.03 15:50 B C:\Mukta\current\clients\EMeD\editor\altListRenderer$itemHandler.class --> aludra.usc.edu /auto/home-scf-06/mchitnis/EMeD/editor altListRenderer$itemHandler.class
2001.11.03 15:50 B C:\Mukta\current\clients\EMeD\editor\altListRenderer.class --> aludra.usc.edu /auto/home-scf-06/mchitnis/EMeD/editor altListRenderer.class
2001.11.03 15:50 B C:\Mukta\current\clients\EMeD\editor\altListRenderer.java --> aludra.usc.edu /auto/home-scf-06/mchitnis/EMeD/editor altListRenderer.java
2001.11.03 15:50 B C:\Mukta\current\clients\EMeD\editor\altListRenderer.java~ --> aludra.usc.edu /auto/home-scf-06/mchitnis/EMeD/editor altListRenderer.java~
2001.11.03 15:50 B C:\Mukta\current\clients\EMeD\editor\altPanel$editListCellRenderer.class --> aludra.usc.edu /auto/home-scf-06/mchitnis/EMeD/editor altPanel$editListCellRenderer.class
2001.11.03 15:50 B C:\Mukta\current\clients\EMeD\editor\altPanel.class --> aludra.usc.edu /auto/home-scf-06/mchitnis/EMeD/editor altPanel.class
2001.11.03 15:50 B C:\Mukta\current\clients\EMeD\editor\altPanel.java --> aludra.usc.edu /auto/home-scf-06/mchitnis/EMeD/editor altPanel.java
2001.11.03 15:50 B C:\Mukta\current\clients\EMeD\editor\altPanel.java~ --> aludra.usc.edu /auto/home-scf-06/mchitnis/EMeD/editor altPanel.java~
2001.11.03 15:50 B C:\Mukta\current\clients\EMeD\editor\eButton.class --> aludra.usc.edu /auto/home-scf-06/mchitnis/EMeD/editor eButton.class
2001.11.03 15:50 B C:\Mukta\current\clients\EMeD\editor\eButton.java --> aludra.usc.edu /auto/home-scf-06/mchitnis/EMeD/editor eButton.java
2001.11.03 15:50 B C:\Mukta\current\clients\EMeD\editor\eButton.java~ --> aludra.usc.edu /auto/home-scf-06/mchitnis/EMeD/editor eButton.java~
2001.11.03 15:50 B C:\Mukta\current\clients\EMeD\editor\editListCellRenderer.java --> aludra.usc.edu /auto/home-scf-06/mchitnis/EMeD/editor editListCellRenderer.java
2001.11.03 15:50 B C:\Mukta\current\clients\EMeD\editor\editListCellRenderer.java~ --> aludra.usc.edu /auto/home-scf-06/mchitnis/EMeD/editor editListCellRenderer.java~
2001.11.03 15:50 B C:\Mukta\current\clients\EMeD\editor\example.txt --> aludra.usc.edu /auto/home-scf-06/mchitnis/EMeD/editor example.txt
2001.11.03 15:50 B C:\Mukta\current\clients\EMeD\editor\GNUmakefile --> aludra.usc.edu /auto/home-scf-06/mchitnis/EMeD/editor GNUmakefile
2001.11.03 15:50 B C:\Mukta\current\clients\EMeD\editor\GNUmakefile~ --> aludra.usc.edu /auto/home-scf-06/mchitnis/EMeD/editor GNUmakefile~
2001.11.03 15:50 B C:\Mukta\current\clients\EMeD\editor\MEditor$1.class --> aludra.usc.edu /auto/home-scf-06/mchitnis/EMeD/editor MEditor$1.class
2001.11.03 15:50 B C:\Mukta\current\clients\EMeD\editor\MEditor$commitListener.class --> aludra.usc.edu /auto/home-scf-06/mchitnis/EMeD/editor MEditor$commitListener.class
2001.11.03 15:50 B C:\Mukta\current\clients\EMeD\editor\MEditor$getDescListener.class --> aludra.usc.edu /auto/home-scf-06/mchitnis/EMeD/editor MEditor$getDescListener.class
2001.11.03 15:50 B C:\Mukta\current\clients\EMeD\editor\MEditor$quitListener.class --> aludra.usc.edu /auto/home-scf-06/mchitnis/EMeD/editor MEditor$quitListener.class
2001.11.03 15:50 B C:\Mukta\current\clients\EMeD\editor\MEditor$undoListener.class --> aludra.usc.edu /auto/home-scf-06/mchitnis/EMeD/editor MEditor$undoListener.class
2001.11.03 15:50 B C:\Mukta\current\clients\EMeD\editor\MEditor.class --> aludra.usc.edu /auto/home-scf-06/mchitnis/EMeD/editor MEditor.class
2001.11.03 15:50 B C:\Mukta\current\clients\EMeD\editor\MEditor.java --> aludra.usc.edu /auto/home-scf-06/mchitnis/EMeD/editor MEditor.java
2001.11.03 15:50 B C:\Mukta\current\clients\EMeD\editor\MEditor.java~ --> aludra.usc.edu /auto/home-scf-06/mchitnis/EMeD/editor MEditor.java~
2001.11.03 15:50 B C:\Mukta\current\clients\EMeD\editor\methodDescRenderer$1.class --> aludra.usc.edu /auto/home-scf-06/mchitnis/EMeD/editor methodDescRenderer$1.class
2001.11.03 15:50 B C:\Mukta\current\clients\EMeD\editor\methodDescRenderer$bodyHandler.class --> aludra.usc.edu /auto/home-scf-06/mchitnis/EMeD/editor methodDescRenderer$bodyHandler.class
2001.11.03 15:50 B C:\Mukta\current\clients\EMeD\editor\methodDescRenderer$capabilityHandler.class --> aludra.usc.edu /auto/home-scf-06/mchitnis/EMeD/editor methodDescRenderer$capabilityHandler.class
2001.11.03 15:50 B C:\Mukta\current\clients\EMeD\editor\methodDescRenderer$itemHandler.class --> aludra.usc.edu /auto/home-scf-06/mchitnis/EMeD/editor methodDescRenderer$itemHandler.class
2001.11.03 15:50 B C:\Mukta\current\clients\EMeD\editor\methodDescRenderer$nameHandler.class --> aludra.usc.edu /auto/home-scf-06/mchitnis/EMeD/editor methodDescRenderer$nameHandler.class
2001.11.03 15:50 B C:\Mukta\current\clients\EMeD\editor\methodDescRenderer$resultHandler.class --> aludra.usc.edu /auto/home-scf-06/mchitnis/EMeD/editor methodDescRenderer$resultHandler.class
2001.11.03 15:50 B C:\Mukta\current\clients\EMeD\editor\methodDescRenderer.class --> aludra.usc.edu /auto/home-scf-06/mchitnis/EMeD/editor methodDescRenderer.class
2001.11.03 15:50 B C:\Mukta\current\clients\EMeD\editor\methodDescRenderer.java --> aludra.usc.edu /auto/home-scf-06/mchitnis/EMeD/editor methodDescRenderer.java
2001.11.03 15:50 B C:\Mukta\current\clients\EMeD\editor\methodDescRenderer.java-new --> aludra.usc.edu /auto/home-scf-06/mchitnis/EMeD/editor methodDescRenderer.java-new
2001.11.03 15:50 B C:\Mukta\current\clients\EMeD\editor\methodDescRenderer.java~ --> aludra.usc.edu /auto/home-scf-06/mchitnis/EMeD/editor methodDescRenderer.java~
2001.11.03 15:50 B C:\Mukta\current\clients\EMeD\editor\run --> aludra.usc.edu /auto/home-scf-06/mchitnis/EMeD/editor run
2001.11.03 15:50 B C:\Mukta\current\clients\EMeD\editor\runnit --> aludra.usc.edu /auto/home-scf-06/mchitnis/EMeD/editor runnit
2001.11.03 15:50 B C:\Mukta\current\clients\EMeD\editor\runnit~ --> aludra.usc.edu /auto/home-scf-06/mchitnis/EMeD/editor runnit~
2001.11.03 15:50 B C:\Mukta\current\clients\EMeD\editor\run~ --> aludra.usc.edu /auto/home-scf-06/mchitnis/EMeD/editor run~
2001.11.03 15:50 B C:\Mukta\current\clients\EMeD\editor\sample.plan --> aludra.usc.edu /auto/home-scf-06/mchitnis/EMeD/editor sample.plan
2001.11.03 15:50 B C:\Mukta\current\clients\EMeD\editor\test.java --> aludra.usc.edu /auto/home-scf-06/mchitnis/EMeD/editor test.java
2001.11.03 15:50 B C:\Mukta\current\clients\EMeD\editor\test.java~ --> aludra.usc.edu /auto/home-scf-06/mchitnis/EMeD/editor test.java~
2001.11.03 15:50 B C:\Mukta\current\clients\EMeD\editor\TTD --> aludra.usc.edu /auto/home-scf-06/mchitnis/EMeD/editor TTD
2001.11.03 15:50 B C:\Mukta\current\clients\EMeD\editor\TTD~ --> aludra.usc.edu /auto/home-scf-06/mchitnis/EMeD/editor TTD~
2001.11.03 15:50 B C:\Mukta\current\clients\EMeD\editor\WS_FTP.LOG --> aludra.usc.edu /auto/home-scf-06/mchitnis/EMeD/editor WS_FTP.LOG
