2001.06.01 11:54 B C:\Mukta\current\clients\EMeD-jihie\classes\Tree\capabilityOrganizer$1.class <-- nitro.isi.edu /nfs/isd2/mchitnis/current/clients/EMeD-jihie/classes/Tree capabilityOrganizer$1.class
2001.06.01 11:54 B C:\Mukta\current\clients\EMeD-jihie\classes\Tree\capabilityOrganizer$2.class <-- nitro.isi.edu /nfs/isd2/mchitnis/current/clients/EMeD-jihie/classes/Tree capabilityOrganizer$2.class
2001.06.01 11:54 B C:\Mukta\current\clients\EMeD-jihie\classes\Tree\capabilityOrganizer$copyCapListener.class <-- nitro.isi.edu /nfs/isd2/mchitnis/current/clients/EMeD-jihie/classes/Tree capabilityOrganizer$copyCapListener.class
2001.06.01 11:54 B C:\Mukta\current\clients\EMeD-jihie\classes\Tree\capabilityOrganizer$editListener.class <-- nitro.isi.edu /nfs/isd2/mchitnis/current/clients/EMeD-jihie/classes/Tree capabilityOrganizer$editListener.class
2001.06.01 11:54 B C:\Mukta\current\clients\EMeD-jihie\classes\Tree\capabilityOrganizer$selectListener.class <-- nitro.isi.edu /nfs/isd2/mchitnis/current/clients/EMeD-jihie/classes/Tree capabilityOrganizer$selectListener.class
2001.06.01 11:54 B C:\Mukta\current\clients\EMeD-jihie\classes\Tree\capabilityOrganizer$showListener.class <-- nitro.isi.edu /nfs/isd2/mchitnis/current/clients/EMeD-jihie/classes/Tree capabilityOrganizer$showListener.class
2001.06.01 11:54 B C:\Mukta\current\clients\EMeD-jihie\classes\Tree\capabilityOrganizer.class <-- nitro.isi.edu /nfs/isd2/mchitnis/current/clients/EMeD-jihie/classes/Tree capabilityOrganizer.class
2001.06.01 11:54 B C:\Mukta\current\clients\EMeD-jihie\classes\Tree\capOrgRenderer$1.class <-- nitro.isi.edu /nfs/isd2/mchitnis/current/clients/EMeD-jihie/classes/Tree capOrgRenderer$1.class
2001.06.01 11:54 B C:\Mukta\current\clients\EMeD-jihie\classes\Tree\capOrgRenderer$goalHandler.class <-- nitro.isi.edu /nfs/isd2/mchitnis/current/clients/EMeD-jihie/classes/Tree capOrgRenderer$goalHandler.class
2001.06.01 11:54 B C:\Mukta\current\clients\EMeD-jihie\classes\Tree\capOrgRenderer$nodeHandler.class <-- nitro.isi.edu /nfs/isd2/mchitnis/current/clients/EMeD-jihie/classes/Tree capOrgRenderer$nodeHandler.class
2001.06.01 11:54 B C:\Mukta\current\clients\EMeD-jihie\classes\Tree\capOrgRenderer.class <-- nitro.isi.edu /nfs/isd2/mchitnis/current/clients/EMeD-jihie/classes/Tree capOrgRenderer.class
2001.06.01 11:54 B C:\Mukta\current\clients\EMeD-jihie\classes\Tree\editMethodFrame$cancelListener.class <-- nitro.isi.edu /nfs/isd2/mchitnis/current/clients/EMeD-jihie/classes/Tree editMethodFrame$cancelListener.class
2001.06.01 11:54 B C:\Mukta\current\clients\EMeD-jihie\classes\Tree\editMethodFrame$doneEditListener.class <-- nitro.isi.edu /nfs/isd2/mchitnis/current/clients/EMeD-jihie/classes/Tree editMethodFrame$doneEditListener.class
2001.06.01 11:54 B C:\Mukta\current\clients\EMeD-jihie\classes\Tree\editMethodFrame.class <-- nitro.isi.edu /nfs/isd2/mchitnis/current/clients/EMeD-jihie/classes/Tree editMethodFrame.class
2001.06.01 11:54 B C:\Mukta\current\clients\EMeD-jihie\classes\Tree\editResponseRenderer$definitionHandler.class <-- nitro.isi.edu /nfs/isd2/mchitnis/current/clients/EMeD-jihie/classes/Tree editResponseRenderer$definitionHandler.class
2001.06.01 11:54 B C:\Mukta\current\clients\EMeD-jihie\classes\Tree\editResponseRenderer$errorHandler.class <-- nitro.isi.edu /nfs/isd2/mchitnis/current/clients/EMeD-jihie/classes/Tree editResponseRenderer$errorHandler.class
2001.06.01 11:54 B C:\Mukta\current\clients\EMeD-jihie\classes\Tree\editResponseRenderer$responseHandler.class <-- nitro.isi.edu /nfs/isd2/mchitnis/current/clients/EMeD-jihie/classes/Tree editResponseRenderer$responseHandler.class
2001.06.01 11:54 B C:\Mukta\current\clients\EMeD-jihie\classes\Tree\editResponseRenderer.class <-- nitro.isi.edu /nfs/isd2/mchitnis/current/clients/EMeD-jihie/classes/Tree editResponseRenderer.class
2001.06.01 11:54 B C:\Mukta\current\clients\EMeD-jihie\classes\Tree\expandableTree$copyTreeListener.class <-- nitro.isi.edu /nfs/isd2/mchitnis/current/clients/EMeD-jihie/classes/Tree expandableTree$copyTreeListener.class
2001.06.01 11:54 B C:\Mukta\current\clients\EMeD-jihie\classes\Tree\expandableTree$getSubTreeListener.class <-- nitro.isi.edu /nfs/isd2/mchitnis/current/clients/EMeD-jihie/classes/Tree expandableTree$getSubTreeListener.class
2001.06.01 11:54 B C:\Mukta\current\clients\EMeD-jihie\classes\Tree\expandableTree.class <-- nitro.isi.edu /nfs/isd2/mchitnis/current/clients/EMeD-jihie/classes/Tree expandableTree.class
2001.06.01 11:54 B C:\Mukta\current\clients\EMeD-jihie\classes\Tree\expandableTreeCellRenderer.class <-- nitro.isi.edu /nfs/isd2/mchitnis/current/clients/EMeD-jihie/classes/Tree expandableTreeCellRenderer.class
2001.06.01 11:54 B C:\Mukta\current\clients\EMeD-jihie\classes\Tree\expandableTreeModel.class <-- nitro.isi.edu /nfs/isd2/mchitnis/current/clients/EMeD-jihie/classes/Tree expandableTreeModel.class
2001.06.01 11:54 B C:\Mukta\current\clients\EMeD-jihie\classes\Tree\expandableTreeNode.class <-- nitro.isi.edu /nfs/isd2/mchitnis/current/clients/EMeD-jihie/classes/Tree expandableTreeNode.class
2001.06.01 11:54 B C:\Mukta\current\clients\EMeD-jihie\classes\Tree\expandableTreePanel$1.class <-- nitro.isi.edu /nfs/isd2/mchitnis/current/clients/EMeD-jihie/classes/Tree expandableTreePanel$1.class
2001.06.01 11:54 B C:\Mukta\current\clients\EMeD-jihie\classes\Tree\expandableTreePanel$getSubTreeListener$okListener.class <-- nitro.isi.edu /nfs/isd2/mchitnis/current/clients/EMeD-jihie/classes/Tree expandableTreePanel$getSubTreeListener$okListener.class
2001.06.01 11:54 B C:\Mukta\current\clients\EMeD-jihie\classes\Tree\expandableTreePanel$getSubTreeListener.class <-- nitro.isi.edu /nfs/isd2/mchitnis/current/clients/EMeD-jihie/classes/Tree expandableTreePanel$getSubTreeListener.class
2001.06.01 11:54 B C:\Mukta\current\clients\EMeD-jihie\classes\Tree\expandableTreePanel.class <-- nitro.isi.edu /nfs/isd2/mchitnis/current/clients/EMeD-jihie/classes/Tree expandableTreePanel.class
2001.06.01 11:54 B C:\Mukta\current\clients\EMeD-jihie\classes\Tree\expectTreeCellRenderer.class <-- nitro.isi.edu /nfs/isd2/mchitnis/current/clients/EMeD-jihie/classes/Tree expectTreeCellRenderer.class
2001.06.01 11:54 B C:\Mukta\current\clients\EMeD-jihie\classes\Tree\highlightedMethodListCellRenderer.class <-- nitro.isi.edu /nfs/isd2/mchitnis/current/clients/EMeD-jihie/classes/Tree highlightedMethodListCellRenderer.class
2001.06.01 11:54 B C:\Mukta\current\clients\EMeD-jihie\classes\Tree\messageFrame$1.class <-- nitro.isi.edu /nfs/isd2/mchitnis/current/clients/EMeD-jihie/classes/Tree messageFrame$1.class
2001.06.01 11:54 B C:\Mukta\current\clients\EMeD-jihie\classes\Tree\messageFrame.class <-- nitro.isi.edu /nfs/isd2/mchitnis/current/clients/EMeD-jihie/classes/Tree messageFrame.class
2001.06.01 11:54 B C:\Mukta\current\clients\EMeD-jihie\classes\Tree\messageListCellRenderer.class <-- nitro.isi.edu /nfs/isd2/mchitnis/current/clients/EMeD-jihie/classes/Tree messageListCellRenderer.class
2001.06.01 11:54 B C:\Mukta\current\clients\EMeD-jihie\classes\Tree\messageListRenderer$agendaHandler.class <-- nitro.isi.edu /nfs/isd2/mchitnis/current/clients/EMeD-jihie/classes/Tree messageListRenderer$agendaHandler.class
2001.06.01 11:54 B C:\Mukta\current\clients\EMeD-jihie\classes\Tree\messageListRenderer$agendaListHandler.class <-- nitro.isi.edu /nfs/isd2/mchitnis/current/clients/EMeD-jihie/classes/Tree messageListRenderer$agendaListHandler.class
2001.06.01 11:54 B C:\Mukta\current\clients\EMeD-jihie\classes\Tree\messageListRenderer$errorHandler.class <-- nitro.isi.edu /nfs/isd2/mchitnis/current/clients/EMeD-jihie/classes/Tree messageListRenderer$errorHandler.class
2001.06.01 11:54 B C:\Mukta\current\clients\EMeD-jihie\classes\Tree\messageListRenderer$relatedErrorHandler.class <-- nitro.isi.edu /nfs/isd2/mchitnis/current/clients/EMeD-jihie/classes/Tree messageListRenderer$relatedErrorHandler.class
2001.06.01 11:54 B C:\Mukta\current\clients\EMeD-jihie\classes\Tree\messageListRenderer$solutionHandler.class <-- nitro.isi.edu /nfs/isd2/mchitnis/current/clients/EMeD-jihie/classes/Tree messageListRenderer$solutionHandler.class
2001.06.01 11:54 B C:\Mukta\current\clients\EMeD-jihie\classes\Tree\messageListRenderer$solutionListHandler.class <-- nitro.isi.edu /nfs/isd2/mchitnis/current/clients/EMeD-jihie/classes/Tree messageListRenderer$solutionListHandler.class
2001.06.01 11:54 B C:\Mukta\current\clients\EMeD-jihie\classes\Tree\messageListRenderer.class <-- nitro.isi.edu /nfs/isd2/mchitnis/current/clients/EMeD-jihie/classes/Tree messageListRenderer.class
2001.06.01 11:54 B C:\Mukta\current\clients\EMeD-jihie\classes\Tree\messagePanel$1.class <-- nitro.isi.edu /nfs/isd2/mchitnis/current/clients/EMeD-jihie/classes/Tree messagePanel$1.class
2001.06.01 11:54 B C:\Mukta\current\clients\EMeD-jihie\classes\Tree\messagePanel$2.class <-- nitro.isi.edu /nfs/isd2/mchitnis/current/clients/EMeD-jihie/classes/Tree messagePanel$2.class
2001.06.01 11:54 B C:\Mukta\current\clients\EMeD-jihie\classes\Tree\messagePanel$3.class <-- nitro.isi.edu /nfs/isd2/mchitnis/current/clients/EMeD-jihie/classes/Tree messagePanel$3.class
2001.06.01 11:54 B C:\Mukta\current\clients\EMeD-jihie\classes\Tree\messagePanel$4.class <-- nitro.isi.edu /nfs/isd2/mchitnis/current/clients/EMeD-jihie/classes/Tree messagePanel$4.class
2001.06.01 11:54 B C:\Mukta\current\clients\EMeD-jihie\classes\Tree\messagePanel$dismissListener.class <-- nitro.isi.edu /nfs/isd2/mchitnis/current/clients/EMeD-jihie/classes/Tree messagePanel$dismissListener.class
2001.06.01 11:54 B C:\Mukta\current\clients\EMeD-jihie\classes\Tree\messagePanel$messageNodeSelectListener.class <-- nitro.isi.edu /nfs/isd2/mchitnis/current/clients/EMeD-jihie/classes/Tree messagePanel$messageNodeSelectListener.class
2001.06.01 11:54 B C:\Mukta\current\clients\EMeD-jihie\classes\Tree\messagePanel$MethodRelationErrorsListener.class <-- nitro.isi.edu /nfs/isd2/mchitnis/current/clients/EMeD-jihie/classes/Tree messagePanel$MethodRelationErrorsListener.class
2001.06.01 11:54 B C:\Mukta\current\clients\EMeD-jihie\classes\Tree\messagePanel$refreshListener.class <-- nitro.isi.edu /nfs/isd2/mchitnis/current/clients/EMeD-jihie/classes/Tree messagePanel$refreshListener.class
2001.06.01 11:54 B C:\Mukta\current\clients\EMeD-jihie\classes\Tree\messagePanel.class <-- nitro.isi.edu /nfs/isd2/mchitnis/current/clients/EMeD-jihie/classes/Tree messagePanel.class
2001.06.01 11:54 B C:\Mukta\current\clients\EMeD-jihie\classes\Tree\methodListCellRenderer.class <-- nitro.isi.edu /nfs/isd2/mchitnis/current/clients/EMeD-jihie/classes/Tree methodListCellRenderer.class
2001.06.01 11:54 B C:\Mukta\current\clients\EMeD-jihie\classes\Tree\methodListPanel$1.class <-- nitro.isi.edu /nfs/isd2/mchitnis/current/clients/EMeD-jihie/classes/Tree methodListPanel$1.class
2001.06.01 11:54 B C:\Mukta\current\clients\EMeD-jihie\classes\Tree\methodListPanel$2.class <-- nitro.isi.edu /nfs/isd2/mchitnis/current/clients/EMeD-jihie/classes/Tree methodListPanel$2.class
2001.06.01 11:54 B C:\Mukta\current\clients\EMeD-jihie\classes\Tree\methodListPanel$addNew1Listener.class <-- nitro.isi.edu /nfs/isd2/mchitnis/current/clients/EMeD-jihie/classes/Tree methodListPanel$addNew1Listener.class
2001.06.01 11:54 B C:\Mukta\current\clients\EMeD-jihie\classes\Tree\methodListPanel$addNewListener.class <-- nitro.isi.edu /nfs/isd2/mchitnis/current/clients/EMeD-jihie/classes/Tree methodListPanel$addNewListener.class
2001.06.01 11:54 B C:\Mukta\current\clients\EMeD-jihie\classes\Tree\methodListPanel$copyAndCreateListener.class <-- nitro.isi.edu /nfs/isd2/mchitnis/current/clients/EMeD-jihie/classes/Tree methodListPanel$copyAndCreateListener.class
2001.06.01 11:54 B C:\Mukta\current\clients\EMeD-jihie\classes\Tree\methodListPanel$createLabelListener.class <-- nitro.isi.edu /nfs/isd2/mchitnis/current/clients/EMeD-jihie/classes/Tree methodListPanel$createLabelListener.class
2001.06.01 11:54 B C:\Mukta\current\clients\EMeD-jihie\classes\Tree\methodListPanel$cutListener.class <-- nitro.isi.edu /nfs/isd2/mchitnis/current/clients/EMeD-jihie/classes/Tree methodListPanel$cutListener.class
2001.06.01 11:54 B C:\Mukta\current\clients\EMeD-jihie\classes\Tree\methodListPanel$deleteListener.class <-- nitro.isi.edu /nfs/isd2/mchitnis/current/clients/EMeD-jihie/classes/Tree methodListPanel$deleteListener.class
2001.06.01 11:54 B C:\Mukta\current\clients\EMeD-jihie\classes\Tree\methodListPanel$embraceIntoListener.class <-- nitro.isi.edu /nfs/isd2/mchitnis/current/clients/EMeD-jihie/classes/Tree methodListPanel$embraceIntoListener.class
2001.06.01 11:54 B C:\Mukta\current\clients\EMeD-jihie\classes\Tree\methodListPanel$modifyInNLListener.class <-- nitro.isi.edu /nfs/isd2/mchitnis/current/clients/EMeD-jihie/classes/Tree methodListPanel$modifyInNLListener.class
2001.06.01 11:54 B C:\Mukta\current\clients\EMeD-jihie\classes\Tree\methodListPanel$modifyListener.class <-- nitro.isi.edu /nfs/isd2/mchitnis/current/clients/EMeD-jihie/classes/Tree methodListPanel$modifyListener.class
2001.06.01 11:54 B C:\Mukta\current\clients\EMeD-jihie\classes\Tree\methodListPanel$NLEditorListener.class <-- nitro.isi.edu /nfs/isd2/mchitnis/current/clients/EMeD-jihie/classes/Tree methodListPanel$NLEditorListener.class
2001.06.01 11:54 B C:\Mukta\current\clients\EMeD-jihie\classes\Tree\methodListPanel$pasteBeforeListener.class <-- nitro.isi.edu /nfs/isd2/mchitnis/current/clients/EMeD-jihie/classes/Tree methodListPanel$pasteBeforeListener.class
2001.06.01 11:54 B C:\Mukta\current\clients\EMeD-jihie\classes\Tree\methodListPanel$pasteListener.class <-- nitro.isi.edu /nfs/isd2/mchitnis/current/clients/EMeD-jihie/classes/Tree methodListPanel$pasteListener.class
2001.06.01 11:54 B C:\Mukta\current\clients\EMeD-jihie\classes\Tree\methodListPanel$reloadListener.class <-- nitro.isi.edu /nfs/isd2/mchitnis/current/clients/EMeD-jihie/classes/Tree methodListPanel$reloadListener.class
2001.06.01 11:54 B C:\Mukta\current\clients\EMeD-jihie\classes\Tree\methodListPanel$showErrorListener.class <-- nitro.isi.edu /nfs/isd2/mchitnis/current/clients/EMeD-jihie/classes/Tree methodListPanel$showErrorListener.class
2001.06.01 11:54 B C:\Mukta\current\clients\EMeD-jihie\classes\Tree\methodListPanel$showNLListener.class <-- nitro.isi.edu /nfs/isd2/mchitnis/current/clients/EMeD-jihie/classes/Tree methodListPanel$showNLListener.class
2001.06.01 11:54 B C:\Mukta\current\clients\EMeD-jihie\classes\Tree\methodListPanel.class <-- nitro.isi.edu /nfs/isd2/mchitnis/current/clients/EMeD-jihie/classes/Tree methodListPanel.class
2001.06.01 11:54 B C:\Mukta\current\clients\EMeD-jihie\classes\Tree\methodListRenderer$methodNameHandler.class <-- nitro.isi.edu /nfs/isd2/mchitnis/current/clients/EMeD-jihie/classes/Tree methodListRenderer$methodNameHandler.class
2001.06.01 11:54 B C:\Mukta\current\clients\EMeD-jihie\classes\Tree\methodListRenderer.class <-- nitro.isi.edu /nfs/isd2/mchitnis/current/clients/EMeD-jihie/classes/Tree methodListRenderer.class
2001.06.01 11:54 B C:\Mukta\current\clients\EMeD-jihie\classes\Tree\renderer$passiveHandler.class <-- nitro.isi.edu /nfs/isd2/mchitnis/current/clients/EMeD-jihie/classes/Tree renderer$passiveHandler.class
2001.06.01 11:54 B C:\Mukta\current\clients\EMeD-jihie\classes\Tree\renderer.class <-- nitro.isi.edu /nfs/isd2/mchitnis/current/clients/EMeD-jihie/classes/Tree renderer.class
2001.06.01 11:54 B C:\Mukta\current\clients\EMeD-jihie\classes\Tree\resultPanel$1.class <-- nitro.isi.edu /nfs/isd2/mchitnis/current/clients/EMeD-jihie/classes/Tree resultPanel$1.class
2001.06.01 11:54 B C:\Mukta\current\clients\EMeD-jihie\classes\Tree\resultPanel.class <-- nitro.isi.edu /nfs/isd2/mchitnis/current/clients/EMeD-jihie/classes/Tree resultPanel.class
2001.06.01 11:54 B C:\Mukta\current\clients\EMeD-jihie\classes\Tree\searchMethodsRenderer$initHandler.class <-- nitro.isi.edu /nfs/isd2/mchitnis/current/clients/EMeD-jihie/classes/Tree searchMethodsRenderer$initHandler.class
2001.06.01 11:54 B C:\Mukta\current\clients\EMeD-jihie\classes\Tree\searchMethodsRenderer$initPotentialHandler.class <-- nitro.isi.edu /nfs/isd2/mchitnis/current/clients/EMeD-jihie/classes/Tree searchMethodsRenderer$initPotentialHandler.class
2001.06.01 11:54 B C:\Mukta\current\clients\EMeD-jihie\classes\Tree\searchMethodsRenderer$keywordHandler.class <-- nitro.isi.edu /nfs/isd2/mchitnis/current/clients/EMeD-jihie/classes/Tree searchMethodsRenderer$keywordHandler.class
2001.06.01 11:54 B C:\Mukta\current\clients\EMeD-jihie\classes\Tree\searchMethodsRenderer$keywordsHandler.class <-- nitro.isi.edu /nfs/isd2/mchitnis/current/clients/EMeD-jihie/classes/Tree searchMethodsRenderer$keywordsHandler.class
2001.06.01 11:54 B C:\Mukta\current\clients\EMeD-jihie\classes\Tree\searchMethodsRenderer$methodNameHandler.class <-- nitro.isi.edu /nfs/isd2/mchitnis/current/clients/EMeD-jihie/classes/Tree searchMethodsRenderer$methodNameHandler.class
2001.06.01 11:54 B C:\Mukta\current\clients\EMeD-jihie\classes\Tree\searchMethodsRenderer$passiveHandler.class <-- nitro.isi.edu /nfs/isd2/mchitnis/current/clients/EMeD-jihie/classes/Tree searchMethodsRenderer$passiveHandler.class
2001.06.01 11:54 B C:\Mukta\current\clients\EMeD-jihie\classes\Tree\searchMethodsRenderer$rfmlHandler.class <-- nitro.isi.edu /nfs/isd2/mchitnis/current/clients/EMeD-jihie/classes/Tree searchMethodsRenderer$rfmlHandler.class
2001.06.01 11:54 B C:\Mukta\current\clients\EMeD-jihie\classes\Tree\searchMethodsRenderer$rfmlResultItemHandler.class <-- nitro.isi.edu /nfs/isd2/mchitnis/current/clients/EMeD-jihie/classes/Tree searchMethodsRenderer$rfmlResultItemHandler.class
2001.06.01 11:54 B C:\Mukta\current\clients\EMeD-jihie\classes\Tree\searchMethodsRenderer.class <-- nitro.isi.edu /nfs/isd2/mchitnis/current/clients/EMeD-jihie/classes/Tree searchMethodsRenderer.class
2001.06.01 11:54 B C:\Mukta\current\clients\EMeD-jihie\classes\Tree\searchPanel$1.class <-- nitro.isi.edu /nfs/isd2/mchitnis/current/clients/EMeD-jihie/classes/Tree searchPanel$1.class
2001.06.01 11:54 B C:\Mukta\current\clients\EMeD-jihie\classes\Tree\searchPanel$copyCapListener.class <-- nitro.isi.edu /nfs/isd2/mchitnis/current/clients/EMeD-jihie/classes/Tree searchPanel$copyCapListener.class
2001.06.01 11:54 B C:\Mukta\current\clients\EMeD-jihie\classes\Tree\searchPanel$searchListener.class <-- nitro.isi.edu /nfs/isd2/mchitnis/current/clients/EMeD-jihie/classes/Tree searchPanel$searchListener.class
2001.06.01 11:54 B C:\Mukta\current\clients\EMeD-jihie\classes\Tree\searchPanel$searchOnRFMLListener.class <-- nitro.isi.edu /nfs/isd2/mchitnis/current/clients/EMeD-jihie/classes/Tree searchPanel$searchOnRFMLListener.class
2001.06.01 11:54 B C:\Mukta\current\clients\EMeD-jihie\classes\Tree\searchPanel$searchOnSubsumeesListener.class <-- nitro.isi.edu /nfs/isd2/mchitnis/current/clients/EMeD-jihie/classes/Tree searchPanel$searchOnSubsumeesListener.class
2001.06.01 11:54 B C:\Mukta\current\clients\EMeD-jihie\classes\Tree\searchPanel$searchOnSubsumersListener.class <-- nitro.isi.edu /nfs/isd2/mchitnis/current/clients/EMeD-jihie/classes/Tree searchPanel$searchOnSubsumersListener.class
2001.06.01 11:54 B C:\Mukta\current\clients\EMeD-jihie\classes\Tree\searchPanel$selectListener.class <-- nitro.isi.edu /nfs/isd2/mchitnis/current/clients/EMeD-jihie/classes/Tree searchPanel$selectListener.class
2001.06.01 11:54 B C:\Mukta\current\clients\EMeD-jihie\classes\Tree\searchPanel.class <-- nitro.isi.edu /nfs/isd2/mchitnis/current/clients/EMeD-jihie/classes/Tree searchPanel.class
2001.06.01 11:54 B C:\Mukta\current\clients\EMeD-jihie\classes\Tree\setTopGoalPanel$1.class <-- nitro.isi.edu /nfs/isd2/mchitnis/current/clients/EMeD-jihie/classes/Tree setTopGoalPanel$1.class
2001.06.01 11:54 B C:\Mukta\current\clients\EMeD-jihie\classes\Tree\setTopGoalPanel$okListener.class <-- nitro.isi.edu /nfs/isd2/mchitnis/current/clients/EMeD-jihie/classes/Tree setTopGoalPanel$okListener.class
2001.06.01 11:54 B C:\Mukta\current\clients\EMeD-jihie\classes\Tree\setTopGoalPanel.class <-- nitro.isi.edu /nfs/isd2/mchitnis/current/clients/EMeD-jihie/classes/Tree setTopGoalPanel.class
2001.06.01 11:54 B C:\Mukta\current\clients\EMeD-jihie\classes\Tree\subTreeFrame$1.class <-- nitro.isi.edu /nfs/isd2/mchitnis/current/clients/EMeD-jihie/classes/Tree subTreeFrame$1.class
2001.06.01 11:54 B C:\Mukta\current\clients\EMeD-jihie\classes\Tree\subTreeFrame$okListener.class <-- nitro.isi.edu /nfs/isd2/mchitnis/current/clients/EMeD-jihie/classes/Tree subTreeFrame$okListener.class
2001.06.01 11:54 B C:\Mukta\current\clients\EMeD-jihie\classes\Tree\subTreeFrame.class <-- nitro.isi.edu /nfs/isd2/mchitnis/current/clients/EMeD-jihie/classes/Tree subTreeFrame.class
2001.06.01 11:54 B C:\Mukta\current\clients\EMeD-jihie\classes\Tree\textEditMethodFrame$cancel1Listener.class <-- nitro.isi.edu /nfs/isd2/mchitnis/current/clients/EMeD-jihie/classes/Tree textEditMethodFrame$cancel1Listener.class
2001.06.01 11:54 B C:\Mukta\current\clients\EMeD-jihie\classes\Tree\textEditMethodFrame$doneEdit1Listener.class <-- nitro.isi.edu /nfs/isd2/mchitnis/current/clients/EMeD-jihie/classes/Tree textEditMethodFrame$doneEdit1Listener.class
2001.06.01 11:54 B C:\Mukta\current\clients\EMeD-jihie\classes\Tree\textEditMethodFrame.class <-- nitro.isi.edu /nfs/isd2/mchitnis/current/clients/EMeD-jihie/classes/Tree textEditMethodFrame.class
2001.06.01 11:54 B C:\Mukta\current\clients\EMeD-jihie\classes\Tree\treePanel$1.class <-- nitro.isi.edu /nfs/isd2/mchitnis/current/clients/EMeD-jihie/classes/Tree treePanel$1.class
2001.06.01 11:54 B C:\Mukta\current\clients\EMeD-jihie\classes\Tree\treePanel$copyCapListener.class <-- nitro.isi.edu /nfs/isd2/mchitnis/current/clients/EMeD-jihie/classes/Tree treePanel$copyCapListener.class
2001.06.01 11:54 B C:\Mukta\current\clients\EMeD-jihie\classes\Tree\treePanel$selectListener.class <-- nitro.isi.edu /nfs/isd2/mchitnis/current/clients/EMeD-jihie/classes/Tree treePanel$selectListener.class
2001.06.01 11:54 B C:\Mukta\current\clients\EMeD-jihie\classes\Tree\treePanel$showListener.class <-- nitro.isi.edu /nfs/isd2/mchitnis/current/clients/EMeD-jihie/classes/Tree treePanel$showListener.class
2001.06.01 11:54 B C:\Mukta\current\clients\EMeD-jihie\classes\Tree\treePanel.class <-- nitro.isi.edu /nfs/isd2/mchitnis/current/clients/EMeD-jihie/classes/Tree treePanel.class
2001.06.01 11:54 B C:\Mukta\current\clients\EMeD-jihie\classes\Tree\treeRenderer$1.class <-- nitro.isi.edu /nfs/isd2/mchitnis/current/clients/EMeD-jihie/classes/Tree treeRenderer$1.class
2001.06.01 11:54 B C:\Mukta\current\clients\EMeD-jihie\classes\Tree\treeRenderer$conceptHandler.class <-- nitro.isi.edu /nfs/isd2/mchitnis/current/clients/EMeD-jihie/classes/Tree treeRenderer$conceptHandler.class
2001.06.01 11:54 B C:\Mukta\current\clients\EMeD-jihie\classes\Tree\treeRenderer$nameHandler.class <-- nitro.isi.edu /nfs/isd2/mchitnis/current/clients/EMeD-jihie/classes/Tree treeRenderer$nameHandler.class
2001.06.01 11:54 B C:\Mukta\current\clients\EMeD-jihie\classes\Tree\treeRenderer$nodeHandler.class <-- nitro.isi.edu /nfs/isd2/mchitnis/current/clients/EMeD-jihie/classes/Tree treeRenderer$nodeHandler.class
2001.06.01 11:54 B C:\Mukta\current\clients\EMeD-jihie\classes\Tree\treeRenderer$NSElementHandlerBase.class <-- nitro.isi.edu /nfs/isd2/mchitnis/current/clients/EMeD-jihie/classes/Tree treeRenderer$NSElementHandlerBase.class
2001.06.01 11:54 B C:\Mukta\current\clients\EMeD-jihie\classes\Tree\treeRenderer.class <-- nitro.isi.edu /nfs/isd2/mchitnis/current/clients/EMeD-jihie/classes/Tree treeRenderer.class
2001.06.01 11:54 B C:\Mukta\current\clients\EMeD-jihie\classes\Tree\undefinedGoalListCellRenderer.class <-- nitro.isi.edu /nfs/isd2/mchitnis/current/clients/EMeD-jihie/classes/Tree undefinedGoalListCellRenderer.class
2001.06.01 11:54 B C:\Mukta\current\clients\EMeD-jihie\classes\Tree\undefinedGoalListPanel$1.class <-- nitro.isi.edu /nfs/isd2/mchitnis/current/clients/EMeD-jihie/classes/Tree undefinedGoalListPanel$1.class
2001.06.01 11:54 B C:\Mukta\current\clients\EMeD-jihie\classes\Tree\undefinedGoalListPanel$createMethodListener.class <-- nitro.isi.edu /nfs/isd2/mchitnis/current/clients/EMeD-jihie/classes/Tree undefinedGoalListPanel$createMethodListener.class
2001.06.01 11:54 B C:\Mukta\current\clients\EMeD-jihie\classes\Tree\undefinedGoalListPanel.class <-- nitro.isi.edu /nfs/isd2/mchitnis/current/clients/EMeD-jihie/classes/Tree undefinedGoalListPanel.class
2001.06.01 11:54 B C:\Mukta\current\clients\EMeD-jihie\classes\Tree\undefinedGoalListRenderer$GoalHandler.class <-- nitro.isi.edu /nfs/isd2/mchitnis/current/clients/EMeD-jihie/classes/Tree undefinedGoalListRenderer$GoalHandler.class
2001.06.01 11:54 B C:\Mukta\current\clients\EMeD-jihie\classes\Tree\undefinedGoalListRenderer$rfmlsHandler.class <-- nitro.isi.edu /nfs/isd2/mchitnis/current/clients/EMeD-jihie/classes/Tree undefinedGoalListRenderer$rfmlsHandler.class
2001.06.01 11:54 B C:\Mukta\current\clients\EMeD-jihie\classes\Tree\undefinedGoalListRenderer.class <-- nitro.isi.edu /nfs/isd2/mchitnis/current/clients/EMeD-jihie/classes/Tree undefinedGoalListRenderer.class
2001.06.01 11:54 B C:\Mukta\current\clients\EMeD-jihie\classes\Tree\ViewFrame$okListener.class <-- nitro.isi.edu /nfs/isd2/mchitnis/current/clients/EMeD-jihie/classes/Tree ViewFrame$okListener.class
2001.06.01 11:54 B C:\Mukta\current\clients\EMeD-jihie\classes\Tree\ViewFrame.class <-- nitro.isi.edu /nfs/isd2/mchitnis/current/clients/EMeD-jihie/classes/Tree ViewFrame.class
