2001.06.01 11:53 B C:\Mukta\current\clients\EMeD\Tree\images\bracket.gif <-- nitro.isi.edu /nfs/isd2/mchitnis/current/clients/EMeD/Tree/images bracket.gif
2001.06.01 11:53 B C:\Mukta\current\clients\EMeD\Tree\images\bracket2.gif <-- nitro.isi.edu /nfs/isd2/mchitnis/current/clients/EMeD/Tree/images bracket2.gif
2001.06.01 11:53 B C:\Mukta\current\clients\EMeD\Tree\images\collapsed.gif <-- nitro.isi.edu /nfs/isd2/mchitnis/current/clients/EMeD/Tree/images collapsed.gif
2001.06.01 11:53 B C:\Mukta\current\clients\EMeD\Tree\images\disk.gif <-- nitro.isi.edu /nfs/isd2/mchitnis/current/clients/EMeD/Tree/images disk.gif
2001.06.01 11:53 B C:\Mukta\current\clients\EMeD\Tree\images\expanded.gif <-- nitro.isi.edu /nfs/isd2/mchitnis/current/clients/EMeD/Tree/images expanded.gif
2001.06.01 11:53 B C:\Mukta\current\clients\EMeD\Tree\images\foot.gif <-- nitro.isi.edu /nfs/isd2/mchitnis/current/clients/EMeD/Tree/images foot.gif
2001.06.01 11:53 B C:\Mukta\current\clients\EMeD\Tree\images\grey-square.gif <-- nitro.isi.edu /nfs/isd2/mchitnis/current/clients/EMeD/Tree/images grey-square.gif
2001.06.01 11:53 B C:\Mukta\current\clients\EMeD\Tree\images\lb_minus.gif <-- nitro.isi.edu /nfs/isd2/mchitnis/current/clients/EMeD/Tree/images lb_minus.gif
2001.06.01 11:53 B C:\Mukta\current\clients\EMeD\Tree\images\lb_plus.gif <-- nitro.isi.edu /nfs/isd2/mchitnis/current/clients/EMeD/Tree/images lb_plus.gif
2001.06.01 11:53 B C:\Mukta\current\clients\EMeD\Tree\images\lock.gif <-- nitro.isi.edu /nfs/isd2/mchitnis/current/clients/EMeD/Tree/images lock.gif
2001.06.01 11:53 B C:\Mukta\current\clients\EMeD\Tree\images\pr_minus.gif <-- nitro.isi.edu /nfs/isd2/mchitnis/current/clients/EMeD/Tree/images pr_minus.gif
2001.06.01 11:53 B C:\Mukta\current\clients\EMeD\Tree\images\pr_plus.gif <-- nitro.isi.edu /nfs/isd2/mchitnis/current/clients/EMeD/Tree/images pr_plus.gif
2001.06.01 11:53 B C:\Mukta\current\clients\EMeD\Tree\images\speed0.gif <-- nitro.isi.edu /nfs/isd2/mchitnis/current/clients/EMeD/Tree/images speed0.gif
2001.06.01 11:53 B C:\Mukta\current\clients\EMeD\Tree\images\square.gif <-- nitro.isi.edu /nfs/isd2/mchitnis/current/clients/EMeD/Tree/images square.gif
2001.06.01 11:53 B C:\Mukta\current\clients\EMeD\Tree\images\stop.gif <-- nitro.isi.edu /nfs/isd2/mchitnis/current/clients/EMeD/Tree/images stop.gif
2001.06.01 11:53 B C:\Mukta\current\clients\EMeD\Tree\images\wh_minus.gif <-- nitro.isi.edu /nfs/isd2/mchitnis/current/clients/EMeD/Tree/images wh_minus.gif
2001.06.01 11:53 B C:\Mukta\current\clients\EMeD\Tree\images\wh_plus.gif <-- nitro.isi.edu /nfs/isd2/mchitnis/current/clients/EMeD/Tree/images wh_plus.gif
2001.06.01 11:53 B C:\Mukta\current\clients\EMeD\Tree\images\yl_minus.gif <-- nitro.isi.edu /nfs/isd2/mchitnis/current/clients/EMeD/Tree/images yl_minus.gif
2001.06.01 11:53 B C:\Mukta\current\clients\EMeD\Tree\images\yl_plus.gif <-- nitro.isi.edu /nfs/isd2/mchitnis/current/clients/EMeD/Tree/images yl_plus.gif
2001.11.03 15:55 B C:\Mukta\current\clients\EMeD\Tree\images\bracket.gif --> aludra.usc.edu /auto/home-scf-06/mchitnis/EMeD/Tree/images bracket.gif
2001.11.03 15:55 B C:\Mukta\current\clients\EMeD\Tree\images\bracket2.gif --> aludra.usc.edu /auto/home-scf-06/mchitnis/EMeD/Tree/images bracket2.gif
2001.11.03 15:55 B C:\Mukta\current\clients\EMeD\Tree\images\collapsed.gif --> aludra.usc.edu /auto/home-scf-06/mchitnis/EMeD/Tree/images collapsed.gif
2001.11.03 15:55 B C:\Mukta\current\clients\EMeD\Tree\images\disk.gif --> aludra.usc.edu /auto/home-scf-06/mchitnis/EMeD/Tree/images disk.gif
2001.11.03 15:55 B C:\Mukta\current\clients\EMeD\Tree\images\expanded.gif --> aludra.usc.edu /auto/home-scf-06/mchitnis/EMeD/Tree/images expanded.gif
2001.11.03 15:55 B C:\Mukta\current\clients\EMeD\Tree\images\foot.gif --> aludra.usc.edu /auto/home-scf-06/mchitnis/EMeD/Tree/images foot.gif
2001.11.03 15:55 B C:\Mukta\current\clients\EMeD\Tree\images\grey-square.gif --> aludra.usc.edu /auto/home-scf-06/mchitnis/EMeD/Tree/images grey-square.gif
2001.11.03 15:55 B C:\Mukta\current\clients\EMeD\Tree\images\lb_minus.gif --> aludra.usc.edu /auto/home-scf-06/mchitnis/EMeD/Tree/images lb_minus.gif
2001.11.03 15:55 B C:\Mukta\current\clients\EMeD\Tree\images\lb_plus.gif --> aludra.usc.edu /auto/home-scf-06/mchitnis/EMeD/Tree/images lb_plus.gif
2001.11.03 15:55 B C:\Mukta\current\clients\EMeD\Tree\images\lock.gif --> aludra.usc.edu /auto/home-scf-06/mchitnis/EMeD/Tree/images lock.gif
2001.11.03 15:55 B C:\Mukta\current\clients\EMeD\Tree\images\pr_minus.gif --> aludra.usc.edu /auto/home-scf-06/mchitnis/EMeD/Tree/images pr_minus.gif
2001.11.03 15:55 B C:\Mukta\current\clients\EMeD\Tree\images\pr_plus.gif --> aludra.usc.edu /auto/home-scf-06/mchitnis/EMeD/Tree/images pr_plus.gif
2001.11.03 15:55 B C:\Mukta\current\clients\EMeD\Tree\images\speed0.gif --> aludra.usc.edu /auto/home-scf-06/mchitnis/EMeD/Tree/images speed0.gif
2001.11.03 15:55 B C:\Mukta\current\clients\EMeD\Tree\images\square.gif --> aludra.usc.edu /auto/home-scf-06/mchitnis/EMeD/Tree/images square.gif
2001.11.03 15:55 B C:\Mukta\current\clients\EMeD\Tree\images\stop.gif --> aludra.usc.edu /auto/home-scf-06/mchitnis/EMeD/Tree/images stop.gif
2001.11.03 15:55 B C:\Mukta\current\clients\EMeD\Tree\images\wh_minus.gif --> aludra.usc.edu /auto/home-scf-06/mchitnis/EMeD/Tree/images wh_minus.gif
2001.11.03 15:55 B C:\Mukta\current\clients\EMeD\Tree\images\wh_plus.gif --> aludra.usc.edu /auto/home-scf-06/mchitnis/EMeD/Tree/images wh_plus.gif
2001.11.03 15:55 B C:\Mukta\current\clients\EMeD\Tree\images\WS_FTP.LOG --> aludra.usc.edu /auto/home-scf-06/mchitnis/EMeD/Tree/images WS_FTP.LOG
2001.11.03 15:55 B C:\Mukta\current\clients\EMeD\Tree\images\yl_minus.gif --> aludra.usc.edu /auto/home-scf-06/mchitnis/EMeD/Tree/images yl_minus.gif
2001.11.03 15:55 B C:\Mukta\current\clients\EMeD\Tree\images\yl_plus.gif --> aludra.usc.edu /auto/home-scf-06/mchitnis/EMeD/Tree/images yl_plus.gif
