2001.06.01 11:59 B C:\Mukta\current\ia\describe-ps-exe-tree.lisp <-- nitro.isi.edu /nfs/isd2/mchitnis/current/ia describe-ps-exe-tree.lisp
2001.06.01 11:59 B C:\Mukta\current\ia\error-add.lisp <-- nitro.isi.edu /nfs/isd2/mchitnis/current/ia error-add.lisp
2001.06.01 11:59 B C:\Mukta\current\ia\error-add.lisp~ <-- nitro.isi.edu /nfs/isd2/mchitnis/current/ia error-add.lisp~
2001.06.01 11:59 B C:\Mukta\current\ia\find-goals-special.lisp <-- nitro.isi.edu /nfs/isd2/mchitnis/current/ia find-goals-special.lisp
2001.06.01 11:59 B C:\Mukta\current\ia\format.lisp <-- nitro.isi.edu /nfs/isd2/mchitnis/current/ia format.lisp
2001.06.01 11:59 B C:\Mukta\current\ia\format.lisp~ <-- nitro.isi.edu /nfs/isd2/mchitnis/current/ia format.lisp~
2001.06.01 11:59 B C:\Mukta\current\ia\generate-xml.lisp <-- nitro.isi.edu /nfs/isd2/mchitnis/current/ia generate-xml.lisp
2001.06.01 11:59 B C:\Mukta\current\ia\generate-xml.lisp~ <-- nitro.isi.edu /nfs/isd2/mchitnis/current/ia generate-xml.lisp~
2001.06.01 11:59 B C:\Mukta\current\ia\goal-list.lisp <-- nitro.isi.edu /nfs/isd2/mchitnis/current/ia goal-list.lisp
2001.06.01 11:59 B C:\Mukta\current\ia\goal-list.lisp~ <-- nitro.isi.edu /nfs/isd2/mchitnis/current/ia goal-list.lisp~
2001.06.01 11:59 B C:\Mukta\current\ia\main-ia.lisp <-- nitro.isi.edu /nfs/isd2/mchitnis/current/ia main-ia.lisp
2001.06.01 11:59 B C:\Mukta\current\ia\main-ia.lisp~ <-- nitro.isi.edu /nfs/isd2/mchitnis/current/ia main-ia.lisp~
2001.06.01 11:59 B C:\Mukta\current\ia\message.lisp <-- nitro.isi.edu /nfs/isd2/mchitnis/current/ia message.lisp
2001.06.01 11:59 B C:\Mukta\current\ia\message.lisp~ <-- nitro.isi.edu /nfs/isd2/mchitnis/current/ia message.lisp~
2001.06.01 11:59 B C:\Mukta\current\ia\note.txt <-- nitro.isi.edu /nfs/isd2/mchitnis/current/ia note.txt
2001.06.01 11:59 B C:\Mukta\current\ia\potential-constraints.lisp <-- nitro.isi.edu /nfs/isd2/mchitnis/current/ia potential-constraints.lisp
2001.06.01 11:59 B C:\Mukta\current\ia\potential-constraints.lisp~ <-- nitro.isi.edu /nfs/isd2/mchitnis/current/ia potential-constraints.lisp~
2001.06.01 11:59 B C:\Mukta\current\ia\ps-mr.lisp <-- nitro.isi.edu /nfs/isd2/mchitnis/current/ia ps-mr.lisp
2001.06.01 11:59 B C:\Mukta\current\ia\ps-mr.lisp~ <-- nitro.isi.edu /nfs/isd2/mchitnis/current/ia ps-mr.lisp~
2001.06.01 11:59 B C:\Mukta\current\ia\ps-undefined.lisp <-- nitro.isi.edu /nfs/isd2/mchitnis/current/ia ps-undefined.lisp
2001.06.01 11:59 B C:\Mukta\current\ia\ps-undefined.lisp~ <-- nitro.isi.edu /nfs/isd2/mchitnis/current/ia ps-undefined.lisp~
2001.06.01 11:59 B C:\Mukta\current\ia\search-support.lisp <-- nitro.isi.edu /nfs/isd2/mchitnis/current/ia search-support.lisp
2001.06.01 11:59 B C:\Mukta\current\ia\search-support.lisp~ <-- nitro.isi.edu /nfs/isd2/mchitnis/current/ia search-support.lisp~
2001.06.01 11:59 B C:\Mukta\current\ia\temp.lisp <-- nitro.isi.edu /nfs/isd2/mchitnis/current/ia temp.lisp
2001.06.01 11:59 B C:\Mukta\current\ia\temp.lisp~ <-- nitro.isi.edu /nfs/isd2/mchitnis/current/ia temp.lisp~
2001.06.01 11:59 B C:\Mukta\current\ia\TTD~ <-- nitro.isi.edu /nfs/isd2/mchitnis/current/ia TTD~
2001.06.01 11:59 B C:\Mukta\current\ia\update-method.lisp <-- nitro.isi.edu /nfs/isd2/mchitnis/current/ia update-method.lisp
2001.06.01 11:59 B C:\Mukta\current\ia\update-method.lisp~ <-- nitro.isi.edu /nfs/isd2/mchitnis/current/ia update-method.lisp~
2001.06.01 11:59 B C:\Mukta\current\ia\util.lisp <-- nitro.isi.edu /nfs/isd2/mchitnis/current/ia util.lisp
2001.06.01 11:59 B C:\Mukta\current\ia\util.lisp~ <-- nitro.isi.edu /nfs/isd2/mchitnis/current/ia util.lisp~
2001.06.01 11:59 B C:\Mukta\current\ia\variables.lisp <-- nitro.isi.edu /nfs/isd2/mchitnis/current/ia variables.lisp
2001.06.01 11:59 B C:\Mukta\current\ia\variables.lisp~ <-- nitro.isi.edu /nfs/isd2/mchitnis/current/ia variables.lisp~
