2001.06.01 11:52 B C:\Mukta\current\clients\EMeD\Tree\classes\PSTree\GRCellRenderer.class <-- nitro.isi.edu /nfs/isd2/mchitnis/current/clients/EMeD/Tree/classes/PSTree GRCellRenderer.class
2001.06.01 11:52 B C:\Mukta\current\clients\EMeD\Tree\classes\PSTree\GRPanel$1.class <-- nitro.isi.edu /nfs/isd2/mchitnis/current/clients/EMeD/Tree/classes/PSTree GRPanel$1.class
2001.06.01 11:52 B C:\Mukta\current\clients\EMeD\Tree\classes\PSTree\GRPanel$grNodeSelectListener.class <-- nitro.isi.edu /nfs/isd2/mchitnis/current/clients/EMeD/Tree/classes/PSTree GRPanel$grNodeSelectListener.class
2001.06.01 11:52 B C:\Mukta\current\clients\EMeD\Tree\classes\PSTree\GRPanel$hideDetailsListener.class <-- nitro.isi.edu /nfs/isd2/mchitnis/current/clients/EMeD/Tree/classes/PSTree GRPanel$hideDetailsListener.class
2001.06.01 11:52 B C:\Mukta\current\clients\EMeD\Tree\classes\PSTree\GRPanel$nodeDetailsListener.class <-- nitro.isi.edu /nfs/isd2/mchitnis/current/clients/EMeD/Tree/classes/PSTree GRPanel$nodeDetailsListener.class
2001.06.01 11:52 B C:\Mukta\current\clients\EMeD\Tree\classes\PSTree\GRPanel$partialMatchListener.class <-- nitro.isi.edu /nfs/isd2/mchitnis/current/clients/EMeD/Tree/classes/PSTree GRPanel$partialMatchListener.class
2001.06.01 11:53 B C:\Mukta\current\clients\EMeD\Tree\classes\PSTree\GRPanel$selectListener.class <-- nitro.isi.edu /nfs/isd2/mchitnis/current/clients/EMeD/Tree/classes/PSTree GRPanel$selectListener.class
2001.06.01 11:53 B C:\Mukta\current\clients\EMeD\Tree\classes\PSTree\GRPanel$showDetailsListener.class <-- nitro.isi.edu /nfs/isd2/mchitnis/current/clients/EMeD/Tree/classes/PSTree GRPanel$showDetailsListener.class
2001.06.01 11:53 B C:\Mukta\current\clients\EMeD\Tree\classes\PSTree\GRPanel.class <-- nitro.isi.edu /nfs/isd2/mchitnis/current/clients/EMeD/Tree/classes/PSTree GRPanel.class
2001.06.01 11:53 B C:\Mukta\current\clients\EMeD\Tree\classes\PSTree\GRRenderer$1.class <-- nitro.isi.edu /nfs/isd2/mchitnis/current/clients/EMeD/Tree/classes/PSTree GRRenderer$1.class
2001.06.01 11:53 B C:\Mukta\current\clients\EMeD\Tree\classes\PSTree\GRRenderer$conceptHandler.class <-- nitro.isi.edu /nfs/isd2/mchitnis/current/clients/EMeD/Tree/classes/PSTree GRRenderer$conceptHandler.class
2001.06.01 11:53 B C:\Mukta\current\clients\EMeD\Tree\classes\PSTree\GRRenderer$goalInfoHandler.class <-- nitro.isi.edu /nfs/isd2/mchitnis/current/clients/EMeD/Tree/classes/PSTree GRRenderer$goalInfoHandler.class
2001.06.01 11:53 B C:\Mukta\current\clients\EMeD\Tree\classes\PSTree\GRRenderer$nameHandler.class <-- nitro.isi.edu /nfs/isd2/mchitnis/current/clients/EMeD/Tree/classes/PSTree GRRenderer$nameHandler.class
2001.06.01 11:53 B C:\Mukta\current\clients\EMeD\Tree\classes\PSTree\GRRenderer$nodeHandler.class <-- nitro.isi.edu /nfs/isd2/mchitnis/current/clients/EMeD/Tree/classes/PSTree GRRenderer$nodeHandler.class
2001.06.01 11:53 B C:\Mukta\current\clients\EMeD\Tree\classes\PSTree\GRRenderer$NSElementHandlerBase.class <-- nitro.isi.edu /nfs/isd2/mchitnis/current/clients/EMeD/Tree/classes/PSTree GRRenderer$NSElementHandlerBase.class
2001.06.01 11:53 B C:\Mukta\current\clients\EMeD\Tree\classes\PSTree\GRRenderer$possibleUserHandler.class <-- nitro.isi.edu /nfs/isd2/mchitnis/current/clients/EMeD/Tree/classes/PSTree GRRenderer$possibleUserHandler.class
2001.06.01 11:53 B C:\Mukta\current\clients\EMeD\Tree\classes\PSTree\GRRenderer$subgoalHandler.class <-- nitro.isi.edu /nfs/isd2/mchitnis/current/clients/EMeD/Tree/classes/PSTree GRRenderer$subgoalHandler.class
2001.06.01 11:53 B C:\Mukta\current\clients\EMeD\Tree\classes\PSTree\GRRenderer.class <-- nitro.isi.edu /nfs/isd2/mchitnis/current/clients/EMeD/Tree/classes/PSTree GRRenderer.class
2001.06.01 11:53 B C:\Mukta\current\clients\EMeD\Tree\classes\PSTree\GRSmallCellRenderer.class <-- nitro.isi.edu /nfs/isd2/mchitnis/current/clients/EMeD/Tree/classes/PSTree GRSmallCellRenderer.class
2001.06.01 11:53 B C:\Mukta\current\clients\EMeD\Tree\classes\PSTree\partialMatchFrame$applyListener.class <-- nitro.isi.edu /nfs/isd2/mchitnis/current/clients/EMeD/Tree/classes/PSTree partialMatchFrame$applyListener.class
2001.06.01 11:53 B C:\Mukta\current\clients\EMeD\Tree\classes\PSTree\partialMatchFrame$closeListener.class <-- nitro.isi.edu /nfs/isd2/mchitnis/current/clients/EMeD/Tree/classes/PSTree partialMatchFrame$closeListener.class
2001.06.01 11:53 B C:\Mukta\current\clients\EMeD\Tree\classes\PSTree\partialMatchFrame.class <-- nitro.isi.edu /nfs/isd2/mchitnis/current/clients/EMeD/Tree/classes/PSTree partialMatchFrame.class
2001.06.01 11:53 B C:\Mukta\current\clients\EMeD\Tree\classes\PSTree\psTabbedPanel$1.class <-- nitro.isi.edu /nfs/isd2/mchitnis/current/clients/EMeD/Tree/classes/PSTree psTabbedPanel$1.class
2001.06.01 11:53 B C:\Mukta\current\clients\EMeD\Tree\classes\PSTree\psTabbedPanel$reloadListener.class <-- nitro.isi.edu /nfs/isd2/mchitnis/current/clients/EMeD/Tree/classes/PSTree psTabbedPanel$reloadListener.class
2001.06.01 11:53 B C:\Mukta\current\clients\EMeD\Tree\classes\PSTree\psTabbedPanel.class <-- nitro.isi.edu /nfs/isd2/mchitnis/current/clients/EMeD/Tree/classes/PSTree psTabbedPanel.class
2001.06.01 11:53 B C:\Mukta\current\clients\EMeD\Tree\classes\PSTree\PSTreePanel$1.class <-- nitro.isi.edu /nfs/isd2/mchitnis/current/clients/EMeD/Tree/classes/PSTree PSTreePanel$1.class
2001.06.01 11:53 B C:\Mukta\current\clients\EMeD\Tree\classes\PSTree\PSTreePanel.class <-- nitro.isi.edu /nfs/isd2/mchitnis/current/clients/EMeD/Tree/classes/PSTree PSTreePanel.class
2001.06.01 11:53 B C:\Mukta\current\clients\EMeD\Tree\classes\PSTree\PSundefinedGoalsPanel$1.class <-- nitro.isi.edu /nfs/isd2/mchitnis/current/clients/EMeD/Tree/classes/PSTree PSundefinedGoalsPanel$1.class
2001.06.01 11:53 B C:\Mukta\current\clients\EMeD\Tree\classes\PSTree\PSundefinedGoalsPanel$createMethodListener.class <-- nitro.isi.edu /nfs/isd2/mchitnis/current/clients/EMeD/Tree/classes/PSTree PSundefinedGoalsPanel$createMethodListener.class
2001.06.01 11:53 B C:\Mukta\current\clients\EMeD\Tree\classes\PSTree\PSundefinedGoalsPanel.class <-- nitro.isi.edu /nfs/isd2/mchitnis/current/clients/EMeD/Tree/classes/PSTree PSundefinedGoalsPanel.class
2001.06.01 11:53 B C:\Mukta\current\clients\EMeD\Tree\classes\PSTree\showNodeFrame$okListener.class <-- nitro.isi.edu /nfs/isd2/mchitnis/current/clients/EMeD/Tree/classes/PSTree showNodeFrame$okListener.class
2001.06.01 11:53 B C:\Mukta\current\clients\EMeD\Tree\classes\PSTree\showNodeFrame.class <-- nitro.isi.edu /nfs/isd2/mchitnis/current/clients/EMeD/Tree/classes/PSTree showNodeFrame.class
