2001.11.03 15:49 B C:\Mukta\current\clients\EMeD\classes\PSTree\GRCellRenderer.class --> aludra.usc.edu /auto/home-scf-06/mchitnis/EMeD/classes/PSTree GRCellRenderer.class
2001.11.03 15:49 B C:\Mukta\current\clients\EMeD\classes\PSTree\GRPanel$1.class --> aludra.usc.edu /auto/home-scf-06/mchitnis/EMeD/classes/PSTree GRPanel$1.class
2001.11.03 15:49 B C:\Mukta\current\clients\EMeD\classes\PSTree\GRPanel$editMethodListener.class --> aludra.usc.edu /auto/home-scf-06/mchitnis/EMeD/classes/PSTree GRPanel$editMethodListener.class
2001.11.03 15:49 B C:\Mukta\current\clients\EMeD\classes\PSTree\GRPanel$grNodeSelectListener.class --> aludra.usc.edu /auto/home-scf-06/mchitnis/EMeD/classes/PSTree GRPanel$grNodeSelectListener.class
2001.11.03 15:49 B C:\Mukta\current\clients\EMeD\classes\PSTree\GRPanel$hideDetailsListener.class --> aludra.usc.edu /auto/home-scf-06/mchitnis/EMeD/classes/PSTree GRPanel$hideDetailsListener.class
2001.11.03 15:49 B C:\Mukta\current\clients\EMeD\classes\PSTree\GRPanel$nodeDetailsListener.class --> aludra.usc.edu /auto/home-scf-06/mchitnis/EMeD/classes/PSTree GRPanel$nodeDetailsListener.class
2001.11.03 15:49 B C:\Mukta\current\clients\EMeD\classes\PSTree\GRPanel$partialMatchListener.class --> aludra.usc.edu /auto/home-scf-06/mchitnis/EMeD/classes/PSTree GRPanel$partialMatchListener.class
2001.11.03 15:49 B C:\Mukta\current\clients\EMeD\classes\PSTree\GRPanel$selectListener.class --> aludra.usc.edu /auto/home-scf-06/mchitnis/EMeD/classes/PSTree GRPanel$selectListener.class
2001.11.03 15:49 B C:\Mukta\current\clients\EMeD\classes\PSTree\GRPanel$showDetailsListener.class --> aludra.usc.edu /auto/home-scf-06/mchitnis/EMeD/classes/PSTree GRPanel$showDetailsListener.class
2001.11.03 15:49 B C:\Mukta\current\clients\EMeD\classes\PSTree\GRPanel.class --> aludra.usc.edu /auto/home-scf-06/mchitnis/EMeD/classes/PSTree GRPanel.class
2001.11.03 15:49 B C:\Mukta\current\clients\EMeD\classes\PSTree\GRRenderer$1.class --> aludra.usc.edu /auto/home-scf-06/mchitnis/EMeD/classes/PSTree GRRenderer$1.class
2001.11.03 15:49 B C:\Mukta\current\clients\EMeD\classes\PSTree\GRRenderer$bodyDescHandler.class --> aludra.usc.edu /auto/home-scf-06/mchitnis/EMeD/classes/PSTree GRRenderer$bodyDescHandler.class
2001.11.03 15:49 B C:\Mukta\current\clients\EMeD\classes\PSTree\GRRenderer$bodyHandler.class --> aludra.usc.edu /auto/home-scf-06/mchitnis/EMeD/classes/PSTree GRRenderer$bodyHandler.class
2001.11.03 15:49 B C:\Mukta\current\clients\EMeD\classes\PSTree\GRRenderer$capabilityHandler.class --> aludra.usc.edu /auto/home-scf-06/mchitnis/EMeD/classes/PSTree GRRenderer$capabilityHandler.class
2001.11.03 15:49 B C:\Mukta\current\clients\EMeD\classes\PSTree\GRRenderer$conceptHandler.class --> aludra.usc.edu /auto/home-scf-06/mchitnis/EMeD/classes/PSTree GRRenderer$conceptHandler.class
2001.11.03 15:49 B C:\Mukta\current\clients\EMeD\classes\PSTree\GRRenderer$descHandler.class --> aludra.usc.edu /auto/home-scf-06/mchitnis/EMeD/classes/PSTree GRRenderer$descHandler.class
2001.11.03 15:49 B C:\Mukta\current\clients\EMeD\classes\PSTree\GRRenderer$edtHandler.class --> aludra.usc.edu /auto/home-scf-06/mchitnis/EMeD/classes/PSTree GRRenderer$edtHandler.class
2001.11.03 15:49 B C:\Mukta\current\clients\EMeD\classes\PSTree\GRRenderer$goalInfoHandler.class --> aludra.usc.edu /auto/home-scf-06/mchitnis/EMeD/classes/PSTree GRRenderer$goalInfoHandler.class
2001.11.03 15:49 B C:\Mukta\current\clients\EMeD\classes\PSTree\GRRenderer$highlightResultHandler.class --> aludra.usc.edu /auto/home-scf-06/mchitnis/EMeD/classes/PSTree GRRenderer$highlightResultHandler.class
2001.11.03 15:49 B C:\Mukta\current\clients\EMeD\classes\PSTree\GRRenderer$indicateExpandHandler.class --> aludra.usc.edu /auto/home-scf-06/mchitnis/EMeD/classes/PSTree GRRenderer$indicateExpandHandler.class
2001.11.03 15:49 B C:\Mukta\current\clients\EMeD\classes\PSTree\GRRenderer$indicateNewHandler.class --> aludra.usc.edu /auto/home-scf-06/mchitnis/EMeD/classes/PSTree GRRenderer$indicateNewHandler.class
2001.11.03 15:49 B C:\Mukta\current\clients\EMeD\classes\PSTree\GRRenderer$nameHandler.class --> aludra.usc.edu /auto/home-scf-06/mchitnis/EMeD/classes/PSTree GRRenderer$nameHandler.class
2001.11.03 15:49 B C:\Mukta\current\clients\EMeD\classes\PSTree\GRRenderer$nodeHandler.class --> aludra.usc.edu /auto/home-scf-06/mchitnis/EMeD/classes/PSTree GRRenderer$nodeHandler.class
2001.11.03 15:49 B C:\Mukta\current\clients\EMeD\classes\PSTree\GRRenderer$NSElementHandlerBase.class --> aludra.usc.edu /auto/home-scf-06/mchitnis/EMeD/classes/PSTree GRRenderer$NSElementHandlerBase.class
2001.11.03 15:49 B C:\Mukta\current\clients\EMeD\classes\PSTree\GRRenderer$possibleUserHandler.class --> aludra.usc.edu /auto/home-scf-06/mchitnis/EMeD/classes/PSTree GRRenderer$possibleUserHandler.class
2001.11.03 15:49 B C:\Mukta\current\clients\EMeD\classes\PSTree\GRRenderer$resultHandler.class --> aludra.usc.edu /auto/home-scf-06/mchitnis/EMeD/classes/PSTree GRRenderer$resultHandler.class
2001.11.03 15:49 B C:\Mukta\current\clients\EMeD\classes\PSTree\GRRenderer$simpleCapHandler.class --> aludra.usc.edu /auto/home-scf-06/mchitnis/EMeD/classes/PSTree GRRenderer$simpleCapHandler.class
2001.11.03 15:49 B C:\Mukta\current\clients\EMeD\classes\PSTree\GRRenderer$subgoalHandler.class --> aludra.usc.edu /auto/home-scf-06/mchitnis/EMeD/classes/PSTree GRRenderer$subgoalHandler.class
2001.11.03 15:49 B C:\Mukta\current\clients\EMeD\classes\PSTree\GRRenderer$systemNameHandler.class --> aludra.usc.edu /auto/home-scf-06/mchitnis/EMeD/classes/PSTree GRRenderer$systemNameHandler.class
2001.11.03 15:49 B C:\Mukta\current\clients\EMeD\classes\PSTree\GRRenderer.class --> aludra.usc.edu /auto/home-scf-06/mchitnis/EMeD/classes/PSTree GRRenderer.class
2001.11.03 15:49 B C:\Mukta\current\clients\EMeD\classes\PSTree\GRSmallCellRenderer.class --> aludra.usc.edu /auto/home-scf-06/mchitnis/EMeD/classes/PSTree GRSmallCellRenderer.class
2001.11.03 15:49 B C:\Mukta\current\clients\EMeD\classes\PSTree\partialMatchFrame$applyListener.class --> aludra.usc.edu /auto/home-scf-06/mchitnis/EMeD/classes/PSTree partialMatchFrame$applyListener.class
2001.11.03 15:49 B C:\Mukta\current\clients\EMeD\classes\PSTree\partialMatchFrame$closeListener.class --> aludra.usc.edu /auto/home-scf-06/mchitnis/EMeD/classes/PSTree partialMatchFrame$closeListener.class
2001.11.03 15:49 B C:\Mukta\current\clients\EMeD\classes\PSTree\partialMatchFrame.class --> aludra.usc.edu /auto/home-scf-06/mchitnis/EMeD/classes/PSTree partialMatchFrame.class
2001.11.03 15:49 B C:\Mukta\current\clients\EMeD\classes\PSTree\psTabbedPanel$1.class --> aludra.usc.edu /auto/home-scf-06/mchitnis/EMeD/classes/PSTree psTabbedPanel$1.class
2001.11.03 15:49 B C:\Mukta\current\clients\EMeD\classes\PSTree\psTabbedPanel$2.class --> aludra.usc.edu /auto/home-scf-06/mchitnis/EMeD/classes/PSTree psTabbedPanel$2.class
2001.11.03 15:49 B C:\Mukta\current\clients\EMeD\classes\PSTree\psTabbedPanel$reloadListener.class --> aludra.usc.edu /auto/home-scf-06/mchitnis/EMeD/classes/PSTree psTabbedPanel$reloadListener.class
2001.11.03 15:49 B C:\Mukta\current\clients\EMeD\classes\PSTree\psTabbedPanel.class --> aludra.usc.edu /auto/home-scf-06/mchitnis/EMeD/classes/PSTree psTabbedPanel.class
2001.11.03 15:49 B C:\Mukta\current\clients\EMeD\classes\PSTree\PSTreePanel$1.class --> aludra.usc.edu /auto/home-scf-06/mchitnis/EMeD/classes/PSTree PSTreePanel$1.class
2001.11.03 15:49 B C:\Mukta\current\clients\EMeD\classes\PSTree\PSTreePanel.class --> aludra.usc.edu /auto/home-scf-06/mchitnis/EMeD/classes/PSTree PSTreePanel.class
2001.11.03 15:49 B C:\Mukta\current\clients\EMeD\classes\PSTree\PSundefinedGoalsPanel$1.class --> aludra.usc.edu /auto/home-scf-06/mchitnis/EMeD/classes/PSTree PSundefinedGoalsPanel$1.class
2001.11.03 15:49 B C:\Mukta\current\clients\EMeD\classes\PSTree\PSundefinedGoalsPanel$2.class --> aludra.usc.edu /auto/home-scf-06/mchitnis/EMeD/classes/PSTree PSundefinedGoalsPanel$2.class
2001.11.03 15:49 B C:\Mukta\current\clients\EMeD\classes\PSTree\PSundefinedGoalsPanel$createMethodListener.class --> aludra.usc.edu /auto/home-scf-06/mchitnis/EMeD/classes/PSTree PSundefinedGoalsPanel$createMethodListener.class
2001.11.03 15:49 B C:\Mukta\current\clients\EMeD\classes\PSTree\PSundefinedGoalsPanel.class --> aludra.usc.edu /auto/home-scf-06/mchitnis/EMeD/classes/PSTree PSundefinedGoalsPanel.class
2001.11.03 15:49 B C:\Mukta\current\clients\EMeD\classes\PSTree\showNodeFrame$okListener.class --> aludra.usc.edu /auto/home-scf-06/mchitnis/EMeD/classes/PSTree showNodeFrame$okListener.class
2001.11.03 15:49 B C:\Mukta\current\clients\EMeD\classes\PSTree\showNodeFrame.class --> aludra.usc.edu /auto/home-scf-06/mchitnis/EMeD/classes/PSTree showNodeFrame.class
