2001.06.01 11:52 B C:\Mukta\current\clients\EMeD\PSTree\GRPanel.java <-- nitro.isi.edu /nfs/isd2/mchitnis/current/clients/EMeD/PSTree GRPanel.java
2001.06.01 11:52 B C:\Mukta\current\clients\EMeD\PSTree\GRPanel.java~ <-- nitro.isi.edu /nfs/isd2/mchitnis/current/clients/EMeD/PSTree GRPanel.java~
2001.06.01 11:52 B C:\Mukta\current\clients\EMeD\PSTree\partialMatchFrame.java <-- nitro.isi.edu /nfs/isd2/mchitnis/current/clients/EMeD/PSTree partialMatchFrame.java
2001.06.01 11:52 B C:\Mukta\current\clients\EMeD\PSTree\psTabbedPanel.java <-- nitro.isi.edu /nfs/isd2/mchitnis/current/clients/EMeD/PSTree psTabbedPanel.java
2001.06.01 11:52 B C:\Mukta\current\clients\EMeD\PSTree\psTabbedPanel.java~ <-- nitro.isi.edu /nfs/isd2/mchitnis/current/clients/EMeD/PSTree psTabbedPanel.java~
2001.06.01 11:52 B C:\Mukta\current\clients\EMeD\PSTree\PSTreePanel.java <-- nitro.isi.edu /nfs/isd2/mchitnis/current/clients/EMeD/PSTree PSTreePanel.java
2001.06.01 11:52 B C:\Mukta\current\clients\EMeD\PSTree\PSundefinedGoalsCellRenderer.java <-- nitro.isi.edu /nfs/isd2/mchitnis/current/clients/EMeD/PSTree PSundefinedGoalsCellRenderer.java
2001.06.01 11:52 B C:\Mukta\current\clients\EMeD\PSTree\PSundefinedGoalsPanel.java <-- nitro.isi.edu /nfs/isd2/mchitnis/current/clients/EMeD/PSTree PSundefinedGoalsPanel.java
2001.06.01 11:52 B C:\Mukta\current\clients\EMeD\PSTree\PSundefinedGoalsPanel.java~ <-- nitro.isi.edu /nfs/isd2/mchitnis/current/clients/EMeD/PSTree PSundefinedGoalsPanel.java~
2001.06.01 11:52 B C:\Mukta\current\clients\EMeD\PSTree\showNodeFrame.java <-- nitro.isi.edu /nfs/isd2/mchitnis/current/clients/EMeD/PSTree showNodeFrame.java
2001.06.01 11:52 B C:\Mukta\current\clients\EMeD\PSTree\temp <-- nitro.isi.edu /nfs/isd2/mchitnis/current/clients/EMeD/PSTree temp
2001.06.01 11:52 B C:\Mukta\current\clients\EMeD\PSTree\TTD <-- nitro.isi.edu /nfs/isd2/mchitnis/current/clients/EMeD/PSTree TTD
2001.11.03 15:54 B C:\Mukta\current\clients\EMeD\PSTree\ExecPanel$1.class --> aludra.usc.edu /auto/home-scf-06/mchitnis/EMeD/PSTree ExecPanel$1.class
2001.11.03 15:54 B C:\Mukta\current\clients\EMeD\PSTree\ExecPanel$editMethodListener.class --> aludra.usc.edu /auto/home-scf-06/mchitnis/EMeD/PSTree ExecPanel$editMethodListener.class
2001.11.03 15:54 B C:\Mukta\current\clients\EMeD\PSTree\ExecPanel$grNodeSelectListener.class --> aludra.usc.edu /auto/home-scf-06/mchitnis/EMeD/PSTree ExecPanel$grNodeSelectListener.class
2001.11.03 15:54 B C:\Mukta\current\clients\EMeD\PSTree\ExecPanel$hideDetailsListener.class --> aludra.usc.edu /auto/home-scf-06/mchitnis/EMeD/PSTree ExecPanel$hideDetailsListener.class
2001.11.03 15:54 B C:\Mukta\current\clients\EMeD\PSTree\ExecPanel$nodeDetailsListener.class --> aludra.usc.edu /auto/home-scf-06/mchitnis/EMeD/PSTree ExecPanel$nodeDetailsListener.class
2001.11.03 15:54 B C:\Mukta\current\clients\EMeD\PSTree\ExecPanel$partialMatchListener.class --> aludra.usc.edu /auto/home-scf-06/mchitnis/EMeD/PSTree ExecPanel$partialMatchListener.class
2001.11.03 15:54 B C:\Mukta\current\clients\EMeD\PSTree\ExecPanel$selectListener.class --> aludra.usc.edu /auto/home-scf-06/mchitnis/EMeD/PSTree ExecPanel$selectListener.class
2001.11.03 15:54 B C:\Mukta\current\clients\EMeD\PSTree\ExecPanel$showDetailsListener.class --> aludra.usc.edu /auto/home-scf-06/mchitnis/EMeD/PSTree ExecPanel$showDetailsListener.class
2001.11.03 15:54 B C:\Mukta\current\clients\EMeD\PSTree\ExecPanel.class --> aludra.usc.edu /auto/home-scf-06/mchitnis/EMeD/PSTree ExecPanel.class
2001.11.03 15:54 B C:\Mukta\current\clients\EMeD\PSTree\ExecPanel.java --> aludra.usc.edu /auto/home-scf-06/mchitnis/EMeD/PSTree ExecPanel.java
2001.11.03 15:54 B C:\Mukta\current\clients\EMeD\PSTree\EXEPanel$1.class --> aludra.usc.edu /auto/home-scf-06/mchitnis/EMeD/PSTree EXEPanel$1.class
2001.11.03 15:54 B C:\Mukta\current\clients\EMeD\PSTree\EXEPanel$editMethodListener.class --> aludra.usc.edu /auto/home-scf-06/mchitnis/EMeD/PSTree EXEPanel$editMethodListener.class
2001.11.03 15:54 B C:\Mukta\current\clients\EMeD\PSTree\EXEPanel$grNodeSelectListener.class --> aludra.usc.edu /auto/home-scf-06/mchitnis/EMeD/PSTree EXEPanel$grNodeSelectListener.class
2001.11.03 15:54 B C:\Mukta\current\clients\EMeD\PSTree\EXEPanel$hideDetailsListener.class --> aludra.usc.edu /auto/home-scf-06/mchitnis/EMeD/PSTree EXEPanel$hideDetailsListener.class
2001.11.03 15:54 B C:\Mukta\current\clients\EMeD\PSTree\EXEPanel$nodeDetailsListener.class --> aludra.usc.edu /auto/home-scf-06/mchitnis/EMeD/PSTree EXEPanel$nodeDetailsListener.class
2001.11.03 15:54 B C:\Mukta\current\clients\EMeD\PSTree\EXEPanel$partialMatchListener.class --> aludra.usc.edu /auto/home-scf-06/mchitnis/EMeD/PSTree EXEPanel$partialMatchListener.class
2001.11.03 15:54 B C:\Mukta\current\clients\EMeD\PSTree\EXEPanel$selectListener.class --> aludra.usc.edu /auto/home-scf-06/mchitnis/EMeD/PSTree EXEPanel$selectListener.class
2001.11.03 15:54 B C:\Mukta\current\clients\EMeD\PSTree\EXEPanel$showDetailsListener.class --> aludra.usc.edu /auto/home-scf-06/mchitnis/EMeD/PSTree EXEPanel$showDetailsListener.class
2001.11.03 15:54 B C:\Mukta\current\clients\EMeD\PSTree\EXEPanel.class --> aludra.usc.edu /auto/home-scf-06/mchitnis/EMeD/PSTree EXEPanel.class
2001.11.03 15:54 B C:\Mukta\current\clients\EMeD\PSTree\EXEPanel.java --> aludra.usc.edu /auto/home-scf-06/mchitnis/EMeD/PSTree EXEPanel.java
2001.11.03 15:54 B C:\Mukta\current\clients\EMeD\PSTree\exTabbedPanel --> aludra.usc.edu /auto/home-scf-06/mchitnis/EMeD/PSTree exTabbedPanel
2001.11.03 15:54 B C:\Mukta\current\clients\EMeD\PSTree\exTabbedPanel$1.class --> aludra.usc.edu /auto/home-scf-06/mchitnis/EMeD/PSTree exTabbedPanel$1.class
2001.11.03 15:54 B C:\Mukta\current\clients\EMeD\PSTree\exTabbedPanel$2.class --> aludra.usc.edu /auto/home-scf-06/mchitnis/EMeD/PSTree exTabbedPanel$2.class
2001.11.03 15:54 B C:\Mukta\current\clients\EMeD\PSTree\exTabbedPanel$reloadListener.class --> aludra.usc.edu /auto/home-scf-06/mchitnis/EMeD/PSTree exTabbedPanel$reloadListener.class
2001.11.03 15:54 B C:\Mukta\current\clients\EMeD\PSTree\exTabbedPanel.class --> aludra.usc.edu /auto/home-scf-06/mchitnis/EMeD/PSTree exTabbedPanel.class
2001.11.03 15:54 B C:\Mukta\current\clients\EMeD\PSTree\exTabbedPanel.java --> aludra.usc.edu /auto/home-scf-06/mchitnis/EMeD/PSTree exTabbedPanel.java
2001.11.03 15:54 B C:\Mukta\current\clients\EMeD\PSTree\exTreePanel --> aludra.usc.edu /auto/home-scf-06/mchitnis/EMeD/PSTree exTreePanel
2001.11.03 15:54 B C:\Mukta\current\clients\EMeD\PSTree\exTreePanel$1.class --> aludra.usc.edu /auto/home-scf-06/mchitnis/EMeD/PSTree exTreePanel$1.class
2001.11.03 15:54 B C:\Mukta\current\clients\EMeD\PSTree\exTreePanel.class --> aludra.usc.edu /auto/home-scf-06/mchitnis/EMeD/PSTree exTreePanel.class
2001.11.03 15:54 B C:\Mukta\current\clients\EMeD\PSTree\exTreePanel.java --> aludra.usc.edu /auto/home-scf-06/mchitnis/EMeD/PSTree exTreePanel.java
2001.11.03 15:54 B C:\Mukta\current\clients\EMeD\PSTree\GRPanel$1.class --> aludra.usc.edu /auto/home-scf-06/mchitnis/EMeD/PSTree GRPanel$1.class
2001.11.03 15:54 B C:\Mukta\current\clients\EMeD\PSTree\GRPanel$editMethodListener.class --> aludra.usc.edu /auto/home-scf-06/mchitnis/EMeD/PSTree GRPanel$editMethodListener.class
2001.11.03 15:54 B C:\Mukta\current\clients\EMeD\PSTree\GRPanel$grNodeSelectListener.class --> aludra.usc.edu /auto/home-scf-06/mchitnis/EMeD/PSTree GRPanel$grNodeSelectListener.class
2001.11.03 15:54 B C:\Mukta\current\clients\EMeD\PSTree\GRPanel$hideDetailsListener.class --> aludra.usc.edu /auto/home-scf-06/mchitnis/EMeD/PSTree GRPanel$hideDetailsListener.class
2001.11.03 15:54 B C:\Mukta\current\clients\EMeD\PSTree\GRPanel$nodeDetailsListener.class --> aludra.usc.edu /auto/home-scf-06/mchitnis/EMeD/PSTree GRPanel$nodeDetailsListener.class
2001.11.03 15:54 B C:\Mukta\current\clients\EMeD\PSTree\GRPanel$partialMatchListener.class --> aludra.usc.edu /auto/home-scf-06/mchitnis/EMeD/PSTree GRPanel$partialMatchListener.class
2001.11.03 15:54 B C:\Mukta\current\clients\EMeD\PSTree\GRPanel$selectListener.class --> aludra.usc.edu /auto/home-scf-06/mchitnis/EMeD/PSTree GRPanel$selectListener.class
2001.11.03 15:54 B C:\Mukta\current\clients\EMeD\PSTree\GRPanel$showDetailsListener.class --> aludra.usc.edu /auto/home-scf-06/mchitnis/EMeD/PSTree GRPanel$showDetailsListener.class
2001.11.03 15:54 B C:\Mukta\current\clients\EMeD\PSTree\GRPanel.class --> aludra.usc.edu /auto/home-scf-06/mchitnis/EMeD/PSTree GRPanel.class
2001.11.03 15:54 B C:\Mukta\current\clients\EMeD\PSTree\GRPanel.java --> aludra.usc.edu /auto/home-scf-06/mchitnis/EMeD/PSTree GRPanel.java
2001.11.03 15:54 B C:\Mukta\current\clients\EMeD\PSTree\GRPanel.java~ --> aludra.usc.edu /auto/home-scf-06/mchitnis/EMeD/PSTree GRPanel.java~
2001.11.03 15:54 B C:\Mukta\current\clients\EMeD\PSTree\GRRenderer$1.class --> aludra.usc.edu /auto/home-scf-06/mchitnis/EMeD/PSTree GRRenderer$1.class
2001.11.03 15:54 B C:\Mukta\current\clients\EMeD\PSTree\GRRenderer$bodyDescHandler.class --> aludra.usc.edu /auto/home-scf-06/mchitnis/EMeD/PSTree GRRenderer$bodyDescHandler.class
2001.11.03 15:54 B C:\Mukta\current\clients\EMeD\PSTree\GRRenderer$bodyHandler.class --> aludra.usc.edu /auto/home-scf-06/mchitnis/EMeD/PSTree GRRenderer$bodyHandler.class
2001.11.03 15:54 B C:\Mukta\current\clients\EMeD\PSTree\GRRenderer$capabilityHandler.class --> aludra.usc.edu /auto/home-scf-06/mchitnis/EMeD/PSTree GRRenderer$capabilityHandler.class
2001.11.03 15:54 B C:\Mukta\current\clients\EMeD\PSTree\GRRenderer$conceptHandler.class --> aludra.usc.edu /auto/home-scf-06/mchitnis/EMeD/PSTree GRRenderer$conceptHandler.class
2001.11.03 15:54 B C:\Mukta\current\clients\EMeD\PSTree\GRRenderer$descHandler.class --> aludra.usc.edu /auto/home-scf-06/mchitnis/EMeD/PSTree GRRenderer$descHandler.class
2001.11.03 15:54 B C:\Mukta\current\clients\EMeD\PSTree\GRRenderer$edtHandler.class --> aludra.usc.edu /auto/home-scf-06/mchitnis/EMeD/PSTree GRRenderer$edtHandler.class
2001.11.03 15:54 B C:\Mukta\current\clients\EMeD\PSTree\GRRenderer$goalInfoHandler.class --> aludra.usc.edu /auto/home-scf-06/mchitnis/EMeD/PSTree GRRenderer$goalInfoHandler.class
2001.11.03 15:54 B C:\Mukta\current\clients\EMeD\PSTree\GRRenderer$highlightResultHandler.class --> aludra.usc.edu /auto/home-scf-06/mchitnis/EMeD/PSTree GRRenderer$highlightResultHandler.class
2001.11.03 15:54 B C:\Mukta\current\clients\EMeD\PSTree\GRRenderer$indicateExpandHandler.class --> aludra.usc.edu /auto/home-scf-06/mchitnis/EMeD/PSTree GRRenderer$indicateExpandHandler.class
2001.11.03 15:54 B C:\Mukta\current\clients\EMeD\PSTree\GRRenderer$indicateNewHandler.class --> aludra.usc.edu /auto/home-scf-06/mchitnis/EMeD/PSTree GRRenderer$indicateNewHandler.class
2001.11.03 15:54 B C:\Mukta\current\clients\EMeD\PSTree\GRRenderer$nameHandler.class --> aludra.usc.edu /auto/home-scf-06/mchitnis/EMeD/PSTree GRRenderer$nameHandler.class
2001.11.03 15:54 B C:\Mukta\current\clients\EMeD\PSTree\GRRenderer$nodeHandler.class --> aludra.usc.edu /auto/home-scf-06/mchitnis/EMeD/PSTree GRRenderer$nodeHandler.class
2001.11.03 15:54 B C:\Mukta\current\clients\EMeD\PSTree\GRRenderer$NSElementHandlerBase.class --> aludra.usc.edu /auto/home-scf-06/mchitnis/EMeD/PSTree GRRenderer$NSElementHandlerBase.class
2001.11.03 15:54 B C:\Mukta\current\clients\EMeD\PSTree\GRRenderer$possibleUserHandler.class --> aludra.usc.edu /auto/home-scf-06/mchitnis/EMeD/PSTree GRRenderer$possibleUserHandler.class
2001.11.03 15:54 B C:\Mukta\current\clients\EMeD\PSTree\GRRenderer$resultHandler.class --> aludra.usc.edu /auto/home-scf-06/mchitnis/EMeD/PSTree GRRenderer$resultHandler.class
2001.11.03 15:54 B C:\Mukta\current\clients\EMeD\PSTree\GRRenderer$simpleCapHandler.class --> aludra.usc.edu /auto/home-scf-06/mchitnis/EMeD/PSTree GRRenderer$simpleCapHandler.class
2001.11.03 15:54 B C:\Mukta\current\clients\EMeD\PSTree\GRRenderer$subgoalHandler.class --> aludra.usc.edu /auto/home-scf-06/mchitnis/EMeD/PSTree GRRenderer$subgoalHandler.class
2001.11.03 15:54 B C:\Mukta\current\clients\EMeD\PSTree\GRRenderer$systemNameHandler.class --> aludra.usc.edu /auto/home-scf-06/mchitnis/EMeD/PSTree GRRenderer$systemNameHandler.class
2001.11.03 15:54 B C:\Mukta\current\clients\EMeD\PSTree\GRRenderer.class --> aludra.usc.edu /auto/home-scf-06/mchitnis/EMeD/PSTree GRRenderer.class
2001.11.03 15:54 B C:\Mukta\current\clients\EMeD\PSTree\partialMatchFrame$applyListener.class --> aludra.usc.edu /auto/home-scf-06/mchitnis/EMeD/PSTree partialMatchFrame$applyListener.class
2001.11.03 15:54 B C:\Mukta\current\clients\EMeD\PSTree\partialMatchFrame$closeListener.class --> aludra.usc.edu /auto/home-scf-06/mchitnis/EMeD/PSTree partialMatchFrame$closeListener.class
2001.11.03 15:54 B C:\Mukta\current\clients\EMeD\PSTree\partialMatchFrame.class --> aludra.usc.edu /auto/home-scf-06/mchitnis/EMeD/PSTree partialMatchFrame.class
2001.11.03 15:54 B C:\Mukta\current\clients\EMeD\PSTree\partialMatchFrame.java --> aludra.usc.edu /auto/home-scf-06/mchitnis/EMeD/PSTree partialMatchFrame.java
2001.11.03 15:54 B C:\Mukta\current\clients\EMeD\PSTree\psTabbedPanel$1.class --> aludra.usc.edu /auto/home-scf-06/mchitnis/EMeD/PSTree psTabbedPanel$1.class
2001.11.03 15:54 B C:\Mukta\current\clients\EMeD\PSTree\psTabbedPanel$2.class --> aludra.usc.edu /auto/home-scf-06/mchitnis/EMeD/PSTree psTabbedPanel$2.class
2001.11.03 15:54 B C:\Mukta\current\clients\EMeD\PSTree\psTabbedPanel$reloadListener.class --> aludra.usc.edu /auto/home-scf-06/mchitnis/EMeD/PSTree psTabbedPanel$reloadListener.class
2001.11.03 15:54 B C:\Mukta\current\clients\EMeD\PSTree\psTabbedPanel.class --> aludra.usc.edu /auto/home-scf-06/mchitnis/EMeD/PSTree psTabbedPanel.class
2001.11.03 15:54 B C:\Mukta\current\clients\EMeD\PSTree\psTabbedPanel.java --> aludra.usc.edu /auto/home-scf-06/mchitnis/EMeD/PSTree psTabbedPanel.java
2001.11.03 15:54 B C:\Mukta\current\clients\EMeD\PSTree\psTabbedPanel.java~ --> aludra.usc.edu /auto/home-scf-06/mchitnis/EMeD/PSTree psTabbedPanel.java~
2001.11.03 15:54 B C:\Mukta\current\clients\EMeD\PSTree\PSTreePanel$1.class --> aludra.usc.edu /auto/home-scf-06/mchitnis/EMeD/PSTree PSTreePanel$1.class
2001.11.03 15:54 B C:\Mukta\current\clients\EMeD\PSTree\PSTreePanel.class --> aludra.usc.edu /auto/home-scf-06/mchitnis/EMeD/PSTree PSTreePanel.class
2001.11.03 15:54 B C:\Mukta\current\clients\EMeD\PSTree\PSTreePanel.java --> aludra.usc.edu /auto/home-scf-06/mchitnis/EMeD/PSTree PSTreePanel.java
2001.11.03 15:54 B C:\Mukta\current\clients\EMeD\PSTree\PSundefinedGoalsCellRenderer.java --> aludra.usc.edu /auto/home-scf-06/mchitnis/EMeD/PSTree PSundefinedGoalsCellRenderer.java
2001.11.03 15:54 B C:\Mukta\current\clients\EMeD\PSTree\PSundefinedGoalsPanel$1.class --> aludra.usc.edu /auto/home-scf-06/mchitnis/EMeD/PSTree PSundefinedGoalsPanel$1.class
2001.11.03 15:54 B C:\Mukta\current\clients\EMeD\PSTree\PSundefinedGoalsPanel$2.class --> aludra.usc.edu /auto/home-scf-06/mchitnis/EMeD/PSTree PSundefinedGoalsPanel$2.class
2001.11.03 15:54 B C:\Mukta\current\clients\EMeD\PSTree\PSundefinedGoalsPanel$createMethodListener.class --> aludra.usc.edu /auto/home-scf-06/mchitnis/EMeD/PSTree PSundefinedGoalsPanel$createMethodListener.class
2001.11.03 15:54 B C:\Mukta\current\clients\EMeD\PSTree\PSundefinedGoalsPanel.class --> aludra.usc.edu /auto/home-scf-06/mchitnis/EMeD/PSTree PSundefinedGoalsPanel.class
2001.11.03 15:54 B C:\Mukta\current\clients\EMeD\PSTree\PSundefinedGoalsPanel.java --> aludra.usc.edu /auto/home-scf-06/mchitnis/EMeD/PSTree PSundefinedGoalsPanel.java
2001.11.03 15:54 B C:\Mukta\current\clients\EMeD\PSTree\PSundefinedGoalsPanel.java~ --> aludra.usc.edu /auto/home-scf-06/mchitnis/EMeD/PSTree PSundefinedGoalsPanel.java~
2001.11.03 15:54 B C:\Mukta\current\clients\EMeD\PSTree\showNodeFrame$okListener.class --> aludra.usc.edu /auto/home-scf-06/mchitnis/EMeD/PSTree showNodeFrame$okListener.class
2001.11.03 15:54 B C:\Mukta\current\clients\EMeD\PSTree\showNodeFrame.class --> aludra.usc.edu /auto/home-scf-06/mchitnis/EMeD/PSTree showNodeFrame.class
2001.11.03 15:54 B C:\Mukta\current\clients\EMeD\PSTree\showNodeFrame.java --> aludra.usc.edu /auto/home-scf-06/mchitnis/EMeD/PSTree showNodeFrame.java
2001.11.03 15:54 B C:\Mukta\current\clients\EMeD\PSTree\temp --> aludra.usc.edu /auto/home-scf-06/mchitnis/EMeD/PSTree temp
2001.11.03 15:54 B C:\Mukta\current\clients\EMeD\PSTree\TTD --> aludra.usc.edu /auto/home-scf-06/mchitnis/EMeD/PSTree TTD
2001.11.03 15:54 B C:\Mukta\current\clients\EMeD\PSTree\WS_FTP.LOG --> aludra.usc.edu /auto/home-scf-06/mchitnis/EMeD/PSTree WS_FTP.LOG
