2001.06.01 11:52 B C:\Mukta\current\clients\EMeD\PSTree\images\bracket.gif <-- nitro.isi.edu /nfs/isd2/mchitnis/current/clients/EMeD/PSTree/images bracket.gif
2001.06.01 11:52 B C:\Mukta\current\clients\EMeD\PSTree\images\bracket2.gif <-- nitro.isi.edu /nfs/isd2/mchitnis/current/clients/EMeD/PSTree/images bracket2.gif
2001.06.01 11:52 B C:\Mukta\current\clients\EMeD\PSTree\images\collapsed.gif <-- nitro.isi.edu /nfs/isd2/mchitnis/current/clients/EMeD/PSTree/images collapsed.gif
2001.06.01 11:52 B C:\Mukta\current\clients\EMeD\PSTree\images\expanded.gif <-- nitro.isi.edu /nfs/isd2/mchitnis/current/clients/EMeD/PSTree/images expanded.gif
2001.06.01 11:52 B C:\Mukta\current\clients\EMeD\PSTree\images\foot.gif <-- nitro.isi.edu /nfs/isd2/mchitnis/current/clients/EMeD/PSTree/images foot.gif
2001.06.01 11:52 B C:\Mukta\current\clients\EMeD\PSTree\images\grey-square.gif <-- nitro.isi.edu /nfs/isd2/mchitnis/current/clients/EMeD/PSTree/images grey-square.gif
2001.06.01 11:52 B C:\Mukta\current\clients\EMeD\PSTree\images\lb_minus.gif <-- nitro.isi.edu /nfs/isd2/mchitnis/current/clients/EMeD/PSTree/images lb_minus.gif
2001.06.01 11:52 B C:\Mukta\current\clients\EMeD\PSTree\images\lb_plus.gif <-- nitro.isi.edu /nfs/isd2/mchitnis/current/clients/EMeD/PSTree/images lb_plus.gif
2001.06.01 11:52 B C:\Mukta\current\clients\EMeD\PSTree\images\lock.gif <-- nitro.isi.edu /nfs/isd2/mchitnis/current/clients/EMeD/PSTree/images lock.gif
2001.06.01 11:52 B C:\Mukta\current\clients\EMeD\PSTree\images\pr_minus.gif <-- nitro.isi.edu /nfs/isd2/mchitnis/current/clients/EMeD/PSTree/images pr_minus.gif
2001.06.01 11:52 B C:\Mukta\current\clients\EMeD\PSTree\images\pr_plus.gif <-- nitro.isi.edu /nfs/isd2/mchitnis/current/clients/EMeD/PSTree/images pr_plus.gif
2001.06.01 11:52 B C:\Mukta\current\clients\EMeD\PSTree\images\speed0.gif <-- nitro.isi.edu /nfs/isd2/mchitnis/current/clients/EMeD/PSTree/images speed0.gif
2001.06.01 11:52 B C:\Mukta\current\clients\EMeD\PSTree\images\square.gif <-- nitro.isi.edu /nfs/isd2/mchitnis/current/clients/EMeD/PSTree/images square.gif
2001.06.01 11:52 B C:\Mukta\current\clients\EMeD\PSTree\images\square_blue.gif <-- nitro.isi.edu /nfs/isd2/mchitnis/current/clients/EMeD/PSTree/images square_blue.gif
2001.06.01 11:52 B C:\Mukta\current\clients\EMeD\PSTree\images\stop.gif <-- nitro.isi.edu /nfs/isd2/mchitnis/current/clients/EMeD/PSTree/images stop.gif
2001.06.01 11:52 B C:\Mukta\current\clients\EMeD\PSTree\images\wh_minus.gif <-- nitro.isi.edu /nfs/isd2/mchitnis/current/clients/EMeD/PSTree/images wh_minus.gif
2001.06.01 11:52 B C:\Mukta\current\clients\EMeD\PSTree\images\wh_plus.gif <-- nitro.isi.edu /nfs/isd2/mchitnis/current/clients/EMeD/PSTree/images wh_plus.gif
2001.06.01 11:52 B C:\Mukta\current\clients\EMeD\PSTree\images\yl_minus.gif <-- nitro.isi.edu /nfs/isd2/mchitnis/current/clients/EMeD/PSTree/images yl_minus.gif
2001.06.01 11:52 B C:\Mukta\current\clients\EMeD\PSTree\images\yl_plus.gif <-- nitro.isi.edu /nfs/isd2/mchitnis/current/clients/EMeD/PSTree/images yl_plus.gif
2001.11.03 15:54 B C:\Mukta\current\clients\EMeD\PSTree\images\bracket.gif --> aludra.usc.edu /auto/home-scf-06/mchitnis/EMeD/PSTree/images bracket.gif
2001.11.03 15:54 B C:\Mukta\current\clients\EMeD\PSTree\images\bracket2.gif --> aludra.usc.edu /auto/home-scf-06/mchitnis/EMeD/PSTree/images bracket2.gif
2001.11.03 15:54 B C:\Mukta\current\clients\EMeD\PSTree\images\collapsed.gif --> aludra.usc.edu /auto/home-scf-06/mchitnis/EMeD/PSTree/images collapsed.gif
2001.11.03 15:54 B C:\Mukta\current\clients\EMeD\PSTree\images\expanded.gif --> aludra.usc.edu /auto/home-scf-06/mchitnis/EMeD/PSTree/images expanded.gif
2001.11.03 15:54 B C:\Mukta\current\clients\EMeD\PSTree\images\foot.gif --> aludra.usc.edu /auto/home-scf-06/mchitnis/EMeD/PSTree/images foot.gif
2001.11.03 15:54 B C:\Mukta\current\clients\EMeD\PSTree\images\grey-square.gif --> aludra.usc.edu /auto/home-scf-06/mchitnis/EMeD/PSTree/images grey-square.gif
2001.11.03 15:54 B C:\Mukta\current\clients\EMeD\PSTree\images\lb_minus.gif --> aludra.usc.edu /auto/home-scf-06/mchitnis/EMeD/PSTree/images lb_minus.gif
2001.11.03 15:54 B C:\Mukta\current\clients\EMeD\PSTree\images\lb_plus.gif --> aludra.usc.edu /auto/home-scf-06/mchitnis/EMeD/PSTree/images lb_plus.gif
2001.11.03 15:54 B C:\Mukta\current\clients\EMeD\PSTree\images\lock.gif --> aludra.usc.edu /auto/home-scf-06/mchitnis/EMeD/PSTree/images lock.gif
2001.11.03 15:54 B C:\Mukta\current\clients\EMeD\PSTree\images\pr_minus.gif --> aludra.usc.edu /auto/home-scf-06/mchitnis/EMeD/PSTree/images pr_minus.gif
2001.11.03 15:54 B C:\Mukta\current\clients\EMeD\PSTree\images\pr_plus.gif --> aludra.usc.edu /auto/home-scf-06/mchitnis/EMeD/PSTree/images pr_plus.gif
2001.11.03 15:54 B C:\Mukta\current\clients\EMeD\PSTree\images\speed0.gif --> aludra.usc.edu /auto/home-scf-06/mchitnis/EMeD/PSTree/images speed0.gif
2001.11.03 15:54 B C:\Mukta\current\clients\EMeD\PSTree\images\square.gif --> aludra.usc.edu /auto/home-scf-06/mchitnis/EMeD/PSTree/images square.gif
2001.11.03 15:54 B C:\Mukta\current\clients\EMeD\PSTree\images\square_blue.gif --> aludra.usc.edu /auto/home-scf-06/mchitnis/EMeD/PSTree/images square_blue.gif
2001.11.03 15:54 B C:\Mukta\current\clients\EMeD\PSTree\images\stop.gif --> aludra.usc.edu /auto/home-scf-06/mchitnis/EMeD/PSTree/images stop.gif
2001.11.03 15:54 B C:\Mukta\current\clients\EMeD\PSTree\images\wh_minus.gif --> aludra.usc.edu /auto/home-scf-06/mchitnis/EMeD/PSTree/images wh_minus.gif
2001.11.03 15:54 B C:\Mukta\current\clients\EMeD\PSTree\images\wh_plus.gif --> aludra.usc.edu /auto/home-scf-06/mchitnis/EMeD/PSTree/images wh_plus.gif
2001.11.03 15:54 B C:\Mukta\current\clients\EMeD\PSTree\images\WS_FTP.LOG --> aludra.usc.edu /auto/home-scf-06/mchitnis/EMeD/PSTree/images WS_FTP.LOG
2001.11.03 15:54 B C:\Mukta\current\clients\EMeD\PSTree\images\yl_minus.gif --> aludra.usc.edu /auto/home-scf-06/mchitnis/EMeD/PSTree/images yl_minus.gif
2001.11.03 15:54 B C:\Mukta\current\clients\EMeD\PSTree\images\yl_plus.gif --> aludra.usc.edu /auto/home-scf-06/mchitnis/EMeD/PSTree/images yl_plus.gif
