2001.06.01 11:52 B C:\Mukta\current\clients\EMeD\HTML\ASPECT.concept <-- nitro.isi.edu /nfs/isd2/mchitnis/current/clients/EMeD/HTML ASPECT.concept
2001.06.01 11:52 B C:\Mukta\current\clients\EMeD\HTML\BRIDGE.concept <-- nitro.isi.edu /nfs/isd2/mchitnis/current/clients/EMeD/HTML BRIDGE.concept
2001.06.01 11:52 B C:\Mukta\current\clients\EMeD\HTML\bridge.html <-- nitro.isi.edu /nfs/isd2/mchitnis/current/clients/EMeD/HTML bridge.html
2001.06.01 11:52 B C:\Mukta\current\clients\EMeD\HTML\bridge.xml <-- nitro.isi.edu /nfs/isd2/mchitnis/current/clients/EMeD/HTML bridge.xml
2001.06.01 11:52 B C:\Mukta\current\clients\EMeD\HTML\conceptRenderer.java <-- nitro.isi.edu /nfs/isd2/mchitnis/current/clients/EMeD/HTML conceptRenderer.java
2001.06.01 11:52 B C:\Mukta\current\clients\EMeD\HTML\conceptRenderer.java~ <-- nitro.isi.edu /nfs/isd2/mchitnis/current/clients/EMeD/HTML conceptRenderer.java~
2001.06.01 11:52 B C:\Mukta\current\clients\EMeD\HTML\CONSTRAINT.concept <-- nitro.isi.edu /nfs/isd2/mchitnis/current/clients/EMeD/HTML CONSTRAINT.concept
2001.06.01 11:52 B C:\Mukta\current\clients\EMeD\HTML\CROSS-SECTION.relation <-- nitro.isi.edu /nfs/isd2/mchitnis/current/clients/EMeD/HTML CROSS-SECTION.relation
2001.06.01 11:52 B C:\Mukta\current\clients\EMeD\HTML\EVALUATION-FACET.concept <-- nitro.isi.edu /nfs/isd2/mchitnis/current/clients/EMeD/HTML EVALUATION-FACET.concept
2001.06.01 11:52 B C:\Mukta\current\clients\EMeD\HTML\EXPLOSIVES.concept <-- nitro.isi.edu /nfs/isd2/mchitnis/current/clients/EMeD/HTML EXPLOSIVES.concept
2001.06.01 11:52 B C:\Mukta\current\clients\EMeD\HTML\geographical-gap <-- nitro.isi.edu /nfs/isd2/mchitnis/current/clients/EMeD/HTML geographical-gap
2001.06.01 11:52 B C:\Mukta\current\clients\EMeD\HTML\geographical-gap.html <-- nitro.isi.edu /nfs/isd2/mchitnis/current/clients/EMeD/HTML geographical-gap.html
2001.06.01 11:52 B C:\Mukta\current\clients\EMeD\HTML\geographical-gap.xml <-- nitro.isi.edu /nfs/isd2/mchitnis/current/clients/EMeD/HTML geographical-gap.xml
2001.06.01 11:52 B C:\Mukta\current\clients\EMeD\HTML\HPKB-PLAN.concept <-- nitro.isi.edu /nfs/isd2/mchitnis/current/clients/EMeD/HTML HPKB-PLAN.concept
2001.06.01 11:52 B C:\Mukta\current\clients\EMeD\HTML\HtmlPanel.java <-- nitro.isi.edu /nfs/isd2/mchitnis/current/clients/EMeD/HTML HtmlPanel.java
2001.06.01 11:52 B C:\Mukta\current\clients\EMeD\HTML\HtmlPanel.java~ <-- nitro.isi.edu /nfs/isd2/mchitnis/current/clients/EMeD/HTML HtmlPanel.java~
2001.06.01 11:52 B C:\Mukta\current\clients\EMeD\HTML\instanceRenderer.java <-- nitro.isi.edu /nfs/isd2/mchitnis/current/clients/EMeD/HTML instanceRenderer.java
2001.06.01 11:52 B C:\Mukta\current\clients\EMeD\HTML\KFViewer.java <-- nitro.isi.edu /nfs/isd2/mchitnis/current/clients/EMeD/HTML KFViewer.java
2001.06.01 11:52 B C:\Mukta\current\clients\EMeD\HTML\KFViewer.java~ <-- nitro.isi.edu /nfs/isd2/mchitnis/current/clients/EMeD/HTML KFViewer.java~
2001.06.01 11:52 B C:\Mukta\current\clients\EMeD\HTML\methodRenderer.java <-- nitro.isi.edu /nfs/isd2/mchitnis/current/clients/EMeD/HTML methodRenderer.java
2001.06.01 11:52 B C:\Mukta\current\clients\EMeD\HTML\MILITARY-BRIDGE.concept <-- nitro.isi.edu /nfs/isd2/mchitnis/current/clients/EMeD/HTML MILITARY-BRIDGE.concept
2001.06.01 11:52 B C:\Mukta\current\clients\EMeD\HTML\military-bridge.xml <-- nitro.isi.edu /nfs/isd2/mchitnis/current/clients/EMeD/HTML military-bridge.xml
2001.06.01 11:52 B C:\Mukta\current\clients\EMeD\HTML\MILITARY-TASK.concept <-- nitro.isi.edu /nfs/isd2/mchitnis/current/clients/EMeD/HTML MILITARY-TASK.concept
2001.06.01 11:52 B C:\Mukta\current\clients\EMeD\HTML\note <-- nitro.isi.edu /nfs/isd2/mchitnis/current/clients/EMeD/HTML note
2001.06.01 11:52 B C:\Mukta\current\clients\EMeD\HTML\PLAN-TO-CRITIQUE.concept <-- nitro.isi.edu /nfs/isd2/mchitnis/current/clients/EMeD/HTML PLAN-TO-CRITIQUE.concept
2001.06.01 11:52 B C:\Mukta\current\clients\EMeD\HTML\POSSIBLE-MGB-SIZE.concept <-- nitro.isi.edu /nfs/isd2/mchitnis/current/clients/EMeD/HTML POSSIBLE-MGB-SIZE.concept
2001.06.01 11:52 B C:\Mukta\current\clients\EMeD\HTML\relationRenderer.java <-- nitro.isi.edu /nfs/isd2/mchitnis/current/clients/EMeD/HTML relationRenderer.java
2001.06.01 11:52 B C:\Mukta\current\clients\EMeD\HTML\relationRenderer.java~ <-- nitro.isi.edu /nfs/isd2/mchitnis/current/clients/EMeD/HTML relationRenderer.java~
2001.06.01 11:52 B C:\Mukta\current\clients\EMeD\HTML\runnit <-- nitro.isi.edu /nfs/isd2/mchitnis/current/clients/EMeD/HTML runnit
2001.06.01 11:52 B C:\Mukta\current\clients\EMeD\HTML\SOIL-OF.relation <-- nitro.isi.edu /nfs/isd2/mchitnis/current/clients/EMeD/HTML SOIL-OF.relation
2001.06.01 11:52 B C:\Mukta\current\clients\EMeD\HTML\test2.html <-- nitro.isi.edu /nfs/isd2/mchitnis/current/clients/EMeD/HTML test2.html
2001.06.01 11:52 B C:\Mukta\current\clients\EMeD\HTML\testR.java <-- nitro.isi.edu /nfs/isd2/mchitnis/current/clients/EMeD/HTML testR.java
2001.06.01 11:52 B C:\Mukta\current\clients\EMeD\HTML\TTD <-- nitro.isi.edu /nfs/isd2/mchitnis/current/clients/EMeD/HTML TTD
2001.11.03 15:53 B C:\Mukta\current\clients\EMeD\HTML\ASPECT.concept --> aludra.usc.edu /auto/home-scf-06/mchitnis/EMeD/HTML ASPECT.concept
2001.11.03 15:53 B C:\Mukta\current\clients\EMeD\HTML\BRIDGE.concept --> aludra.usc.edu /auto/home-scf-06/mchitnis/EMeD/HTML BRIDGE.concept
2001.11.03 15:53 B C:\Mukta\current\clients\EMeD\HTML\bridge.html --> aludra.usc.edu /auto/home-scf-06/mchitnis/EMeD/HTML bridge.html
2001.11.03 15:53 B C:\Mukta\current\clients\EMeD\HTML\bridge.xml --> aludra.usc.edu /auto/home-scf-06/mchitnis/EMeD/HTML bridge.xml
2001.11.03 15:53 B C:\Mukta\current\clients\EMeD\HTML\conceptRenderer$conceptDescriptionHandler.class --> aludra.usc.edu /auto/home-scf-06/mchitnis/EMeD/HTML conceptRenderer$conceptDescriptionHandler.class
2001.11.03 15:53 B C:\Mukta\current\clients\EMeD\HTML\conceptRenderer$conceptHandler.class --> aludra.usc.edu /auto/home-scf-06/mchitnis/EMeD/HTML conceptRenderer$conceptHandler.class
2001.11.03 15:53 B C:\Mukta\current\clients\EMeD\HTML\conceptRenderer$definitionHandler.class --> aludra.usc.edu /auto/home-scf-06/mchitnis/EMeD/HTML conceptRenderer$definitionHandler.class
2001.11.03 15:53 B C:\Mukta\current\clients\EMeD\HTML\conceptRenderer$directInstancesHandler.class --> aludra.usc.edu /auto/home-scf-06/mchitnis/EMeD/HTML conceptRenderer$directInstancesHandler.class
2001.11.03 15:53 B C:\Mukta\current\clients\EMeD\HTML\conceptRenderer$documentationHandler.class --> aludra.usc.edu /auto/home-scf-06/mchitnis/EMeD/HTML conceptRenderer$documentationHandler.class
2001.11.03 15:53 B C:\Mukta\current\clients\EMeD\HTML\conceptRenderer$instanceHandler.class --> aludra.usc.edu /auto/home-scf-06/mchitnis/EMeD/HTML conceptRenderer$instanceHandler.class
2001.11.03 15:53 B C:\Mukta\current\clients\EMeD\HTML\conceptRenderer$instancesHandler.class --> aludra.usc.edu /auto/home-scf-06/mchitnis/EMeD/HTML conceptRenderer$instancesHandler.class
2001.11.03 15:53 B C:\Mukta\current\clients\EMeD\HTML\conceptRenderer$nonDirectInstancesHandler.class --> aludra.usc.edu /auto/home-scf-06/mchitnis/EMeD/HTML conceptRenderer$nonDirectInstancesHandler.class
2001.11.03 15:53 B C:\Mukta\current\clients\EMeD\HTML\conceptRenderer$NSElementCopier.class --> aludra.usc.edu /auto/home-scf-06/mchitnis/EMeD/HTML conceptRenderer$NSElementCopier.class
2001.11.03 15:53 B C:\Mukta\current\clients\EMeD\HTML\conceptRenderer$relationHandler.class --> aludra.usc.edu /auto/home-scf-06/mchitnis/EMeD/HTML conceptRenderer$relationHandler.class
2001.11.03 15:53 B C:\Mukta\current\clients\EMeD\HTML\conceptRenderer$roleHandler.class --> aludra.usc.edu /auto/home-scf-06/mchitnis/EMeD/HTML conceptRenderer$roleHandler.class
2001.11.03 15:53 B C:\Mukta\current\clients\EMeD\HTML\conceptRenderer$siblingsHandler.class --> aludra.usc.edu /auto/home-scf-06/mchitnis/EMeD/HTML conceptRenderer$siblingsHandler.class
2001.11.03 15:53 B C:\Mukta\current\clients\EMeD\HTML\conceptRenderer$subConceptsHandler.class --> aludra.usc.edu /auto/home-scf-06/mchitnis/EMeD/HTML conceptRenderer$subConceptsHandler.class
2001.11.03 15:53 B C:\Mukta\current\clients\EMeD\HTML\conceptRenderer$superConceptsHandler.class --> aludra.usc.edu /auto/home-scf-06/mchitnis/EMeD/HTML conceptRenderer$superConceptsHandler.class
2001.11.03 15:53 B C:\Mukta\current\clients\EMeD\HTML\conceptRenderer$typeHandler.class --> aludra.usc.edu /auto/home-scf-06/mchitnis/EMeD/HTML conceptRenderer$typeHandler.class
2001.11.03 15:53 B C:\Mukta\current\clients\EMeD\HTML\conceptRenderer$withCommonParentHandler.class --> aludra.usc.edu /auto/home-scf-06/mchitnis/EMeD/HTML conceptRenderer$withCommonParentHandler.class
2001.11.03 15:53 B C:\Mukta\current\clients\EMeD\HTML\conceptRenderer.class --> aludra.usc.edu /auto/home-scf-06/mchitnis/EMeD/HTML conceptRenderer.class
2001.11.03 15:53 B C:\Mukta\current\clients\EMeD\HTML\conceptRenderer.java --> aludra.usc.edu /auto/home-scf-06/mchitnis/EMeD/HTML conceptRenderer.java
2001.11.03 15:53 B C:\Mukta\current\clients\EMeD\HTML\conceptRenderer.java~ --> aludra.usc.edu /auto/home-scf-06/mchitnis/EMeD/HTML conceptRenderer.java~
2001.11.03 15:53 B C:\Mukta\current\clients\EMeD\HTML\CONSTRAINT.concept --> aludra.usc.edu /auto/home-scf-06/mchitnis/EMeD/HTML CONSTRAINT.concept
2001.11.03 15:53 B C:\Mukta\current\clients\EMeD\HTML\CONTRACT.concept --> aludra.usc.edu /auto/home-scf-06/mchitnis/EMeD/HTML CONTRACT.concept
2001.11.03 15:53 B C:\Mukta\current\clients\EMeD\HTML\CROSS-SECTION.relation --> aludra.usc.edu /auto/home-scf-06/mchitnis/EMeD/HTML CROSS-SECTION.relation
2001.11.03 15:53 B C:\Mukta\current\clients\EMeD\HTML\DOMAIN-CONCEPT.concept --> aludra.usc.edu /auto/home-scf-06/mchitnis/EMeD/HTML DOMAIN-CONCEPT.concept
2001.11.03 15:53 B C:\Mukta\current\clients\EMeD\HTML\EMPTY-SET.concept --> aludra.usc.edu /auto/home-scf-06/mchitnis/EMeD/HTML EMPTY-SET.concept
2001.11.03 15:53 B C:\Mukta\current\clients\EMeD\HTML\EVALUATION-FACET.concept --> aludra.usc.edu /auto/home-scf-06/mchitnis/EMeD/HTML EVALUATION-FACET.concept
2001.11.03 15:53 B C:\Mukta\current\clients\EMeD\HTML\EXPLOSIVES.concept --> aludra.usc.edu /auto/home-scf-06/mchitnis/EMeD/HTML EXPLOSIVES.concept
2001.11.03 15:53 B C:\Mukta\current\clients\EMeD\HTML\FSA-PER-DIEM-HOTEL-RATE.concept --> aludra.usc.edu /auto/home-scf-06/mchitnis/EMeD/HTML FSA-PER-DIEM-HOTEL-RATE.concept
2001.11.03 15:53 B C:\Mukta\current\clients\EMeD\HTML\geographical-gap --> aludra.usc.edu /auto/home-scf-06/mchitnis/EMeD/HTML geographical-gap
2001.11.03 15:53 B C:\Mukta\current\clients\EMeD\HTML\geographical-gap.html --> aludra.usc.edu /auto/home-scf-06/mchitnis/EMeD/HTML geographical-gap.html
2001.11.03 15:53 B C:\Mukta\current\clients\EMeD\HTML\geographical-gap.xml --> aludra.usc.edu /auto/home-scf-06/mchitnis/EMeD/HTML geographical-gap.xml
2001.11.03 15:53 B C:\Mukta\current\clients\EMeD\HTML\HPKB-PLAN.concept --> aludra.usc.edu /auto/home-scf-06/mchitnis/EMeD/HTML HPKB-PLAN.concept
2001.11.03 15:53 B C:\Mukta\current\clients\EMeD\HTML\HtmlPanel$1.class --> aludra.usc.edu /auto/home-scf-06/mchitnis/EMeD/HTML HtmlPanel$1.class
2001.11.03 15:53 B C:\Mukta\current\clients\EMeD\HTML\HtmlPanel$findListener.class --> aludra.usc.edu /auto/home-scf-06/mchitnis/EMeD/HTML HtmlPanel$findListener.class
2001.11.03 15:53 B C:\Mukta\current\clients\EMeD\HTML\HtmlPanel$PageLoader.class --> aludra.usc.edu /auto/home-scf-06/mchitnis/EMeD/HTML HtmlPanel$PageLoader.class
2001.11.03 15:53 B C:\Mukta\current\clients\EMeD\HTML\HtmlPanel.class --> aludra.usc.edu /auto/home-scf-06/mchitnis/EMeD/HTML HtmlPanel.class
2001.11.03 15:53 B C:\Mukta\current\clients\EMeD\HTML\HtmlPanel.java --> aludra.usc.edu /auto/home-scf-06/mchitnis/EMeD/HTML HtmlPanel.java
2001.11.03 15:53 B C:\Mukta\current\clients\EMeD\HTML\HtmlPanel.java~ --> aludra.usc.edu /auto/home-scf-06/mchitnis/EMeD/HTML HtmlPanel.java~
2001.11.03 15:53 B C:\Mukta\current\clients\EMeD\HTML\HtmlPanellINKSmUKTA.java --> aludra.usc.edu /auto/home-scf-06/mchitnis/EMeD/HTML HtmlPanellINKSmUKTA.java
2001.11.03 15:53 B C:\Mukta\current\clients\EMeD\HTML\HtmlPanelMukta.java --> aludra.usc.edu /auto/home-scf-06/mchitnis/EMeD/HTML HtmlPanelMukta.java
2001.11.03 15:53 B C:\Mukta\current\clients\EMeD\HTML\instanceRenderer.java --> aludra.usc.edu /auto/home-scf-06/mchitnis/EMeD/HTML instanceRenderer.java
2001.11.03 15:53 B C:\Mukta\current\clients\EMeD\HTML\KFViewer.java --> aludra.usc.edu /auto/home-scf-06/mchitnis/EMeD/HTML KFViewer.java
2001.11.03 15:53 B C:\Mukta\current\clients\EMeD\HTML\KFViewer.java~ --> aludra.usc.edu /auto/home-scf-06/mchitnis/EMeD/HTML KFViewer.java~
2001.11.03 15:53 B C:\Mukta\current\clients\EMeD\HTML\methodRenderer.java --> aludra.usc.edu /auto/home-scf-06/mchitnis/EMeD/HTML methodRenderer.java
2001.11.03 15:53 B C:\Mukta\current\clients\EMeD\HTML\MILITARY-BRIDGE.concept --> aludra.usc.edu /auto/home-scf-06/mchitnis/EMeD/HTML MILITARY-BRIDGE.concept
2001.11.03 15:53 B C:\Mukta\current\clients\EMeD\HTML\military-bridge.xml --> aludra.usc.edu /auto/home-scf-06/mchitnis/EMeD/HTML military-bridge.xml
2001.11.03 15:53 B C:\Mukta\current\clients\EMeD\HTML\MILITARY-TASK.concept --> aludra.usc.edu /auto/home-scf-06/mchitnis/EMeD/HTML MILITARY-TASK.concept
2001.11.03 15:53 B C:\Mukta\current\clients\EMeD\HTML\note --> aludra.usc.edu /auto/home-scf-06/mchitnis/EMeD/HTML note
2001.11.03 15:53 B C:\Mukta\current\clients\EMeD\HTML\PERSON.concept --> aludra.usc.edu /auto/home-scf-06/mchitnis/EMeD/HTML PERSON.concept
2001.11.03 15:53 B C:\Mukta\current\clients\EMeD\HTML\PHYSICAL-LOCATION.concept --> aludra.usc.edu /auto/home-scf-06/mchitnis/EMeD/HTML PHYSICAL-LOCATION.concept
2001.11.03 15:53 B C:\Mukta\current\clients\EMeD\HTML\PLAN-TO-CRITIQUE.concept --> aludra.usc.edu /auto/home-scf-06/mchitnis/EMeD/HTML PLAN-TO-CRITIQUE.concept
2001.11.03 15:53 B C:\Mukta\current\clients\EMeD\HTML\POSSIBLE-MGB-SIZE.concept --> aludra.usc.edu /auto/home-scf-06/mchitnis/EMeD/HTML POSSIBLE-MGB-SIZE.concept
2001.11.03 15:53 B C:\Mukta\current\clients\EMeD\HTML\relationRenderer$conceptHandler.class --> aludra.usc.edu /auto/home-scf-06/mchitnis/EMeD/HTML relationRenderer$conceptHandler.class
2001.11.03 15:53 B C:\Mukta\current\clients\EMeD\HTML\relationRenderer$definitionHandler.class --> aludra.usc.edu /auto/home-scf-06/mchitnis/EMeD/HTML relationRenderer$definitionHandler.class
2001.11.03 15:53 B C:\Mukta\current\clients\EMeD\HTML\relationRenderer$documentationHandler.class --> aludra.usc.edu /auto/home-scf-06/mchitnis/EMeD/HTML relationRenderer$documentationHandler.class
2001.11.03 15:53 B C:\Mukta\current\clients\EMeD\HTML\relationRenderer$instanceHandler.class --> aludra.usc.edu /auto/home-scf-06/mchitnis/EMeD/HTML relationRenderer$instanceHandler.class
2001.11.03 15:53 B C:\Mukta\current\clients\EMeD\HTML\relationRenderer$NSElementCopier.class --> aludra.usc.edu /auto/home-scf-06/mchitnis/EMeD/HTML relationRenderer$NSElementCopier.class
2001.11.03 15:53 B C:\Mukta\current\clients\EMeD\HTML\relationRenderer$relationDescriptionHandler.class --> aludra.usc.edu /auto/home-scf-06/mchitnis/EMeD/HTML relationRenderer$relationDescriptionHandler.class
2001.11.03 15:53 B C:\Mukta\current\clients\EMeD\HTML\relationRenderer$relationHandler.class --> aludra.usc.edu /auto/home-scf-06/mchitnis/EMeD/HTML relationRenderer$relationHandler.class
2001.11.03 15:53 B C:\Mukta\current\clients\EMeD\HTML\relationRenderer$roleHandler.class --> aludra.usc.edu /auto/home-scf-06/mchitnis/EMeD/HTML relationRenderer$roleHandler.class
2001.11.03 15:53 B C:\Mukta\current\clients\EMeD\HTML\relationRenderer$siblingsHandler.class --> aludra.usc.edu /auto/home-scf-06/mchitnis/EMeD/HTML relationRenderer$siblingsHandler.class
2001.11.03 15:53 B C:\Mukta\current\clients\EMeD\HTML\relationRenderer$subRelationsHandler.class --> aludra.usc.edu /auto/home-scf-06/mchitnis/EMeD/HTML relationRenderer$subRelationsHandler.class
2001.11.03 15:53 B C:\Mukta\current\clients\EMeD\HTML\relationRenderer$superRelationsHandler.class --> aludra.usc.edu /auto/home-scf-06/mchitnis/EMeD/HTML relationRenderer$superRelationsHandler.class
2001.11.03 15:53 B C:\Mukta\current\clients\EMeD\HTML\relationRenderer.class --> aludra.usc.edu /auto/home-scf-06/mchitnis/EMeD/HTML relationRenderer.class
2001.11.03 15:53 B C:\Mukta\current\clients\EMeD\HTML\relationRenderer.java --> aludra.usc.edu /auto/home-scf-06/mchitnis/EMeD/HTML relationRenderer.java
2001.11.03 15:53 B C:\Mukta\current\clients\EMeD\HTML\relationRenderer.java~ --> aludra.usc.edu /auto/home-scf-06/mchitnis/EMeD/HTML relationRenderer.java~
2001.11.03 15:53 B C:\Mukta\current\clients\EMeD\HTML\runnit --> aludra.usc.edu /auto/home-scf-06/mchitnis/EMeD/HTML runnit
2001.11.03 15:53 B C:\Mukta\current\clients\EMeD\HTML\SET-MEMBER.concept --> aludra.usc.edu /auto/home-scf-06/mchitnis/EMeD/HTML SET-MEMBER.concept
2001.11.03 15:53 B C:\Mukta\current\clients\EMeD\HTML\SOIL-OF.relation --> aludra.usc.edu /auto/home-scf-06/mchitnis/EMeD/HTML SOIL-OF.relation
2001.11.03 15:53 B C:\Mukta\current\clients\EMeD\HTML\test2.html --> aludra.usc.edu /auto/home-scf-06/mchitnis/EMeD/HTML test2.html
2001.11.03 15:53 B C:\Mukta\current\clients\EMeD\HTML\testR.java --> aludra.usc.edu /auto/home-scf-06/mchitnis/EMeD/HTML testR.java
2001.11.03 15:53 B C:\Mukta\current\clients\EMeD\HTML\TOP-DOMAIN-CONCEPT.concept --> aludra.usc.edu /auto/home-scf-06/mchitnis/EMeD/HTML TOP-DOMAIN-CONCEPT.concept
2001.11.03 15:53 B C:\Mukta\current\clients\EMeD\HTML\TTD --> aludra.usc.edu /auto/home-scf-06/mchitnis/EMeD/HTML TTD
2001.11.03 15:53 B C:\Mukta\current\clients\EMeD\HTML\WS_FTP.LOG --> aludra.usc.edu /auto/home-scf-06/mchitnis/EMeD/HTML WS_FTP.LOG
