2001.06.01 11:52 B C:\Mukta\current\clients\EMeD\editor\altListRenderer.java <-- nitro.isi.edu /nfs/isd2/mchitnis/current/clients/EMeD/editor altListRenderer.java
2001.06.01 11:52 B C:\Mukta\current\clients\EMeD\editor\altListRenderer.java~ <-- nitro.isi.edu /nfs/isd2/mchitnis/current/clients/EMeD/editor altListRenderer.java~
2001.06.01 11:52 B C:\Mukta\current\clients\EMeD\editor\altPanel.java <-- nitro.isi.edu /nfs/isd2/mchitnis/current/clients/EMeD/editor altPanel.java
2001.06.01 11:52 B C:\Mukta\current\clients\EMeD\editor\altPanel.java~ <-- nitro.isi.edu /nfs/isd2/mchitnis/current/clients/EMeD/editor altPanel.java~
2001.06.01 11:52 B C:\Mukta\current\clients\EMeD\editor\eButton.java <-- nitro.isi.edu /nfs/isd2/mchitnis/current/clients/EMeD/editor eButton.java
2001.06.01 11:52 B C:\Mukta\current\clients\EMeD\editor\eButton.java~ <-- nitro.isi.edu /nfs/isd2/mchitnis/current/clients/EMeD/editor eButton.java~
2001.06.01 11:52 B C:\Mukta\current\clients\EMeD\editor\editListCellRenderer.java <-- nitro.isi.edu /nfs/isd2/mchitnis/current/clients/EMeD/editor editListCellRenderer.java
2001.06.01 11:52 B C:\Mukta\current\clients\EMeD\editor\editListCellRenderer.java~ <-- nitro.isi.edu /nfs/isd2/mchitnis/current/clients/EMeD/editor editListCellRenderer.java~
2001.06.01 11:52 B C:\Mukta\current\clients\EMeD\editor\example.txt <-- nitro.isi.edu /nfs/isd2/mchitnis/current/clients/EMeD/editor example.txt
2001.06.01 11:52 B C:\Mukta\current\clients\EMeD\editor\GNUmakefile <-- nitro.isi.edu /nfs/isd2/mchitnis/current/clients/EMeD/editor GNUmakefile
2001.06.01 11:52 B C:\Mukta\current\clients\EMeD\editor\GNUmakefile~ <-- nitro.isi.edu /nfs/isd2/mchitnis/current/clients/EMeD/editor GNUmakefile~
2001.06.01 11:52 B C:\Mukta\current\clients\EMeD\editor\MEditor.java <-- nitro.isi.edu /nfs/isd2/mchitnis/current/clients/EMeD/editor MEditor.java
2001.06.01 11:52 B C:\Mukta\current\clients\EMeD\editor\MEditor.java~ <-- nitro.isi.edu /nfs/isd2/mchitnis/current/clients/EMeD/editor MEditor.java~
2001.06.01 11:52 B C:\Mukta\current\clients\EMeD\editor\methodDescRenderer.java <-- nitro.isi.edu /nfs/isd2/mchitnis/current/clients/EMeD/editor methodDescRenderer.java
2001.06.01 11:52 B C:\Mukta\current\clients\EMeD\editor\methodDescRenderer.java-new <-- nitro.isi.edu /nfs/isd2/mchitnis/current/clients/EMeD/editor methodDescRenderer.java-new
2001.06.01 11:52 B C:\Mukta\current\clients\EMeD\editor\methodDescRenderer.java~ <-- nitro.isi.edu /nfs/isd2/mchitnis/current/clients/EMeD/editor methodDescRenderer.java~
2001.06.01 11:52 B C:\Mukta\current\clients\EMeD\editor\run <-- nitro.isi.edu /nfs/isd2/mchitnis/current/clients/EMeD/editor run
2001.06.01 11:52 B C:\Mukta\current\clients\EMeD\editor\runnit <-- nitro.isi.edu /nfs/isd2/mchitnis/current/clients/EMeD/editor runnit
2001.06.01 11:52 B C:\Mukta\current\clients\EMeD\editor\runnit~ <-- nitro.isi.edu /nfs/isd2/mchitnis/current/clients/EMeD/editor runnit~
2001.06.01 11:52 B C:\Mukta\current\clients\EMeD\editor\run~ <-- nitro.isi.edu /nfs/isd2/mchitnis/current/clients/EMeD/editor run~
2001.06.01 11:52 B C:\Mukta\current\clients\EMeD\editor\sample.plan <-- nitro.isi.edu /nfs/isd2/mchitnis/current/clients/EMeD/editor sample.plan
2001.06.01 11:52 B C:\Mukta\current\clients\EMeD\editor\test.java <-- nitro.isi.edu /nfs/isd2/mchitnis/current/clients/EMeD/editor test.java
2001.06.01 11:52 B C:\Mukta\current\clients\EMeD\editor\test.java~ <-- nitro.isi.edu /nfs/isd2/mchitnis/current/clients/EMeD/editor test.java~
2001.06.01 11:52 B C:\Mukta\current\clients\EMeD\editor\TTD <-- nitro.isi.edu /nfs/isd2/mchitnis/current/clients/EMeD/editor TTD
2001.06.01 11:52 B C:\Mukta\current\clients\EMeD\editor\TTD~ <-- nitro.isi.edu /nfs/isd2/mchitnis/current/clients/EMeD/editor TTD~
