2001.06.01 11:53 B C:\Mukta\current\clients\EMeD\Tree\classes\xml2jtml\methodDefRenderer$complexDataHandler.class <-- nitro.isi.edu /nfs/isd2/mchitnis/current/clients/EMeD/Tree/classes/xml2jtml methodDefRenderer$complexDataHandler.class
2001.06.01 11:53 B C:\Mukta\current\clients\EMeD\Tree\classes\xml2jtml\methodDefRenderer$goalFormHandler.class <-- nitro.isi.edu /nfs/isd2/mchitnis/current/clients/EMeD/Tree/classes/xml2jtml methodDefRenderer$goalFormHandler.class
2001.06.01 11:53 B C:\Mukta\current\clients\EMeD\Tree\classes\xml2jtml\methodDefRenderer$goalNameHandler.class <-- nitro.isi.edu /nfs/isd2/mchitnis/current/clients/EMeD/Tree/classes/xml2jtml methodDefRenderer$goalNameHandler.class
2001.06.01 11:53 B C:\Mukta\current\clients\EMeD\Tree\classes\xml2jtml\methodDefRenderer$ifFormHandler.class <-- nitro.isi.edu /nfs/isd2/mchitnis/current/clients/EMeD/Tree/classes/xml2jtml methodDefRenderer$ifFormHandler.class
2001.06.01 11:53 B C:\Mukta\current\clients\EMeD\Tree\classes\xml2jtml\methodDefRenderer$instanceNameHandler.class <-- nitro.isi.edu /nfs/isd2/mchitnis/current/clients/EMeD/Tree/classes/xml2jtml methodDefRenderer$instanceNameHandler.class
2001.06.01 11:53 B C:\Mukta\current\clients\EMeD\Tree\classes\xml2jtml\methodDefRenderer$metBodyHandler.class <-- nitro.isi.edu /nfs/isd2/mchitnis/current/clients/EMeD/Tree/classes/xml2jtml methodDefRenderer$metBodyHandler.class
2001.06.01 11:53 B C:\Mukta\current\clients\EMeD\Tree\classes\xml2jtml\methodDefRenderer$methodDescHandler.class <-- nitro.isi.edu /nfs/isd2/mchitnis/current/clients/EMeD/Tree/classes/xml2jtml methodDefRenderer$methodDescHandler.class
2001.06.01 11:53 B C:\Mukta\current\clients\EMeD\Tree\classes\xml2jtml\methodDefRenderer$methodGoalArgumentHandler.class <-- nitro.isi.edu /nfs/isd2/mchitnis/current/clients/EMeD/Tree/classes/xml2jtml methodDefRenderer$methodGoalArgumentHandler.class
2001.06.01 11:53 B C:\Mukta\current\clients\EMeD\Tree\classes\xml2jtml\methodDefRenderer$methodGoalHandler.class <-- nitro.isi.edu /nfs/isd2/mchitnis/current/clients/EMeD/Tree/classes/xml2jtml methodDefRenderer$methodGoalHandler.class
2001.06.01 11:53 B C:\Mukta\current\clients\EMeD\Tree\classes\xml2jtml\methodDefRenderer$methodResultHandler.class <-- nitro.isi.edu /nfs/isd2/mchitnis/current/clients/EMeD/Tree/classes/xml2jtml methodDefRenderer$methodResultHandler.class
2001.06.01 11:53 B C:\Mukta\current\clients\EMeD\Tree\classes\xml2jtml\methodDefRenderer$NameHandler.class <-- nitro.isi.edu /nfs/isd2/mchitnis/current/clients/EMeD/Tree/classes/xml2jtml methodDefRenderer$NameHandler.class
2001.06.01 11:53 B C:\Mukta\current\clients\EMeD\Tree\classes\xml2jtml\methodDefRenderer$NSElementCopier.class <-- nitro.isi.edu /nfs/isd2/mchitnis/current/clients/EMeD/Tree/classes/xml2jtml methodDefRenderer$NSElementCopier.class
2001.06.01 11:53 B C:\Mukta\current\clients\EMeD\Tree\classes\xml2jtml\methodDefRenderer$parameterNameHandler.class <-- nitro.isi.edu /nfs/isd2/mchitnis/current/clients/EMeD/Tree/classes/xml2jtml methodDefRenderer$parameterNameHandler.class
2001.06.01 11:53 B C:\Mukta\current\clients\EMeD\Tree\classes\xml2jtml\methodDefRenderer$passiveHandler.class <-- nitro.isi.edu /nfs/isd2/mchitnis/current/clients/EMeD/Tree/classes/xml2jtml methodDefRenderer$passiveHandler.class
2001.06.01 11:53 B C:\Mukta\current\clients\EMeD\Tree\classes\xml2jtml\methodDefRenderer$postProcessingHandler.class <-- nitro.isi.edu /nfs/isd2/mchitnis/current/clients/EMeD/Tree/classes/xml2jtml methodDefRenderer$postProcessingHandler.class
2001.06.01 11:53 B C:\Mukta\current\clients\EMeD\Tree\classes\xml2jtml\methodDefRenderer$primBodyHandler.class <-- nitro.isi.edu /nfs/isd2/mchitnis/current/clients/EMeD/Tree/classes/xml2jtml methodDefRenderer$primBodyHandler.class
2001.06.01 11:53 B C:\Mukta\current\clients\EMeD\Tree\classes\xml2jtml\methodDefRenderer$relFormHandler.class <-- nitro.isi.edu /nfs/isd2/mchitnis/current/clients/EMeD/Tree/classes/xml2jtml methodDefRenderer$relFormHandler.class
2001.06.01 11:53 B C:\Mukta\current\clients\EMeD\Tree\classes\xml2jtml\methodDefRenderer$resultRefinerHandler.class <-- nitro.isi.edu /nfs/isd2/mchitnis/current/clients/EMeD/Tree/classes/xml2jtml methodDefRenderer$resultRefinerHandler.class
2001.06.01 11:53 B C:\Mukta\current\clients\EMeD\Tree\classes\xml2jtml\methodDefRenderer$roleExpressionHandler.class <-- nitro.isi.edu /nfs/isd2/mchitnis/current/clients/EMeD/Tree/classes/xml2jtml methodDefRenderer$roleExpressionHandler.class
2001.06.01 11:53 B C:\Mukta\current\clients\EMeD\Tree\classes\xml2jtml\methodDefRenderer$tagTHandler.class <-- nitro.isi.edu /nfs/isd2/mchitnis/current/clients/EMeD/Tree/classes/xml2jtml methodDefRenderer$tagTHandler.class
2001.06.01 11:53 B C:\Mukta\current\clients\EMeD\Tree\classes\xml2jtml\methodDefRenderer.class <-- nitro.isi.edu /nfs/isd2/mchitnis/current/clients/EMeD/Tree/classes/xml2jtml methodDefRenderer.class
2001.06.01 11:53 B C:\Mukta\current\clients\EMeD\Tree\classes\xml2jtml\renderer.class <-- nitro.isi.edu /nfs/isd2/mchitnis/current/clients/EMeD/Tree/classes/xml2jtml renderer.class
2001.06.01 11:53 B C:\Mukta\current\clients\EMeD\Tree\classes\xml2jtml\testRenderer.class <-- nitro.isi.edu /nfs/isd2/mchitnis/current/clients/EMeD/Tree/classes/xml2jtml testRenderer.class
