2001.06.01 11:52 B C:\Mukta\current\clients\EMeD\Tree\bak\EditOnlyFrame.java <-- nitro.isi.edu /nfs/isd2/mchitnis/current/clients/EMeD/Tree/bak EditOnlyFrame.java
2001.06.01 11:52 B C:\Mukta\current\clients\EMeD\Tree\bak\EditOnlyPanel.java <-- nitro.isi.edu /nfs/isd2/mchitnis/current/clients/EMeD/Tree/bak EditOnlyPanel.java
2001.06.01 11:52 B C:\Mukta\current\clients\EMeD\Tree\bak\editResponseRenderer.java <-- nitro.isi.edu /nfs/isd2/mchitnis/current/clients/EMeD/Tree/bak editResponseRenderer.java
2001.06.01 11:52 B C:\Mukta\current\clients\EMeD\Tree\bak\expandableTreeModel.java <-- nitro.isi.edu /nfs/isd2/mchitnis/current/clients/EMeD/Tree/bak expandableTreeModel.java
2001.06.01 11:52 B C:\Mukta\current\clients\EMeD\Tree\bak\goalListParser.java <-- nitro.isi.edu /nfs/isd2/mchitnis/current/clients/EMeD/Tree/bak goalListParser.java
2001.06.01 11:52 B C:\Mukta\current\clients\EMeD\Tree\bak\highlightedMethodListCellRenderer.java <-- nitro.isi.edu /nfs/isd2/mchitnis/current/clients/EMeD/Tree/bak highlightedMethodListCellRenderer.java
2001.06.01 11:52 B C:\Mukta\current\clients\EMeD\Tree\bak\messageListCellRenderer.java <-- nitro.isi.edu /nfs/isd2/mchitnis/current/clients/EMeD/Tree/bak messageListCellRenderer.java
2001.06.01 11:52 B C:\Mukta\current\clients\EMeD\Tree\bak\messageListRenderer.java <-- nitro.isi.edu /nfs/isd2/mchitnis/current/clients/EMeD/Tree/bak messageListRenderer.java
2001.06.01 11:52 B C:\Mukta\current\clients\EMeD\Tree\bak\messagePanel.java <-- nitro.isi.edu /nfs/isd2/mchitnis/current/clients/EMeD/Tree/bak messagePanel.java
2001.06.01 11:52 B C:\Mukta\current\clients\EMeD\Tree\bak\methodListCellRenderer.java <-- nitro.isi.edu /nfs/isd2/mchitnis/current/clients/EMeD/Tree/bak methodListCellRenderer.java
2001.06.01 11:52 B C:\Mukta\current\clients\EMeD\Tree\bak\methodListCellRenderer.java-2-14-00 <-- nitro.isi.edu /nfs/isd2/mchitnis/current/clients/EMeD/Tree/bak methodListCellRenderer.java-2-14-00
2001.06.01 11:52 B C:\Mukta\current\clients\EMeD\Tree\bak\methodListCellRenderer.java-3-16 <-- nitro.isi.edu /nfs/isd2/mchitnis/current/clients/EMeD/Tree/bak methodListCellRenderer.java-3-16
2001.06.01 11:52 B C:\Mukta\current\clients\EMeD\Tree\bak\methodListPanel.java <-- nitro.isi.edu /nfs/isd2/mchitnis/current/clients/EMeD/Tree/bak methodListPanel.java
2001.06.01 11:52 B C:\Mukta\current\clients\EMeD\Tree\bak\methodListRenderer.java <-- nitro.isi.edu /nfs/isd2/mchitnis/current/clients/EMeD/Tree/bak methodListRenderer.java
2001.06.01 11:52 B C:\Mukta\current\clients\EMeD\Tree\bak\myTextArea.java <-- nitro.isi.edu /nfs/isd2/mchitnis/current/clients/EMeD/Tree/bak myTextArea.java
2001.06.01 11:52 B C:\Mukta\current\clients\EMeD\Tree\bak\resultPanel.java <-- nitro.isi.edu /nfs/isd2/mchitnis/current/clients/EMeD/Tree/bak resultPanel.java
2001.06.01 11:52 B C:\Mukta\current\clients\EMeD\Tree\bak\searchFrame.java <-- nitro.isi.edu /nfs/isd2/mchitnis/current/clients/EMeD/Tree/bak searchFrame.java
2001.06.01 11:52 B C:\Mukta\current\clients\EMeD\Tree\bak\SearchFrame.java <-- nitro.isi.edu /nfs/isd2/mchitnis/current/clients/EMeD/Tree/bak SearchFrame.java
2001.06.01 11:52 B C:\Mukta\current\clients\EMeD\Tree\bak\searchMethodList.java <-- nitro.isi.edu /nfs/isd2/mchitnis/current/clients/EMeD/Tree/bak searchMethodList.java
2001.06.01 11:52 B C:\Mukta\current\clients\EMeD\Tree\bak\searchMethodsRenderer.java <-- nitro.isi.edu /nfs/isd2/mchitnis/current/clients/EMeD/Tree/bak searchMethodsRenderer.java
2001.06.01 11:52 B C:\Mukta\current\clients\EMeD\Tree\bak\searchMethodsRenderer.java-2-14-00 <-- nitro.isi.edu /nfs/isd2/mchitnis/current/clients/EMeD/Tree/bak searchMethodsRenderer.java-2-14-00
2001.06.01 11:52 B C:\Mukta\current\clients\EMeD\Tree\bak\searchPanel.java <-- nitro.isi.edu /nfs/isd2/mchitnis/current/clients/EMeD/Tree/bak searchPanel.java
2001.06.01 11:52 B C:\Mukta\current\clients\EMeD\Tree\bak\searchPanel.java-2-14-00 <-- nitro.isi.edu /nfs/isd2/mchitnis/current/clients/EMeD/Tree/bak searchPanel.java-2-14-00
2001.06.01 11:52 B C:\Mukta\current\clients\EMeD\Tree\bak\setTopGoalPanel.java <-- nitro.isi.edu /nfs/isd2/mchitnis/current/clients/EMeD/Tree/bak setTopGoalPanel.java
2001.06.01 11:52 B C:\Mukta\current\clients\EMeD\Tree\bak\SplitPanel.java <-- nitro.isi.edu /nfs/isd2/mchitnis/current/clients/EMeD/Tree/bak SplitPanel.java
2001.06.01 11:52 B C:\Mukta\current\clients\EMeD\Tree\bak\test.java <-- nitro.isi.edu /nfs/isd2/mchitnis/current/clients/EMeD/Tree/bak test.java
2001.06.01 11:52 B C:\Mukta\current\clients\EMeD\Tree\bak\testPanel.java <-- nitro.isi.edu /nfs/isd2/mchitnis/current/clients/EMeD/Tree/bak testPanel.java
2001.06.01 11:52 B C:\Mukta\current\clients\EMeD\Tree\bak\testTextArea.java <-- nitro.isi.edu /nfs/isd2/mchitnis/current/clients/EMeD/Tree/bak testTextArea.java
2001.06.01 11:52 B C:\Mukta\current\clients\EMeD\Tree\bak\treePanel.java <-- nitro.isi.edu /nfs/isd2/mchitnis/current/clients/EMeD/Tree/bak treePanel.java
2001.06.01 11:52 B C:\Mukta\current\clients\EMeD\Tree\bak\undefinedGoalListCellRenderer.java <-- nitro.isi.edu /nfs/isd2/mchitnis/current/clients/EMeD/Tree/bak undefinedGoalListCellRenderer.java
2001.06.01 11:52 B C:\Mukta\current\clients\EMeD\Tree\bak\undefinedGoalListPanel.java <-- nitro.isi.edu /nfs/isd2/mchitnis/current/clients/EMeD/Tree/bak undefinedGoalListPanel.java
2001.06.01 11:52 B C:\Mukta\current\clients\EMeD\Tree\bak\undefinedGoalListRenderer.java <-- nitro.isi.edu /nfs/isd2/mchitnis/current/clients/EMeD/Tree/bak undefinedGoalListRenderer.java
2001.06.01 11:52 B C:\Mukta\current\clients\EMeD\Tree\bak\ViewFrame.java <-- nitro.isi.edu /nfs/isd2/mchitnis/current/clients/EMeD/Tree/bak ViewFrame.java
