2001.06.01 11:53 B C:\Mukta\current\clients\EMeD\Tree\capabilityOrganizer.java <-- nitro.isi.edu /nfs/isd2/mchitnis/current/clients/EMeD/Tree capabilityOrganizer.java
2001.06.01 11:53 B C:\Mukta\current\clients\EMeD\Tree\capabilityOrganizer.java~ <-- nitro.isi.edu /nfs/isd2/mchitnis/current/clients/EMeD/Tree capabilityOrganizer.java~
2001.06.01 11:53 B C:\Mukta\current\clients\EMeD\Tree\capOrgRenderer.java <-- nitro.isi.edu /nfs/isd2/mchitnis/current/clients/EMeD/Tree capOrgRenderer.java
2001.06.01 11:53 B C:\Mukta\current\clients\EMeD\Tree\capOrgRenderer.java~ <-- nitro.isi.edu /nfs/isd2/mchitnis/current/clients/EMeD/Tree capOrgRenderer.java~
2001.06.01 11:53 B C:\Mukta\current\clients\EMeD\Tree\EditOnlyFrame.java <-- nitro.isi.edu /nfs/isd2/mchitnis/current/clients/EMeD/Tree EditOnlyFrame.java
2001.06.01 11:53 B C:\Mukta\current\clients\EMeD\Tree\editor <-- nitro.isi.edu /nfs/isd2/mchitnis/current/clients/EMeD/Tree editor
2001.06.01 11:53 B C:\Mukta\current\clients\EMeD\Tree\editResponseRenderer.java <-- nitro.isi.edu /nfs/isd2/mchitnis/current/clients/EMeD/Tree editResponseRenderer.java
2001.06.01 11:53 B C:\Mukta\current\clients\EMeD\Tree\editResponseRenderer.java~ <-- nitro.isi.edu /nfs/isd2/mchitnis/current/clients/EMeD/Tree editResponseRenderer.java~
2001.06.01 11:53 B C:\Mukta\current\clients\EMeD\Tree\expandableTreeCellRenderer.java <-- nitro.isi.edu /nfs/isd2/mchitnis/current/clients/EMeD/Tree expandableTreeCellRenderer.java
2001.06.01 11:53 B C:\Mukta\current\clients\EMeD\Tree\expandableTreeCellRenderer.java~ <-- nitro.isi.edu /nfs/isd2/mchitnis/current/clients/EMeD/Tree expandableTreeCellRenderer.java~
2001.06.01 11:53 B C:\Mukta\current\clients\EMeD\Tree\expandableTreeModel.java <-- nitro.isi.edu /nfs/isd2/mchitnis/current/clients/EMeD/Tree expandableTreeModel.java
2001.06.01 11:53 B C:\Mukta\current\clients\EMeD\Tree\expandableTreePanel.java <-- nitro.isi.edu /nfs/isd2/mchitnis/current/clients/EMeD/Tree expandableTreePanel.java
2001.06.01 11:53 B C:\Mukta\current\clients\EMeD\Tree\goalListParser.java <-- nitro.isi.edu /nfs/isd2/mchitnis/current/clients/EMeD/Tree goalListParser.java
2001.06.01 11:53 B C:\Mukta\current\clients\EMeD\Tree\highlightedMethodListCellRenderer.java <-- nitro.isi.edu /nfs/isd2/mchitnis/current/clients/EMeD/Tree highlightedMethodListCellRenderer.java
2001.06.01 11:53 B C:\Mukta\current\clients\EMeD\Tree\messageFrame.java <-- nitro.isi.edu /nfs/isd2/mchitnis/current/clients/EMeD/Tree messageFrame.java
2001.06.01 11:53 B C:\Mukta\current\clients\EMeD\Tree\messageFrame.java~ <-- nitro.isi.edu /nfs/isd2/mchitnis/current/clients/EMeD/Tree messageFrame.java~
2001.06.01 11:53 B C:\Mukta\current\clients\EMeD\Tree\messageListCellRenderer.java <-- nitro.isi.edu /nfs/isd2/mchitnis/current/clients/EMeD/Tree messageListCellRenderer.java
2001.06.01 11:53 B C:\Mukta\current\clients\EMeD\Tree\messageListCellRenderer.java~ <-- nitro.isi.edu /nfs/isd2/mchitnis/current/clients/EMeD/Tree messageListCellRenderer.java~
2001.06.01 11:53 B C:\Mukta\current\clients\EMeD\Tree\messageListRenderer.java <-- nitro.isi.edu /nfs/isd2/mchitnis/current/clients/EMeD/Tree messageListRenderer.java
2001.06.01 11:53 B C:\Mukta\current\clients\EMeD\Tree\messageListRenderer.java~ <-- nitro.isi.edu /nfs/isd2/mchitnis/current/clients/EMeD/Tree messageListRenderer.java~
2001.06.01 11:53 B C:\Mukta\current\clients\EMeD\Tree\messagePanel.java <-- nitro.isi.edu /nfs/isd2/mchitnis/current/clients/EMeD/Tree messagePanel.java
2001.06.01 11:53 B C:\Mukta\current\clients\EMeD\Tree\messagePanel.java~ <-- nitro.isi.edu /nfs/isd2/mchitnis/current/clients/EMeD/Tree messagePanel.java~
2001.06.01 11:53 B C:\Mukta\current\clients\EMeD\Tree\methodListCellRenderer.java <-- nitro.isi.edu /nfs/isd2/mchitnis/current/clients/EMeD/Tree methodListCellRenderer.java
2001.06.01 11:53 B C:\Mukta\current\clients\EMeD\Tree\methodListPanel.java <-- nitro.isi.edu /nfs/isd2/mchitnis/current/clients/EMeD/Tree methodListPanel.java
2001.06.01 11:53 B C:\Mukta\current\clients\EMeD\Tree\methodListPanel.java~ <-- nitro.isi.edu /nfs/isd2/mchitnis/current/clients/EMeD/Tree methodListPanel.java~
2001.06.01 11:53 B C:\Mukta\current\clients\EMeD\Tree\methodListRenderer.java <-- nitro.isi.edu /nfs/isd2/mchitnis/current/clients/EMeD/Tree methodListRenderer.java
2001.06.01 11:53 B C:\Mukta\current\clients\EMeD\Tree\methodListRenderer.java~ <-- nitro.isi.edu /nfs/isd2/mchitnis/current/clients/EMeD/Tree methodListRenderer.java~
2001.06.01 11:53 B C:\Mukta\current\clients\EMeD\Tree\myTextArea.java <-- nitro.isi.edu /nfs/isd2/mchitnis/current/clients/EMeD/Tree myTextArea.java
2001.06.01 11:53 B C:\Mukta\current\clients\EMeD\Tree\NLEditMethodFrame.java <-- nitro.isi.edu /nfs/isd2/mchitnis/current/clients/EMeD/Tree NLEditMethodFrame.java
2001.06.01 11:53 B C:\Mukta\current\clients\EMeD\Tree\NLEditMethodFrame.java~ <-- nitro.isi.edu /nfs/isd2/mchitnis/current/clients/EMeD/Tree NLEditMethodFrame.java~
2001.06.01 11:53 B C:\Mukta\current\clients\EMeD\Tree\resultPanel.java <-- nitro.isi.edu /nfs/isd2/mchitnis/current/clients/EMeD/Tree resultPanel.java
2001.06.01 11:53 B C:\Mukta\current\clients\EMeD\Tree\runnit <-- nitro.isi.edu /nfs/isd2/mchitnis/current/clients/EMeD/Tree runnit
2001.06.01 11:53 B C:\Mukta\current\clients\EMeD\Tree\searchMethodList.java <-- nitro.isi.edu /nfs/isd2/mchitnis/current/clients/EMeD/Tree searchMethodList.java
2001.06.01 11:53 B C:\Mukta\current\clients\EMeD\Tree\searchMethodsRenderer.java <-- nitro.isi.edu /nfs/isd2/mchitnis/current/clients/EMeD/Tree searchMethodsRenderer.java
2001.06.01 11:53 B C:\Mukta\current\clients\EMeD\Tree\searchPanel.java <-- nitro.isi.edu /nfs/isd2/mchitnis/current/clients/EMeD/Tree searchPanel.java
2001.06.01 11:53 B C:\Mukta\current\clients\EMeD\Tree\setTopGoalPanel.java <-- nitro.isi.edu /nfs/isd2/mchitnis/current/clients/EMeD/Tree setTopGoalPanel.java
2001.06.01 11:53 B C:\Mukta\current\clients\EMeD\Tree\SplitPanel.java <-- nitro.isi.edu /nfs/isd2/mchitnis/current/clients/EMeD/Tree SplitPanel.java
2001.06.01 11:53 B C:\Mukta\current\clients\EMeD\Tree\subTreeFrame.java <-- nitro.isi.edu /nfs/isd2/mchitnis/current/clients/EMeD/Tree subTreeFrame.java
2001.06.01 11:53 B C:\Mukta\current\clients\EMeD\Tree\test.java <-- nitro.isi.edu /nfs/isd2/mchitnis/current/clients/EMeD/Tree test.java
2001.06.01 11:53 B C:\Mukta\current\clients\EMeD\Tree\testPanel$1.class <-- nitro.isi.edu /nfs/isd2/mchitnis/current/clients/EMeD/Tree testPanel$1.class
2001.06.01 11:53 B C:\Mukta\current\clients\EMeD\Tree\testPanel$HorizontalMenu.class <-- nitro.isi.edu /nfs/isd2/mchitnis/current/clients/EMeD/Tree testPanel$HorizontalMenu.class
2001.06.01 11:53 B C:\Mukta\current\clients\EMeD\Tree\testPanel.class <-- nitro.isi.edu /nfs/isd2/mchitnis/current/clients/EMeD/Tree testPanel.class
2001.06.01 11:53 B C:\Mukta\current\clients\EMeD\Tree\testPanel.java <-- nitro.isi.edu /nfs/isd2/mchitnis/current/clients/EMeD/Tree testPanel.java
2001.06.01 11:53 B C:\Mukta\current\clients\EMeD\Tree\testPanel.java-old <-- nitro.isi.edu /nfs/isd2/mchitnis/current/clients/EMeD/Tree testPanel.java-old
2001.06.01 11:53 B C:\Mukta\current\clients\EMeD\Tree\testTextArea.java <-- nitro.isi.edu /nfs/isd2/mchitnis/current/clients/EMeD/Tree testTextArea.java
2001.06.01 11:53 B C:\Mukta\current\clients\EMeD\Tree\tPanel$1.class <-- nitro.isi.edu /nfs/isd2/mchitnis/current/clients/EMeD/Tree tPanel$1.class
2001.06.01 11:53 B C:\Mukta\current\clients\EMeD\Tree\tPanel$2.class <-- nitro.isi.edu /nfs/isd2/mchitnis/current/clients/EMeD/Tree tPanel$2.class
2001.06.01 11:53 B C:\Mukta\current\clients\EMeD\Tree\tPanel$3.class <-- nitro.isi.edu /nfs/isd2/mchitnis/current/clients/EMeD/Tree tPanel$3.class
2001.06.01 11:53 B C:\Mukta\current\clients\EMeD\Tree\tPanel$HorizontalMenu.class <-- nitro.isi.edu /nfs/isd2/mchitnis/current/clients/EMeD/Tree tPanel$HorizontalMenu.class
2001.06.01 11:53 B C:\Mukta\current\clients\EMeD\Tree\tPanel.class <-- nitro.isi.edu /nfs/isd2/mchitnis/current/clients/EMeD/Tree tPanel.class
2001.06.01 11:53 B C:\Mukta\current\clients\EMeD\Tree\tPanel.java <-- nitro.isi.edu /nfs/isd2/mchitnis/current/clients/EMeD/Tree tPanel.java
2001.06.01 11:53 B C:\Mukta\current\clients\EMeD\Tree\treePanel.java <-- nitro.isi.edu /nfs/isd2/mchitnis/current/clients/EMeD/Tree treePanel.java
2001.06.01 11:53 B C:\Mukta\current\clients\EMeD\Tree\treePanel.java-org <-- nitro.isi.edu /nfs/isd2/mchitnis/current/clients/EMeD/Tree treePanel.java-org
2001.06.01 11:53 B C:\Mukta\current\clients\EMeD\Tree\undefinedGoalListCellRenderer.java <-- nitro.isi.edu /nfs/isd2/mchitnis/current/clients/EMeD/Tree undefinedGoalListCellRenderer.java
2001.06.01 11:53 B C:\Mukta\current\clients\EMeD\Tree\undefinedGoalListCellRenderer.java-org <-- nitro.isi.edu /nfs/isd2/mchitnis/current/clients/EMeD/Tree undefinedGoalListCellRenderer.java-org
2001.06.01 11:53 B C:\Mukta\current\clients\EMeD\Tree\undefinedGoalListPanel.java <-- nitro.isi.edu /nfs/isd2/mchitnis/current/clients/EMeD/Tree undefinedGoalListPanel.java
2001.06.01 11:53 B C:\Mukta\current\clients\EMeD\Tree\undefinedGoalListRenderer.java <-- nitro.isi.edu /nfs/isd2/mchitnis/current/clients/EMeD/Tree undefinedGoalListRenderer.java
2001.06.01 11:53 B C:\Mukta\current\clients\EMeD\Tree\undefinedGoalListRenderer.java~ <-- nitro.isi.edu /nfs/isd2/mchitnis/current/clients/EMeD/Tree undefinedGoalListRenderer.java~
2001.06.01 11:53 B C:\Mukta\current\clients\EMeD\Tree\ViewFrame.java <-- nitro.isi.edu /nfs/isd2/mchitnis/current/clients/EMeD/Tree ViewFrame.java
