2001.06.01 11:53 B C:\Mukta\current\clients\EMeD\Tree\classes\ExpectTabbedPanel$1.class <-- nitro.isi.edu /nfs/isd2/mchitnis/current/clients/EMeD/Tree/classes ExpectTabbedPanel$1.class
2001.06.01 11:53 B C:\Mukta\current\clients\EMeD\Tree\classes\ExpectTabbedPanel$recordListener.class <-- nitro.isi.edu /nfs/isd2/mchitnis/current/clients/EMeD/Tree/classes ExpectTabbedPanel$recordListener.class
2001.06.01 11:53 B C:\Mukta\current\clients\EMeD\Tree\classes\ExpectTabbedPanel$reloadListener.class <-- nitro.isi.edu /nfs/isd2/mchitnis/current/clients/EMeD/Tree/classes ExpectTabbedPanel$reloadListener.class
2001.06.01 11:53 B C:\Mukta\current\clients\EMeD\Tree\classes\ExpectTabbedPanel.class <-- nitro.isi.edu /nfs/isd2/mchitnis/current/clients/EMeD/Tree/classes ExpectTabbedPanel.class
2001.06.01 11:53 B C:\Mukta\current\clients\EMeD\Tree\classes\ExpectWindowPanel$1.class <-- nitro.isi.edu /nfs/isd2/mchitnis/current/clients/EMeD/Tree/classes ExpectWindowPanel$1.class
2001.06.01 11:53 B C:\Mukta\current\clients\EMeD\Tree\classes\ExpectWindowPanel$quitListener.class <-- nitro.isi.edu /nfs/isd2/mchitnis/current/clients/EMeD/Tree/classes ExpectWindowPanel$quitListener.class
2001.06.01 11:53 B C:\Mukta\current\clients\EMeD\Tree\classes\ExpectWindowPanel$reloadEditorListener.class <-- nitro.isi.edu /nfs/isd2/mchitnis/current/clients/EMeD/Tree/classes ExpectWindowPanel$reloadEditorListener.class
2001.06.01 11:53 B C:\Mukta\current\clients\EMeD\Tree\classes\ExpectWindowPanel$reloadListener.class <-- nitro.isi.edu /nfs/isd2/mchitnis/current/clients/EMeD/Tree/classes ExpectWindowPanel$reloadListener.class
2001.06.01 11:53 B C:\Mukta\current\clients\EMeD\Tree\classes\ExpectWindowPanel.class <-- nitro.isi.edu /nfs/isd2/mchitnis/current/clients/EMeD/Tree/classes ExpectWindowPanel.class
2001.06.01 11:53 B C:\Mukta\current\clients\EMeD\Tree\classes\SmallTabbedPanel$1.class <-- nitro.isi.edu /nfs/isd2/mchitnis/current/clients/EMeD/Tree/classes SmallTabbedPanel$1.class
2001.06.01 11:53 B C:\Mukta\current\clients\EMeD\Tree\classes\SmallTabbedPanel$recordListener.class <-- nitro.isi.edu /nfs/isd2/mchitnis/current/clients/EMeD/Tree/classes SmallTabbedPanel$recordListener.class
2001.06.01 11:53 B C:\Mukta\current\clients\EMeD\Tree\classes\SmallTabbedPanel$reloadListener.class <-- nitro.isi.edu /nfs/isd2/mchitnis/current/clients/EMeD/Tree/classes SmallTabbedPanel$reloadListener.class
2001.06.01 11:53 B C:\Mukta\current\clients\EMeD\Tree\classes\SmallTabbedPanel.class <-- nitro.isi.edu /nfs/isd2/mchitnis/current/clients/EMeD/Tree/classes SmallTabbedPanel.class
2001.11.03 15:55 B C:\Mukta\current\clients\EMeD\Tree\classes\ExpectTabbedPanel$1.class --> aludra.usc.edu /auto/home-scf-06/mchitnis/EMeD/Tree/classes ExpectTabbedPanel$1.class
2001.11.03 15:55 B C:\Mukta\current\clients\EMeD\Tree\classes\ExpectTabbedPanel$recordListener.class --> aludra.usc.edu /auto/home-scf-06/mchitnis/EMeD/Tree/classes ExpectTabbedPanel$recordListener.class
2001.11.03 15:55 B C:\Mukta\current\clients\EMeD\Tree\classes\ExpectTabbedPanel$reloadListener.class --> aludra.usc.edu /auto/home-scf-06/mchitnis/EMeD/Tree/classes ExpectTabbedPanel$reloadListener.class
2001.11.03 15:55 B C:\Mukta\current\clients\EMeD\Tree\classes\ExpectTabbedPanel.class --> aludra.usc.edu /auto/home-scf-06/mchitnis/EMeD/Tree/classes ExpectTabbedPanel.class
2001.11.03 15:55 B C:\Mukta\current\clients\EMeD\Tree\classes\ExpectWindowPanel$1.class --> aludra.usc.edu /auto/home-scf-06/mchitnis/EMeD/Tree/classes ExpectWindowPanel$1.class
2001.11.03 15:55 B C:\Mukta\current\clients\EMeD\Tree\classes\ExpectWindowPanel$quitListener.class --> aludra.usc.edu /auto/home-scf-06/mchitnis/EMeD/Tree/classes ExpectWindowPanel$quitListener.class
2001.11.03 15:55 B C:\Mukta\current\clients\EMeD\Tree\classes\ExpectWindowPanel$reloadEditorListener.class --> aludra.usc.edu /auto/home-scf-06/mchitnis/EMeD/Tree/classes ExpectWindowPanel$reloadEditorListener.class
2001.11.03 15:55 B C:\Mukta\current\clients\EMeD\Tree\classes\ExpectWindowPanel$reloadListener.class --> aludra.usc.edu /auto/home-scf-06/mchitnis/EMeD/Tree/classes ExpectWindowPanel$reloadListener.class
2001.11.03 15:55 B C:\Mukta\current\clients\EMeD\Tree\classes\ExpectWindowPanel.class --> aludra.usc.edu /auto/home-scf-06/mchitnis/EMeD/Tree/classes ExpectWindowPanel.class
2001.11.03 15:55 B C:\Mukta\current\clients\EMeD\Tree\classes\SmallTabbedPanel$1.class --> aludra.usc.edu /auto/home-scf-06/mchitnis/EMeD/Tree/classes SmallTabbedPanel$1.class
2001.11.03 15:55 B C:\Mukta\current\clients\EMeD\Tree\classes\SmallTabbedPanel$recordListener.class --> aludra.usc.edu /auto/home-scf-06/mchitnis/EMeD/Tree/classes SmallTabbedPanel$recordListener.class
2001.11.03 15:55 B C:\Mukta\current\clients\EMeD\Tree\classes\SmallTabbedPanel$reloadListener.class --> aludra.usc.edu /auto/home-scf-06/mchitnis/EMeD/Tree/classes SmallTabbedPanel$reloadListener.class
2001.11.03 15:55 B C:\Mukta\current\clients\EMeD\Tree\classes\SmallTabbedPanel.class --> aludra.usc.edu /auto/home-scf-06/mchitnis/EMeD/Tree/classes SmallTabbedPanel.class
2001.11.03 15:55 B C:\Mukta\current\clients\EMeD\Tree\classes\WS_FTP.LOG --> aludra.usc.edu /auto/home-scf-06/mchitnis/EMeD/Tree/classes WS_FTP.LOG
