2001.06.01 11:56 B C:\Mukta\current\clients\Xml\saxon\samples\books.dtd <-- nitro.isi.edu /nfs/isd2/mchitnis/current/clients/Xml/saxon/samples books.dtd
2001.06.01 11:56 B C:\Mukta\current\clients\Xml\saxon\samples\books.html <-- nitro.isi.edu /nfs/isd2/mchitnis/current/clients/Xml/saxon/samples books.html
2001.06.01 11:56 B C:\Mukta\current\clients\Xml\saxon\samples\books.xml <-- nitro.isi.edu /nfs/isd2/mchitnis/current/clients/Xml/saxon/samples books.xml
2001.06.01 11:56 B C:\Mukta\current\clients\Xml\saxon\samples\dtdgenerator$attributedetails.class <-- nitro.isi.edu /nfs/isd2/mchitnis/current/clients/Xml/saxon/samples dtdgenerator$attributedetails.class
2001.06.01 11:56 B C:\Mukta\current\clients\Xml\saxon\samples\dtdgenerator$elementdetails.class <-- nitro.isi.edu /nfs/isd2/mchitnis/current/clients/Xml/saxon/samples dtdgenerator$elementdetails.class
2001.06.01 11:56 B C:\Mukta\current\clients\Xml\saxon\samples\dtdgenerator$elemhandler.class <-- nitro.isi.edu /nfs/isd2/mchitnis/current/clients/Xml/saxon/samples dtdgenerator$elemhandler.class
2001.06.01 11:56 B C:\Mukta\current\clients\Xml\saxon\samples\dtdgenerator.class <-- nitro.isi.edu /nfs/isd2/mchitnis/current/clients/Xml/saxon/samples dtdgenerator.class
2001.06.01 11:56 B C:\Mukta\current\clients\Xml\saxon\samples\dtdgenerator.java <-- nitro.isi.edu /nfs/isd2/mchitnis/current/clients/Xml/saxon/samples dtdgenerator.java
2001.06.01 11:56 B C:\Mukta\current\clients\Xml\saxon\samples\dtdgenerator.java~ <-- nitro.isi.edu /nfs/isd2/mchitnis/current/clients/Xml/saxon/samples dtdgenerator.java~
2001.06.01 11:56 B C:\Mukta\current\clients\Xml\saxon\samples\loadplay.java <-- nitro.isi.edu /nfs/isd2/mchitnis/current/clients/Xml/saxon/samples loadplay.java
2001.06.01 11:56 B C:\Mukta\current\clients\Xml\saxon\samples\othello.xml <-- nitro.isi.edu /nfs/isd2/mchitnis/current/clients/Xml/saxon/samples othello.xml
2001.06.01 11:56 B C:\Mukta\current\clients\Xml\saxon\samples\play.asp <-- nitro.isi.edu /nfs/isd2/mchitnis/current/clients/Xml/saxon/samples play.asp
2001.06.01 11:56 B C:\Mukta\current\clients\Xml\saxon\samples\scene.asp <-- nitro.isi.edu /nfs/isd2/mchitnis/current/clients/Xml/saxon/samples scene.asp
2001.06.01 11:56 B C:\Mukta\current\clients\Xml\saxon\samples\showbooks$attributehandler.class <-- nitro.isi.edu /nfs/isd2/mchitnis/current/clients/Xml/saxon/samples showbooks$attributehandler.class
2001.06.01 11:56 B C:\Mukta\current\clients\Xml\saxon\samples\showbooks$itemsorter.class <-- nitro.isi.edu /nfs/isd2/mchitnis/current/clients/Xml/saxon/samples showbooks$itemsorter.class
2001.06.01 11:56 B C:\Mukta\current\clients\Xml\saxon\samples\showbooks.class <-- nitro.isi.edu /nfs/isd2/mchitnis/current/clients/Xml/saxon/samples showbooks.class
2001.06.01 11:56 B C:\Mukta\current\clients\Xml\saxon\samples\showbooks.java <-- nitro.isi.edu /nfs/isd2/mchitnis/current/clients/Xml/saxon/samples showbooks.java
2001.06.01 11:57 B C:\Mukta\current\clients\Xml\saxon\samples\showbooks.java~ <-- nitro.isi.edu /nfs/isd2/mchitnis/current/clients/Xml/saxon/samples showbooks.java~
2001.06.01 11:57 B C:\Mukta\current\clients\Xml\saxon\samples\showplay.java <-- nitro.isi.edu /nfs/isd2/mchitnis/current/clients/Xml/saxon/samples showplay.java
2001.06.01 11:57 B C:\Mukta\current\clients\Xml\saxon\samples\showscene.java <-- nitro.isi.edu /nfs/isd2/mchitnis/current/clients/Xml/saxon/samples showscene.java
2001.06.01 11:57 B C:\Mukta\current\clients\Xml\saxon\samples\treerenderer.java <-- nitro.isi.edu /nfs/isd2/mchitnis/current/clients/Xml/saxon/samples treerenderer.java
