This is TeX, C Version 3.0 (format=lplain3 90.7.18)  18 JUL 1996 16:28
**&latex pubs-nl.tex
(pubs-nl.tex
LaTeX Version 2.09 <7 Dec 1989>
(/local/tex/lib/tex/macros/article.sty
Document Style `article' <16 Mar 88>.
(/local/tex/lib/tex/macros/art12.sty)
\c@part=\count78
\c@section=\count79
\c@subsection=\count80
\c@subsubsection=\count81
\c@paragraph=\count82
\c@subparagraph=\count83
\c@figure=\count84
\c@table=\count85
) (pubs-nl.aux) [1

] [2] [3]
Underfull \hbox (badness 10000) in paragraph at lines 208--223
  

\hbox(0.0+0.0)x365.84747
.\glue(\leftskip) 7.22743
.\penalty -10000
.\glue(\rightskip) 7.22743

[4]
Underfull \hbox (badness 10000) in paragraph at lines 260--268
  

\hbox(0.0+0.0)x365.84747
.\glue(\leftskip) 7.22743
.\penalty -10000
.\glue(\rightskip) 7.22743

[5]
Underfull \hbox (badness 10000) in paragraph at lines 276--294
  

\hbox(0.0+0.0)x365.84747
.\glue(\leftskip) 7.22743
.\penalty -10000
.\glue(\rightskip) 7.22743


Underfull \hbox (badness 2302) in paragraph at lines 298--302
[] []\twlrm C^^Secile L. Paris, William R. Swartout, and William C. Mann,

\hbox(9.0+3.0)x365.84747, glue set 2.84673
.\hbox(0.0+0.0)x0.0
.\glue 0.0
.\hbox(9.0+3.0)x0.0
..\glue 0.0
..\glue -18.27759
..\glue -5.87494
..\hbox(9.0+3.0)x18.27759
...\glue 0.0 plus 1.0fil
...\twlrm [
...\twlrm 2
...\twlrm 5
...\twlrm ]
..\glue 5.87494
.\penalty 0
.\twlrm C
.etc.


Underfull \hbox (badness 2735) in paragraph at lines 298--302
\twlrm ed-i-tors.  \twlit Nat-u-ral Lan-guage Gen-er-a-tion in Ar-ti-fi-cial In
-tel-li-gence

\hbox(8.33331+2.33331)x365.84747, glue set 3.01643
.\twlrm e
.\twlrm d
.\discretionary
..\twlrm -
.\twlrm i
.\discretionary
..\twlrm -
.etc.


Underfull \hbox (badness 4927) in paragraph at lines 298--302
\twlit and Com-pu-ta-tional Lin-guis-tics\twlrm .  Kluwer Aca-demic Pub-lish-er
s,

\hbox(8.33331+2.33331)x365.84747, glue set 3.66711
.\twlit a
.\twlit n
.\twlit d
.\glue 4.20003 plus 1.80002 minus 1.20001
.\twlit C
.etc.

[6] [7] [8]
Underfull \hbox (badness 10000) in paragraph at lines 450--459
  

\hbox(0.0+0.0)x365.84747
.\glue(\leftskip) 7.22743
.\penalty -10000
.\glue(\rightskip) 7.22743

[9] [10]
Underfull \hbox (badness 10000) in paragraph at lines 535--546
  

\hbox(0.0+0.0)x365.84747
.\glue(\leftskip) 7.22743
.\penalty -10000
.\glue(\rightskip) 7.22743

[11] [12]
Underfull \hbox (badness 10000) in paragraph at lines 629--641
  

\hbox(0.0+0.0)x365.84747
.\glue(\leftskip) 7.22743
.\penalty -10000
.\glue(\rightskip) 7.22743

[13] [14]
Underfull \hbox (badness 10000) in paragraph at lines 708--720
  

\hbox(0.0+0.0)x365.84747
.\glue(\leftskip) 7.22743
.\penalty -10000
.\glue(\rightskip) 7.22743

[15] [16]
Underfull \hbox (badness 10000) in paragraph at lines 796--810
  

\hbox(0.0+0.0)x365.84747
.\glue(\leftskip) 7.22743
.\penalty -10000
.\glue(\rightskip) 7.22743

[17] [18] [19]
Underfull \hbox (badness 10000) in paragraph at lines 895--905
  

\hbox(0.0+0.0)x365.84747
.\glue(\leftskip) 7.22743
.\penalty -10000
.\glue(\rightskip) 7.22743

[20] [21] [22] [23] [24] (pubs-nl.aux) ) 
Here is how much of TeX's memory you used:
 213 strings out of 4462
 2671 string characters out of 63336
 35194 words of memory out of 262141
 2162 multiletter control sequences out of 9500
 19287 words of font info for 73 fonts, out of 72000 for 255
 14 hyphenation exceptions out of 607
 12i,5n,15p,159b,369s stack positions out of 300i,40n,60p,3000b,4000s

Output written on pubs-nl.dvi (24 pages, 65316 bytes).
