2001.06.01 11:52 B C:\Mukta\current\clients\EMeD\HTML\ASPECT.concept <-- nitro.isi.edu /nfs/isd2/mchitnis/current/clients/EMeD/HTML ASPECT.concept
2001.06.01 11:52 B C:\Mukta\current\clients\EMeD\HTML\BRIDGE.concept <-- nitro.isi.edu /nfs/isd2/mchitnis/current/clients/EMeD/HTML BRIDGE.concept
2001.06.01 11:52 B C:\Mukta\current\clients\EMeD\HTML\bridge.html <-- nitro.isi.edu /nfs/isd2/mchitnis/current/clients/EMeD/HTML bridge.html
2001.06.01 11:52 B C:\Mukta\current\clients\EMeD\HTML\bridge.xml <-- nitro.isi.edu /nfs/isd2/mchitnis/current/clients/EMeD/HTML bridge.xml
2001.06.01 11:52 B C:\Mukta\current\clients\EMeD\HTML\conceptRenderer.java <-- nitro.isi.edu /nfs/isd2/mchitnis/current/clients/EMeD/HTML conceptRenderer.java
2001.06.01 11:52 B C:\Mukta\current\clients\EMeD\HTML\conceptRenderer.java~ <-- nitro.isi.edu /nfs/isd2/mchitnis/current/clients/EMeD/HTML conceptRenderer.java~
2001.06.01 11:52 B C:\Mukta\current\clients\EMeD\HTML\CONSTRAINT.concept <-- nitro.isi.edu /nfs/isd2/mchitnis/current/clients/EMeD/HTML CONSTRAINT.concept
2001.06.01 11:52 B C:\Mukta\current\clients\EMeD\HTML\CROSS-SECTION.relation <-- nitro.isi.edu /nfs/isd2/mchitnis/current/clients/EMeD/HTML CROSS-SECTION.relation
2001.06.01 11:52 B C:\Mukta\current\clients\EMeD\HTML\EVALUATION-FACET.concept <-- nitro.isi.edu /nfs/isd2/mchitnis/current/clients/EMeD/HTML EVALUATION-FACET.concept
2001.06.01 11:52 B C:\Mukta\current\clients\EMeD\HTML\EXPLOSIVES.concept <-- nitro.isi.edu /nfs/isd2/mchitnis/current/clients/EMeD/HTML EXPLOSIVES.concept
2001.06.01 11:52 B C:\Mukta\current\clients\EMeD\HTML\geographical-gap <-- nitro.isi.edu /nfs/isd2/mchitnis/current/clients/EMeD/HTML geographical-gap
2001.06.01 11:52 B C:\Mukta\current\clients\EMeD\HTML\geographical-gap.html <-- nitro.isi.edu /nfs/isd2/mchitnis/current/clients/EMeD/HTML geographical-gap.html
2001.06.01 11:52 B C:\Mukta\current\clients\EMeD\HTML\geographical-gap.xml <-- nitro.isi.edu /nfs/isd2/mchitnis/current/clients/EMeD/HTML geographical-gap.xml
2001.06.01 11:52 B C:\Mukta\current\clients\EMeD\HTML\HPKB-PLAN.concept <-- nitro.isi.edu /nfs/isd2/mchitnis/current/clients/EMeD/HTML HPKB-PLAN.concept
2001.06.01 11:52 B C:\Mukta\current\clients\EMeD\HTML\HtmlPanel.java <-- nitro.isi.edu /nfs/isd2/mchitnis/current/clients/EMeD/HTML HtmlPanel.java
2001.06.01 11:52 B C:\Mukta\current\clients\EMeD\HTML\HtmlPanel.java~ <-- nitro.isi.edu /nfs/isd2/mchitnis/current/clients/EMeD/HTML HtmlPanel.java~
2001.06.01 11:52 B C:\Mukta\current\clients\EMeD\HTML\instanceRenderer.java <-- nitro.isi.edu /nfs/isd2/mchitnis/current/clients/EMeD/HTML instanceRenderer.java
2001.06.01 11:52 B C:\Mukta\current\clients\EMeD\HTML\KFViewer.java <-- nitro.isi.edu /nfs/isd2/mchitnis/current/clients/EMeD/HTML KFViewer.java
2001.06.01 11:52 B C:\Mukta\current\clients\EMeD\HTML\KFViewer.java~ <-- nitro.isi.edu /nfs/isd2/mchitnis/current/clients/EMeD/HTML KFViewer.java~
2001.06.01 11:52 B C:\Mukta\current\clients\EMeD\HTML\methodRenderer.java <-- nitro.isi.edu /nfs/isd2/mchitnis/current/clients/EMeD/HTML methodRenderer.java
2001.06.01 11:52 B C:\Mukta\current\clients\EMeD\HTML\MILITARY-BRIDGE.concept <-- nitro.isi.edu /nfs/isd2/mchitnis/current/clients/EMeD/HTML MILITARY-BRIDGE.concept
2001.06.01 11:52 B C:\Mukta\current\clients\EMeD\HTML\military-bridge.xml <-- nitro.isi.edu /nfs/isd2/mchitnis/current/clients/EMeD/HTML military-bridge.xml
2001.06.01 11:52 B C:\Mukta\current\clients\EMeD\HTML\MILITARY-TASK.concept <-- nitro.isi.edu /nfs/isd2/mchitnis/current/clients/EMeD/HTML MILITARY-TASK.concept
2001.06.01 11:52 B C:\Mukta\current\clients\EMeD\HTML\note <-- nitro.isi.edu /nfs/isd2/mchitnis/current/clients/EMeD/HTML note
2001.06.01 11:52 B C:\Mukta\current\clients\EMeD\HTML\PLAN-TO-CRITIQUE.concept <-- nitro.isi.edu /nfs/isd2/mchitnis/current/clients/EMeD/HTML PLAN-TO-CRITIQUE.concept
2001.06.01 11:52 B C:\Mukta\current\clients\EMeD\HTML\POSSIBLE-MGB-SIZE.concept <-- nitro.isi.edu /nfs/isd2/mchitnis/current/clients/EMeD/HTML POSSIBLE-MGB-SIZE.concept
2001.06.01 11:52 B C:\Mukta\current\clients\EMeD\HTML\relationRenderer.java <-- nitro.isi.edu /nfs/isd2/mchitnis/current/clients/EMeD/HTML relationRenderer.java
2001.06.01 11:52 B C:\Mukta\current\clients\EMeD\HTML\relationRenderer.java~ <-- nitro.isi.edu /nfs/isd2/mchitnis/current/clients/EMeD/HTML relationRenderer.java~
2001.06.01 11:52 B C:\Mukta\current\clients\EMeD\HTML\runnit <-- nitro.isi.edu /nfs/isd2/mchitnis/current/clients/EMeD/HTML runnit
2001.06.01 11:52 B C:\Mukta\current\clients\EMeD\HTML\SOIL-OF.relation <-- nitro.isi.edu /nfs/isd2/mchitnis/current/clients/EMeD/HTML SOIL-OF.relation
2001.06.01 11:52 B C:\Mukta\current\clients\EMeD\HTML\test2.html <-- nitro.isi.edu /nfs/isd2/mchitnis/current/clients/EMeD/HTML test2.html
2001.06.01 11:52 B C:\Mukta\current\clients\EMeD\HTML\testR.java <-- nitro.isi.edu /nfs/isd2/mchitnis/current/clients/EMeD/HTML testR.java
2001.06.01 11:52 B C:\Mukta\current\clients\EMeD\HTML\TTD <-- nitro.isi.edu /nfs/isd2/mchitnis/current/clients/EMeD/HTML TTD
