2001.11.03 15:57 B C:\Mukta\current\clients\EMeD\xml2jtml\acp-objective.html --> aludra.usc.edu /auto/home-scf-06/mchitnis/EMeD/xml2jtml acp-objective.html
2001.11.03 15:57 B C:\Mukta\current\clients\EMeD\xml2jtml\acp-objective.xml --> aludra.usc.edu /auto/home-scf-06/mchitnis/EMeD/xml2jtml acp-objective.xml
2001.11.03 15:57 B C:\Mukta\current\clients\EMeD\xml2jtml\agendaItemRenderer.java --> aludra.usc.edu /auto/home-scf-06/mchitnis/EMeD/xml2jtml agendaItemRenderer.java
2001.11.03 15:57 B C:\Mukta\current\clients\EMeD\xml2jtml\agitem.html --> aludra.usc.edu /auto/home-scf-06/mchitnis/EMeD/xml2jtml agitem.html
2001.11.03 15:57 B C:\Mukta\current\clients\EMeD\xml2jtml\agitem.xml --> aludra.usc.edu /auto/home-scf-06/mchitnis/EMeD/xml2jtml agitem.xml
2001.11.03 15:57 B C:\Mukta\current\clients\EMeD\xml2jtml\aircraft.html --> aludra.usc.edu /auto/home-scf-06/mchitnis/EMeD/xml2jtml aircraft.html
2001.11.03 15:57 B C:\Mukta\current\clients\EMeD\xml2jtml\conceptDef.html --> aludra.usc.edu /auto/home-scf-06/mchitnis/EMeD/xml2jtml conceptDef.html
2001.11.03 15:57 B C:\Mukta\current\clients\EMeD\xml2jtml\conceptDef.xml --> aludra.usc.edu /auto/home-scf-06/mchitnis/EMeD/xml2jtml conceptDef.xml
2001.11.03 15:57 B C:\Mukta\current\clients\EMeD\xml2jtml\conceptdef2.xml --> aludra.usc.edu /auto/home-scf-06/mchitnis/EMeD/xml2jtml conceptdef2.xml
2001.11.03 15:57 B C:\Mukta\current\clients\EMeD\xml2jtml\conceptEXAMPLE.html --> aludra.usc.edu /auto/home-scf-06/mchitnis/EMeD/xml2jtml conceptEXAMPLE.html
2001.11.03 15:57 B C:\Mukta\current\clients\EMeD\xml2jtml\conceptRenderer.java --> aludra.usc.edu /auto/home-scf-06/mchitnis/EMeD/xml2jtml conceptRenderer.java
2001.11.03 15:57 B C:\Mukta\current\clients\EMeD\xml2jtml\EXENodeRenderer.java --> aludra.usc.edu /auto/home-scf-06/mchitnis/EMeD/xml2jtml EXENodeRenderer.java
2001.11.03 15:57 B C:\Mukta\current\clients\EMeD\xml2jtml\f15.html --> aludra.usc.edu /auto/home-scf-06/mchitnis/EMeD/xml2jtml f15.html
2001.11.03 15:57 B C:\Mukta\current\clients\EMeD\xml2jtml\f15.xml --> aludra.usc.edu /auto/home-scf-06/mchitnis/EMeD/xml2jtml f15.xml
2001.11.03 15:57 B C:\Mukta\current\clients\EMeD\xml2jtml\find-aircraft.xml --> aludra.usc.edu /auto/home-scf-06/mchitnis/EMeD/xml2jtml find-aircraft.xml
2001.11.03 15:57 B C:\Mukta\current\clients\EMeD\xml2jtml\inspect-acplan.html --> aludra.usc.edu /auto/home-scf-06/mchitnis/EMeD/xml2jtml inspect-acplan.html
2001.11.03 15:57 B C:\Mukta\current\clients\EMeD\xml2jtml\inspect-acplan.xml --> aludra.usc.edu /auto/home-scf-06/mchitnis/EMeD/xml2jtml inspect-acplan.xml
2001.11.03 15:57 B C:\Mukta\current\clients\EMeD\xml2jtml\instanceDef.xml --> aludra.usc.edu /auto/home-scf-06/mchitnis/EMeD/xml2jtml instanceDef.xml
2001.11.03 15:57 B C:\Mukta\current\clients\EMeD\xml2jtml\instanceDef2.xml --> aludra.usc.edu /auto/home-scf-06/mchitnis/EMeD/xml2jtml instanceDef2.xml
2001.11.03 15:57 B C:\Mukta\current\clients\EMeD\xml2jtml\instanceDefRenderer.java --> aludra.usc.edu /auto/home-scf-06/mchitnis/EMeD/xml2jtml instanceDefRenderer.java
2001.11.03 15:57 B C:\Mukta\current\clients\EMeD\xml2jtml\instanceRenderer$AssertedTypesHandler.class --> aludra.usc.edu /auto/home-scf-06/mchitnis/EMeD/xml2jtml instanceRenderer$AssertedTypesHandler.class
2001.11.03 15:57 B C:\Mukta\current\clients\EMeD\xml2jtml\instanceRenderer$BaseTypeHandler.class --> aludra.usc.edu /auto/home-scf-06/mchitnis/EMeD/xml2jtml instanceRenderer$BaseTypeHandler.class
2001.11.03 15:57 B C:\Mukta\current\clients\EMeD\xml2jtml\instanceRenderer$conceptHandler.class --> aludra.usc.edu /auto/home-scf-06/mchitnis/EMeD/xml2jtml instanceRenderer$conceptHandler.class
2001.11.03 15:57 B C:\Mukta\current\clients\EMeD\xml2jtml\instanceRenderer$DetailedRoleHandler.class --> aludra.usc.edu /auto/home-scf-06/mchitnis/EMeD/xml2jtml instanceRenderer$DetailedRoleHandler.class
2001.11.03 15:57 B C:\Mukta\current\clients\EMeD\xml2jtml\instanceRenderer$DirectTypesHandler.class --> aludra.usc.edu /auto/home-scf-06/mchitnis/EMeD/xml2jtml instanceRenderer$DirectTypesHandler.class
2001.11.03 15:57 B C:\Mukta\current\clients\EMeD\xml2jtml\instanceRenderer$documentationHandler.class --> aludra.usc.edu /auto/home-scf-06/mchitnis/EMeD/xml2jtml instanceRenderer$documentationHandler.class
2001.11.03 15:57 B C:\Mukta\current\clients\EMeD\xml2jtml\instanceRenderer$instanceDescriptionHandler.class --> aludra.usc.edu /auto/home-scf-06/mchitnis/EMeD/xml2jtml instanceRenderer$instanceDescriptionHandler.class
2001.11.03 15:57 B C:\Mukta\current\clients\EMeD\xml2jtml\instanceRenderer$instanceHandler.class --> aludra.usc.edu /auto/home-scf-06/mchitnis/EMeD/xml2jtml instanceRenderer$instanceHandler.class
2001.11.03 15:57 B C:\Mukta\current\clients\EMeD\xml2jtml\instanceRenderer$InstanceRolesHandler.class --> aludra.usc.edu /auto/home-scf-06/mchitnis/EMeD/xml2jtml instanceRenderer$InstanceRolesHandler.class
2001.11.03 15:57 B C:\Mukta\current\clients\EMeD\xml2jtml\instanceRenderer$InstanceTypesHandler.class --> aludra.usc.edu /auto/home-scf-06/mchitnis/EMeD/xml2jtml instanceRenderer$InstanceTypesHandler.class
2001.11.03 15:57 B C:\Mukta\current\clients\EMeD\xml2jtml\instanceRenderer$NSElementCopier.class --> aludra.usc.edu /auto/home-scf-06/mchitnis/EMeD/xml2jtml instanceRenderer$NSElementCopier.class
2001.11.03 15:57 B C:\Mukta\current\clients\EMeD\xml2jtml\instanceRenderer$relationHandler.class --> aludra.usc.edu /auto/home-scf-06/mchitnis/EMeD/xml2jtml instanceRenderer$relationHandler.class
2001.11.03 15:57 B C:\Mukta\current\clients\EMeD\xml2jtml\instanceRenderer.class --> aludra.usc.edu /auto/home-scf-06/mchitnis/EMeD/xml2jtml instanceRenderer.class
2001.11.03 15:57 B C:\Mukta\current\clients\EMeD\xml2jtml\instanceRenderer.java --> aludra.usc.edu /auto/home-scf-06/mchitnis/EMeD/xml2jtml instanceRenderer.java
2001.11.03 15:57 B C:\Mukta\current\clients\EMeD\xml2jtml\KBListParser.java --> aludra.usc.edu /auto/home-scf-06/mchitnis/EMeD/xml2jtml KBListParser.java
2001.11.03 15:57 B C:\Mukta\current\clients\EMeD\xml2jtml\KBSummaryRenderer.java --> aludra.usc.edu /auto/home-scf-06/mchitnis/EMeD/xml2jtml KBSummaryRenderer.java
2001.11.03 15:57 B C:\Mukta\current\clients\EMeD\xml2jtml\method-window.xml --> aludra.usc.edu /auto/home-scf-06/mchitnis/EMeD/xml2jtml method-window.xml
2001.11.03 15:57 B C:\Mukta\current\clients\EMeD\xml2jtml\methodDef.html --> aludra.usc.edu /auto/home-scf-06/mchitnis/EMeD/xml2jtml methodDef.html
2001.11.03 15:57 B C:\Mukta\current\clients\EMeD\xml2jtml\methodDef.xml --> aludra.usc.edu /auto/home-scf-06/mchitnis/EMeD/xml2jtml methodDef.xml
2001.11.03 15:57 B C:\Mukta\current\clients\EMeD\xml2jtml\methodDefRenderer$complexDataHandler.class --> aludra.usc.edu /auto/home-scf-06/mchitnis/EMeD/xml2jtml methodDefRenderer$complexDataHandler.class
2001.11.03 15:57 B C:\Mukta\current\clients\EMeD\xml2jtml\methodDefRenderer$goalFormHandler.class --> aludra.usc.edu /auto/home-scf-06/mchitnis/EMeD/xml2jtml methodDefRenderer$goalFormHandler.class
2001.11.03 15:57 B C:\Mukta\current\clients\EMeD\xml2jtml\methodDefRenderer$goalNameHandler.class --> aludra.usc.edu /auto/home-scf-06/mchitnis/EMeD/xml2jtml methodDefRenderer$goalNameHandler.class
2001.11.03 15:57 B C:\Mukta\current\clients\EMeD\xml2jtml\methodDefRenderer$ifFormHandler.class --> aludra.usc.edu /auto/home-scf-06/mchitnis/EMeD/xml2jtml methodDefRenderer$ifFormHandler.class
2001.11.03 15:57 B C:\Mukta\current\clients\EMeD\xml2jtml\methodDefRenderer$instanceNameHandler.class --> aludra.usc.edu /auto/home-scf-06/mchitnis/EMeD/xml2jtml methodDefRenderer$instanceNameHandler.class
2001.11.03 15:57 B C:\Mukta\current\clients\EMeD\xml2jtml\methodDefRenderer$metBodyHandler.class --> aludra.usc.edu /auto/home-scf-06/mchitnis/EMeD/xml2jtml methodDefRenderer$metBodyHandler.class
2001.11.03 15:57 B C:\Mukta\current\clients\EMeD\xml2jtml\methodDefRenderer$methodDescHandler.class --> aludra.usc.edu /auto/home-scf-06/mchitnis/EMeD/xml2jtml methodDefRenderer$methodDescHandler.class
2001.11.03 15:57 B C:\Mukta\current\clients\EMeD\xml2jtml\methodDefRenderer$methodGoalArgumentHandler.class --> aludra.usc.edu /auto/home-scf-06/mchitnis/EMeD/xml2jtml methodDefRenderer$methodGoalArgumentHandler.class
2001.11.03 15:57 B C:\Mukta\current\clients\EMeD\xml2jtml\methodDefRenderer$methodGoalHandler.class --> aludra.usc.edu /auto/home-scf-06/mchitnis/EMeD/xml2jtml methodDefRenderer$methodGoalHandler.class
2001.11.03 15:57 B C:\Mukta\current\clients\EMeD\xml2jtml\methodDefRenderer$methodResultHandler.class --> aludra.usc.edu /auto/home-scf-06/mchitnis/EMeD/xml2jtml methodDefRenderer$methodResultHandler.class
2001.11.03 15:57 B C:\Mukta\current\clients\EMeD\xml2jtml\methodDefRenderer$NameHandler.class --> aludra.usc.edu /auto/home-scf-06/mchitnis/EMeD/xml2jtml methodDefRenderer$NameHandler.class
2001.11.03 15:57 B C:\Mukta\current\clients\EMeD\xml2jtml\methodDefRenderer$NSElementCopier.class --> aludra.usc.edu /auto/home-scf-06/mchitnis/EMeD/xml2jtml methodDefRenderer$NSElementCopier.class
2001.11.03 15:57 B C:\Mukta\current\clients\EMeD\xml2jtml\methodDefRenderer$parameterNameHandler.class --> aludra.usc.edu /auto/home-scf-06/mchitnis/EMeD/xml2jtml methodDefRenderer$parameterNameHandler.class
2001.11.03 15:57 B C:\Mukta\current\clients\EMeD\xml2jtml\methodDefRenderer$passiveHandler.class --> aludra.usc.edu /auto/home-scf-06/mchitnis/EMeD/xml2jtml methodDefRenderer$passiveHandler.class
2001.11.03 15:57 B C:\Mukta\current\clients\EMeD\xml2jtml\methodDefRenderer$postProcessingHandler.class --> aludra.usc.edu /auto/home-scf-06/mchitnis/EMeD/xml2jtml methodDefRenderer$postProcessingHandler.class
2001.11.03 15:57 B C:\Mukta\current\clients\EMeD\xml2jtml\methodDefRenderer$primBodyHandler.class --> aludra.usc.edu /auto/home-scf-06/mchitnis/EMeD/xml2jtml methodDefRenderer$primBodyHandler.class
2001.11.03 15:57 B C:\Mukta\current\clients\EMeD\xml2jtml\methodDefRenderer$relFormHandler.class --> aludra.usc.edu /auto/home-scf-06/mchitnis/EMeD/xml2jtml methodDefRenderer$relFormHandler.class
2001.11.03 15:57 B C:\Mukta\current\clients\EMeD\xml2jtml\methodDefRenderer$resultRefinerHandler.class --> aludra.usc.edu /auto/home-scf-06/mchitnis/EMeD/xml2jtml methodDefRenderer$resultRefinerHandler.class
2001.11.03 15:57 B C:\Mukta\current\clients\EMeD\xml2jtml\methodDefRenderer$roleExpressionHandler.class --> aludra.usc.edu /auto/home-scf-06/mchitnis/EMeD/xml2jtml methodDefRenderer$roleExpressionHandler.class
2001.11.03 15:57 B C:\Mukta\current\clients\EMeD\xml2jtml\methodDefRenderer$tagTHandler.class --> aludra.usc.edu /auto/home-scf-06/mchitnis/EMeD/xml2jtml methodDefRenderer$tagTHandler.class
2001.11.03 15:57 B C:\Mukta\current\clients\EMeD\xml2jtml\methodDefRenderer.class --> aludra.usc.edu /auto/home-scf-06/mchitnis/EMeD/xml2jtml methodDefRenderer.class
2001.11.03 15:57 B C:\Mukta\current\clients\EMeD\xml2jtml\methodDefRenderer.java --> aludra.usc.edu /auto/home-scf-06/mchitnis/EMeD/xml2jtml methodDefRenderer.java
2001.11.03 15:57 B C:\Mukta\current\clients\EMeD\xml2jtml\methodDefRenderer.java-int --> aludra.usc.edu /auto/home-scf-06/mchitnis/EMeD/xml2jtml methodDefRenderer.java-int
2001.11.03 15:57 B C:\Mukta\current\clients\EMeD\xml2jtml\methodDefRenderer.java~ --> aludra.usc.edu /auto/home-scf-06/mchitnis/EMeD/xml2jtml methodDefRenderer.java~
2001.11.03 15:57 B C:\Mukta\current\clients\EMeD\xml2jtml\methodEXAMPLE.html --> aludra.usc.edu /auto/home-scf-06/mchitnis/EMeD/xml2jtml methodEXAMPLE.html
2001.11.03 15:57 B C:\Mukta\current\clients\EMeD\xml2jtml\methodRenderer.java --> aludra.usc.edu /auto/home-scf-06/mchitnis/EMeD/xml2jtml methodRenderer.java
2001.11.03 15:57 B C:\Mukta\current\clients\EMeD\xml2jtml\militaryunit.concept --> aludra.usc.edu /auto/home-scf-06/mchitnis/EMeD/xml2jtml militaryunit.concept
2001.11.03 15:57 B C:\Mukta\current\clients\EMeD\xml2jtml\PARSER.README --> aludra.usc.edu /auto/home-scf-06/mchitnis/EMeD/xml2jtml PARSER.README
2001.11.03 15:57 B C:\Mukta\current\clients\EMeD\xml2jtml\psnode.html --> aludra.usc.edu /auto/home-scf-06/mchitnis/EMeD/xml2jtml psnode.html
2001.11.03 15:57 B C:\Mukta\current\clients\EMeD\xml2jtml\psnode.xml --> aludra.usc.edu /auto/home-scf-06/mchitnis/EMeD/xml2jtml psnode.xml
2001.11.03 15:57 B C:\Mukta\current\clients\EMeD\xml2jtml\PSnodeEXAMPLE.html --> aludra.usc.edu /auto/home-scf-06/mchitnis/EMeD/xml2jtml PSnodeEXAMPLE.html
2001.11.03 15:57 B C:\Mukta\current\clients\EMeD\xml2jtml\PSNodeRenderer.java --> aludra.usc.edu /auto/home-scf-06/mchitnis/EMeD/xml2jtml PSNodeRenderer.java
2001.11.03 15:57 B C:\Mukta\current\clients\EMeD\xml2jtml\relation.html --> aludra.usc.edu /auto/home-scf-06/mchitnis/EMeD/xml2jtml relation.html
2001.11.03 15:57 B C:\Mukta\current\clients\EMeD\xml2jtml\relation.xml --> aludra.usc.edu /auto/home-scf-06/mchitnis/EMeD/xml2jtml relation.xml
2001.11.03 15:57 B C:\Mukta\current\clients\EMeD\xml2jtml\relationDef.html --> aludra.usc.edu /auto/home-scf-06/mchitnis/EMeD/xml2jtml relationDef.html
2001.11.03 15:57 B C:\Mukta\current\clients\EMeD\xml2jtml\relationDef.xml --> aludra.usc.edu /auto/home-scf-06/mchitnis/EMeD/xml2jtml relationDef.xml
2001.11.03 15:57 B C:\Mukta\current\clients\EMeD\xml2jtml\relationRenderer.java --> aludra.usc.edu /auto/home-scf-06/mchitnis/EMeD/xml2jtml relationRenderer.java
2001.11.03 15:57 B C:\Mukta\current\clients\EMeD\xml2jtml\renderer.class --> aludra.usc.edu /auto/home-scf-06/mchitnis/EMeD/xml2jtml renderer.class
2001.11.03 15:57 B C:\Mukta\current\clients\EMeD\xml2jtml\renderer.java --> aludra.usc.edu /auto/home-scf-06/mchitnis/EMeD/xml2jtml renderer.java
2001.11.03 15:57 B C:\Mukta\current\clients\EMeD\xml2jtml\renderer.java.new --> aludra.usc.edu /auto/home-scf-06/mchitnis/EMeD/xml2jtml renderer.java.new
2001.11.03 15:57 B C:\Mukta\current\clients\EMeD\xml2jtml\renderer.java~ --> aludra.usc.edu /auto/home-scf-06/mchitnis/EMeD/xml2jtml renderer.java~
2001.11.03 15:57 B C:\Mukta\current\clients\EMeD\xml2jtml\renderer.map --> aludra.usc.edu /auto/home-scf-06/mchitnis/EMeD/xml2jtml renderer.map
2001.11.03 15:57 B C:\Mukta\current\clients\EMeD\xml2jtml\searchResultRenderer.java --> aludra.usc.edu /auto/home-scf-06/mchitnis/EMeD/xml2jtml searchResultRenderer.java
2001.11.03 15:57 B C:\Mukta\current\clients\EMeD\xml2jtml\summarizeKB.xml --> aludra.usc.edu /auto/home-scf-06/mchitnis/EMeD/xml2jtml summarizeKB.xml
2001.11.03 15:57 B C:\Mukta\current\clients\EMeD\xml2jtml\tboxDefRenderer.java --> aludra.usc.edu /auto/home-scf-06/mchitnis/EMeD/xml2jtml tboxDefRenderer.java
2001.11.03 15:57 B C:\Mukta\current\clients\EMeD\xml2jtml\test.html --> aludra.usc.edu /auto/home-scf-06/mchitnis/EMeD/xml2jtml test.html
2001.11.03 15:57 B C:\Mukta\current\clients\EMeD\xml2jtml\testRenderer.java --> aludra.usc.edu /auto/home-scf-06/mchitnis/EMeD/xml2jtml testRenderer.java
2001.11.03 15:57 B C:\Mukta\current\clients\EMeD\xml2jtml\testRenderer.java~ --> aludra.usc.edu /auto/home-scf-06/mchitnis/EMeD/xml2jtml testRenderer.java~
2001.11.03 15:57 B C:\Mukta\current\clients\EMeD\xml2jtml\xml2jtml.map --> aludra.usc.edu /auto/home-scf-06/mchitnis/EMeD/xml2jtml xml2jtml.map
2001.11.03 15:57 B C:\Mukta\current\clients\EMeD\xml2jtml\xml2jtml.prj --> aludra.usc.edu /auto/home-scf-06/mchitnis/EMeD/xml2jtml xml2jtml.prj
