2001.06.01 11:55 B C:\Mukta\current\clients\PSMTool\classes\ActiveText.class <-- nitro.isi.edu /nfs/isd2/mchitnis/current/clients/PSMTool/classes ActiveText.class
2001.06.01 11:55 B C:\Mukta\current\clients\PSMTool\classes\CritiqueView$1.class <-- nitro.isi.edu /nfs/isd2/mchitnis/current/clients/PSMTool/classes CritiqueView$1.class
2001.06.01 11:55 B C:\Mukta\current\clients\PSMTool\classes\CritiqueView$2.class <-- nitro.isi.edu /nfs/isd2/mchitnis/current/clients/PSMTool/classes CritiqueView$2.class
2001.06.01 11:55 B C:\Mukta\current\clients\PSMTool\classes\CritiqueView$3.class <-- nitro.isi.edu /nfs/isd2/mchitnis/current/clients/PSMTool/classes CritiqueView$3.class
2001.06.01 11:55 B C:\Mukta\current\clients\PSMTool\classes\CritiqueView$4.class <-- nitro.isi.edu /nfs/isd2/mchitnis/current/clients/PSMTool/classes CritiqueView$4.class
2001.06.01 11:55 B C:\Mukta\current\clients\PSMTool\classes\CritiqueView$5.class <-- nitro.isi.edu /nfs/isd2/mchitnis/current/clients/PSMTool/classes CritiqueView$5.class
2001.06.01 11:55 B C:\Mukta\current\clients\PSMTool\classes\CritiqueView$6.class <-- nitro.isi.edu /nfs/isd2/mchitnis/current/clients/PSMTool/classes CritiqueView$6.class
2001.06.01 11:55 B C:\Mukta\current\clients\PSMTool\classes\CritiqueView.class <-- nitro.isi.edu /nfs/isd2/mchitnis/current/clients/PSMTool/classes CritiqueView.class
2001.06.01 11:55 B C:\Mukta\current\clients\PSMTool\classes\CritiqueWizard$1.class <-- nitro.isi.edu /nfs/isd2/mchitnis/current/clients/PSMTool/classes CritiqueWizard$1.class
2001.06.01 11:55 B C:\Mukta\current\clients\PSMTool\classes\CritiqueWizard.class <-- nitro.isi.edu /nfs/isd2/mchitnis/current/clients/PSMTool/classes CritiqueWizard.class
2001.06.01 11:55 B C:\Mukta\current\clients\PSMTool\classes\GClass.class <-- nitro.isi.edu /nfs/isd2/mchitnis/current/clients/PSMTool/classes GClass.class
2001.06.01 11:55 B C:\Mukta\current\clients\PSMTool\classes\IETableModel.class <-- nitro.isi.edu /nfs/isd2/mchitnis/current/clients/PSMTool/classes IETableModel.class
2001.06.01 11:55 B C:\Mukta\current\clients\PSMTool\classes\InstanceEditor$1.class <-- nitro.isi.edu /nfs/isd2/mchitnis/current/clients/PSMTool/classes InstanceEditor$1.class
2001.06.01 11:55 B C:\Mukta\current\clients\PSMTool\classes\InstanceEditor$2.class <-- nitro.isi.edu /nfs/isd2/mchitnis/current/clients/PSMTool/classes InstanceEditor$2.class
2001.06.01 11:55 B C:\Mukta\current\clients\PSMTool\classes\InstanceEditor$3.class <-- nitro.isi.edu /nfs/isd2/mchitnis/current/clients/PSMTool/classes InstanceEditor$3.class
2001.06.01 11:55 B C:\Mukta\current\clients\PSMTool\classes\InstanceEditor$4.class <-- nitro.isi.edu /nfs/isd2/mchitnis/current/clients/PSMTool/classes InstanceEditor$4.class
2001.06.01 11:55 B C:\Mukta\current\clients\PSMTool\classes\InstanceEditor$5.class <-- nitro.isi.edu /nfs/isd2/mchitnis/current/clients/PSMTool/classes InstanceEditor$5.class
2001.06.01 11:55 B C:\Mukta\current\clients\PSMTool\classes\InstanceEditor$ActiveAltText.class <-- nitro.isi.edu /nfs/isd2/mchitnis/current/clients/PSMTool/classes InstanceEditor$ActiveAltText.class
2001.06.01 11:55 B C:\Mukta\current\clients\PSMTool\classes\InstanceEditor$IETableModel.class <-- nitro.isi.edu /nfs/isd2/mchitnis/current/clients/PSMTool/classes InstanceEditor$IETableModel.class
2001.06.01 11:55 B C:\Mukta\current\clients\PSMTool\classes\InstanceEditor$RoleTablePanel$RoleTableModel.class <-- nitro.isi.edu /nfs/isd2/mchitnis/current/clients/PSMTool/classes InstanceEditor$RoleTablePanel$RoleTableModel.class
2001.06.01 11:55 B C:\Mukta\current\clients\PSMTool\classes\InstanceEditor$RoleTablePanel.class <-- nitro.isi.edu /nfs/isd2/mchitnis/current/clients/PSMTool/classes InstanceEditor$RoleTablePanel.class
2001.06.01 11:55 B C:\Mukta\current\clients\PSMTool\classes\InstanceEditor.class <-- nitro.isi.edu /nfs/isd2/mchitnis/current/clients/PSMTool/classes InstanceEditor.class
2001.06.01 11:55 B C:\Mukta\current\clients\PSMTool\classes\KAGrammarTool$1.class <-- nitro.isi.edu /nfs/isd2/mchitnis/current/clients/PSMTool/classes KAGrammarTool$1.class
2001.06.01 11:55 B C:\Mukta\current\clients\PSMTool\classes\KAGrammarTool.class <-- nitro.isi.edu /nfs/isd2/mchitnis/current/clients/PSMTool/classes KAGrammarTool.class
2001.06.01 11:55 B C:\Mukta\current\clients\PSMTool\classes\KATool$1.class <-- nitro.isi.edu /nfs/isd2/mchitnis/current/clients/PSMTool/classes KATool$1.class
2001.06.01 11:55 B C:\Mukta\current\clients\PSMTool\classes\KATool$2.class <-- nitro.isi.edu /nfs/isd2/mchitnis/current/clients/PSMTool/classes KATool$2.class
2001.06.01 11:55 B C:\Mukta\current\clients\PSMTool\classes\KATool$3.class <-- nitro.isi.edu /nfs/isd2/mchitnis/current/clients/PSMTool/classes KATool$3.class
2001.06.01 11:55 B C:\Mukta\current\clients\PSMTool\classes\KATool$4.class <-- nitro.isi.edu /nfs/isd2/mchitnis/current/clients/PSMTool/classes KATool$4.class
2001.06.01 11:55 B C:\Mukta\current\clients\PSMTool\classes\KATool$5.class <-- nitro.isi.edu /nfs/isd2/mchitnis/current/clients/PSMTool/classes KATool$5.class
2001.06.01 11:55 B C:\Mukta\current\clients\PSMTool\classes\KATool.class <-- nitro.isi.edu /nfs/isd2/mchitnis/current/clients/PSMTool/classes KATool.class
2001.06.01 11:55 B C:\Mukta\current\clients\PSMTool\classes\ListBuilder$1.class <-- nitro.isi.edu /nfs/isd2/mchitnis/current/clients/PSMTool/classes ListBuilder$1.class
2001.06.01 11:55 B C:\Mukta\current\clients\PSMTool\classes\ListBuilder$CheckBoxListener.class <-- nitro.isi.edu /nfs/isd2/mchitnis/current/clients/PSMTool/classes ListBuilder$CheckBoxListener.class
2001.06.01 11:55 B C:\Mukta\current\clients\PSMTool\classes\ListBuilder.class <-- nitro.isi.edu /nfs/isd2/mchitnis/current/clients/PSMTool/classes ListBuilder.class
2001.06.01 11:55 B C:\Mukta\current\clients\PSMTool\classes\ListCanvas.class <-- nitro.isi.edu /nfs/isd2/mchitnis/current/clients/PSMTool/classes ListCanvas.class
2001.06.01 11:55 B C:\Mukta\current\clients\PSMTool\classes\MethodApplier$1.class <-- nitro.isi.edu /nfs/isd2/mchitnis/current/clients/PSMTool/classes MethodApplier$1.class
2001.06.01 11:55 B C:\Mukta\current\clients\PSMTool\classes\MethodApplier$2.class <-- nitro.isi.edu /nfs/isd2/mchitnis/current/clients/PSMTool/classes MethodApplier$2.class
2001.06.01 11:55 B C:\Mukta\current\clients\PSMTool\classes\MethodApplier$3.class <-- nitro.isi.edu /nfs/isd2/mchitnis/current/clients/PSMTool/classes MethodApplier$3.class
2001.06.01 11:55 B C:\Mukta\current\clients\PSMTool\classes\MethodApplier$4.class <-- nitro.isi.edu /nfs/isd2/mchitnis/current/clients/PSMTool/classes MethodApplier$4.class
2001.06.01 11:55 B C:\Mukta\current\clients\PSMTool\classes\MethodApplier$ActiveAltText.class <-- nitro.isi.edu /nfs/isd2/mchitnis/current/clients/PSMTool/classes MethodApplier$ActiveAltText.class
2001.06.01 11:55 B C:\Mukta\current\clients\PSMTool\classes\MethodApplier$AppCellRenderer.class <-- nitro.isi.edu /nfs/isd2/mchitnis/current/clients/PSMTool/classes MethodApplier$AppCellRenderer.class
2001.06.01 11:55 B C:\Mukta\current\clients\PSMTool\classes\MethodApplier$AppNode.class <-- nitro.isi.edu /nfs/isd2/mchitnis/current/clients/PSMTool/classes MethodApplier$AppNode.class
2001.06.01 11:55 B C:\Mukta\current\clients\PSMTool\classes\MethodApplier.class <-- nitro.isi.edu /nfs/isd2/mchitnis/current/clients/PSMTool/classes MethodApplier.class
2001.06.01 11:55 B C:\Mukta\current\clients\PSMTool\classes\MethodEditor$1.class <-- nitro.isi.edu /nfs/isd2/mchitnis/current/clients/PSMTool/classes MethodEditor$1.class
2001.06.01 11:55 B C:\Mukta\current\clients\PSMTool\classes\MethodEditor$10.class <-- nitro.isi.edu /nfs/isd2/mchitnis/current/clients/PSMTool/classes MethodEditor$10.class
2001.06.01 11:55 B C:\Mukta\current\clients\PSMTool\classes\MethodEditor$11.class <-- nitro.isi.edu /nfs/isd2/mchitnis/current/clients/PSMTool/classes MethodEditor$11.class
2001.06.01 11:55 B C:\Mukta\current\clients\PSMTool\classes\MethodEditor$12.class <-- nitro.isi.edu /nfs/isd2/mchitnis/current/clients/PSMTool/classes MethodEditor$12.class
2001.06.01 11:55 B C:\Mukta\current\clients\PSMTool\classes\MethodEditor$13.class <-- nitro.isi.edu /nfs/isd2/mchitnis/current/clients/PSMTool/classes MethodEditor$13.class
2001.06.01 11:55 B C:\Mukta\current\clients\PSMTool\classes\MethodEditor$14.class <-- nitro.isi.edu /nfs/isd2/mchitnis/current/clients/PSMTool/classes MethodEditor$14.class
2001.06.01 11:55 B C:\Mukta\current\clients\PSMTool\classes\MethodEditor$15.class <-- nitro.isi.edu /nfs/isd2/mchitnis/current/clients/PSMTool/classes MethodEditor$15.class
2001.06.01 11:55 B C:\Mukta\current\clients\PSMTool\classes\MethodEditor$2.class <-- nitro.isi.edu /nfs/isd2/mchitnis/current/clients/PSMTool/classes MethodEditor$2.class
2001.06.01 11:55 B C:\Mukta\current\clients\PSMTool\classes\MethodEditor$3.class <-- nitro.isi.edu /nfs/isd2/mchitnis/current/clients/PSMTool/classes MethodEditor$3.class
2001.06.01 11:55 B C:\Mukta\current\clients\PSMTool\classes\MethodEditor$4.class <-- nitro.isi.edu /nfs/isd2/mchitnis/current/clients/PSMTool/classes MethodEditor$4.class
2001.06.01 11:55 B C:\Mukta\current\clients\PSMTool\classes\MethodEditor$5.class <-- nitro.isi.edu /nfs/isd2/mchitnis/current/clients/PSMTool/classes MethodEditor$5.class
2001.06.01 11:55 B C:\Mukta\current\clients\PSMTool\classes\MethodEditor$6.class <-- nitro.isi.edu /nfs/isd2/mchitnis/current/clients/PSMTool/classes MethodEditor$6.class
2001.06.01 11:55 B C:\Mukta\current\clients\PSMTool\classes\MethodEditor$7.class <-- nitro.isi.edu /nfs/isd2/mchitnis/current/clients/PSMTool/classes MethodEditor$7.class
2001.06.01 11:55 B C:\Mukta\current\clients\PSMTool\classes\MethodEditor$8.class <-- nitro.isi.edu /nfs/isd2/mchitnis/current/clients/PSMTool/classes MethodEditor$8.class
2001.06.01 11:55 B C:\Mukta\current\clients\PSMTool\classes\MethodEditor$9.class <-- nitro.isi.edu /nfs/isd2/mchitnis/current/clients/PSMTool/classes MethodEditor$9.class
2001.06.01 11:55 B C:\Mukta\current\clients\PSMTool\classes\MethodEditor$AltCellRenderer.class <-- nitro.isi.edu /nfs/isd2/mchitnis/current/clients/PSMTool/classes MethodEditor$AltCellRenderer.class
2001.06.01 11:55 B C:\Mukta\current\clients\PSMTool\classes\MethodEditor$AltNode.class <-- nitro.isi.edu /nfs/isd2/mchitnis/current/clients/PSMTool/classes MethodEditor$AltNode.class
2001.06.01 11:55 B C:\Mukta\current\clients\PSMTool\classes\MethodEditor$CapText.class <-- nitro.isi.edu /nfs/isd2/mchitnis/current/clients/PSMTool/classes MethodEditor$CapText.class
2001.06.01 11:55 B C:\Mukta\current\clients\PSMTool\classes\MethodEditor$CBRenderer.class <-- nitro.isi.edu /nfs/isd2/mchitnis/current/clients/PSMTool/classes MethodEditor$CBRenderer.class
2001.06.01 11:55 B C:\Mukta\current\clients\PSMTool\classes\MethodEditor$planReader.class <-- nitro.isi.edu /nfs/isd2/mchitnis/current/clients/PSMTool/classes MethodEditor$planReader.class
2001.06.01 11:55 B C:\Mukta\current\clients\PSMTool\classes\MethodEditor.class <-- nitro.isi.edu /nfs/isd2/mchitnis/current/clients/PSMTool/classes MethodEditor.class
2001.06.01 11:55 B C:\Mukta\current\clients\PSMTool\classes\NameFieldPanel$1.class <-- nitro.isi.edu /nfs/isd2/mchitnis/current/clients/PSMTool/classes NameFieldPanel$1.class
2001.06.01 11:55 B C:\Mukta\current\clients\PSMTool\classes\NameFieldPanel$2.class <-- nitro.isi.edu /nfs/isd2/mchitnis/current/clients/PSMTool/classes NameFieldPanel$2.class
2001.06.01 11:55 B C:\Mukta\current\clients\PSMTool\classes\NameFieldPanel$3.class <-- nitro.isi.edu /nfs/isd2/mchitnis/current/clients/PSMTool/classes NameFieldPanel$3.class
2001.06.01 11:55 B C:\Mukta\current\clients\PSMTool\classes\NameFieldPanel$4.class <-- nitro.isi.edu /nfs/isd2/mchitnis/current/clients/PSMTool/classes NameFieldPanel$4.class
2001.06.01 11:55 B C:\Mukta\current\clients\PSMTool\classes\NameFieldPanel$5.class <-- nitro.isi.edu /nfs/isd2/mchitnis/current/clients/PSMTool/classes NameFieldPanel$5.class
2001.06.01 11:55 B C:\Mukta\current\clients\PSMTool\classes\NameFieldPanel$6.class <-- nitro.isi.edu /nfs/isd2/mchitnis/current/clients/PSMTool/classes NameFieldPanel$6.class
2001.06.01 11:55 B C:\Mukta\current\clients\PSMTool\classes\NameFieldPanel$NFPComboRenderer.class <-- nitro.isi.edu /nfs/isd2/mchitnis/current/clients/PSMTool/classes NameFieldPanel$NFPComboRenderer.class
2001.06.01 11:55 B C:\Mukta\current\clients\PSMTool\classes\NameFieldPanel.class <-- nitro.isi.edu /nfs/isd2/mchitnis/current/clients/PSMTool/classes NameFieldPanel.class
2001.06.01 11:55 B C:\Mukta\current\clients\PSMTool\classes\NewEntryDialog.class <-- nitro.isi.edu /nfs/isd2/mchitnis/current/clients/PSMTool/classes NewEntryDialog.class
2001.06.01 11:55 B C:\Mukta\current\clients\PSMTool\classes\NewEntryInfo.class <-- nitro.isi.edu /nfs/isd2/mchitnis/current/clients/PSMTool/classes NewEntryInfo.class
2001.06.01 11:55 B C:\Mukta\current\clients\PSMTool\classes\PlanView$1.class <-- nitro.isi.edu /nfs/isd2/mchitnis/current/clients/PSMTool/classes PlanView$1.class
2001.06.01 11:55 B C:\Mukta\current\clients\PSMTool\classes\PlanView$2.class <-- nitro.isi.edu /nfs/isd2/mchitnis/current/clients/PSMTool/classes PlanView$2.class
2001.06.01 11:55 B C:\Mukta\current\clients\PSMTool\classes\PlanView$3.class <-- nitro.isi.edu /nfs/isd2/mchitnis/current/clients/PSMTool/classes PlanView$3.class
2001.06.01 11:55 B C:\Mukta\current\clients\PSMTool\classes\PlanView$4.class <-- nitro.isi.edu /nfs/isd2/mchitnis/current/clients/PSMTool/classes PlanView$4.class
2001.06.01 11:55 B C:\Mukta\current\clients\PSMTool\classes\PlanView$5.class <-- nitro.isi.edu /nfs/isd2/mchitnis/current/clients/PSMTool/classes PlanView$5.class
2001.06.01 11:55 B C:\Mukta\current\clients\PSMTool\classes\PlanView$6.class <-- nitro.isi.edu /nfs/isd2/mchitnis/current/clients/PSMTool/classes PlanView$6.class
2001.06.01 11:55 B C:\Mukta\current\clients\PSMTool\classes\PlanView$7.class <-- nitro.isi.edu /nfs/isd2/mchitnis/current/clients/PSMTool/classes PlanView$7.class
2001.06.01 11:55 B C:\Mukta\current\clients\PSMTool\classes\PlanView$8.class <-- nitro.isi.edu /nfs/isd2/mchitnis/current/clients/PSMTool/classes PlanView$8.class
2001.06.01 11:55 B C:\Mukta\current\clients\PSMTool\classes\PlanView$9.class <-- nitro.isi.edu /nfs/isd2/mchitnis/current/clients/PSMTool/classes PlanView$9.class
2001.06.01 11:55 B C:\Mukta\current\clients\PSMTool\classes\PlanView$NameFieldPanel.class <-- nitro.isi.edu /nfs/isd2/mchitnis/current/clients/PSMTool/classes PlanView$NameFieldPanel.class
2001.06.01 11:55 B C:\Mukta\current\clients\PSMTool\classes\PlanView$PlanFrame.class <-- nitro.isi.edu /nfs/isd2/mchitnis/current/clients/PSMTool/classes PlanView$PlanFrame.class
2001.06.01 11:55 B C:\Mukta\current\clients\PSMTool\classes\PlanView.class <-- nitro.isi.edu /nfs/isd2/mchitnis/current/clients/PSMTool/classes PlanView.class
2001.06.01 11:55 B C:\Mukta\current\clients\PSMTool\classes\PSMTool$1.class <-- nitro.isi.edu /nfs/isd2/mchitnis/current/clients/PSMTool/classes PSMTool$1.class
2001.06.01 11:55 B C:\Mukta\current\clients\PSMTool\classes\PSMTool$10.class <-- nitro.isi.edu /nfs/isd2/mchitnis/current/clients/PSMTool/classes PSMTool$10.class
2001.06.01 11:55 B C:\Mukta\current\clients\PSMTool\classes\PSMTool$11.class <-- nitro.isi.edu /nfs/isd2/mchitnis/current/clients/PSMTool/classes PSMTool$11.class
2001.06.01 11:55 B C:\Mukta\current\clients\PSMTool\classes\PSMTool$2.class <-- nitro.isi.edu /nfs/isd2/mchitnis/current/clients/PSMTool/classes PSMTool$2.class
2001.06.01 11:55 B C:\Mukta\current\clients\PSMTool\classes\PSMTool$3.class <-- nitro.isi.edu /nfs/isd2/mchitnis/current/clients/PSMTool/classes PSMTool$3.class
2001.06.01 11:55 B C:\Mukta\current\clients\PSMTool\classes\PSMTool$4.class <-- nitro.isi.edu /nfs/isd2/mchitnis/current/clients/PSMTool/classes PSMTool$4.class
2001.06.01 11:55 B C:\Mukta\current\clients\PSMTool\classes\PSMTool$5.class <-- nitro.isi.edu /nfs/isd2/mchitnis/current/clients/PSMTool/classes PSMTool$5.class
2001.06.01 11:55 B C:\Mukta\current\clients\PSMTool\classes\PSMTool$6.class <-- nitro.isi.edu /nfs/isd2/mchitnis/current/clients/PSMTool/classes PSMTool$6.class
2001.06.01 11:55 B C:\Mukta\current\clients\PSMTool\classes\PSMTool$7.class <-- nitro.isi.edu /nfs/isd2/mchitnis/current/clients/PSMTool/classes PSMTool$7.class
2001.06.01 11:55 B C:\Mukta\current\clients\PSMTool\classes\PSMTool$8.class <-- nitro.isi.edu /nfs/isd2/mchitnis/current/clients/PSMTool/classes PSMTool$8.class
2001.06.01 11:55 B C:\Mukta\current\clients\PSMTool\classes\PSMTool$9.class <-- nitro.isi.edu /nfs/isd2/mchitnis/current/clients/PSMTool/classes PSMTool$9.class
2001.06.01 11:55 B C:\Mukta\current\clients\PSMTool\classes\PSMTool.class <-- nitro.isi.edu /nfs/isd2/mchitnis/current/clients/PSMTool/classes PSMTool.class
2001.06.01 11:55 B C:\Mukta\current\clients\PSMTool\classes\psmtool.jar <-- nitro.isi.edu /nfs/isd2/mchitnis/current/clients/PSMTool/classes psmtool.jar
2001.06.01 11:55 B C:\Mukta\current\clients\PSMTool\classes\RelationEditor$1.class <-- nitro.isi.edu /nfs/isd2/mchitnis/current/clients/PSMTool/classes RelationEditor$1.class
2001.06.01 11:55 B C:\Mukta\current\clients\PSMTool\classes\RelationEditor$2.class <-- nitro.isi.edu /nfs/isd2/mchitnis/current/clients/PSMTool/classes RelationEditor$2.class
2001.06.01 11:55 B C:\Mukta\current\clients\PSMTool\classes\RelationEditor$3.class <-- nitro.isi.edu /nfs/isd2/mchitnis/current/clients/PSMTool/classes RelationEditor$3.class
2001.06.01 11:55 B C:\Mukta\current\clients\PSMTool\classes\RelationEditor$NameFieldPanel.class <-- nitro.isi.edu /nfs/isd2/mchitnis/current/clients/PSMTool/classes RelationEditor$NameFieldPanel.class
2001.06.01 11:55 B C:\Mukta\current\clients\PSMTool\classes\RelationEditor.class <-- nitro.isi.edu /nfs/isd2/mchitnis/current/clients/PSMTool/classes RelationEditor.class
2001.06.01 11:55 B C:\Mukta\current\clients\PSMTool\classes\ResultProcessor.class <-- nitro.isi.edu /nfs/isd2/mchitnis/current/clients/PSMTool/classes ResultProcessor.class
2001.06.01 11:55 B C:\Mukta\current\clients\PSMTool\classes\TestList.class <-- nitro.isi.edu /nfs/isd2/mchitnis/current/clients/PSMTool/classes TestList.class
2001.06.01 11:55 B C:\Mukta\current\clients\PSMTool\classes\WizardLine.class <-- nitro.isi.edu /nfs/isd2/mchitnis/current/clients/PSMTool/classes WizardLine.class
2001.06.01 11:55 B C:\Mukta\current\clients\PSMTool\classes\WizardMenu$1.class <-- nitro.isi.edu /nfs/isd2/mchitnis/current/clients/PSMTool/classes WizardMenu$1.class
2001.06.01 11:55 B C:\Mukta\current\clients\PSMTool\classes\WizardMenu.class <-- nitro.isi.edu /nfs/isd2/mchitnis/current/clients/PSMTool/classes WizardMenu.class
2001.06.01 11:55 B C:\Mukta\current\clients\PSMTool\classes\WizardMethodLine$1.class <-- nitro.isi.edu /nfs/isd2/mchitnis/current/clients/PSMTool/classes WizardMethodLine$1.class
2001.06.01 11:55 B C:\Mukta\current\clients\PSMTool\classes\WizardMethodLine$2.class <-- nitro.isi.edu /nfs/isd2/mchitnis/current/clients/PSMTool/classes WizardMethodLine$2.class
2001.06.01 11:55 B C:\Mukta\current\clients\PSMTool\classes\WizardMethodLine$MethodText.class <-- nitro.isi.edu /nfs/isd2/mchitnis/current/clients/PSMTool/classes WizardMethodLine$MethodText.class
2001.06.01 11:55 B C:\Mukta\current\clients\PSMTool\classes\WizardMethodLine.class <-- nitro.isi.edu /nfs/isd2/mchitnis/current/clients/PSMTool/classes WizardMethodLine.class
2001.06.01 11:55 B C:\Mukta\current\clients\PSMTool\classes\WizardPanel.class <-- nitro.isi.edu /nfs/isd2/mchitnis/current/clients/PSMTool/classes WizardPanel.class
2001.06.01 11:55 B C:\Mukta\current\clients\PSMTool\classes\WizardReader$1.class <-- nitro.isi.edu /nfs/isd2/mchitnis/current/clients/PSMTool/classes WizardReader$1.class
2001.06.01 11:55 B C:\Mukta\current\clients\PSMTool\classes\WizardReader$2.class <-- nitro.isi.edu /nfs/isd2/mchitnis/current/clients/PSMTool/classes WizardReader$2.class
2001.06.01 11:55 B C:\Mukta\current\clients\PSMTool\classes\WizardReader.class <-- nitro.isi.edu /nfs/isd2/mchitnis/current/clients/PSMTool/classes WizardReader.class
2001.06.01 11:55 B C:\Mukta\current\clients\PSMTool\classes\WizardStep$1.class <-- nitro.isi.edu /nfs/isd2/mchitnis/current/clients/PSMTool/classes WizardStep$1.class
2001.06.01 11:55 B C:\Mukta\current\clients\PSMTool\classes\WizardStep.class <-- nitro.isi.edu /nfs/isd2/mchitnis/current/clients/PSMTool/classes WizardStep.class
