2001.06.01 11:51 B C:\Mukta\current\clients\EMeD\Connection\ExpectConnect.java <-- nitro.isi.edu /nfs/isd2/mchitnis/current/clients/EMeD/Connection ExpectConnect.java
2001.06.01 11:51 B C:\Mukta\current\clients\EMeD\Connection\ExpectSocketAPI.java <-- nitro.isi.edu /nfs/isd2/mchitnis/current/clients/EMeD/Connection ExpectSocketAPI.java
2001.06.01 11:51 B C:\Mukta\current\clients\EMeD\Connection\ExpectSocketAPI.java~ <-- nitro.isi.edu /nfs/isd2/mchitnis/current/clients/EMeD/Connection ExpectSocketAPI.java~
2001.06.01 11:51 B C:\Mukta\current\clients\EMeD\Connection\LispSocketAPI.java <-- nitro.isi.edu /nfs/isd2/mchitnis/current/clients/EMeD/Connection LispSocketAPI.java
2001.06.01 11:51 B C:\Mukta\current\clients\EMeD\Connection\LispSocketAPI.java~ <-- nitro.isi.edu /nfs/isd2/mchitnis/current/clients/EMeD/Connection LispSocketAPI.java~
2001.11.03 15:49 B C:\Mukta\current\clients\EMeD\Connection\ExpectConnect.class --> aludra.usc.edu /auto/home-scf-06/mchitnis/EMeD/Connection ExpectConnect.class
2001.11.03 15:49 B C:\Mukta\current\clients\EMeD\Connection\ExpectConnect.java --> aludra.usc.edu /auto/home-scf-06/mchitnis/EMeD/Connection ExpectConnect.java
2001.11.03 15:49 B C:\Mukta\current\clients\EMeD\Connection\ExpectConnectbkup.java --> aludra.usc.edu /auto/home-scf-06/mchitnis/EMeD/Connection ExpectConnectbkup.java
2001.11.03 15:49 B C:\Mukta\current\clients\EMeD\Connection\ExpectSocketAPI.class --> aludra.usc.edu /auto/home-scf-06/mchitnis/EMeD/Connection ExpectSocketAPI.class
2001.11.03 15:49 B C:\Mukta\current\clients\EMeD\Connection\ExpectSocketAPI.java --> aludra.usc.edu /auto/home-scf-06/mchitnis/EMeD/Connection ExpectSocketAPI.java
2001.11.03 15:49 B C:\Mukta\current\clients\EMeD\Connection\ExpectSocketAPI.java~ --> aludra.usc.edu /auto/home-scf-06/mchitnis/EMeD/Connection ExpectSocketAPI.java~
2001.11.03 15:49 B C:\Mukta\current\clients\EMeD\Connection\FactoryException.class --> aludra.usc.edu /auto/home-scf-06/mchitnis/EMeD/Connection FactoryException.class
2001.11.03 15:49 B C:\Mukta\current\clients\EMeD\Connection\FactoryException.java --> aludra.usc.edu /auto/home-scf-06/mchitnis/EMeD/Connection FactoryException.java
2001.11.03 15:49 B C:\Mukta\current\clients\EMeD\Connection\LayedData.class --> aludra.usc.edu /auto/home-scf-06/mchitnis/EMeD/Connection LayedData.class
2001.11.03 15:49 B C:\Mukta\current\clients\EMeD\Connection\LayedData.java --> aludra.usc.edu /auto/home-scf-06/mchitnis/EMeD/Connection LayedData.java
2001.11.03 15:49 B C:\Mukta\current\clients\EMeD\Connection\LispSocketAPI.class --> aludra.usc.edu /auto/home-scf-06/mchitnis/EMeD/Connection LispSocketAPI.class
2001.11.03 15:49 B C:\Mukta\current\clients\EMeD\Connection\LispSocketAPI.java --> aludra.usc.edu /auto/home-scf-06/mchitnis/EMeD/Connection LispSocketAPI.java
2001.11.03 15:49 B C:\Mukta\current\clients\EMeD\Connection\LispSocketAPI.java.old --> aludra.usc.edu /auto/home-scf-06/mchitnis/EMeD/Connection LispSocketAPI.java.old
2001.11.03 15:49 B C:\Mukta\current\clients\EMeD\Connection\LispSocketAPI.java~ --> aludra.usc.edu /auto/home-scf-06/mchitnis/EMeD/Connection LispSocketAPI.java~
2001.11.03 15:49 B C:\Mukta\current\clients\EMeD\Connection\LispSocketAPIbkup.java --> aludra.usc.edu /auto/home-scf-06/mchitnis/EMeD/Connection LispSocketAPIbkup.java
2001.11.03 15:49 B C:\Mukta\current\clients\EMeD\Connection\temp.txt --> aludra.usc.edu /auto/home-scf-06/mchitnis/EMeD/Connection temp.txt
2001.11.03 15:49 B C:\Mukta\current\clients\EMeD\Connection\WS_FTP.LOG --> aludra.usc.edu /auto/home-scf-06/mchitnis/EMeD/Connection WS_FTP.LOG
