2001.11.03 15:49 B C:\Mukta\current\clients\EMeD\classes\xml2jtml\methodDefRenderer$complexDataHandler.class --> aludra.usc.edu /auto/home-scf-06/mchitnis/EMeD/classes/xml2jtml methodDefRenderer$complexDataHandler.class
2001.11.03 15:49 B C:\Mukta\current\clients\EMeD\classes\xml2jtml\methodDefRenderer$goalFormHandler.class --> aludra.usc.edu /auto/home-scf-06/mchitnis/EMeD/classes/xml2jtml methodDefRenderer$goalFormHandler.class
2001.11.03 15:49 B C:\Mukta\current\clients\EMeD\classes\xml2jtml\methodDefRenderer$goalNameHandler.class --> aludra.usc.edu /auto/home-scf-06/mchitnis/EMeD/classes/xml2jtml methodDefRenderer$goalNameHandler.class
2001.11.03 15:49 B C:\Mukta\current\clients\EMeD\classes\xml2jtml\methodDefRenderer$ifFormHandler.class --> aludra.usc.edu /auto/home-scf-06/mchitnis/EMeD/classes/xml2jtml methodDefRenderer$ifFormHandler.class
2001.11.03 15:49 B C:\Mukta\current\clients\EMeD\classes\xml2jtml\methodDefRenderer$instanceNameHandler.class --> aludra.usc.edu /auto/home-scf-06/mchitnis/EMeD/classes/xml2jtml methodDefRenderer$instanceNameHandler.class
2001.11.03 15:49 B C:\Mukta\current\clients\EMeD\classes\xml2jtml\methodDefRenderer$metBodyHandler.class --> aludra.usc.edu /auto/home-scf-06/mchitnis/EMeD/classes/xml2jtml methodDefRenderer$metBodyHandler.class
2001.11.03 15:49 B C:\Mukta\current\clients\EMeD\classes\xml2jtml\methodDefRenderer$methodDescHandler.class --> aludra.usc.edu /auto/home-scf-06/mchitnis/EMeD/classes/xml2jtml methodDefRenderer$methodDescHandler.class
2001.11.03 15:49 B C:\Mukta\current\clients\EMeD\classes\xml2jtml\methodDefRenderer$methodGoalArgumentHandler.class --> aludra.usc.edu /auto/home-scf-06/mchitnis/EMeD/classes/xml2jtml methodDefRenderer$methodGoalArgumentHandler.class
2001.11.03 15:49 B C:\Mukta\current\clients\EMeD\classes\xml2jtml\methodDefRenderer$methodGoalHandler.class --> aludra.usc.edu /auto/home-scf-06/mchitnis/EMeD/classes/xml2jtml methodDefRenderer$methodGoalHandler.class
2001.11.03 15:49 B C:\Mukta\current\clients\EMeD\classes\xml2jtml\methodDefRenderer$methodResultHandler.class --> aludra.usc.edu /auto/home-scf-06/mchitnis/EMeD/classes/xml2jtml methodDefRenderer$methodResultHandler.class
2001.11.03 15:49 B C:\Mukta\current\clients\EMeD\classes\xml2jtml\methodDefRenderer$NameHandler.class --> aludra.usc.edu /auto/home-scf-06/mchitnis/EMeD/classes/xml2jtml methodDefRenderer$NameHandler.class
2001.11.03 15:49 B C:\Mukta\current\clients\EMeD\classes\xml2jtml\methodDefRenderer$NSElementCopier.class --> aludra.usc.edu /auto/home-scf-06/mchitnis/EMeD/classes/xml2jtml methodDefRenderer$NSElementCopier.class
2001.11.03 15:49 B C:\Mukta\current\clients\EMeD\classes\xml2jtml\methodDefRenderer$parameterNameHandler.class --> aludra.usc.edu /auto/home-scf-06/mchitnis/EMeD/classes/xml2jtml methodDefRenderer$parameterNameHandler.class
2001.11.03 15:49 B C:\Mukta\current\clients\EMeD\classes\xml2jtml\methodDefRenderer$passiveHandler.class --> aludra.usc.edu /auto/home-scf-06/mchitnis/EMeD/classes/xml2jtml methodDefRenderer$passiveHandler.class
2001.11.03 15:49 B C:\Mukta\current\clients\EMeD\classes\xml2jtml\methodDefRenderer$postProcessingHandler.class --> aludra.usc.edu /auto/home-scf-06/mchitnis/EMeD/classes/xml2jtml methodDefRenderer$postProcessingHandler.class
2001.11.03 15:49 B C:\Mukta\current\clients\EMeD\classes\xml2jtml\methodDefRenderer$primBodyHandler.class --> aludra.usc.edu /auto/home-scf-06/mchitnis/EMeD/classes/xml2jtml methodDefRenderer$primBodyHandler.class
2001.11.03 15:49 B C:\Mukta\current\clients\EMeD\classes\xml2jtml\methodDefRenderer$relFormHandler.class --> aludra.usc.edu /auto/home-scf-06/mchitnis/EMeD/classes/xml2jtml methodDefRenderer$relFormHandler.class
2001.11.03 15:49 B C:\Mukta\current\clients\EMeD\classes\xml2jtml\methodDefRenderer$resultRefinerHandler.class --> aludra.usc.edu /auto/home-scf-06/mchitnis/EMeD/classes/xml2jtml methodDefRenderer$resultRefinerHandler.class
2001.11.03 15:49 B C:\Mukta\current\clients\EMeD\classes\xml2jtml\methodDefRenderer$roleExpressionHandler.class --> aludra.usc.edu /auto/home-scf-06/mchitnis/EMeD/classes/xml2jtml methodDefRenderer$roleExpressionHandler.class
2001.11.03 15:49 B C:\Mukta\current\clients\EMeD\classes\xml2jtml\methodDefRenderer$tagTHandler.class --> aludra.usc.edu /auto/home-scf-06/mchitnis/EMeD/classes/xml2jtml methodDefRenderer$tagTHandler.class
2001.11.03 15:49 B C:\Mukta\current\clients\EMeD\classes\xml2jtml\methodDefRenderer.class --> aludra.usc.edu /auto/home-scf-06/mchitnis/EMeD/classes/xml2jtml methodDefRenderer.class
2001.11.03 15:49 B C:\Mukta\current\clients\EMeD\classes\xml2jtml\renderer.class --> aludra.usc.edu /auto/home-scf-06/mchitnis/EMeD/classes/xml2jtml renderer.class
2001.11.03 15:49 B C:\Mukta\current\clients\EMeD\classes\xml2jtml\testRenderer.class --> aludra.usc.edu /auto/home-scf-06/mchitnis/EMeD/classes/xml2jtml testRenderer.class
