2001.06.01 11:55 B C:\Mukta\current\clients\PSMTool\#runnit# <-- nitro.isi.edu /nfs/isd2/mchitnis/current/clients/PSMTool #runnit#
2001.06.01 11:55 B C:\Mukta\current\clients\PSMTool\a.out <-- nitro.isi.edu /nfs/isd2/mchitnis/current/clients/PSMTool a.out
2001.06.01 11:55 B C:\Mukta\current\clients\PSMTool\ActiveText.java <-- nitro.isi.edu /nfs/isd2/mchitnis/current/clients/PSMTool ActiveText.java
2001.06.01 11:55 B C:\Mukta\current\clients\PSMTool\ActiveText.java~ <-- nitro.isi.edu /nfs/isd2/mchitnis/current/clients/PSMTool ActiveText.java~
2001.06.01 11:55 B C:\Mukta\current\clients\PSMTool\bkupnamefieldpanel.java <-- nitro.isi.edu /nfs/isd2/mchitnis/current/clients/PSMTool bkupnamefieldpanel.java
2001.06.01 11:55 B C:\Mukta\current\clients\PSMTool\CritiqueView.java <-- nitro.isi.edu /nfs/isd2/mchitnis/current/clients/PSMTool CritiqueView.java
2001.06.01 11:55 B C:\Mukta\current\clients\PSMTool\CritiqueView.java~ <-- nitro.isi.edu /nfs/isd2/mchitnis/current/clients/PSMTool CritiqueView.java~
2001.06.01 11:55 B C:\Mukta\current\clients\PSMTool\CritiqueWizard.java <-- nitro.isi.edu /nfs/isd2/mchitnis/current/clients/PSMTool CritiqueWizard.java
2001.06.01 11:55 B C:\Mukta\current\clients\PSMTool\CritiqueWizard.java~ <-- nitro.isi.edu /nfs/isd2/mchitnis/current/clients/PSMTool CritiqueWizard.java~
2001.06.01 11:55 B C:\Mukta\current\clients\PSMTool\GClass.java <-- nitro.isi.edu /nfs/isd2/mchitnis/current/clients/PSMTool GClass.java
2001.06.01 11:55 B C:\Mukta\current\clients\PSMTool\GNUmakefile <-- nitro.isi.edu /nfs/isd2/mchitnis/current/clients/PSMTool GNUmakefile
2001.06.01 11:55 B C:\Mukta\current\clients\PSMTool\GNUmakefile~ <-- nitro.isi.edu /nfs/isd2/mchitnis/current/clients/PSMTool GNUmakefile~
2001.06.01 11:55 B C:\Mukta\current\clients\PSMTool\InstanceEditor.java <-- nitro.isi.edu /nfs/isd2/mchitnis/current/clients/PSMTool InstanceEditor.java
2001.06.01 11:55 B C:\Mukta\current\clients\PSMTool\InstanceEditor.java~ <-- nitro.isi.edu /nfs/isd2/mchitnis/current/clients/PSMTool InstanceEditor.java~
2001.06.01 11:55 B C:\Mukta\current\clients\PSMTool\KAGrammarTool.java <-- nitro.isi.edu /nfs/isd2/mchitnis/current/clients/PSMTool KAGrammarTool.java
2001.06.01 11:55 B C:\Mukta\current\clients\PSMTool\KATool.java <-- nitro.isi.edu /nfs/isd2/mchitnis/current/clients/PSMTool KATool.java
2001.06.01 11:55 B C:\Mukta\current\clients\PSMTool\KATool.java~ <-- nitro.isi.edu /nfs/isd2/mchitnis/current/clients/PSMTool KATool.java~
2001.06.01 11:55 B C:\Mukta\current\clients\PSMTool\ListBuilder.java <-- nitro.isi.edu /nfs/isd2/mchitnis/current/clients/PSMTool ListBuilder.java
2001.06.01 11:55 B C:\Mukta\current\clients\PSMTool\ListBuilder.java~ <-- nitro.isi.edu /nfs/isd2/mchitnis/current/clients/PSMTool ListBuilder.java~
2001.06.01 11:55 B C:\Mukta\current\clients\PSMTool\ListChoices.java~ <-- nitro.isi.edu /nfs/isd2/mchitnis/current/clients/PSMTool ListChoices.java~
2001.06.01 11:55 B C:\Mukta\current\clients\PSMTool\MethodApplier.java <-- nitro.isi.edu /nfs/isd2/mchitnis/current/clients/PSMTool MethodApplier.java
2001.06.01 11:55 B C:\Mukta\current\clients\PSMTool\MethodApplier.java~ <-- nitro.isi.edu /nfs/isd2/mchitnis/current/clients/PSMTool MethodApplier.java~
2001.06.01 11:55 B C:\Mukta\current\clients\PSMTool\MethodEditor-no-trees.java <-- nitro.isi.edu /nfs/isd2/mchitnis/current/clients/PSMTool MethodEditor-no-trees.java
2001.06.01 11:55 B C:\Mukta\current\clients\PSMTool\MethodEditor.java <-- nitro.isi.edu /nfs/isd2/mchitnis/current/clients/PSMTool MethodEditor.java
2001.06.01 11:55 B C:\Mukta\current\clients\PSMTool\MethodEditor.java-7-12 <-- nitro.isi.edu /nfs/isd2/mchitnis/current/clients/PSMTool MethodEditor.java-7-12
2001.06.01 11:55 B C:\Mukta\current\clients\PSMTool\MethodEditor.java~ <-- nitro.isi.edu /nfs/isd2/mchitnis/current/clients/PSMTool MethodEditor.java~
2001.06.01 11:55 B C:\Mukta\current\clients\PSMTool\NameFieldPanel.java <-- nitro.isi.edu /nfs/isd2/mchitnis/current/clients/PSMTool NameFieldPanel.java
2001.06.01 11:55 B C:\Mukta\current\clients\PSMTool\NameFieldPanel.java~ <-- nitro.isi.edu /nfs/isd2/mchitnis/current/clients/PSMTool NameFieldPanel.java~
2001.06.01 11:55 B C:\Mukta\current\clients\PSMTool\notes <-- nitro.isi.edu /nfs/isd2/mchitnis/current/clients/PSMTool notes
2001.06.01 11:55 B C:\Mukta\current\clients\PSMTool\notes~ <-- nitro.isi.edu /nfs/isd2/mchitnis/current/clients/PSMTool notes~
2001.06.01 11:56 B C:\Mukta\current\clients\PSMTool\PlanView.java <-- nitro.isi.edu /nfs/isd2/mchitnis/current/clients/PSMTool PlanView.java
2001.06.01 11:56 B C:\Mukta\current\clients\PSMTool\PlanView.java~ <-- nitro.isi.edu /nfs/isd2/mchitnis/current/clients/PSMTool PlanView.java~
2001.06.01 11:56 B C:\Mukta\current\clients\PSMTool\PSMTool.java <-- nitro.isi.edu /nfs/isd2/mchitnis/current/clients/PSMTool PSMTool.java
2001.06.01 11:56 B C:\Mukta\current\clients\PSMTool\PSMTool.java~ <-- nitro.isi.edu /nfs/isd2/mchitnis/current/clients/PSMTool PSMTool.java~
2001.06.01 11:56 B C:\Mukta\current\clients\PSMTool\RelationEditor.java <-- nitro.isi.edu /nfs/isd2/mchitnis/current/clients/PSMTool RelationEditor.java
2001.06.01 11:56 B C:\Mukta\current\clients\PSMTool\RelationEditor.java~ <-- nitro.isi.edu /nfs/isd2/mchitnis/current/clients/PSMTool RelationEditor.java~
2001.06.01 11:56 B C:\Mukta\current\clients\PSMTool\run-editor <-- nitro.isi.edu /nfs/isd2/mchitnis/current/clients/PSMTool run-editor
2001.06.01 11:56 B C:\Mukta\current\clients\PSMTool\run-editor~ <-- nitro.isi.edu /nfs/isd2/mchitnis/current/clients/PSMTool run-editor~
2001.06.01 11:56 B C:\Mukta\current\clients\PSMTool\runnit <-- nitro.isi.edu /nfs/isd2/mchitnis/current/clients/PSMTool runnit
2001.06.01 11:56 B C:\Mukta\current\clients\PSMTool\runnit~ <-- nitro.isi.edu /nfs/isd2/mchitnis/current/clients/PSMTool runnit~
2001.06.01 11:56 B C:\Mukta\current\clients\PSMTool\saved-instance-editor.java <-- nitro.isi.edu /nfs/isd2/mchitnis/current/clients/PSMTool saved-instance-editor.java
2001.06.01 11:56 B C:\Mukta\current\clients\PSMTool\TestList.java <-- nitro.isi.edu /nfs/isd2/mchitnis/current/clients/PSMTool TestList.java
2001.06.01 11:56 B C:\Mukta\current\clients\PSMTool\top-level.lisp <-- nitro.isi.edu /nfs/isd2/mchitnis/current/clients/PSMTool top-level.lisp
2001.06.01 11:56 B C:\Mukta\current\clients\PSMTool\WizardLine.java <-- nitro.isi.edu /nfs/isd2/mchitnis/current/clients/PSMTool WizardLine.java
2001.06.01 11:56 B C:\Mukta\current\clients\PSMTool\WizardLine.java~ <-- nitro.isi.edu /nfs/isd2/mchitnis/current/clients/PSMTool WizardLine.java~
2001.06.01 11:56 B C:\Mukta\current\clients\PSMTool\WizardMenu.java <-- nitro.isi.edu /nfs/isd2/mchitnis/current/clients/PSMTool WizardMenu.java
2001.06.01 11:56 B C:\Mukta\current\clients\PSMTool\WizardMenu.java~ <-- nitro.isi.edu /nfs/isd2/mchitnis/current/clients/PSMTool WizardMenu.java~
2001.06.01 11:56 B C:\Mukta\current\clients\PSMTool\WizardMethodLine.java <-- nitro.isi.edu /nfs/isd2/mchitnis/current/clients/PSMTool WizardMethodLine.java
2001.06.01 11:56 B C:\Mukta\current\clients\PSMTool\WizardMethodLine.java~ <-- nitro.isi.edu /nfs/isd2/mchitnis/current/clients/PSMTool WizardMethodLine.java~
2001.06.01 11:56 B C:\Mukta\current\clients\PSMTool\WizardPanel.java <-- nitro.isi.edu /nfs/isd2/mchitnis/current/clients/PSMTool WizardPanel.java
2001.06.01 11:56 B C:\Mukta\current\clients\PSMTool\WizardPanel.java~ <-- nitro.isi.edu /nfs/isd2/mchitnis/current/clients/PSMTool WizardPanel.java~
2001.06.01 11:56 B C:\Mukta\current\clients\PSMTool\WizardReader.java <-- nitro.isi.edu /nfs/isd2/mchitnis/current/clients/PSMTool WizardReader.java
2001.06.01 11:56 B C:\Mukta\current\clients\PSMTool\WizardReader.java~ <-- nitro.isi.edu /nfs/isd2/mchitnis/current/clients/PSMTool WizardReader.java~
2001.06.01 11:56 B C:\Mukta\current\clients\PSMTool\WizardStep.java <-- nitro.isi.edu /nfs/isd2/mchitnis/current/clients/PSMTool WizardStep.java
2001.06.01 11:56 B C:\Mukta\current\clients\PSMTool\WizardStep.java~ <-- nitro.isi.edu /nfs/isd2/mchitnis/current/clients/PSMTool WizardStep.java~
