2001.06.01 11:52 B C:\Mukta\current\clients\EMeD\HTML\examples\AttributeList.java <-- nitro.isi.edu /nfs/isd2/mchitnis/current/clients/EMeD/HTML/examples AttributeList.java
2001.06.01 11:52 B C:\Mukta\current\clients\EMeD\HTML\examples\Attributes.java <-- nitro.isi.edu /nfs/isd2/mchitnis/current/clients/EMeD/HTML/examples Attributes.java
2001.06.01 11:52 B C:\Mukta\current\clients\EMeD\HTML\examples\ContentModel.java <-- nitro.isi.edu /nfs/isd2/mchitnis/current/clients/EMeD/HTML/examples ContentModel.java
2001.06.01 11:52 B C:\Mukta\current\clients\EMeD\HTML\examples\ContentModelState.java <-- nitro.isi.edu /nfs/isd2/mchitnis/current/clients/EMeD/HTML/examples ContentModelState.java
2001.06.01 11:52 B C:\Mukta\current\clients\EMeD\HTML\examples\DTD.java <-- nitro.isi.edu /nfs/isd2/mchitnis/current/clients/EMeD/HTML/examples DTD.java
2001.06.01 11:52 B C:\Mukta\current\clients\EMeD\HTML\examples\DTDConstants.java <-- nitro.isi.edu /nfs/isd2/mchitnis/current/clients/EMeD/HTML/examples DTDConstants.java
2001.06.01 11:52 B C:\Mukta\current\clients\EMeD\HTML\examples\DTDInputStream.java <-- nitro.isi.edu /nfs/isd2/mchitnis/current/clients/EMeD/HTML/examples DTDInputStream.java
2001.06.01 11:52 B C:\Mukta\current\clients\EMeD\HTML\examples\DTDParser.java <-- nitro.isi.edu /nfs/isd2/mchitnis/current/clients/EMeD/HTML/examples DTDParser.java
2001.06.01 11:52 B C:\Mukta\current\clients\EMeD\HTML\examples\EeyoreQuotes.java <-- nitro.isi.edu /nfs/isd2/mchitnis/current/clients/EMeD/HTML/examples EeyoreQuotes.java
2001.06.01 11:52 B C:\Mukta\current\clients\EMeD\HTML\examples\Element.java <-- nitro.isi.edu /nfs/isd2/mchitnis/current/clients/EMeD/HTML/examples Element.java
2001.06.01 11:52 B C:\Mukta\current\clients\EMeD\HTML\examples\Entity.java <-- nitro.isi.edu /nfs/isd2/mchitnis/current/clients/EMeD/HTML/examples Entity.java
2001.06.01 11:52 B C:\Mukta\current\clients\EMeD\HTML\examples\HTMLOutputStream.java <-- nitro.isi.edu /nfs/isd2/mchitnis/current/clients/EMeD/HTML/examples HTMLOutputStream.java
2001.06.01 11:52 B C:\Mukta\current\clients\EMeD\HTML\examples\Parser.java <-- nitro.isi.edu /nfs/isd2/mchitnis/current/clients/EMeD/HTML/examples Parser.java
2001.06.01 11:52 B C:\Mukta\current\clients\EMeD\HTML\examples\Properties.java_ <-- nitro.isi.edu /nfs/isd2/mchitnis/current/clients/EMeD/HTML/examples Properties.java_
2001.06.01 11:52 B C:\Mukta\current\clients\EMeD\HTML\examples\PublicMapping.java <-- nitro.isi.edu /nfs/isd2/mchitnis/current/clients/EMeD/HTML/examples PublicMapping.java
2001.06.01 11:52 B C:\Mukta\current\clients\EMeD\HTML\examples\Tag.java <-- nitro.isi.edu /nfs/isd2/mchitnis/current/clients/EMeD/HTML/examples Tag.java
2001.06.01 11:52 B C:\Mukta\current\clients\EMeD\HTML\examples\TagStack.java <-- nitro.isi.edu /nfs/isd2/mchitnis/current/clients/EMeD/HTML/examples TagStack.java
2001.06.01 11:52 B C:\Mukta\current\clients\EMeD\HTML\examples\UnknownTag.java <-- nitro.isi.edu /nfs/isd2/mchitnis/current/clients/EMeD/HTML/examples UnknownTag.java
2001.11.03 15:53 B C:\Mukta\current\clients\EMeD\HTML\examples\AttributeList.java --> aludra.usc.edu /auto/home-scf-06/mchitnis/EMeD/HTML/examples AttributeList.java
2001.11.03 15:53 B C:\Mukta\current\clients\EMeD\HTML\examples\Attributes.java --> aludra.usc.edu /auto/home-scf-06/mchitnis/EMeD/HTML/examples Attributes.java
2001.11.03 15:53 B C:\Mukta\current\clients\EMeD\HTML\examples\ContentModel.java --> aludra.usc.edu /auto/home-scf-06/mchitnis/EMeD/HTML/examples ContentModel.java
2001.11.03 15:53 B C:\Mukta\current\clients\EMeD\HTML\examples\ContentModelState.java --> aludra.usc.edu /auto/home-scf-06/mchitnis/EMeD/HTML/examples ContentModelState.java
2001.11.03 15:53 B C:\Mukta\current\clients\EMeD\HTML\examples\DTD.java --> aludra.usc.edu /auto/home-scf-06/mchitnis/EMeD/HTML/examples DTD.java
2001.11.03 15:53 B C:\Mukta\current\clients\EMeD\HTML\examples\DTDConstants.java --> aludra.usc.edu /auto/home-scf-06/mchitnis/EMeD/HTML/examples DTDConstants.java
2001.11.03 15:53 B C:\Mukta\current\clients\EMeD\HTML\examples\DTDInputStream.java --> aludra.usc.edu /auto/home-scf-06/mchitnis/EMeD/HTML/examples DTDInputStream.java
2001.11.03 15:53 B C:\Mukta\current\clients\EMeD\HTML\examples\DTDParser.java --> aludra.usc.edu /auto/home-scf-06/mchitnis/EMeD/HTML/examples DTDParser.java
2001.11.03 15:53 B C:\Mukta\current\clients\EMeD\HTML\examples\EeyoreQuotes.java --> aludra.usc.edu /auto/home-scf-06/mchitnis/EMeD/HTML/examples EeyoreQuotes.java
2001.11.03 15:53 B C:\Mukta\current\clients\EMeD\HTML\examples\Element.java --> aludra.usc.edu /auto/home-scf-06/mchitnis/EMeD/HTML/examples Element.java
2001.11.03 15:53 B C:\Mukta\current\clients\EMeD\HTML\examples\Entity.java --> aludra.usc.edu /auto/home-scf-06/mchitnis/EMeD/HTML/examples Entity.java
2001.11.03 15:53 B C:\Mukta\current\clients\EMeD\HTML\examples\HTMLOutputStream.java --> aludra.usc.edu /auto/home-scf-06/mchitnis/EMeD/HTML/examples HTMLOutputStream.java
2001.11.03 15:53 B C:\Mukta\current\clients\EMeD\HTML\examples\Parser.java --> aludra.usc.edu /auto/home-scf-06/mchitnis/EMeD/HTML/examples Parser.java
2001.11.03 15:53 B C:\Mukta\current\clients\EMeD\HTML\examples\Properties.java_ --> aludra.usc.edu /auto/home-scf-06/mchitnis/EMeD/HTML/examples Properties.java_
2001.11.03 15:53 B C:\Mukta\current\clients\EMeD\HTML\examples\PublicMapping.java --> aludra.usc.edu /auto/home-scf-06/mchitnis/EMeD/HTML/examples PublicMapping.java
2001.11.03 15:53 B C:\Mukta\current\clients\EMeD\HTML\examples\Tag.java --> aludra.usc.edu /auto/home-scf-06/mchitnis/EMeD/HTML/examples Tag.java
2001.11.03 15:53 B C:\Mukta\current\clients\EMeD\HTML\examples\TagStack.java --> aludra.usc.edu /auto/home-scf-06/mchitnis/EMeD/HTML/examples TagStack.java
2001.11.03 15:53 B C:\Mukta\current\clients\EMeD\HTML\examples\UnknownTag.java --> aludra.usc.edu /auto/home-scf-06/mchitnis/EMeD/HTML/examples UnknownTag.java
2001.11.03 15:53 B C:\Mukta\current\clients\EMeD\HTML\examples\WS_FTP.LOG --> aludra.usc.edu /auto/home-scf-06/mchitnis/EMeD/HTML/examples WS_FTP.LOG
