2001.06.01 11:52 B C:\Mukta\current\clients\EMeD\Tree\classes\Describe\psDescribePanel$1.class <-- nitro.isi.edu /nfs/isd2/mchitnis/current/clients/EMeD/Tree/classes/Describe psDescribePanel$1.class
2001.06.01 11:52 B C:\Mukta\current\clients\EMeD\Tree\classes\Describe\psDescribePanel$AllListener.class <-- nitro.isi.edu /nfs/isd2/mchitnis/current/clients/EMeD/Tree/classes/Describe psDescribePanel$AllListener.class
2001.06.01 11:52 B C:\Mukta\current\clients\EMeD\Tree\classes\Describe\psDescribePanel$DetailListener.class <-- nitro.isi.edu /nfs/isd2/mchitnis/current/clients/EMeD/Tree/classes/Describe psDescribePanel$DetailListener.class
2001.06.01 11:52 B C:\Mukta\current\clients\EMeD\Tree\classes\Describe\psDescribePanel$EXEGoalsListener.class <-- nitro.isi.edu /nfs/isd2/mchitnis/current/clients/EMeD/Tree/classes/Describe psDescribePanel$EXEGoalsListener.class
2001.06.01 11:52 B C:\Mukta\current\clients\EMeD\Tree\classes\Describe\psDescribePanel$EXEPrettyListener.class <-- nitro.isi.edu /nfs/isd2/mchitnis/current/clients/EMeD/Tree/classes/Describe psDescribePanel$EXEPrettyListener.class
2001.06.01 11:52 B C:\Mukta\current\clients\EMeD\Tree\classes\Describe\psDescribePanel$GoalsListener.class <-- nitro.isi.edu /nfs/isd2/mchitnis/current/clients/EMeD/Tree/classes/Describe psDescribePanel$GoalsListener.class
2001.06.01 11:52 B C:\Mukta\current\clients\EMeD\Tree\classes\Describe\psDescribePanel$PrettyListener.class <-- nitro.isi.edu /nfs/isd2/mchitnis/current/clients/EMeD/Tree/classes/Describe psDescribePanel$PrettyListener.class
2001.06.01 11:52 B C:\Mukta\current\clients\EMeD\Tree\classes\Describe\psDescribePanel$PrettyNLListener.class <-- nitro.isi.edu /nfs/isd2/mchitnis/current/clients/EMeD/Tree/classes/Describe psDescribePanel$PrettyNLListener.class
2001.06.01 11:52 B C:\Mukta\current\clients\EMeD\Tree\classes\Describe\psDescribePanel$ShortListener.class <-- nitro.isi.edu /nfs/isd2/mchitnis/current/clients/EMeD/Tree/classes/Describe psDescribePanel$ShortListener.class
2001.06.01 11:52 B C:\Mukta\current\clients\EMeD\Tree\classes\Describe\psDescribePanel$SuccessListener.class <-- nitro.isi.edu /nfs/isd2/mchitnis/current/clients/EMeD/Tree/classes/Describe psDescribePanel$SuccessListener.class
2001.06.01 11:52 B C:\Mukta\current\clients\EMeD\Tree\classes\Describe\psDescribePanel.class <-- nitro.isi.edu /nfs/isd2/mchitnis/current/clients/EMeD/Tree/classes/Describe psDescribePanel.class
2001.11.03 15:54 B C:\Mukta\current\clients\EMeD\Tree\classes\Describe\psDescribePanel$1.class --> aludra.usc.edu /auto/home-scf-06/mchitnis/EMeD/Tree/classes/Describe psDescribePanel$1.class
2001.11.03 15:54 B C:\Mukta\current\clients\EMeD\Tree\classes\Describe\psDescribePanel$AllListener.class --> aludra.usc.edu /auto/home-scf-06/mchitnis/EMeD/Tree/classes/Describe psDescribePanel$AllListener.class
2001.11.03 15:54 B C:\Mukta\current\clients\EMeD\Tree\classes\Describe\psDescribePanel$DetailListener.class --> aludra.usc.edu /auto/home-scf-06/mchitnis/EMeD/Tree/classes/Describe psDescribePanel$DetailListener.class
2001.11.03 15:54 B C:\Mukta\current\clients\EMeD\Tree\classes\Describe\psDescribePanel$EXEGoalsListener.class --> aludra.usc.edu /auto/home-scf-06/mchitnis/EMeD/Tree/classes/Describe psDescribePanel$EXEGoalsListener.class
2001.11.03 15:54 B C:\Mukta\current\clients\EMeD\Tree\classes\Describe\psDescribePanel$EXEPrettyListener.class --> aludra.usc.edu /auto/home-scf-06/mchitnis/EMeD/Tree/classes/Describe psDescribePanel$EXEPrettyListener.class
2001.11.03 15:54 B C:\Mukta\current\clients\EMeD\Tree\classes\Describe\psDescribePanel$GoalsListener.class --> aludra.usc.edu /auto/home-scf-06/mchitnis/EMeD/Tree/classes/Describe psDescribePanel$GoalsListener.class
2001.11.03 15:54 B C:\Mukta\current\clients\EMeD\Tree\classes\Describe\psDescribePanel$PrettyListener.class --> aludra.usc.edu /auto/home-scf-06/mchitnis/EMeD/Tree/classes/Describe psDescribePanel$PrettyListener.class
2001.11.03 15:54 B C:\Mukta\current\clients\EMeD\Tree\classes\Describe\psDescribePanel$PrettyNLListener.class --> aludra.usc.edu /auto/home-scf-06/mchitnis/EMeD/Tree/classes/Describe psDescribePanel$PrettyNLListener.class
2001.11.03 15:54 B C:\Mukta\current\clients\EMeD\Tree\classes\Describe\psDescribePanel$ShortListener.class --> aludra.usc.edu /auto/home-scf-06/mchitnis/EMeD/Tree/classes/Describe psDescribePanel$ShortListener.class
2001.11.03 15:54 B C:\Mukta\current\clients\EMeD\Tree\classes\Describe\psDescribePanel$SuccessListener.class --> aludra.usc.edu /auto/home-scf-06/mchitnis/EMeD/Tree/classes/Describe psDescribePanel$SuccessListener.class
2001.11.03 15:54 B C:\Mukta\current\clients\EMeD\Tree\classes\Describe\psDescribePanel.class --> aludra.usc.edu /auto/home-scf-06/mchitnis/EMeD/Tree/classes/Describe psDescribePanel.class
2001.11.03 15:54 B C:\Mukta\current\clients\EMeD\Tree\classes\Describe\WS_FTP.LOG --> aludra.usc.edu /auto/home-scf-06/mchitnis/EMeD/Tree/classes/Describe WS_FTP.LOG
